#File Written by the COCONUT code
#PCOILS v1.0.1
#Input Matrix : MTK
#Using weights   
#Input Sequence:
#RMKQLEDKVEELLSKNYHLENEVARLKKLVGER
#
#
#                     
#                     
#                     
#                     
#                     
#                     
#                     
#                     
#                     
#                     
#                     
#                     
#                     
#                     
#                     
#                     
#                     
#                     
#                     
#                     
#                     
#                     
#                     
#                     
#                     
#                     
#                     
#                     
#                     
#                     
#                     
#                     
#                     
#                     
#                     
#                     
#                     
#                     
#                     
#                     
#                     
#                     
#                     
#                     
#                     
#                     
#                     
#                     
#                     
#                     
#                     
#                     
#                     
#                     
#                     
#                     
#                     
#                     
#                     
#                     
#                     
#                     
#                     
#                     
#                     
#                     
       1        R              g        1.00000        -
       2        M              a        1.00000   Heptad
       3        K              b        1.00000   Heptad
       4        Q              c        1.00000   Heptad
       5        L              d        1.00000   Heptad
       6        E              e        1.00000   Heptad
       7        D              f        1.00000   Heptad
       8        K              g        1.00000   Heptad
       9        V              a        1.00000   Heptad
      10        E              b        1.00000   Heptad
      11        E              c        1.00000   Heptad
      12        L              d        1.00000   Heptad
      13        L              e        1.00000   Heptad
      14        S              f        1.00000   Heptad
      15        K              g        1.00000   Heptad
      16        N              a        1.00000   Heptad
      17        Y              b        1.00000   Heptad
      18        H              c        1.00000   Heptad
      19        L              d        1.00000   Heptad
      20        E              e        1.00000   Heptad
      21        N              f        1.00000   Heptad
      22        E              g        1.00000   Heptad
      23        V              a        1.00000        -
      24        A              b        1.00000        -
      25        R              c        1.00000        -
      26        L              d        1.00000        -
      27        K              e        1.00000        -
      28        K              f        1.00000        -
      29        L              g        1.00000        -
      30        V              a        1.00000        -
      31        G              b        0.99900        -
      32        E              c        0.99900        -
      33        R              d        0.26300        -
