PCOILS v1.0.1
Input Matrix : MTK
Using weights   
Input Sequence:
>2ZTA
RMKQLEDKVEELLSKNYHLENEVARLKKLVGER


  1 R     g 0.989     g 0.998     g 1.000 
  2 M     a 0.993     a 0.999     a 1.000 
  3 K     b 0.993     b 0.999     b 1.000 
  4 Q     c 0.993     c 0.999     c 1.000 
  5 L     d 0.993     d 0.999     d 1.000 
  6 E     e 0.993     e 0.999     e 1.000 
  7 D     f 0.993     f 0.999     f 1.000 
  8 K     g 0.993     g 0.999     g 1.000 
  9 V     a 0.993     a 0.999     a 1.000 
 10 E     b 0.993     b 0.999     b 1.000 
 11 E     c 0.993     c 0.999     c 1.000 
 12 L     d 0.993     d 0.999     d 1.000 
 13 L     e 0.993     e 0.999     e 1.000 
 14 S     f 0.993     f 0.999     f 1.000 
 15 K     g 0.993     g 0.999     g 1.000 
 16 N     a 0.934     a 0.999     a 1.000 
 17 Y     b 0.486     b 0.999     b 1.000 
 18 H     c 0.625     c 0.999     c 1.000 
 19 L     d 0.848     d 0.999     d 1.000 
 20 E     e 0.848     e 0.999     e 1.000 
 21 N     f 0.848     f 0.999     f 1.000 
 22 E     g 0.848     g 0.999     g 1.000 
 23 V     a 0.848     a 0.998     a 1.000 
 24 A     b 0.848     b 0.996     b 1.000 
 25 R     c 0.848     c 0.994     c 1.000 
 26 L     d 0.848     d 0.994     d 1.000 
 27 K     e 0.848     e 0.987     e 1.000 
 28 K     f 0.848     f 0.987     f 1.000 
 29 L     g 0.848     g 0.948     g 1.000 
 30 V     a 0.848     a 0.948     a 1.000 
 31 G     b 0.848     b 0.732     b 0.999 
 32 E     c 0.848     c 0.732     c 0.999 
 33 R     a 0.030     d 0.003     d 0.263 
                     
                     
                     
                     
                     
                     
                     
                     
                     
                     
                     
                     
                     
                     
                     
                     
                     
                     
                     
                     
                     
                     
                     
                     
                     
                     
                     
                     
                     
                     
                     
                     
                     
                     
                     
                     
                     
                     
                     
                     
                     
                     
                     
                     
                     
                     
                     
                     
                     
                     
                     
                     
                     
                     
                     
                     
                     
                     
                     
                     
                     
                     
                     
                     
                     
                     
