3mlg_0	LLLEFI	LLLEFL	gadega	edaged
5cwf_1	KVALKA	KALLKA	gadega	edaged
5cwi_2	-AEAEA	-ASAEA	-adega	-daged
5mfi_7	-QVWIA	-NAWIE	-adega	-daged
1at3_1	-ETHLL	-ALHLT	-adega	-daged
1c94_0	-VKLAV	-LKLAL	-adega	-daged
1c94_0	AVELYN	ALKLYL	gadega	edaged
1c94_0	YNLLEV	YLELEL	gadega	edaged
1ce9_1	-VLEKV	-LVEKL	-adega	-daged
1ce9_1	KVLLKN	KLNLKL	gadega	edaged
1ce9_1	KNLEEV	KLVEEL	gadega	edaged
1d7m_0	RLLESL	RALESL	gadega	edaged
1d7m_0	SLEKSR	SLRKST	gadega	edaged
1d7m_0	SRLIQK	STLIQL	gadega	edaged
1d7m_0	QKLNLL	QLRNLE	gadega	edaged
1d7m_0	LLLEEG	LELEET	gadega	edaged
1d7m_0	EGRERL	ETLERL	gadega	edaged
1d7m_0	RLLEKL	RLLEKR	gadega	edaged
1d7m_0	KLTLNL	KRGLNL	gadega	edaged
1d7m_0	NLEKAR	NLLKAL	gadega	edaged
1d7m_0	ARLERL	ALKERL	gadega	edaged
1d7m_0	RLTEDR	RLREDE	gadega	edaged
1d7m_0	DRLEKL	DELEKL	gadega	edaged
1d7m_0	KLAIEK	KLLIEM	gadega	edaged
1d7m_1	RLLESL	RALESL	gadega	edaged
1d7m_1	SLEKSR	SLRKST	gadega	edaged
1d7m_1	SRLIQK	STLIQL	gadega	edaged
1d7m_1	QKLNLL	QLRNLE	gadega	edaged
1d7m_1	LLLEEG	LELEET	gadega	edaged
1d7m_1	EGRERL	ETLERL	gadega	edaged
1d7m_1	RLLEKL	RLLEKR	gadega	edaged
1d7m_1	KLTLNL	KRGLNL	gadega	edaged
1d7m_1	NLEKAR	NLLKAL	gadega	edaged
1d7m_1	ARLERL	ALKERL	gadega	edaged
1d7m_1	RLTEDR	RLREDE	gadega	edaged
1d7m_1	DRLEKL	DELEKL	gadega	edaged
1d7m_1	KLAIEK	KLLIEM	gadega	edaged
1ft9_0	LILGAL	LCLGAL	gadega	edaged
1ft9_0	ALCMTI	ALIMTA	gadega	edaged
1h88_0	KVLTEN	KLLTEL	gadega	edaged
1h88_0	ENLQKV	ELVQKL	gadega	edaged
1h88_0	KVLSEL	KLNSEL	gadega	edaged
1h88_0	ELLRLF	ELVRLT	gadega	edaged
1ik9_0	LIALTI	LAFLTV	gadega	edaged
1ik9_0	TINQKN	TVWQKL	gadega	edaged
1ik9_0	KNLQEN	KLNQEL	gadega	edaged
1ik9_0	ENLLDW	ELNLDN	gadega	edaged
1ik9_0	DWVQRF	DNIQRA	gadega	edaged
1ik9_0	RFAVAK	RAIVAI	gadega	edaged
1jcc_1	ANADAS	ADADAD	gadega	edaged
1jcc_1	ASANAR	ADANAD	gadega	edaged
1jcc_1	ARAQAK	ADAQAK	gadega	edaged
1jcc_1	AKAAAN	AKAAAD	gadega	edaged
1l5z_1	-KLVEN	-LNVEL	-adega	-daged
1noh_1	-YFVEY	-LNVEL	-adega	-daged
1noh_1	EYLTSH	ELKTSL	gadega	edaged
1noh_1	SHLAEK	SLHAEL	gadega	edaged
1noh_1	EKLISN	ELYISF	gadega	edaged
1pl5_0	-LKEQL	-KIEQA	-adega	-daged
1pl5_0	QLANII	QALNIT	gadega	edaged
1pl5_0	IILSEV	ITLSEL	gadega	edaged
1pl5_0	EVNERI	ELIERN	gadega	edaged
1pl5_0	RILQDL	RNVQDL	gadega	edaged
1pl5_0	DLTKCL	DLIKCA	gadega	edaged
1pl5_0	CLARQI	CALRQK	gadega	edaged
1syq_3	SNRVKE	SRNVKA	gadega	edaged
1syq_6	SNRVKE	SRNVKA	gadega	edaged
1tu3_0	ELSEVQ	ELSEVF	gadega	edaged
1tu3_0	VQFVLS	VFQVLS	gadega	edaged
1tu3_0	LSLQQL	LSLQQL	gadega	edaged
1u9g_0	-IKLHI	-LELHL	-adega	-daged
1u9g_1	-IKLHI	-LELHL	-adega	-daged
1u9g_2	-IKLHI	-LELHL	-adega	-daged
1uix_0	DVLAEK	DAKAEE	gadega	edaged
1uix_0	EKLNKL	EELNKF	gadega	edaged
1uix_0	KLAQQL	KFKQQA	gadega	edaged
1uix_0	QLLKEE	QAEKEL	gadega	edaged
1uix_0	EEAAIK	ELLAIA	gadega	edaged
1uix_0	IKFEQL	IALEQL	gadega	edaged
1uix_0	QLERLK	QLKRLL	gadega	edaged
1uix_0	LKAVKL	LLVVKS	gadega	edaged
1xio_1	-FSTIV	-LITIT	-adega	-daged
1xio_1	IVTSLI	ITVSLS	gadega	edaged
2c9l_0	LLYRVA	LLNRVK	gadega	edaged
2c9l_0	VAKSEN	VKASEY	gadega	edaged
2c9l_0	ENLRLL	EYLRLF	gadega	edaged
2gau_0	-TCRFL	-LTRFA	-adega	-daged
2gau_0	FLLAEL	FALAEL	gadega	edaged
2gau_0	ELAERT	ELLERC	gadega	edaged
2h6b_4	-FYLKV	-YVLKY	-adega	-daged
2h6b_6	-FYLKV	-YVLKY	-adega	-daged
2m59_0	ILTAIA	IILAIF	gadega	edaged
2m59_0	IAFWLL	IFAWLT	gadega	edaged
2m59_0	LLILTV	LTLLTE	gadega	edaged
2no2_0	-LLKEL	-LFKEW	-adega	-daged
2no2_0	ELSQEL	EWEQES	gadega	edaged
2no2_0	ELLQSL	ESLQSL	gadega	edaged
2no2_0	SLSASE	SLLASS	gadega	edaged
2no2_0	SEWAEF	SSLAEL	gadega	edaged
2oqq_1	-LLERV	-LNERL	-adega	-daged
2oqq_1	RVLEKN	RLLEKL	gadega	edaged
2oqq_1	KNLERL	KLNERL	gadega	edaged
2oqq_1	RLLQEN	RLVQEL	gadega	edaged
2q6q_0	-NLNKL	-LINKL	-adega	-daged
2q6q_0	KLKQEI	KLNQEL	gadega	edaged
2q6q_0	EILKIA	ELTKIY	gadega	edaged
2q6q_0	IALRKL	IYLRKL	gadega	edaged
2q6q_0	KLYVIT	KLAVIL	gadega	edaged
2q6q_0	ITLEQN	ILIEQK	gadega	edaged
2q6q_0	QNLQKI	QKLQKL	gadega	edaged
2w83_0	-VLIEN	-VLIEL	-adega	-daged
2w83_0	ENLLTK	ELKLTL	gadega	edaged
2w83_0	TKLNVK	TLVNVL	gadega	edaged
2w83_0	VKLIKV	VLKIKL	gadega	edaged
2w83_0	KVLTEK	KLKTEL	gadega	edaged
2w83_0	EKLQEL	ELNQEL	gadega	edaged
3a7p_0	TLLQEL	TLLQEL	gadega	edaged
3a7p_0	ELKEEI	ELNEEG	gadega	edaged
3a7p_0	EILKVI	EGLKVL	gadega	edaged
3a7p_0	VIKNNT	VLTNNK	gadega	edaged
3a7p_0	NTLNAL	NKINAL	gadega	edaged
3a7p_0	ALGTEN	ALITEK	gadega	edaged
3a7p_0	ENLQKL	EKLQKL	gadega	edaged
3a7p_0	KLLKEH	KLLKEL	gadega	edaged
3b02_0	-HLHVA	-LEHVV	-adega	-daged
3b02_0	VALAQM	VVMAQL	gadega	edaged
3b02_0	QMVQYE	QLAQYL	gadega	edaged
3cl3_0	ALERAA	ALYRAL	gadega	edaged
3cl3_0	AAEKKL	ALLKKE	gadega	edaged
3cl3_0	KLLQAY	KEAQAE	gadega	edaged
3cl3_0	AYLFEY	AELFEV	gadega	edaged
3l1c_0	-HLSEV	-LVSEL	-adega	-daged
3l1c_0	EVLRRT	ELRRRS	gadega	edaged
3l1c_0	RTLLCN	RSLLCC	gadega	edaged
3l1c_0	CNQAEL	CCLAEQ	gadega	edaged
3l1c_0	ELCKQL	EQNKQL	gadega	edaged
3l1c_0	QLSNER	QLTNEL	gadega	edaged
3l1c_0	ERLHTV	ELVHTL	gadega	edaged
3mud_0	-ICLTT	-MNLTA	-adega	-daged
3mud_0	TTNESI	TAVESL	gadega	edaged
3mud_0	SILEKV	SLIEKN	gadega	edaged
3mud_0	KVAKEN	KNTKEC	gadega	edaged
3n4x_0	ENLSKL	EQTSKL	gadega	edaged
3n4x_0	KLKAEI	KLVAEL	gadega	edaged
3n4x_0	EILQQI	ELIQQL	gadega	edaged
3n4x_0	QILNQV	QLINQK	gadega	edaged
3n4x_0	QVLKQT	QKLKQL	gadega	edaged
3n4x_0	QTQANS	QLNANL	gadega	edaged
3ni0_0	TTLQQL	TLVQQL	gadega	edaged
3ni0_0	QLTQSL	QLIQSQ	gadega	edaged
3ni0_0	SLAEQA	SQAEQK	gadega	edaged
3ni0_0	QACNTV	QKLNTL	gadega	edaged
3ni0_0	TVLQSL	TLVQSC	gadega	edaged
3ni0_0	SLKVQA	SCAVQA	gadega	edaged
3ni0_0	QAQQRI	QALQRT	gadega	edaged
3ni0_0	RILEEV	RTLEEL	gadega	edaged
3ni0_0	EVLNEL	ELTNEC	gadega	edaged
3nmd_0	-LLQAL	-YLQAL	-adega	-daged
3nmd_0	ALKIEL	ALIIEK	gadega	edaged
3nmd_0	ELRDLI	EKLDLL	gadega	edaged
3nmd_0	LILEEL	LLIEER	gadega	edaged
3nmd_0	ELKDLI	ERLDLK	gadega	edaged
3nmd_0	LILQEL	LKLQEL	gadega	edaged
3q0x_0	-KLARL	-LLARC	-adega	-daged
3q0x_0	RLVKTC	RCLKTM	gadega	edaged
3q0x_0	TCLSDL	TMRSDT	gadega	edaged
3q0x_0	DLTRDR	DTLRDL	gadega	edaged
3q0x_0	DRMVQL	DLCVQV	gadega	edaged
3q0x_0	QLCRQL	QVLRQL	gadega	edaged
3q15_9	AAYRVL	AYARVF	gadega	edaged
3qh9_0	KALLEL	KLILEK	gadega	edaged
3qh9_0	ELLKKV	EKVKKL	gadega	edaged
3qh9_0	KVLEER	KLVEET	gadega	edaged
3qh9_0	ERYEKL	ETLEKY	gadega	edaged
3qh9_0	KLTKEV	KYRKEL	gadega	edaged
3qh9_0	EVLQQV	ELVQQL	gadega	edaged
3qh9_0	QVKDEI	QLLDEL	gadega	edaged
3qh9_0	EILHQL	ELAHQK	gadega	edaged
3s9g_0	-KLIEY	-LNIEL	-adega	-daged
3s9g_0	EYLESL	ELLESL	gadega	edaged
3s9g_0	SLMEEN	SLVEEL	gadega	edaged
3s9g_0	ENLRES	ELSREL	gadega	edaged
3s9g_0	ESLDRV	ELNDRM	gadega	edaged
3s9g_0	RVLEEL	RMLEEL	gadega	edaged
3s9g_0	ELLREN	ELYREL	gadega	edaged
3sr2_2	-ILMMS	-YIMMK	-adega	-daged
3sr2_2	MSLQQV	MKLQQL	gadega	edaged
3sr2_2	QVLALL	QLVALL	gadega	edaged
3sr2_2	LLKDEI	LLSDEL	gadega	edaged
3v5b_0	EMMRRM	EYIRRL	gadega	edaged
3v5b_0	RMQLEY	RLKLEL	gadega	edaged
3v5b_0	EYLLIK	ELYLIQ	gadega	edaged
3v5b_0	IKLDEI	IQMDEM	gadega	edaged
3v5b_0	EIYRLL	EMMRLK	gadega	edaged
3vmz_0	QILKIN	QLIKIK	gadega	edaged
3vmz_0	INLAKI	IKCAKL	gadega	edaged
3vmz_0	KILESC	KLIESL	gadega	edaged
3vmz_0	SCKEEI	SLNEEL	gadega	edaged
3vmz_0	EILNLL	ELINLS	gadega	edaged
3wuu_3	-IMEQL	-LIEQL	-adega	-daged
3wuu_3	QLALKN	QLVLKR	gadega	edaged
3wuu_3	KNWLYD	KRDLYW	gadega	edaged
3wuu_3	YDREYV	YWNEYA	gadega	edaged
3wuu_3	YVLLKI	YALLKM	gadega	edaged
4b86_1	-ALKIL	-LIKIK	-adega	-daged
4b86_1	ILQLLI	IKLLLQ	gadega	edaged
4b86_1	LIQQQL	LQIQQQ	gadega	edaged
4b86_1	QLKEEI	QQLEEL	gadega	edaged
4bwd_0	-KLIQV	-LNIQL	-adega	-daged
4bwd_0	QVLQTL	QLNQTV	gadega	edaged
4bwd_0	TLLSRV	TVVSRL	gadega	edaged
4bwd_0	RVVKEN	RLLKEL	gadega	edaged
4bwd_0	ENLKEN	ELVKEL	gadega	edaged
4e61_1	-LIQEL	-LVQEY	-adega	-daged
4e61_1	ELSQTI	EYIQTL	gadega	edaged
4e61_1	TILNEI	TLINES	gadega	edaged
4e61_1	EIYKTV	ESLKTI	gadega	edaged
4gkw_0	-LNQEL	-ALQEL	-adega	-daged
4gkw_0	ELVGML	ELIGMH	gadega	edaged
4gkw_0	MLEQKV	MHNQKL	gadega	edaged
4gkw_0	KVLQRN	KLVQRE	gadega	edaged
4gkw_0	RNHQEI	RELQEV	gadega	edaged
4gkw_0	EILREL	EVLREN	gadega	edaged
4gkw_1	MVLTTI	MLNTTL	gadega	edaged
4gkw_1	TILREL	TLFREN	gadega	edaged
4gkw_1	ELEKKA	ENAKKE	gadega	edaged
4gkw_1	KANMSF	KELMSL	gadega	edaged
4gkw_1	SFLSEN	SLISEL	gadega	edaged
4gkw_1	ENLKKI	ELVKKK	gadega	edaged
4h22_0	-YAMSN	-VFMSL	-adega	-daged
4h22_0	SNLDEK	SLHDEE	gadega	edaged
4h22_0	EKFMQV	EEFMQK	gadega	edaged
4h22_0	QVLKML	QKYKMS	gadega	edaged
4h22_0	MLLEQL	MSLEQL	gadega	edaged
4h22_0	QLSRQY	QLLRQL	gadega	edaged
4h22_0	QYKNEF	QLVNEF	gadega	edaged
4h22_0	EFEKAH	EFKKAL	gadega	edaged
4h22_0	AHLQQF	ALNQQA	gadega	edaged
4i1a_7	SNYRSI	SYNRSL	gadega	edaged
4iff_1	TNLKRN	TLNKRL	gadega	edaged
4iff_1	RNLFEI	RLNFEQ	gadega	edaged
4j8e_3	AALAAC	ALAAAW	gadega	edaged
4jpp_4	-TSKQQ	-QLKQA	-adega	-daged
4jpp_4	QQEIRQ	QAKIRE	gadega	edaged
4jpp_4	RQTQQT	REQQQF	gadega	edaged
4jpp_4	QTQYTN	QFGYTA	gadega	edaged
4jpp_4	TNIKMT	TALKMM	gadega	edaged
4jpp_4	MTVSEV	MMSSEQ	gadega	edaged
4jpp_4	EVVHQT	EQLHQE	gadega	edaged
4om3_1	-FLQQY	-VCQQL	-adega	-daged
4om3_1	QYLKEC	QLAKEQ	gadega	edaged
4om3_1	ECLAEK	EQMAEL	gadega	edaged
4om3_1	EKMQHY	ELSQHY	gadega	edaged
4om3_1	HYYYMS	HYYYMM	gadega	edaged
4om3_1	MSLNEM	MMKNEL	gadega	edaged
4om3_1	EMQTIA	ELCTIL	gadega	edaged
4om3_1	IALNIC	ILYNIL	gadega	edaged
4orh_0	LMLNSK	LMKNST	gadega	edaged
4orh_0	SKFEII	STLEIK	gadega	edaged
4orh_0	IIKNEL	IKINEF	gadega	edaged
4orh_0	ELTKEK	EFKKEL	gadega	edaged
4orh_0	EKMQQK	ELMQQH	gadega	edaged
4rfx_1	RNLEKV	RLTEKY	gadega	edaged
4rfx_1	KVLRTV	KYIRTY	gadega	edaged
4rfx_1	TVLEMN	TYVEMA	gadega	edaged
4rfx_1	MNNDLQ	MAVDLA	gadega	edaged
4rfx_1	LQARTE	LAVRTA	gadega	edaged
4rfx_1	TELRQL	TALRQL	gadega	edaged
4rfx_1	QLAARV	QLEARA	gadega	edaged
4rfx_1	RVAERV	RAQERN	gadega	edaged
4rfx_1	RVAQTV	RNNQTL	gadega	edaged
4rfx_1	TVYQTI	TLVQTL	gadega	edaged
4rfx_1	TIYRLT	TLVRLL	gadega	edaged
4rfx_1	LTLQVN	LLNQVL	gadega	edaged
5ajs_0	KLQRIL	KKLRIL	gadega	edaged
5ajs_0	ILMEKM	ILEEKL	gadega	edaged
5ajs_0	KMMKSI	KLIKSM	gadega	edaged
5ajs_0	SILRTE	SMMRTM	gadega	edaged
5ajs_0	TELREL	TMLREQ	gadega	edaged
5ajs_0	ELKDLL	EQLDLL	gadega	edaged
5c9n_0	QLQLRN	QLNLRL	gadega	edaged
5c9n_0	RNLQTL	RLLQTK	gadega	edaged
5c9n_0	TLKEEL	TKLEEL	gadega	edaged
5c9n_0	ELLHEN	ELNHEQ	gadega	edaged
5c9n_0	ENLRYL	EQLRYE	gadega	edaged
5cj0_0	-NANMA	-LNNMV	-adega	-daged
5cj0_0	MAAQQV	MVIQQL	gadega	edaged
5cj0_0	QVLQLL	QLNQLA	gadega	edaged
5cj0_0	LLTQQL	LALQQT	gadega	edaged
5cj0_0	QLAVAN	QTLVAL	gadega	edaged
5cj0_0	ANLKNI	ALVKNA	gadega	edaged
5cj0_0	NIVERN	NAAERA	gadega	edaged
5cj1_3	-YFVEY	-ELVEA	-adega	-daged
5cj1_3	EYLTSH	EALTSL	gadega	edaged
5cj1_3	SHLEVR	SLKEVL	gadega	edaged
5cj1_3	VRLEEK	VLREEL	gadega	edaged
5cj1_3	EKLQAL	ELHQAL	gadega	edaged
5cj1_3	ALAESL	ALYESF	gadega	edaged
5d5y_0	LSLQTQ	LELQTT	gadega	edaged
5d5y_0	TQLQLQ	TTLQLQ	gadega	edaged
5d5y_0	LQCYLE	LQLYLQ	gadega	edaged
5d5y_0	LENRLV	LQTRLS	gadega	edaged
5d5y_0	LVVMLQ	LSLMLQ	gadega	edaged
5fcm_0	-VLVDL	-FIVDQ	-adega	-daged
5fcm_0	DLTTSY	DQCTSV	gadega	edaged
5fcm_0	SYVKQC	SVYKQT	gadega	edaged
5fcm_0	QCQAEI	QTLAEL	gadega	edaged
5fcn_0	-RSDHV	-LLDHY	-adega	-daged
5fcn_0	HVLKSL	HYNKSL	gadega	edaged
5fcn_0	SLCAET	SLTAEC	gadega	edaged
5fcn_0	ETLKLN	ECLKLL	gadega	edaged
5fcn_0	LNYAKL	LLVAKS	gadega	edaged
5h07_0	ELSRAR	ELIRAA	gadega	edaged
5h07_0	ARALRV	AARLRE	gadega	edaged
5h07_0	RVLEQI	REFEQY	gadega	edaged
5h07_0	QIYKDF	QYIKDL	gadega	edaged
5h07_0	DFERDR	DLVRDA	gadega	edaged
5h07_0	DRAQRI	DARQRS	gadega	edaged
5h07_0	RILEKV	RSLEKV	gadega	edaged
5jvm_0	LLFQEI	LYRQEL	gadega	edaged
5jvm_0	EILKQL	ELVKQK	gadega	edaged
5jvm_0	QLKGLV	QKLGLL	gadega	edaged
5jvm_0	LVLEER	LLIEEF	gadega	edaged
5jvm_0	ERYFKL	EFLFKK	gadega	edaged
5jvp_0	-LYREI	-ILREY	-adega	-daged
5jvp_0	EILKQL	EYRKQL	gadega	edaged
5jvp_0	QLVSET	QLKSEQ	gadega	edaged
5jvp_0	ETQAEK	EQTAEV	gadega	edaged
5jvp_0	EKLEER	EVLEEL	gadega	edaged
5jvp_0	ERYFKL	ELIFKY	gadega	edaged
5llx_1	LIDSQL	LALSQL	gadega	edaged
5llx_1	QLLNQL	QLLNQD	gadega	edaged
5llx_1	QLANNL	QDINNR	gadega	edaged
5m88_0	-WLVET	-LIVEA	-adega	-daged
5m88_0	ETTRQL	EAHRQA	gadega	edaged
5m88_0	QLVREL	QALREV	gadega	edaged
5m88_0	ELALQH	EVLLQT	gadega	edaged
5m88_0	QHAVVI	QTTVVL	gadega	edaged
5mw9_0	ENLRKL	EALRKT	gadega	edaged
5mw9_0	KLTKAF	KTFKAT	gadega	edaged
5mw9_0	AFTYKL	ATLYKL	gadega	edaged
5mw9_0	KLANAK	KLNNAV	gadega	edaged
5mw9_3	VILREL	VELREL	gadega	edaged
5mw9_3	ELAREV	ELCREC	gadega	edaged
5mw9_3	EVADWR	ECRDWA	gadega	edaged
5mw9_3	WRCIVC	WAVIVA	gadega	edaged
5mw9_3	VCLTRL	VALTRL	gadega	edaged
5mw9_3	RLEAFL	RLIAFN	gadega	edaged
5oi7_0	-YLQIV	-LNQIL	-adega	-daged
5oi7_0	IVQQKM	ILNQKL	gadega	edaged
5oi7_0	KMLRQV	KLVRQL	gadega	edaged
5oi7_0	QVLEEV	QLLEER	gadega	edaged
5oi7_0	EVEETS	ERAETL	gadega	edaged
5oi7_0	TSLREA	TLSREE	gadega	edaged
5oi7_0	EARDAL	EEVDAL	gadega	edaged
5oi7_0	ALLRAV	ALVRAL	gadega	edaged
5oi7_0	AVLSQN	ALMSQQ	gadega	edaged
5oi7_0	QNLIKN	QQVIKL	gadega	edaged
5wjb_0	-YFVEY	-LIVEM	-adega	-daged
5wjb_0	EYLTDL	EMKTDL	gadega	edaged
5wjb_0	DLLQEV	DLSQEE	gadega	edaged
5wjb_0	EVAVEC	EELVEM	gadega	edaged
5wjb_0	ECAEKA	EMAEKA	gadega	edaged
5wjb_0	KAAIDA	KAAIDA	gadega	edaged
5wjb_0	DAMAEL	DACAEA	gadega	edaged
5wjb_0	ELEQTS	EAVQTL	gadega	edaged
5wjb_0	TSLEMK	TLLEML	gadega	edaged
5wjb_0	MKMETI	MLYETF	gadega	edaged
5wlz_0	LIALRN	LLLLRM	gadega	edaged
5wlz_0	RNLQEL	RMKQEL	gadega	edaged
5wlz_0	ELLRVV	ELNRVL	gadega	edaged
5wlz_0	VVTESR	VLVEST	gadega	edaged
5wlz_0	SRAEEL	STLEEA	gadega	edaged
5wlz_0	ELTSRV	EARSRT	gadega	edaged
5wlz_0	RVLHQN	RTVHQL	gadega	edaged
5wlz_0	QNLIQK	QLLIQL	gadega	edaged
5wlz_0	QKMDDL	QLNDDA	gadega	edaged
5wlz_0	DLLQEV	DAIQEI	gadega	edaged
6a9p_5	-AYQEL	-LIQEL	-adega	-daged
6a9p_5	ELLRRL	ELIRRL	gadega	edaged
6a9p_5	RLLTNS	RLRTNA	gadega	edaged
6a9p_5	NSLEER	NAAEEY	gadega	edaged
6a9p_5	ERLADL	EYLADA	gadega	edaged
6a9p_5	DLVRKL	DARRKE	gadega	edaged
6a9p_5	KLETLR	KELTLV	gadega	edaged
6a9p_5	LRAENL	LVLENL	gadega	edaged
6a9p_5	NLYREA	NLRREL	gadega	edaged
6a9p_5	EAATAR	ELSTAL	gadega	edaged
6a9p_5	ARLEKI	ALLEKL	gadega	edaged
6a9p_5	KILEEI	KLLEEY	gadega	edaged
6akl_0	-ILQEN	-ALQEQ	-adega	-daged
6akl_0	ENLWSL	EQYWSI	gadega	edaged
6akl_0	SLHQAL	SILQAH	gadega	edaged
6akl_0	ALIMKY	AHLMKL	gadega	edaged
6akl_0	KYQMQL	KLNMQL	gadega	edaged
6bw6_0	FVIGLL	FFFGLC	gadega	edaged
6bw6_0	LLCCIF	LCLCII	gadega	edaged
6bw6_0	IFFADV	IIVADH	gadega	edaged
6cpb_0	MVLGLL	MLIGLS	gadega	edaged
6cpb_0	LLSLII	LSLLIL	gadega	edaged
6cpb_0	IILVLE	ILVVLS	gadega	edaged
6f62_0	ELKEKL	ESCEKL	gadega	edaged
6f62_0	KLNRII	KLCRIT	gadega	edaged
6f62_0	IIQRAI	ITNRAL	gadega	edaged
6f62_0	AILQGN	ALNQGG	gadega	edaged
6f62_0	GNVSKL	GGLSKV	gadega	edaged
6f62_0	KLGIEN	KVNIEL	gadega	edaged
6f62_0	ENLIEN	ELIIEQ	gadega	edaged
6f62_0	ENTRLC	EQIRLN	gadega	edaged
6f62_0	LCLKTC	LNLKTK	gadega	edaged
6f62_0	TCSAKT	TKLAKT	gadega	edaged
6fx5_2	YILQRA	YLVQRL	gadega	edaged
6fx5_2	RALERQ	RLNERL	gadega	edaged
6fx5_2	RQLEAN	RLQEAL	gadega	edaged
6fx5_2	ANLLRV	ALALRL	gadega	edaged
6fx5_2	RVLEQA	RLIEQS	gadega	edaged
6iur_1	RILQER	RLIQEL	gadega	edaged
6iur_1	ERQELK	ELKELQ	gadega	edaged
6iur_1	LKLVRI	LQRVRL	gadega	edaged
6iur_1	RILEAL	RLIEAL	gadega	edaged
6j6h_12	-NLRTL	-DKRTL	-adega	-daged
6j6h_12	TLLTKL	TLATKA	gadega	edaged
6j6h_12	KLVMER	KARMEV	gadega	edaged
6j6h_12	ERAKVA	EVLKVL	gadega	edaged
6j6h_12	VALLEK	VLLLEL	gadega	edaged
6n6s_0	-KLVQN	-LLVQT	-adega	-daged
6n6s_0	QNLKQV	QTVKQL	gadega	edaged
6n6s_0	QVFEDF	QLVEDL	gadega	edaged
6n6s_0	DFERDR	DLKRDM	gadega	edaged
6n6s_0	DRMNEK	DMRNEE	gadega	edaged
6n6s_0	EKLKQV	EEFKQF	gadega	edaged
6n6s_0	QVLQQV	QFVQQL	gadega	edaged
6n6s_0	QVTNQL	QLNNQL	gadega	edaged
6ofp_1	-CYIQL	-LLIQL	-adega	-daged
6ofp_1	QLMQQL	QLKQQA	gadega	edaged
6ofp_1	QLAEEK	QALEEL	gadega	edaged
6ofp_1	EKLNLL	ELKNLA	gadega	edaged
6ofp_1	LLAIQK	LALIQM	gadega	edaged
6ofp_1	QKLTRL	QMLTRY	gadega	edaged
6su3_1	-AAIGV	-LFIGS	-adega	-daged
6su3_1	GVSMLF	GSVMLA	gadega	edaged
1gvn_0	-KEIII	-SNIIW	-adega	-daged
1gvn_0	IILSSV	IWHSSL	gadega	edaged
1ls4_0	-KAALQ	-EAALT	-adega	-daged
1o6o_2	-LIEWS	-LCEWA	-adega	-daged
1oa0_0	-TLQAL	-TVQAL	-adega	-daged
1phz_0	QFEILA	QVKILF	gadega	edaged
1z8l_1	-AVQAA	-IFQAA	-adega	-daged
1zee_5	EVLHQT	ELKHQL	gadega	edaged
1zee_7	EVLHQT	ELKHQL	gadega	edaged
2b2h_0	STVMMV	SMYMML	gadega	edaged
2b39_1	-AYALA	-AYALA	-adega	-daged
2bap_4	-NEIRC	-LRIRL	-adega	-daged
2c1t_1	-VCWIS	-NAWIP	-adega	-daged
2c2x_0	-RIFDL	-VTFDA	-adega	-daged
2fup_1	DIANLL	DLLNLR	gadega	edaged
2hn2_13	-YYSID	-HVSIY	-adega	-daged
2hn2_19	-YYSID	-HVSIY	-adega	-daged
2hn2_22	-YYSID	-HVSIY	-adega	-daged
2hn2_28	-YYSID	-HVSIY	-adega	-daged
2iak_3	ELLNKE	EQMNKY	gadega	edaged
2iak_5	ELLNKE	EQMNKY	gadega	edaged
2jkr_4	-YLRIN	-RIRIE	-adega	-daged
2jkt_3	-YLRIN	-RIRIE	-adega	-daged
2nox_1	DLAFQW	DMSFQL	gadega	edaged
2nwb_3	-NLFEV	-NIFEL	-adega	-daged
2nwb_3	EVLHQT	ELKHQL	gadega	edaged
2o7e_1	-WILIL	-LILIA	-adega	-daged
2o7e_4	-WILIL	-LILIA	-adega	-daged
2vx2_0	-VTCKV	-IQCKL	-adega	-daged
2xs1_7	-VLKGT	-LSKGI	-adega	-daged
2xs1_7	GTYNLT	GINNLL	gadega	edaged
2xs1_7	LTLVFQ	LLLVFL	gadega	edaged
2y02_3	LCAIRY	LVMIRP	gadega	edaged
2yin_3	HLLIWQ	HMIIWL	gadega	edaged
3anw_2	NLKLDL	NIILDT	gadega	edaged
3bct_8	-FITLH	-ICTLI	-adega	-daged
3bct_9	-ATDLQ	-VVDLT	-adega	-daged
3etv_5	-LLVVI	-CEVVL	-adega	-daged
3fex_3	-TEAWA	-TSAWT	-adega	-daged
3gjx_1	-YKLMI	-IELML	-adega	-daged
3gq2_1	-RVRLK	-NTRLY	-adega	-daged
3gq2_4	-NLMQL	-LQMQL	-adega	-daged
3gq2_5	-TINVS	-CCNVA	-adega	-daged
3now_15	-AVAQC	-ILAQI	-adega	-daged
3now_23	-AVAQC	-ILAQI	-adega	-daged
3o4x_6	-LLELR	-ACELE	-adega	-daged
3o4x_11	-LMHNM	-CTHNI	-adega	-daged
3o4x_13	-KIVVT	-LMVVM	-adega	-daged
3odn_2	-FEWNF	-LIWNL	-adega	-daged
3s4w_7	-SYSLT	-FYSLA	-adega	-daged
3unv_3	-VQLNL	-FILNA	-adega	-daged
3unv_3	NLVFFE	NAMFFL	gadega	edaged
3w5k_6	-ELEYT	-DLEYC	-adega	-daged
3zyk_0	-IYSYL	-MHSYL	-adega	-daged
4a0c_6	-ILTLM	-LYTLF	-adega	-daged
4aki_0	-INWEV	-LKWEL	-adega	-daged
4aki_0	EVYWDL	ELIWDL	gadega	edaged
4db9_2	-QLWLS	-KAWLE	-adega	-daged
4gmn_0	DISLVL	DWALVI	gadega	edaged
4hzk_0	-EMILR	-RTILA	-adega	-daged
4hzk_2	-KLDWL	-YCDWT	-adega	-daged
4hzk_3	-HEFNL	-ITFNL	-adega	-daged
4hzk_5	CLINIA	CRLNIT	gadega	edaged
4ifq_0	-RFLRE	-LQLRF	-adega	-daged
4ifq_12	-LLAKI	-LYAKL	-adega	-daged
4k1o_2	-KMNVV	-ELNVE	-adega	-daged
4kf7_2	LIISLA	LSASLP	gadega	edaged
4l38_10	-TKIKS	-LVIKS	-adega	-daged
4l38_10	KSWLKM	KSILKL	gadega	edaged
4l6y_4	SICQEL	SLEQEI	gadega	edaged
4mfu_8	-MNLDS	-LALDS	-adega	-daged
4nsr_1	-LNQEL	-NIQES	-adega	-daged
4nsr_1	ELLQLD	ESIQLI	gadega	edaged
4q85_4	RVLSVF	RLFSVT	gadega	edaged
4q86_3	LALGYF	LFIGYL	gadega	edaged
4rid_4	-YATML	-RITMI	-adega	-daged
4rid_7	-YATML	-RITMI	-adega	-daged
4rid_10	-YATML	-RITMI	-adega	-daged
4ry3_1	-YATML	-RITMI	-adega	-daged
4ry3_2	-YATML	-RITMI	-adega	-daged
4tf4_1	-VETAA	-ATTAA	-adega	-daged
4uqv_1	LALAML	LLCAMV	gadega	edaged
5cof_1	-RVSLL	-LISLV	-adega	-daged
5cof_1	LLNAVV	LVLAVL	gadega	edaged
5cog_0	-SLSQL	-ALSQQ	-adega	-daged
5cwi_0	-KIKAS	-KAKAE	-adega	-daged
5cwi_0	ASAEAS	AEAEAL	gadega	edaged
5cy5_1	-YMLNI	-MSLNL	-adega	-daged
5d92_1	-LLILA	-SVILL	-adega	-daged
5d92_1	LASVTI	LLCVTL	gadega	edaged
5e57_2	-FRREL	-ALREV	-adega	-daged
5ebz_11	-QAMSL	-ILMSV	-adega	-daged
5ebz_11	SLYNNL	SVLNNI	gadega	edaged
5ebz_11	NLMKTL	NIKKTL	gadega	edaged
5h41_2	QTLLSA	QSKLSF	gadega	edaged
5j1g_4	-LELLT	-LRLLL	-adega	-daged
5liz_0	-VLKVI	-LNKVI	-adega	-daged
5liz_0	VIAKLQ	VIAKLL	gadega	edaged
5nm4_1	LMVYRI	LALYRI	gadega	edaged
5ti9_1	QLSLDI	QMVLDM	gadega	edaged
5udc_1	-IELKY	-LNLKF	-adega	-daged
5ufl_9	-RCEIA	-KVEIL	-adega	-daged
5xa0_0	LKEIQF	LVFIQN	gadega	edaged
5yck_0	-LLLLS	-SVLLW	-adega	-daged
6aj4_3	KLCFDF	KLTFDM	gadega	edaged
6aj4_3	DFRCDA	DMICDI	gadega	edaged
6ar7_4	RALRAA	RAVRAW	gadega	edaged
6azv_3	-LAYAC	-FLYAL	-adega	-daged
6azv_3	ACALSL	ALALSL	gadega	edaged
6c8t_2	-VIEEA	-SREEL	-adega	-daged
6d74_0	FKLEAN	FLIEAN	gadega	edaged
6duw_0	-TIQAK	-ELQAE	-adega	-daged
6duw_0	AKMNVV	AEFNVQ	gadega	edaged
6ey4_0	MNFEAN	MSAEAI	gadega	edaged
6f38_2	KFQHQL	KYMHQW	gadega	edaged
6idp_0	-YWWAS	-VIWAF	-adega	-daged
6idp_0	ASTGML	AFIGMA	gadega	edaged
6rfr_4	VVAHEL	VLLHEP	gadega	edaged
6rlb_0	IDVTAM	IFWTAL	gadega	edaged
1ci6_0	-QLTEC	-LLTEL	-adega	-daged
1ci6_0	ECLEKN	ELVEKL	gadega	edaged
1ci6_0	KNLKRA	KLNKRL	gadega	edaged
1ci6_0	RALAEI	RLVAET	gadega	edaged
1l4a_2	-LIQQC	-IEQQI	-adega	-daged
1l4a_2	QCVTDS	QIHTDI	gadega	edaged
1l4a_2	DSSTRM	DILTRA	gadega	edaged
1yke_4	-ILQKL	-KLQKL	-adega	-daged
1ytz_1	KALWWL	KTLWWT	gadega	edaged
1ytz_1	WLLQEK	WTRQEV	gadega	edaged
1ytz_1	EKFAQI	EVIAQL	gadega	edaged
1ytz_1	QIKKEI	QLSKEL	gadega	edaged
1z9c_1	-LLLAS	-LLLAL	-adega	-daged
2aze_0	-CLEER	-CMEEL	-adega	-daged
2aze_0	ERRLRI	ELELRL	gadega	edaged
2aze_0	RIKQQL	RLLQQL	gadega	edaged
2cly_1	NNMAEV	NLNAEL	gadega	edaged
2ql2_1	VILEQV	VLIEQA	gadega	edaged
3brv_0	SNLRRC	SALRRL	gadega	edaged
3brv_0	RCLLFQ	RLALFL	gadega	edaged
3crp_0	-VLEAV	-LVEAL	-adega	-daged
3crp_0	AVLLAN	ALNLAL	gadega	edaged
3crp_0	ANLEAV	ALVEAL	gadega	edaged
3crp_1	-VLAKV	-LVAKL	-adega	-daged
3crp_1	KVLLKN	KLNLKL	gadega	edaged
3crp_1	KNLAEV	KLVAEL	gadega	edaged
3eab_1	-QRARL	-LSARQ	-adega	-daged
3eab_1	RLKMTN	RQSMTT	gadega	edaged
3he4_1	-VLKYI	-LIKYL	-adega	-daged
3he4_1	YILERN	YLIERL	gadega	edaged
3he4_1	RNLKLK	RLNKLL	gadega	edaged
3he4_1	LKLKAK	LLVKAL	gadega	edaged
3he4_2	-VLKYI	-LIKYL	-adega	-daged
3he4_2	YILERN	YLIERL	gadega	edaged
3he4_2	RNLKLK	RLNKLL	gadega	edaged
3he4_2	LKLKAK	LLVKAL	gadega	edaged
3he4_3	-VLKYI	-LIKYL	-adega	-daged
3he4_3	YILERN	YLIERL	gadega	edaged
3he4_3	RNLKLK	RLNKLL	gadega	edaged
3he4_3	LKLKAK	LLVKAL	gadega	edaged
3he4_4	-VLKYI	-LIKYL	-adega	-daged
3he4_4	YILERN	YLIERL	gadega	edaged
3he4_4	RNLKLK	RLNKLL	gadega	edaged
3he4_4	LKLKAK	LLVKAL	gadega	edaged
3he4_5	-VLKYI	-LIKYL	-adega	-daged
3he4_5	YILERN	YLIERL	gadega	edaged
3he4_5	RNLKLK	RLNKLL	gadega	edaged
3he4_5	LKLKAK	LLVKAL	gadega	edaged
3he5_0	-NLRKI	-LIRKL	-adega	-daged
3he5_0	KILKDN	KLIKDK	gadega	edaged
3he5_0	DNLEDE	DKNEDL	gadega	edaged
3he5_0	DELEII	DLNEIL	gadega	edaged
3he5_0	IILREI	ILVREL	gadega	edaged
3jck_10	-LTKMV	-QVKMQ	-adega	-daged
3jck_10	MVAEYS	MQLEYS	gadega	edaged
3nkz_6	-LKLAI	-SLLAY	-adega	-daged
3nkz_7	-LKLAI	-SLLAY	-adega	-daged
3oja_1	-YQQVQ	-LVQVK	-adega	-daged
3oja_1	VQAIDW	VKTIDL	gadega	edaged
3oja_1	DWYQKE	DLQQKK	gadega	edaged
3oja_1	KELAEN	KKLAEL	gadega	edaged
3oja_1	ENLKLN	ELNKLL	gadega	edaged
3oja_1	LNADAL	LLTDAK	gadega	edaged
3oja_1	ALANTL	AKANTR	gadega	edaged
3oja_1	TLLVRE	TRTVRK	gadega	edaged
3opc_1	ALNAQA	ALLAQV	gadega	edaged
3opc_1	QAHNRN	QVNNRL	gadega	edaged
3rko_2	IMVIYA	ILVIYS	gadega	edaged
3tq7_0	TVLEER	TYREEL	gadega	edaged
3tq7_0	ERYFKL	ELVFKL	gadega	edaged
3viq_1	-HLLTY	-AALTW	-adega	-daged
3viq_1	TYIRIA	TWIRIL	gadega	edaged
4bry_0	VARRAL	VLIRAK	gadega	edaged
4bry_0	ALALEN	AKLLEL	gadega	edaged
4bry_0	ENLHEI	ELNHEA	gadega	edaged
4bry_0	EIKDEI	EALDEN	gadega	edaged
4bry_0	EILKEN	ENAKEW	gadega	edaged
4c7n_0	-SYIKL	-LAIKL	-adega	-daged
4c7n_0	KLEQRA	KLNQRL	gadega	edaged
4c7n_0	RALERQ	RLLERL	gadega	edaged
4c7n_0	RQLEAN	RLVEAI	gadega	edaged
4c7n_0	ANLLRI	AIILRY	gadega	edaged
4etp_0	KILKKI	KLSKKE	gadega	edaged
4etp_0	KILKKI	KEVKKT	gadega	edaged
4etp_0	KITEGM	KTYEGQ	gadega	edaged
4etp_0	GMLNIL	GQINIL	gadega	edaged
4etp_0	ILEEVR	ILIEVL	gadega	edaged
4etp_0	VRLHEL	VLIHEL	gadega	edaged
4g1e_1	-LLEEN	-LNEEL	-adega	-daged
4hbl_0	NVLFQF	NLEFQF	gadega	edaged
4iyh_4	-FAAEA	-FAAEL	-adega	-daged
4iyh_4	EAQIRL	ELSIRL	gadega	edaged
4j42_2	-KMQFI	-QAQFA	-adega	-daged
4j42_2	FILEIS	FAFEII	gadega	edaged
4o9b_0	-LAESL	-LLESE	-adega	-daged
4o9b_0	SLLQRL	SEAQRE	gadega	edaged
4pas_0	-LLQEN	-LVQEK	-adega	-daged
4pas_0	ENLRKI	EKIRKL	gadega	edaged
4pas_0	KILDDL	KLNDDL	gadega	edaged
4wy4_2	-LAETA	-KLETI	-adega	-daged
4wy4_2	TATSSL	TIQSSE	gadega	edaged
4wy4_2	SLMYSE	SEMYSI	gadega	edaged
4wy4_2	SEGVSS	SILVSG	gadega	edaged
4wy4_2	SSLAQR	SGLAQN	gadega	edaged
4wy4_2	QRLETE	QNIETY	gadega	edaged
4y66_0	ELLQAL	ELGQAL	gadega	edaged
4y66_0	ALQTFI	ALVTFL	gadega	edaged
4y66_0	FIATRI	FLITRV	gadega	edaged
5cw3_0	HLLIKV	HLAIKN	gadega	edaged
5cw3_0	KVSDEV	KNIDEF	gadega	edaged
5cw3_0	EVLEQV	EFVEQT	gadega	edaged
5low_2	-LVESK	-KIESQ	-adega	-daged
5low_2	SKGITL	SQQITE	gadega	edaged
5low_2	TLLDQG	TEMDQM	gadega	edaged
5low_2	QGLDVE	QMLDVI	gadega	edaged
5lsj_0	-AFLQR	-FLLQL	-adega	-daged
5lsj_0	QRLRHV	QLQRHQ	gadega	edaged
5lsj_0	HVQEEN	HQLEEL	gadega	edaged
5lsj_0	ENLAAV	ELKAAE	gadega	edaged
5lsj_0	AVGRQV	AEYRQL	gadega	edaged
5lsj_0	QVLQQV	QLIQQL	gadega	edaged
5n9j_7	-ILEQL	-LNEQL	-adega	-daged
5n9j_7	QLEEQV	QLREQK	gadega	edaged
5n9j_7	QVLRHN	QKIRHL	gadega	edaged
5vpe_0	-ILEKV	-LKEKL	-adega	-daged
5vpe_0	KVLKQN	KLIKQL	gadega	edaged
5vpe_0	QNLATA	QLKATL	gadega	edaged
5vpe_0	TALRQV	TLTRQL	gadega	edaged
5wwl_0	-YKRLL	-ILRLI	-adega	-daged
5wwl_0	LLLNDL	LIKNDK	gadega	edaged
5wwl_0	DLIDEN	DKLDEL	gadega	edaged
5wwl_0	ENLSQI	ELRSQK	gadega	edaged
5wwl_0	QIEEAT	QKLEAA	gadega	edaged
5wwl_0	ATCIRM	AAIIRM	gadega	edaged
5x60_1	-KKDQI	-LNDQI	-adega	-daged
5x60_1	QIWKIV	QIIKIV	gadega	edaged
5x60_1	IVQELK	IVLELL	gadega	edaged
5x9x_0	-YLVEN	-LLVEK	-adega	-daged
5x9x_0	ENLQLI	EKLQLF	gadega	edaged
5x9x_0	LIKEKI	LFNEKV	gadega	edaged
6cfz_1	ITLQID	IALQIN	gadega	edaged
6cfz_1	IDFAAH	INIAAL	gadega	edaged
6cfz_1	AHVTSI	ALQTSH	gadega	edaged
6cko_1	-YLVAQ	-LNVAL	-adega	-daged
6cko_1	AQITHN	ALKTHL	gadega	edaged
6cko_1	HNLRQT	HLIRQL	gadega	edaged
6cko_1	QTLEDM	QLNEDL	gadega	edaged
6cko_1	DMLRQS	DLLRQM	gadega	edaged
6e2j_0	-EFEFI	-LLEFL	-adega	-daged
6e2j_0	FILRRV	FLIRRL	gadega	edaged
6e2j_0	RVLKDQ	RLKKDL	gadega	edaged
6e2j_0	DQLDEL	DLLDEL	gadega	edaged
6e2j_0	ELMQMV	ELIQMV	gadega	edaged
6e2j_0	MVYRKY	MVRRKE	gadega	edaged
6e2j_0	KYEIKR	KEYIKF	gadega	edaged
6e2j_0	KRAEEF	KFAEEA	gadega	edaged
6e2j_0	EFIKDV	EAIKDI	gadega	edaged
6e2j_0	DVAYTK	DINYTL	gadega	edaged
6e2j_0	TKLQKL	TLIQKL	gadega	edaged
6e2j_0	KLLQEI	KLIQEY	gadega	edaged
6epd_17	EHIDRL	ENIDRM	gadega	edaged
6epd_17	RLLRQL	RMLRQV	gadega	edaged
6epd_17	QLLTQY	QVVTQM	gadega	edaged
6epd_17	QYSEDL	QMIEDL	gadega	edaged
6epe_12	NLLQQR	NAFQQL	gadega	edaged
6epe_12	QRLNKV	QLQNKI	gadega	edaged
6epe_12	KVLREL	KIEREL	gadega	edaged
6epf_7	ALIQMS	ARLQMK	gadega	edaged
6epf_7	MSVDLY	MKTDLQ	gadega	edaged
6g6l_2	EELIEE	ELNIEL	gadega	edaged
6g6l_2	EELRRR	ELIRRH	gadega	edaged
6g6l_2	RRLKKL	RHNKKM	gadega	edaged
6h3c_2	KVVCDV	KLKCDL	gadega	edaged
6h3c_2	DVSEVV	DLLEVN	gadega	edaged
6h3c_2	VVCQEV	VNLQEL	gadega	edaged
6h3c_2	EVLRQI	ELLRQS	gadega	edaged
6id1_3	-MEARA	-LIARQ	-adega	-daged
6id1_4	-ALMQL	-LLMQA	-adega	-daged
6id1_4	QLLWQI	QAIWQL	gadega	edaged
6j6n_1	SILQKL	SIQQKT	gadega	edaged
6j6n_1	KLVQLE	KTLQLL	gadega	edaged
6j6n_1	LENNMC	LLENML	gadega	edaged
6j6n_1	MCLCHS	MLDCHL	gadega	edaged
6jt2_0	-AQDLK	-TKDLL	-adega	-daged
6jt2_0	LKLGLK	LLLGLL	gadega	edaged
6jt2_0	LKLEAH	LLTEAL	gadega	edaged
6jt2_0	AHLEEK	ALTEEE	gadega	edaged
6jxr_0	ATYELL	AVLELF	gadega	edaged
6jxr_0	LLATYA	LFVTYQ	gadega	edaged
6qld_1	QSQKML	QSLKML	gadega	edaged
6qld_1	MLQNIN	MLQNIS	gadega	edaged
6qle_2	SNLCQL	SELCQL	gadega	edaged
6qle_2	QLVLRK	QLNLRE	gadega	edaged
6qle_2	RKLNQI	REYNQI	gadega	edaged
6qle_2	QIVREI	QIRREI	gadega	edaged
6qle_6	DLKCAL	DKICAL	gadega	edaged
6qle_6	ALGEKL	ALLEKL	gadega	edaged
6qle_6	KLILQT	KLNLQL	gadega	edaged
1yo7_1	-AMAFI	-KLAFQ	-adega	-daged
1yo7_1	FIQTTL	FQITTM	gadega	edaged
1ecm_0	-LLRKI	-AVRKL	-adega	-daged
1ecm_0	KILDKL	KLRDKL	gadega	edaged
1ecm_0	KLLLER	KLLLEL	gadega	edaged
1ecm_0	ERLAEV	ELIAEL	gadega	edaged
1ecm_1	-LLRKI	-AVRKL	-adega	-daged
1ecm_1	KILDKL	KLRDKL	gadega	edaged
1ecm_1	KLLLER	KLLLEL	gadega	edaged
1ecm_1	ERLAEV	ELIAEL	gadega	edaged
1few_2	-TTAGL	-QAAGM	-adega	-daged
1few_2	GLMAEA	GMLAET	gadega	edaged
1gmj_0	-IHAEI	-LIAEH	-adega	-daged
1gmj_0	EILQEI	EHIQEL	gadega	edaged
1gmj_0	EIHKSI	ELIKSH	gadega	edaged
1hvv_2	ELMFDM	EMQFDL	gadega	edaged
1hvv_2	DMLVSQ	DLMVSM	gadega	edaged
1hvv_2	SQMIRI	SMLIRS	gadega	edaged
1ixe_1	RTSEGM	RSTEGS	gadega	edaged
1q09_0	RLVERI	RLQERL	gadega	edaged
1q09_0	RILQMQ	RLIQMV	gadega	edaged
1q09_0	MQLQLN	MVLQLV	gadega	edaged
1sfk_2	-MLLFK	-ITLFL	-adega	-daged
1sfk_2	FKLGLT	FLKGLL	gadega	edaged
1sfk_3	-MLLFK	-ITLFL	-adega	-daged
1sfk_3	FKLGLT	FLKGLL	gadega	edaged
1t3j_0	-QLEEI	-LEEEA	-adega	-daged
1t3j_0	EILSEI	EARSES	gadega	edaged
1t3j_0	EILEMQ	ESQEML	gadega	edaged
1t3j_0	MQSKLR	MLIKLL	gadega	edaged
1t3j_0	LRAVLE	LLIVLL	gadega	edaged
1wmi_0	-LLELK	-LEELI	-adega	-daged
1ykd_0	SFATKQ	SAQTKA	gadega	edaged
1ykd_0	KQAAMM	KAFAMS	gadega	edaged
1zke_4	IRLAIE	IQEAIL	gadega	edaged
1zke_4	IEQNIE	ILRNIF	gadega	edaged
1zke_7	IRLAIE	IQEAIL	gadega	edaged
1zke_7	IEQNIE	ILRNIF	gadega	edaged
1zuo_1	-DMKLR	-YRKLM	-adega	-daged
1zuo_2	-DMKLR	-YRKLM	-adega	-daged
1zuo_3	-DMKLR	-YRKLM	-adega	-daged
1zw0_2	-VITQL	-ALTQI	-adega	-daged
1zw0_6	-VITQL	-ALTQI	-adega	-daged
1zww_2	QLHKAV	QLVKAH	gadega	edaged
1zww_2	AVLQVT	AHLQVV	gadega	edaged
1zww_2	VTLERI	VVSERV	gadega	edaged
1zww_5	QLHKAV	QLVKAH	gadega	edaged
1zww_5	AVLQVT	AHLQVV	gadega	edaged
1zww_5	VTLERI	VVSERV	gadega	edaged
2a1f_1	-MLAVM	-LMAVL	-adega	-daged
2a1f_2	-MLAVM	-LMAVL	-adega	-daged
2bni_1	-ELEIL	-LKEIL	-adega	-daged
2bni_1	ILGHIC	ILCHIG	gadega	edaged
2bni_1	ICLAIK	IGLAIL	gadega	edaged
2c08_1	LSVQQL	LLTQQL	gadega	edaged
2c08_1	QLHKAV	QLVKAH	gadega	edaged
2c08_1	AVLQVT	AHLQVV	gadega	edaged
2c08_1	VTLERI	VVSERV	gadega	edaged
2gn9_1	-LATLC	-KCTLA	-adega	-daged
2gn9_2	-LATLC	-KCTLA	-adega	-daged
2hh7_1	VMISVQ	VMNSVL	gadega	edaged
2hh7_1	VQLEAN	VLQEAI	gadega	edaged
2hh7_1	ANMLNH	AIMLNC	gadega	edaged
2htm_1	EALAEA	EKAAEL	gadega	edaged
2htm_1	EAKALA	ELAALA	gadega	edaged
2n9b_0	-KQESL	-LVESL	-adega	-daged
2n9b_0	SLASQK	SLKSQA	gadega	edaged
2n9b_0	QKLEKV	QALEKQ	gadega	edaged
2p4w_0	FLLNRI	FIRNRL	gadega	edaged
2p4w_0	RIIIEK	RLKIEI	gadega	edaged
2p4w_0	EKLEAR	EIIEAL	gadega	edaged
2r26_1	MAAAAA	MAAAAA	gadega	edaged
2wm9_0	LAYDLH	LYHDLY	gadega	edaged
2wm9_0	LHYSVT	LYASVF	gadega	edaged
2yfd_1	LLTYAL	LTLYAL	gadega	edaged
2yq8_0	EKVTLK	ETDTLA	gadega	edaged
2yq8_0	LKIKEE	LAKKEL	gadega	edaged
2yq8_0	EELEIK	ELEEII	gadega	edaged
2yq8_0	IKAELD	IIKELV	gadega	edaged
2yq8_0	LDTSAT	LVKSAI	gadega	edaged
3df8_0	NVSLPL	NYLLPS	gadega	edaged
3df8_0	PLYIVL	PSVIVK	gadega	edaged
3g9g_2	-LQTFS	-FMTFC	-adega	-daged
3g9g_2	FSLLTT	FCTLTL	gadega	edaged
3g9g_2	TTCEVM	TLSEVQ	gadega	edaged
3gp4_0	-RLKRI	-LLKRM	-adega	-daged
3gp4_0	RIMQAL	RMIQAL	gadega	edaged
3gp4_0	ALLDKI	ALRDKL	gadega	edaged
3gp4_1	-RLKRI	-LLKRM	-adega	-daged
3gp4_1	RIMQAL	RMIQAL	gadega	edaged
3gp4_1	ALLDKI	ALRDKL	gadega	edaged
3gp4_2	-RLKRI	-LLKRM	-adega	-daged
3gp4_2	RIMQAL	RMIQAL	gadega	edaged
3gp4_2	ALLDKI	ALRDKL	gadega	edaged
3gt0_1	VLAKVL	VALKVA	gadega	edaged
3h01_0	YTIHLI	YLLHLL	gadega	edaged
3h01_0	LISQQQ	LLQQQS	gadega	edaged
3n96_0	ALSLEA	ALALES	gadega	edaged
3n96_0	EASLLA	ESALLS	gadega	edaged
3n96_0	LALLDG	LSLLDE	gadega	edaged
3ok8_3	FLLGAR	FLRGAL	gadega	edaged
3ok8_3	ARLQRV	ALLQRS	gadega	edaged
3q8t_0	-SLQEL	-LLQEA	-adega	-daged
3q8t_0	ELLAEE	EAMAEV	gadega	edaged
3q8t_0	EELIEL	EVLIEL	gadega	edaged
3q8t_0	ELVENR	ELQENF	gadega	edaged
3q8t_0	NRVANL	NFYANY	gadega	edaged
3q8t_0	NLVQEA	NYEQEL	gadega	edaged
3q8t_0	EALDEE	ELADEV	gadega	edaged
3q8t_0	EEYQEY	EVLQEV	gadega	edaged
3q8t_0	EYFKQQ	EVRKQV	gadega	edaged
3q8t_0	QQLDEL	QVLDEL	gadega	edaged
3q8t_0	ELVEQM	ELEEQL	gadega	edaged
3q8t_0	QMAQQL	QLLQQL	gadega	edaged
3rmi_0	-LLRSI	-LIRSC	-adega	-daged
3rmi_0	SIFDTL	SCRDTI	gadega	edaged
3rmi_0	TLILER	TILLEF	gadega	edaged
3rmi_0	ERCTAI	EFITAL	gadega	edaged
3slg_1	-ICSQL	-RLSQC	-adega	-daged
3slg_2	-ICSQL	-RLSQC	-adega	-daged
3thf_1	LLLSRL	LAMSRL	gadega	edaged
3thf_1	RLTESL	RLRESL	gadega	edaged
3thf_1	SLRQER	SLRQER	gadega	edaged
3thf_1	ERLEKR	ERLEKT	gadega	edaged
3thf_1	KRLYQM	KTLYQL	gadega	edaged
3thf_1	QMAQLK	QLLQLI	gadega	edaged
3thf_4	LLLSRL	LAMSRL	gadega	edaged
3thf_4	RLTESL	RLRESL	gadega	edaged
3thf_4	SLRQER	SLRQER	gadega	edaged
3thf_4	ERLEKR	ERLEKT	gadega	edaged
3thf_4	KRLYQM	KTLYQL	gadega	edaged
3thf_4	QMAQLK	QLLQLI	gadega	edaged
3u1c_0	DKALRA	DLVLRA	gadega	edaged
3u1c_0	RAAEDK	RAAEDA	gadega	edaged
3u1c_0	DKAERS	DALERS	gadega	edaged
3u1c_0	RSLEDI	RSLEDV	gadega	edaged
3u1c_0	DILEQL	DVREQT	gadega	edaged
3u1c_0	QLTESR	QTLESL	gadega	edaged
3u1c_0	SRVLEL	SLILEL	gadega	edaged
3u1c_0	ELSESL	ELSESA	gadega	edaged
3u1c_0	SLAENA	SAKENA	gadega	edaged
3u1c_0	NAAEEV	NAAEEA	gadega	edaged
3u1c_0	EVLNRI	EAKNRL	gadega	edaged
3uux_2	FSLVSL	FILVSL	gadega	edaged
3uux_2	SLLNQK	SLQNQI	gadega	edaged
3uux_2	QKTLEI	QIILEL	gadega	edaged
3uux_2	EIIEEV	ELKEEL	gadega	edaged
3uux_2	EVLRKK	ELVRKI	gadega	edaged
3uux_2	KKLLKI	KIILKT	gadega	edaged
3uux_2	KIIENQ	KTKENL	gadega	edaged
3uux_2	NQLENL	NLLENL	gadega	edaged
3uux_2	NLIDRL	NLSDRL	gadega	edaged
4c1a_0	ELVEQI	ELREQL	gadega	edaged
4c1a_0	QILVRR	QLIVRV	gadega	edaged
4c1a_0	RRLRRL	RVLRRL	gadega	edaged
4fin_0	KDLAEA	KIRAEE	gadega	edaged
4fin_0	EAEARR	EEAARL	gadega	edaged
4fin_0	RRIEEL	RLDEEL	gadega	edaged
4fla_0	ACLAYN	AVLAYY	gadega	edaged
4fla_0	YNLAEL	YYLAEK	gadega	edaged
4fla_0	ELRRLA	EKLRLQ	gadega	edaged
4fla_0	LALVYT	LQTVYL	gadega	edaged
4fla_0	YTQKVL	YLAKVR	gadega	edaged
4fla_0	VLKEKL	VRLEKL	gadega	edaged
4fla_0	KLYKKL	KLNKKL	gadega	edaged
4fla_0	KLVTVR	KLCTVV	gadega	edaged
4h8s_1	-VAQEM	-AMQEA	-adega	-daged
4j41_1	QSAMQY	QIYMQA	gadega	edaged
4j41_1	QYILGI	QASLGE	gadega	edaged
4j7k_1	QSAMQY	QIYMQA	gadega	edaged
4j7k_1	QYILGI	QASLGQ	gadega	edaged
4jnu_1	IKLKQQ	IIIKQL	gadega	edaged
4jnu_1	QQLSLI	QLQSLL	gadega	edaged
4jnu_1	LIIKDL	LLKKDL	gadega	edaged
4jpb_1	-TNISI	-SIISK	-adega	-daged
4jpb_1	SILINI	SKIINV	gadega	edaged
4jpb_1	NIIAET	NVTAEL	gadega	edaged
4jpb_1	ETLANA	ELVANV	gadega	edaged
4jpb_1	NAEARA	NVFARA	gadega	edaged
4jpb_1	RAAGGF	RAAGGE	gadega	edaged
4jpb_1	GFVAEV	GEAAEL	gadega	edaged
4jpb_1	EVLSET	ELTSEI	gadega	edaged
4jpb_1	ETVTQI	EIITQL	gadega	edaged
4jq5_1	YRIELE	YIRELL	gadega	edaged
4mbq_1	-TDLRA	-DALRD	-adega	-daged
4pxj_0	VKLIKV	VLIIKL	gadega	edaged
4pxj_0	KVLSEQ	KLKSEA	gadega	edaged
4pxj_0	EQLREL	EALREL	gadega	edaged
4pxj_0	ELAKAK	ELQKAL	gadega	edaged
4pxj_0	AKLERI	ALVERL	gadega	edaged
4pxj_0	RILEEL	RLKEEL	gadega	edaged
4u6s_1	LCLNYR	LLCNYD	gadega	edaged
4wpy_0	-IELVA	-DSLVM	-adega	-daged
4wpy_0	VALSLG	VMGSLL	gadega	edaged
4wpy_0	LGMLVS	LLALVE	gadega	edaged
5c1f_3	-WTLIS	-LRLIC	-adega	-daged
5c1f_3	ISCFDD	ICDFDC	gadega	edaged
5c1f_3	DDCEIR	DCSEIT	gadega	edaged
5c9e_1	KVSSIS	KCSSIS	gadega	edaged
5c9e_1	ISCRII	ISVRIF	gadega	edaged
5crl_0	-SAEKL	-CVEKL	-adega	-daged
5crl_0	KLVRKM	KLERKL	gadega	edaged
5crl_0	KMLAME	KLMAMV	gadega	edaged
5crl_0	MELSLV	MVLSLA	gadega	edaged
5d3a_0	DMLLQR	DCILQI	gadega	edaged
5d3a_0	QRLTRR	QIITRL	gadega	edaged
5d3a_0	RRLSRR	RLMSRI	gadega	edaged
5d3a_0	RRIVEN	RIVVEG	gadega	edaged
5d3a_0	ENGDNV	EGNDNI	gadega	edaged
5d3a_0	NVINEM	NIRNEL	gadega	edaged
5d3a_0	EMLTNI	ELRTNL	gadega	edaged
5d3a_0	NIINSI	NLRNSL	gadega	edaged
5d3a_0	SICQNI	SLMQNM	gadega	edaged
5d90_1	RLFEQT	RYLEQL	gadega	edaged
5d90_1	QTVKQI	QLLKQL	gadega	edaged
5d90_1	QILKYL	QLIKYV	gadega	edaged
5d90_1	YLLEKL	YVTEKF	gadega	edaged
5d90_1	KLYQAK	KFLQAI	gadega	edaged
5ded_2	-VRLRA	-EILRE	-adega	-daged
5ded_2	RAAARL	RELARA	gadega	edaged
5ded_2	RLEMEI	RAAMER	gadega	edaged
5dol_0	-FVILE	-IKILL	-adega	-daged
5dol_0	LEIGLY	LLYGLI	gadega	edaged
5dol_0	LYLGLK	LIEGLV	gadega	edaged
5eon_0	IAFKIA	IFAKIF	gadega	edaged
5eon_0	IAFKIA	IFAKIF	gadega	edaged
5eon_0	IAFKIA	IFAKIL	gadega	edaged
5lcy_1	ILIAVR	IMMAVS	gadega	edaged
5lcy_1	VRSNLM	VSRNLI	gadega	edaged
5lcy_1	LMMVIH	LILVIC	gadega	edaged
5n5e_10	MERLII	MENLIL	gadega	edaged
5n5e_10	IILDIN	ILIDIR	gadega	edaged
5n5e_10	INEQAR	IREQAE	gadega	edaged
5z0v_0	-MIKFK	-ILKFL	-adega	-daged
5z0v_0	FKLAML	FLKAMI	gadega	edaged
6adz_1	-LLSKV	-VMSKK	-adega	-daged
6adz_1	KVCHEA	KKAHEL	gadega	edaged
6adz_1	EALRAA	ELARAC	gadega	edaged
6adz_1	AAKEEM	ACVEEL	gadega	edaged
6f6p_3	-YLKEL	-LLKEL	-adega	-daged
6f6p_3	ELAQEL	ELRQEL	gadega	edaged
6f6p_3	ELKDEC	ELCDEK	gadega	edaged
6f6p_3	ECLSVR	EKLSVA	gadega	edaged
6f6p_3	VRLGEL	VALGEL	gadega	edaged
6jgv_0	-NIDHI	-CRDHL	-adega	-daged
6jgv_0	HIVQRI	HLQQRL	gadega	edaged
6jgv_0	RILVLQ	RLIVLV	gadega	edaged
6jgv_0	LQLVLR	LVIVLI	gadega	edaged
1a22_3	NARARL	NRLARL	gadega	edaged
1a22_5	-EIQLM	-ILQLL	-adega	-daged
1ax8_2	-IDLNL	-RILNL	-adega	-daged
1ax8_4	-IDLNL	-RILNL	-adega	-daged
1b71_2	HEFLFA	HEALFL	gadega	edaged
1b71_3	HEFLFA	HEALFL	gadega	edaged
1ca1_1	-AYLEA	-EALEF	-adega	-daged
1cii_0	RLAIAR	RFEIAA	gadega	edaged
1cii_0	ARDETL	AALETQ	gadega	edaged
1cii_2	-VARNL	-ALRNA	-adega	-daged
1cii_2	NLRTEQ	NALTEV	gadega	edaged
1cii_2	EQANAL	EVLNAA	gadega	edaged
1cii_2	ALLLEK	AAILEN	gadega	edaged
1cii_2	EKIRQL	ENQRQL	gadega	edaged
1cnt_1	-IARIR	-LIRIT	-adega	-daged
1cnt_1	IRLTLT	ITSTLL	gadega	edaged
1cnt_3	-LQVAF	-DIVAL	-adega	-daged
1cnt_4	-LLQLS	-YTQLL	-adega	-daged
1cnt_4	LSTVSI	LLRVSA	gadega	edaged
1cxz_0	-RLREI	-LLREL	-adega	-daged
1cxz_0	EIELLK	ELLLLS	gadega	edaged
1dce_3	ELCKLQ	ELIKLC	gadega	edaged
1dvb_2	HEFLFA	HEALFL	gadega	edaged
1dvb_3	HEFLFA	HEALFL	gadega	edaged
1exz_2	LVVDLV	LLSDLV	gadega	edaged
1exz_3	LVVDLV	LLSDLV	gadega	edaged
1fch_1	AILRCL	ASLRCA	gadega	edaged
1few_3	-LTTAL	-AWTAL	-adega	-daged
1few_3	ALAIEY	ALYIEK	gadega	edaged
1few_3	EYAVTL	EKMVTA	gadega	edaged
1few_3	TLLYQY	TAIYQV	gadega	edaged
1fiy_11	LQLLRS	LTLLRV	gadega	edaged
1fxk_5	-MIKQK	-LEKQL	-adega	-daged
1fxk_5	QKLETL	QLIETV	gadega	edaged
1fxk_5	TLMGNL	TVMGNI	gadega	edaged
1fxk_5	NLITIM	NIVTIY	gadega	edaged
1fxk_5	IMLSQA	IYLSQI	gadega	edaged
1gto_3	-RTLLL	-AHLLC	-adega	-daged
1h6g_1	-LTAAI	-ACAAD	-adega	-daged
1hiw_0	-YIALY	-LLALC	-adega	-daged
1hiw_1	-YIALY	-LLALC	-adega	-daged
1i50_2	LLHVTY	LAIVTK	gadega	edaged
1i6z_1	-VVQFL	-ILQFF	-adega	-daged
1i6z_1	FLCDVE	FFIDVV	gadega	edaged
1iw1_0	-TQEAW	-LLEAL	-adega	-daged
1jm0_0	-LELAI	-LILAE	-adega	-daged
1jm0_1	-LELAI	-LILAE	-adega	-daged
1jqo_8	-MANYI	-ARNYL	-adega	-daged
1jqo_11	FQTLRI	FTLLRL	gadega	edaged
1jqo_12	RMANYI	RARNYL	gadega	edaged
1jqo_15	FQTLRI	FTLLRL	gadega	edaged
1kt0_2	-LFLLA	-LALLC	-adega	-daged
1l2j_1	-LVTAL	-LMTAC	-adega	-daged
1l2j_2	-LVTAL	-LMTAC	-adega	-daged
1l7c_2	-DLASE	-VRASI	-adega	-daged
1l8d_0	-LYHDL	-LIHDL	-adega	-daged
1l8d_0	DLSKTL	DLIKTL	gadega	edaged
1l8d_0	TLLIRK	TLIIRI	gadega	edaged
1l8d_0	RKLEEL	RIREEI	gadega	edaged
1l8w_0	-SLDLV	-LKDLL	-adega	-daged
1l9h_2	-FNFTL	-VLFTA	-adega	-daged
1lkp_2	HEFLFA	HEALFL	gadega	edaged
1lkp_3	HEFLFA	HEALFL	gadega	edaged
1n4q_0	EMIIII	ELRIIV	gadega	edaged
1n4r_0	EMIIII	ELRIIV	gadega	edaged
1nt2_2	-RVEEI	-ILEEL	-adega	-daged
1nt2_3	-RVEEI	-ILEEL	-adega	-daged
1orj_0	ILLKLR	ILIKLY	gadega	edaged
1orj_0	LRWEVK	LYIEVL	gadega	edaged
1orj_2	RVIIAL	RCAIAL	gadega	edaged
1orj_3	ILLKLR	ILIKLY	gadega	edaged
1orj_3	LRWEVK	LYIEVL	gadega	edaged
1orj_5	RVIIAL	RCAIAL	gadega	edaged
1orj_6	-IYDAI	-WRDAL	-adega	-daged
1orj_9	-IYDAI	-WRDAL	-adega	-daged
1orj_11	ILLKLR	ILIKLY	gadega	edaged
1orj_11	LRWEVK	LYIEVL	gadega	edaged
1orj_13	RVIIAL	RCAIAL	gadega	edaged
1orj_14	ILLKLR	ILIKLY	gadega	edaged
1orj_14	LRWEVK	LYIEVL	gadega	edaged
1orj_16	RVIIAL	RCAIAL	gadega	edaged
1orj_17	-IYDAI	-WRDAL	-adega	-daged
1orj_20	-IYDAI	-WRDAL	-adega	-daged
1ory_4	ILLKLR	ILIKLY	gadega	edaged
1prc_6	-AFMLS	-IAMLF	-adega	-daged
1pvh_0	LYVVLG	LVLVLL	gadega	edaged
1pvh_0	LGLGIT	LLAGIL	gadega	edaged
1py2_1	LLLQIL	LCIQIL	gadega	edaged
1q5n_6	VQVQCY	VILQCF	gadega	edaged
1q5n_6	CYALQA	CFALQL	gadega	edaged
1qvn_0	LLLQIL	LCIQIL	gadega	edaged
1qvn_2	HLDLMI	HIILML	gadega	edaged
1r2c_7	-AFMLS	-IAMLF	-adega	-daged
1rzz_1	IAFFTN	IFAFTL	gadega	edaged
1syq_1	-ICKIL	-LIKII	-adega	-daged
1syq_4	-ICKIL	-LIKII	-adega	-daged
1syq_7	-ICKIL	-LIKII	-adega	-daged
1syq_9	-ICKIL	-LIKII	-adega	-daged
1syq_11	-ICKIL	-LIKII	-adega	-daged
1syq_13	-ICKIL	-LIKII	-adega	-daged
1t6p_7	-SVLLL	-LLLLY	-adega	-daged
1tae_1	-ALRQL	-ILRQL	-adega	-daged
1tj7_3	-LNRLQ	-LERLL	-adega	-daged
1tj7_4	-LNRLQ	-LERLL	-adega	-daged
1tjl_0	-RLEWR	-VLEWI	-adega	-daged
1tjl_0	WRLREV	WIIREE	gadega	edaged
1tjl_0	EVTVHM	EERVHE	gadega	edaged
1tjl_1	-RLEWR	-VLEWI	-adega	-daged
1tjl_1	WRLREV	WIIREE	gadega	edaged
1tjl_1	EVTVHM	EERVHE	gadega	edaged
1tnb_1	EMIIII	ELRIIV	gadega	edaged
1tno_0	EMIIII	ELRIIV	gadega	edaged
1tnz_1	EMIIII	ELRIIV	gadega	edaged
1twg_2	-IAELL	-LLELA	-adega	-daged
1u6i_6	-ALAEA	-IAAEK	-adega	-daged
1v7n_0	LSVRLL	LVLRLV	gadega	edaged
1v7n_0	LLLQLL	LVLQLA	gadega	edaged
1vei_14	-ALQQL	-LIQQV	-adega	-daged
1vei_14	QLYNLH	QVANLV	gadega	edaged
1vrn_7	-AFMLS	-IAMLF	-adega	-daged
1wdg_0	-QFDTN	-LIDTI	-adega	-daged
1wdg_4	-QFDTN	-LIDTI	-adega	-daged
1wfd_0	KIYMRA	KLIMRY	gadega	edaged
1wfd_0	RAIKYL	RYLKYY	gadega	edaged
1x4t_0	EILLEK	EKILEI	gadega	edaged
1x4t_0	EKWERI	EIRERA	gadega	edaged
1x8z_0	CVYEAI	CLLEAA	gadega	edaged
1x8z_0	AILEAF	AAQEAL	gadega	edaged
1x8z_1	-ATLST	-IALSL	-adega	-daged
1x8z_2	-NVSAL	-SLSAC	-adega	-daged
1x8z_3	CVYEAI	CLLEAA	gadega	edaged
1x8z_3	AILEAF	AAQEAL	gadega	edaged
1x8z_4	-ATLST	-IALSL	-adega	-daged
1xcb_2	YLLELE	YLKELV	gadega	edaged
1xcb_4	YLLELE	YLKELV	gadega	edaged
1xcb_7	YLLELE	YLKELV	gadega	edaged
1xwm_3	QIMDRV	QTMDRL	gadega	edaged
1xwm_3	RVQYEM	RLMYEP	gadega	edaged
1xwo_4	-KLSIS	-IKSIL	-adega	-daged
1xwo_4	ISLLLI	ILSLLL	gadega	edaged
1xzp_4	-RLIVL	-LLIVL	-adega	-daged
1xzp_5	-VLEIK	-LIEIL	-adega	-daged
1xzq_2	LRLIVL	LLLIVL	gadega	edaged
1xzq_2	VLIREL	VLSREV	gadega	edaged
1xzq_3	VKLEAI	VLKEAL	gadega	edaged
1ya0_1	-SYTLL	-ILTLC	-adega	-daged
1yc9_9	-IAYEL	-LLYEQ	-adega	-daged
1yc9_9	ELLYNQ	EQIYNI	gadega	edaged
1yc9_9	NQVHAL	NILHAV	gadega	edaged
1yke_3	-LLLSL	-LILSI	-adega	-daged
1yke_5	-IKTQI	-QMTQC	-adega	-daged
1yo7_0	-ACELH	-LLELT	-adega	-daged
1yo7_2	-LHAEL	-HLAEI	-adega	-daged
1yo7_3	-RTLLL	-AHLLC	-adega	-daged
1yv1_0	-LLKAI	-MVKAE	-adega	-daged
1yv1_0	AIETAH	AEITAE	gadega	edaged
1yv1_0	AHYTFA	AEATFF	gadega	edaged
1z4a_16	QLEISS	QFAISE	gadega	edaged
1z4a_16	SSYLMA	SEALMM	gadega	edaged
1z4a_17	EEVRIL	EELRIF	gadega	edaged
1z4a_18	QLEISS	QFAISE	gadega	edaged
1z4a_18	SSYLMA	SEALMM	gadega	edaged
1z4a_19	FVQVEE	FITVEE	gadega	edaged
1z4a_19	EEVRIL	EELRIF	gadega	edaged
1z4a_20	QLEISS	QFAISE	gadega	edaged
1z4a_20	SSYLMA	SEALMM	gadega	edaged
1z4a_21	EEVRIL	EELRIF	gadega	edaged
1z4a_22	QLEISS	QFAISE	gadega	edaged
1z4a_22	SSYLMA	SEALMM	gadega	edaged
1z4a_23	FVQVEE	FITVEE	gadega	edaged
1z4a_23	EEVRIL	EELRIF	gadega	edaged
1z4a_24	QLEISS	QFAISE	gadega	edaged
1z4a_24	SSYLMA	SEALMM	gadega	edaged
1z4a_25	EEVRIL	EELRIF	gadega	edaged
1z4a_26	QLEISS	QFAISE	gadega	edaged
1z4a_26	SSYLMA	SEALMM	gadega	edaged
1z4a_27	EEVRIL	EELRIF	gadega	edaged
1z4a_28	QLEISS	QFAISE	gadega	edaged
1z4a_28	SSYLMA	SEALMM	gadega	edaged
1z4a_29	EEVRIL	EELRIF	gadega	edaged
1z4a_30	QLEISS	QFAISE	gadega	edaged
1z4a_30	SSYLMA	SEALMM	gadega	edaged
1z4a_31	EEVRIL	EELRIF	gadega	edaged
1z4a_32	QLEISS	QFAISE	gadega	edaged
1z4a_32	SSYLMA	SEALMM	gadega	edaged
1z4a_33	EEVRIL	EELRIF	gadega	edaged
1z4a_34	QLEISS	QFAISE	gadega	edaged
1z4a_34	SSYLMA	SEALMM	gadega	edaged
1z4a_35	FVQVEE	FITVEE	gadega	edaged
1z4a_35	EEVRIL	EELRIF	gadega	edaged
1z4a_36	QLEISS	QFAISE	gadega	edaged
1z4a_36	SSYLMA	SEALMM	gadega	edaged
1z4a_37	EEVRIL	EELRIF	gadega	edaged
1z4a_38	QLEISS	QFAISE	gadega	edaged
1z4a_38	SSYLMA	SEALMM	gadega	edaged
1z4a_39	FVQVEE	FITVEE	gadega	edaged
1z4a_39	EEVRIL	EELRIF	gadega	edaged
1z4a_40	QLEISS	QFAISE	gadega	edaged
1z4a_40	SSYLMA	SEALMM	gadega	edaged
1z4a_41	EEVRIL	EELRIF	gadega	edaged
1z4a_42	QLEISS	QFAISE	gadega	edaged
1z4a_42	SSYLMA	SEALMM	gadega	edaged
1z4a_43	EEVRIL	EELRIF	gadega	edaged
1z4a_44	QLEISS	QFAISE	gadega	edaged
1z4a_44	SSYLMA	SEALMM	gadega	edaged
1z4a_45	EEVRIL	EELRIF	gadega	edaged
1z4a_46	QLEISS	QFAISE	gadega	edaged
1z4a_46	SSYLMA	SEALMM	gadega	edaged
1z4a_47	EEVRIL	EELRIF	gadega	edaged
1za0_1	IAEVHE	ICAVHE	gadega	edaged
1za0_1	HEFALV	HEAALL	gadega	edaged
1za0_3	IAEVHE	ICAVHE	gadega	edaged
1za0_3	HEFALV	HEAALL	gadega	edaged
1zb1_0	LSNLYY	LIILYT	gadega	edaged
1zb1_0	YYLELY	YTKELL	gadega	edaged
1zke_3	-IILDI	-ILLDL	-adega	-daged
1zke_3	DISQEI	DLLQEE	gadega	edaged
1zke_5	-IILDI	-ILLDL	-adega	-daged
1zke_6	-IILDI	-ILLDL	-adega	-daged
1zke_6	DISQEI	DLLQEE	gadega	edaged
1zke_8	-IILDI	-ILLDL	-adega	-daged
1zw0_1	LELTLK	LIITLL	gadega	edaged
1zw0_5	LELTLK	LIITLL	gadega	edaged
2a03_2	-INAQI	-LLAQY	-adega	-daged
2a03_3	-INAQI	-LLAQY	-adega	-daged
2a3q_2	-LELDV	-LLLDE	-adega	-daged
2a3q_3	-LELDV	-LLLDE	-adega	-daged
2b05_7	-WISIE	-IRSIV	-adega	-daged
2b05_20	-EYSAH	-FYSAL	-adega	-daged
2b05_25	-EYSAH	-FYSAL	-adega	-daged
2b5u_0	KAAQDV	KALQDA	gadega	edaged
2b5u_0	DVKQAF	DALQAR	gadega	edaged
2b5u_0	AFAAEK	ARYAEA	gadega	edaged
2b5u_0	EKADAL	EAQDAN	gadega	edaged
2b5u_0	ALAMSR	ANVMSA	gadega	edaged
2bbj_15	-KLVLR	-VRVLV	-adega	-daged
2bbj_15	LRIWLR	LVAWLT	gadega	edaged
2cw0_0	RLVRFL	RLERFL	gadega	edaged
2d4c_3	-DFKME	-LLKML	-adega	-daged
2d4x_1	-TVSEE	-LLSEL	-adega	-daged
2d4x_1	EELSVT	ELRSVV	gadega	edaged
2d4x_1	VTIQAQ	VVLQAL	gadega	edaged
2d4y_0	KTLKSS	KMYKSL	gadega	edaged
2d4y_0	SSQAVV	SLSAVA	gadega	edaged
2d4y_1	-IYAQI	-ILAQL	-adega	-daged
2dfk_2	YILKIC	YQYKII	gadega	edaged
2dt5_3	YLLELE	YLKELV	gadega	edaged
2etn_1	-LAKEK	-LLKEA	-adega	-daged
2etn_1	EKIERI	EALERE	gadega	edaged
2f66_1	NTLDES	NRYDEI	gadega	edaged
2f66_2	-LLVQD	-IIVQV	-adega	-daged
2fb5_0	-TMIIA	-LVIIM	-adega	-daged
2fb5_4	-TMIIA	-LVIIM	-adega	-daged
2fb5_5	-TMIIA	-LVIIM	-adega	-daged
2fjc_36	HVLGLY	HIFGLV	gadega	edaged
2fjc_36	LYLHYH	LVYHYL	gadega	edaged
2fjc_38	-KFELS	-LIELL	-adega	-daged
2fjc_38	LSFSTQ	LLLSTI	gadega	edaged
2fjc_39	HVLGLY	HIFGLV	gadega	edaged
2fjc_39	LYLHYH	LVYHYL	gadega	edaged
2fjc_40	AIQLQH	ALTLQR	gadega	edaged
2fjc_41	-KFELS	-LIELL	-adega	-daged
2fjc_41	LSFSTQ	LLLSTI	gadega	edaged
2fjc_42	HVLGLY	HIFGLV	gadega	edaged
2fjc_42	LYLHYH	LVYHYL	gadega	edaged
2fjc_44	-KFELS	-LIELL	-adega	-daged
2fjc_44	LSFSTQ	LLLSTI	gadega	edaged
2fjc_45	HVLGLY	HIFGLV	gadega	edaged
2fjc_45	LYLHYH	LVYHYL	gadega	edaged
2fjc_46	AIQLQH	ALTLQR	gadega	edaged
2fjc_47	-KFELS	-LIELL	-adega	-daged
2fjc_47	LSFSTQ	LLLSTI	gadega	edaged
2fjc_48	HVLGLY	HIFGLV	gadega	edaged
2fjc_48	LYLHYH	LVYHYL	gadega	edaged
2fjc_49	AIQLQH	ALTLQR	gadega	edaged
2fjc_50	-KFELS	-LIELL	-adega	-daged
2fjc_50	LSFSTQ	LLLSTI	gadega	edaged
2fjc_51	HVLGLY	HIFGLV	gadega	edaged
2fjc_51	LYLHYH	LVYHYL	gadega	edaged
2fjc_53	-KFELS	-LIELL	-adega	-daged
2fjc_53	LSFSTQ	LLLSTI	gadega	edaged
2fjc_54	HVLGLY	HIFGLV	gadega	edaged
2fjc_54	LYLHYH	LVYHYL	gadega	edaged
2fjc_56	-KFELS	-LIELL	-adega	-daged
2fjc_56	LSFSTQ	LLLSTI	gadega	edaged
2fjc_57	HVLGLY	HIFGLV	gadega	edaged
2fjc_57	LYLHYH	LVYHYL	gadega	edaged
2fjc_58	AIQLQH	ALTLQR	gadega	edaged
2fjc_59	-KFELS	-LIELL	-adega	-daged
2fjc_59	LSFSTQ	LLLSTI	gadega	edaged
2fjc_60	HVLGLY	HIFGLV	gadega	edaged
2fjc_60	LYLHYH	LVYHYL	gadega	edaged
2fjc_61	AIQLQH	ALTLQR	gadega	edaged
2fjc_62	-KFELS	-LIELL	-adega	-daged
2fjc_62	LSFSTQ	LLLSTI	gadega	edaged
2fjc_63	HVLGLY	HIFGLV	gadega	edaged
2fjc_63	LYLHYH	LVYHYL	gadega	edaged
2fjc_64	AIQLQH	ALTLQR	gadega	edaged
2fjc_65	-KFELS	-LIELL	-adega	-daged
2fjc_65	LSFSTQ	LLLSTI	gadega	edaged
2fjc_66	HVLGLY	HIFGLV	gadega	edaged
2fjc_66	LYLHYH	LVYHYL	gadega	edaged
2fjc_67	AIQLQH	ALTLQR	gadega	edaged
2fjc_68	-KFELS	-LIELL	-adega	-daged
2fjc_68	LSFSTQ	LLLSTI	gadega	edaged
2fjc_69	HVLGLY	HIFGLV	gadega	edaged
2fjc_69	LYLHYH	LVYHYL	gadega	edaged
2fjc_70	AIQLQH	ALTLQR	gadega	edaged
2fjc_71	-KFELS	-LIELL	-adega	-daged
2fjc_71	LSFSTQ	LLLSTI	gadega	edaged
2fjc_72	HVLGLY	HIFGLV	gadega	edaged
2fjc_72	LYLHYH	LVYHYL	gadega	edaged
2fjc_74	-KFELS	-LIELL	-adega	-daged
2fjc_74	LSFSTQ	LLLSTI	gadega	edaged
2fjc_75	HVLGLY	HIFGLV	gadega	edaged
2fjc_75	LYLHYH	LVYHYL	gadega	edaged
2fjc_76	AIQLQH	ALTLQR	gadega	edaged
2fjc_77	-KFELS	-LIELL	-adega	-daged
2fjc_77	LSFSTQ	LLLSTI	gadega	edaged
2fjc_78	HVLGLY	HIFGLV	gadega	edaged
2fjc_78	LYLHYH	LVYHYL	gadega	edaged
2fjc_80	-KFELS	-LIELL	-adega	-daged
2fjc_80	LSFSTQ	LLLSTI	gadega	edaged
2fjc_81	HVLGLY	HIFGLV	gadega	edaged
2fjc_81	LYLHYH	LVYHYL	gadega	edaged
2fjc_82	AIQLQH	ALTLQR	gadega	edaged
2fjc_83	-KFELS	-LIELL	-adega	-daged
2fjc_83	LSFSTQ	LLLSTI	gadega	edaged
2fjc_84	HVLGLY	HIFGLV	gadega	edaged
2fjc_84	LYLHYH	LVYHYL	gadega	edaged
2fjc_85	AIQLQH	ALTLQR	gadega	edaged
2fjc_86	-KFELS	-LIELL	-adega	-daged
2fjc_86	LSFSTQ	LLLSTI	gadega	edaged
2fjc_87	HVLGLY	HIFGLV	gadega	edaged
2fjc_87	LYLHYH	LVYHYL	gadega	edaged
2fjc_89	-KFELS	-LIELL	-adega	-daged
2fjc_89	LSFSTQ	LLLSTI	gadega	edaged
2fjc_90	HVLGLY	HIFGLV	gadega	edaged
2fjc_90	LYLHYH	LVYHYL	gadega	edaged
2fjc_92	-KFELS	-LIELL	-adega	-daged
2fjc_92	LSFSTQ	LLLSTI	gadega	edaged
2fjc_93	HVLGLY	HIFGLV	gadega	edaged
2fjc_93	LYLHYH	LVYHYL	gadega	edaged
2fjc_94	AIQLQH	ALTLQR	gadega	edaged
2fjc_95	-KFELS	-LIELL	-adega	-daged
2fjc_95	LSFSTQ	LLLSTI	gadega	edaged
2fjc_96	HVLGLY	HIFGLV	gadega	edaged
2fjc_96	LYLHYH	LVYHYL	gadega	edaged
2fjc_97	AIQLQH	ALTLQR	gadega	edaged
2fjc_98	-KFELS	-LIELL	-adega	-daged
2fjc_98	LSFSTQ	LLLSTI	gadega	edaged
2fjc_99	HVLGLY	HIFGLV	gadega	edaged
2fjc_99	LYLHYH	LVYHYL	gadega	edaged
2fjc_100	AIQLQH	ALTLQR	gadega	edaged
2fjc_101	-KFELS	-LIELL	-adega	-daged
2fjc_101	LSFSTQ	LLLSTI	gadega	edaged
2fjc_102	HVLGLY	HIFGLV	gadega	edaged
2fjc_102	LYLHYH	LVYHYL	gadega	edaged
2fjc_103	AIQLQH	ALTLQR	gadega	edaged
2fjc_104	-KFELS	-LIELL	-adega	-daged
2fjc_104	LSFSTQ	LLLSTI	gadega	edaged
2fjc_105	HVLGLY	HIFGLV	gadega	edaged
2fjc_105	LYLHYH	LVYHYL	gadega	edaged
2fjc_106	AIQLQH	ALTLQR	gadega	edaged
2fjc_107	-KFELS	-LIELL	-adega	-daged
2fjc_107	LSFSTQ	LLLSTI	gadega	edaged
2fjc_108	HVLGLY	HIFGLV	gadega	edaged
2fjc_108	LYLHYH	LVYHYL	gadega	edaged
2fjc_110	-KFELS	-LIELL	-adega	-daged
2fjc_110	LSFSTQ	LLLSTI	gadega	edaged
2fjc_111	HVLGLY	HIFGLV	gadega	edaged
2fjc_111	LYLHYH	LVYHYL	gadega	edaged
2fjc_112	AIQLQH	ALTLQR	gadega	edaged
2fjc_113	-KFELS	-LIELL	-adega	-daged
2fjc_113	LSFSTQ	LLLSTI	gadega	edaged
2fjc_114	HVLGLY	HIFGLV	gadega	edaged
2fjc_114	LYLHYH	LVYHYL	gadega	edaged
2fjc_116	-KFELS	-LIELL	-adega	-daged
2fjc_116	LSFSTQ	LLLSTI	gadega	edaged
2fjc_117	HVLGLY	HIFGLV	gadega	edaged
2fjc_117	LYLHYH	LVYHYL	gadega	edaged
2fjc_118	AIQLQH	ALTLQR	gadega	edaged
2fjc_119	-KFELS	-LIELL	-adega	-daged
2fjc_119	LSFSTQ	LLLSTI	gadega	edaged
2fjc_120	HVLGLY	HIFGLV	gadega	edaged
2fjc_120	LYLHYH	LVYHYL	gadega	edaged
2fjc_121	AIQLQH	ALTLQR	gadega	edaged
2fjc_122	-KFELS	-LIELL	-adega	-daged
2fjc_122	LSFSTQ	LLLSTI	gadega	edaged
2fjc_123	HVLGLY	HIFGLV	gadega	edaged
2fjc_123	LYLHYH	LVYHYL	gadega	edaged
2fjc_125	-KFELS	-LIELL	-adega	-daged
2fjc_125	LSFSTQ	LLLSTI	gadega	edaged
2fjc_126	HVLGLY	HIFGLV	gadega	edaged
2fjc_126	LYLHYH	LVYHYL	gadega	edaged
2fjc_128	-KFELS	-LIELL	-adega	-daged
2fjc_128	LSFSTQ	LLLSTI	gadega	edaged
2fjc_129	HVLGLY	HIFGLV	gadega	edaged
2fjc_129	LYLHYH	LVYHYL	gadega	edaged
2fjc_130	AIQLQH	ALTLQR	gadega	edaged
2fjc_131	-KFELS	-LIELL	-adega	-daged
2fjc_131	LSFSTQ	LLLSTI	gadega	edaged
2fjc_132	HVLGLY	HIFGLV	gadega	edaged
2fjc_132	LYLHYH	LVYHYL	gadega	edaged
2fjc_133	AIQLQH	ALTLQR	gadega	edaged
2fjc_134	-KFELS	-LIELL	-adega	-daged
2fjc_134	LSFSTQ	LLLSTI	gadega	edaged
2fjc_135	HVLGLY	HIFGLV	gadega	edaged
2fjc_135	LYLHYH	LVYHYL	gadega	edaged
2fjc_136	AIQLQH	ALTLQR	gadega	edaged
2fjc_137	-KFELS	-LIELL	-adega	-daged
2fjc_137	LSFSTQ	LLLSTI	gadega	edaged
2fjc_138	HVLGLY	HIFGLV	gadega	edaged
2fjc_138	LYLHYH	LVYHYL	gadega	edaged
2fjc_139	AIQLQH	ALTLQR	gadega	edaged
2fjc_140	-KFELS	-LIELL	-adega	-daged
2fjc_140	LSFSTQ	LLLSTI	gadega	edaged
2fjc_141	HVLGLY	HIFGLV	gadega	edaged
2fjc_141	LYLHYH	LVYHYL	gadega	edaged
2fjc_142	AIQLQH	ALTLQR	gadega	edaged
2fjc_143	-KFELS	-LIELL	-adega	-daged
2fjc_143	LSFSTQ	LLLSTI	gadega	edaged
2fsz_2	-LVTAL	-LMTAC	-adega	-daged
2fsz_3	-LVTAL	-LMTAC	-adega	-daged
2fsz_4	-LVTAL	-LMTAC	-adega	-daged
2fsz_5	-LVTAL	-LMTAC	-adega	-daged
2fsz_6	-LVTAL	-LMTAC	-adega	-daged
2fsz_7	-LVTAL	-LMTAC	-adega	-daged
2fzf_1	LAERHY	LYARHE	gadega	edaged
2fzf_1	HYLREY	HEMREI	gadega	edaged
2gl7_4	-TAIAL	-AVIAL	-adega	-daged
2gl7_6	-ILVLL	-LLVLC	-adega	-daged
2gsc_8	ARLSLD	ALFSLV	gadega	edaged
2gsc_8	LDVQAA	LVRQAD	gadega	edaged
2gww_3	-ICKIL	-LIKII	-adega	-daged
2gww_5	-ICKIL	-LIKII	-adega	-daged
2gww_7	-ICKIL	-LIKII	-adega	-daged
2gww_9	-ICKIL	-LIKII	-adega	-daged
2gww_11	-ICKIL	-LIKII	-adega	-daged
2hjm_1	LELTLK	LVLTLI	gadega	edaged
2hr5_4	-HYLFA	-EALFF	-adega	-daged
2hr5_5	HAYRAK	HEIRAL	gadega	edaged
2hr5_6	-HYLFA	-EALFF	-adega	-daged
2hr5_7	HAYRAK	HEIRAL	gadega	edaged
2hsb_1	-CTAYA	-EAAYL	-adega	-daged
2hsb_1	YAHAKA	YLAAKR	gadega	edaged
2hsq_4	-ICKIL	-LIKII	-adega	-daged
2hsq_7	-ICKIL	-LIKII	-adega	-daged
2hsq_10	-ICKIL	-LIKII	-adega	-daged
2hsq_13	-ICKIL	-LIKII	-adega	-daged
2hsq_16	-ICKIL	-LIKII	-adega	-daged
2i05_0	-LHIHI	-HFIHE	-adega	-daged
2i05_0	HILKTF	HEMKTT	gadega	edaged
2ijj_3	-RTLLL	-AHLLC	-adega	-daged
2j0n_0	-DMKNL	-FYKNY	-adega	-daged
2j0n_0	NLLVKY	NYVVKY	gadega	edaged
2j5c_2	-ITWMM	-LIWMA	-adega	-daged
2kc3_0	ELAQRL	ERLQRD	gadega	edaged
2kc3_0	RLDMDV	RDLMDL	gadega	edaged
2lw1_0	DMAEEL	DLLEEL	gadega	edaged
2lw1_0	ELAFRW	ELLFRL	gadega	edaged
2lw1_0	RWLELK	RLLELL	gadega	edaged
2nnu_2	-YHMLE	-HIMLC	-adega	-daged
2nov_1	DKAERL	DLIERL	gadega	edaged
2nov_1	RLVELI	RLEELL	gadega	edaged
2p4v_1	-YNKRL	-AVKRV	-adega	-daged
2ppb_1	-LRNRL	-ALNRE	-adega	-daged
2psm_0	-LTVNV	-LIVND	-adega	-daged
2q0o_4	LAAIEH	LILIEQ	gadega	edaged
2q0o_4	EHLLAD	EQSLAR	gadega	edaged
2q0o_4	ADVYEW	ARYYEL	gadega	edaged
2r6t_4	-ALHAR	-AAHAF	-adega	-daged
2r6t_4	ARTKAE	AFSKAI	gadega	edaged
2rcc_1	-SEVHN	-STVHD	-adega	-daged
2rmk_0	-LAQML	-YIQMA	-adega	-daged
2rmk_0	MLSKKI	MAKKKE	gadega	edaged
2rmk_0	KIIRQL	KELRQL	gadega	edaged
2uw1_1	IAEKHA	IHFKHE	gadega	edaged
2uw1_1	HAYTIV	HESTIF	gadega	edaged
2ux1_12	YMIDYL	YLHDYL	gadega	edaged
2ux1_12	YLMSRL	YLVSRL	gadega	edaged
2v0o_2	-KTELA	-AAELM	-adega	-daged
2v0o_2	LAHLLV	LMSLLE	gadega	edaged
2v0o_2	LVLQLI	LEAQLV	gadega	edaged
2vf8_0	LVLDLL	LLSDLL	gadega	edaged
2vgx_5	-SVSML	-IQSML	-adega	-daged
2vko_1	YLCRKL	YFLRKY	gadega	edaged
2xs1_4	-FLAKH	-CFAKF	-adega	-daged
2xs1_4	KHMQNA	KFAQNA	gadega	edaged
2y02_2	-STLVI	-ALLVF	-adega	-daged
2y4t_0	-ADLKV	-FALKY	-adega	-daged
2y4t_4	AILDIL	ACRDIL	gadega	edaged
2y4u_16	-LLISA	-TVISK	-adega	-daged
2y4u_26	-LLISA	-TVISK	-adega	-daged
2yfb_6	-NLLEL	-ILLER	-adega	-daged
2yfb_6	ELTIAY	ERIIAQ	gadega	edaged
2yfb_6	AYSLKM	AQMLKS	gadega	edaged
2yfb_6	KMGYAT	KSIYAA	gadega	edaged
2yfb_6	ATARSM	AAFRSA	gadega	edaged
2yw6_19	LDYNVI	LVQNVL	gadega	edaged
2yw6_19	VITRSI	VLARSL	gadega	edaged
2z3q_1	AMFLEL	AIFLEF	gadega	edaged
2zqm_2	-VLKKI	-ILKKA	-adega	-daged
2zqm_2	KILERL	KALERV	gadega	edaged
2zqm_2	RLLEQE	RVKEQV	gadega	edaged
2zqm_2	QELNKL	QVLNKY	gadega	edaged
2zqm_2	KLLTQI	KYLTQM	gadega	edaged
3a8q_0	QIWENL	QAKEND	gadega	edaged
3a8q_0	NLFHDL	NDIHDL	gadega	edaged
3a8q_0	DLMRYL	DLTRYL	gadega	edaged
3ajw_1	AIHRQL	ALLRQA	gadega	edaged
3ajw_1	QLWTKV	QACTKM	gadega	edaged
3ajw_1	KVALSW	KMLLSA	gadega	edaged
3aoh_1	-LRNRL	-ALNRE	-adega	-daged
3aoi_2	QLERRL	QLIRRI	gadega	edaged
3aoi_2	RLATIL	RIKTIA	gadega	edaged
3aqb_3	-FCIMS	-HAIMY	-adega	-daged
3ayf_5	-FAKYH	-YLKYF	-adega	-daged
3ayf_9	-VMFIA	-WTFIF	-adega	-daged
3ayg_5	-FAKYH	-YLKYF	-adega	-daged
3ayg_9	-VMFIA	-WTFIF	-adega	-daged
3b2t_2	-KVSTY	-TLSTL	-adega	-daged
3b2t_3	TYARME	TLVRMF	gadega	edaged
3bct_13	-TAIAL	-AVIAL	-adega	-daged
3c23_1	TLYKNF	TILKNK	gadega	edaged
3c23_2	TLYKNF	TILKNK	gadega	edaged
3c23_3	TLYKNF	TILKNK	gadega	edaged
3c23_4	TLYKNF	TILKNK	gadega	edaged
3c23_5	TLYKNF	TILKNK	gadega	edaged
3c23_6	TLYKNF	TILKNK	gadega	edaged
3c23_7	TLYKNF	TILKNK	gadega	edaged
3c4f_1	AYARME	ALVRMF	gadega	edaged
3ck6_0	-HITIN	-IQTII	-adega	-daged
3ck6_0	INIEYL	IIKEYL	gadega	edaged
3ck7_0	LRHYYF	LYIYYL	gadega	edaged
3ck7_4	TRAIRQ	TAEIRY	gadega	edaged
3cu7_3	-FIVAL	-LAVAL	-adega	-daged
3d0i_1	-LLYEY	-IMYEI	-adega	-daged
3d19_12	VQATIW	VLRTIA	gadega	edaged
3d19_12	IWKRIL	IASRIV	gadega	edaged
3d48_2	IVLRWN	IMLRWT	gadega	edaged
3d48_2	WNLYLV	WTEYLA	gadega	edaged
3ddl_2	-LLALM	-IIALP	-adega	-daged
3e0s_2	-FLTQM	-VRTQL	-adega	-daged
3ehn_1	MLLSSV	MIMSSA	gadega	edaged
3etv_0	-ELAEL	-LLAEL	-adega	-daged
3etv_0	ELLDLK	ELRDLV	gadega	edaged
3etz_0	ALNEVY	AQMEVL	gadega	edaged
3etz_0	VYLSRA	VLLSRY	gadega	edaged
3fd9_2	CQTQQV	CLSQQL	gadega	edaged
3fd9_2	QVLAKL	QLLAKW	gadega	edaged
3ffl_3	AVYTAL	ACLTAV	gadega	edaged
3foo_1	-VIDAL	-ARDAL	-adega	-daged
3ggz_0	CILRAQ	CCERAL	gadega	edaged
3ggz_0	AQQQIA	ALIQID	gadega	edaged
3ggz_0	IASRQV	IDLRQR	gadega	edaged
3gm1_1	-LDANL	-DLANT	-adega	-daged
3gop_1	CVAKMN	CFIKMF	gadega	edaged
3h2u_1	-LNANL	-LLANI	-adega	-daged
3hmh_1	-FMQAF	-AIQAL	-adega	-daged
3hym_1	AYSFVE	ALRFVN	gadega	edaged
3i9w_0	MLQSKI	MAESKA	gadega	edaged
3i9w_0	KILLAL	KALLAM	gadega	edaged
3i9w_2	-IQEEI	-EFEEQ	-adega	-daged
3i9w_2	EISLQQ	EQNLQL	gadega	edaged
3i9w_2	QQLVQR	QLLVQI	gadega	edaged
3i9w_2	QRLRQQ	QIDRQL	gadega	edaged
3ieg_7	-LLISA	-TVISK	-adega	-daged
3ifq_6	-ILVLL	-LLVLC	-adega	-daged
3ika_1	CVAKMN	CFIKMF	gadega	edaged
3iqc_3	-IFSQA	-IVSQY	-adega	-daged
3iqc_4	-EYEIL	-WLEIA	-adega	-daged
3iqc_4	ILSSAK	IALSAI	gadega	edaged
3iqf_4	-ALAEA	-IAAEK	-adega	-daged
3iqf_5	-ALAEA	-IAAEK	-adega	-daged
3j9e_0	YNLTED	YLHTEI	gadega	edaged
3j9e_0	EDMRLA	EINRLV	gadega	edaged
3j9t_6	NLLYVL	NLKYVI	gadega	edaged
3j9t_6	VLTSTL	VITSTM	gadega	edaged
3k6t_1	-ELDEI	-LKDEL	-adega	-daged
3k8v_3	-IIDAL	-ARDAL	-adega	-daged
3k8v_3	ALINAR	ALSNAL	gadega	edaged
3k8v_3	ARLGVQ	ALEGVA	gadega	edaged
3k8v_3	VQFTTV	VAITTA	gadega	edaged
3k8v_3	TVLQMT	TAQQML	gadega	edaged
3kdy_3	ALAQAE	ALRQAV	gadega	edaged
3kdy_4	ALAQAE	ALRQAV	gadega	edaged
3kra_3	-FCILL	-QAILL	-adega	-daged
3krc_2	-FCILL	-QAILL	-adega	-daged
3krf_2	-FCILL	-QAILL	-adega	-daged
3kro_4	-FYQTL	-EAQTL	-adega	-daged
3kro_5	-FCILL	-QAILL	-adega	-daged
3ksy_2	YILNII	YSHNII	gadega	edaged
3l9f_0	EIKEKI	ELKEKY	gadega	edaged
3lnn_2	-SADRL	-AADRA	-adega	-daged
3lsq_0	-IADKW	-LRDKL	-adega	-daged
3lsq_0	KWTQLT	KLAQLL	gadega	edaged
3lsq_0	LTSKLI	LLVKLL	gadega	edaged
3msv_6	-LQEVL	-LIEVT	-adega	-daged
3msv_6	VLYTFA	VTSTFW	gadega	edaged
3mxz_0	NLKTTC	NTLTTA	gadega	edaged
3mxz_0	TCIVEL	TALVEC	gadega	edaged
3mxz_0	ELYEEV	ECIEES	gadega	edaged
3mxz_0	EVEAKT	ESLAKQ	gadega	edaged
3n1z_2	-AISIQ	-AASIF	-adega	-daged
3n24_4	-LLLDQ	-VFLDS	-adega	-daged
3na7_0	EEAKRS	EIIKRT	gadega	edaged
3na7_0	RSANEI	RTLNEN	gadega	edaged
3na7_0	EILQEI	ENVQEL	gadega	edaged
3na7_0	EIKSKQ	ELKSKL	gadega	edaged
3na7_0	KQLKEM	KLIKEK	gadega	edaged
3na7_0	EMLELA	EKKELA	gadega	edaged
3nmu_1	-ILYLR	-LIYLV	-adega	-daged
3o10_1	-SLAIA	-NAAIW	-adega	-daged
3o1i_3	ALNVNV	ATLVNL	gadega	edaged
3o1i_3	NVNLEL	NLTLEL	gadega	edaged
3o1i_3	ELTVRK	ELSVRN	gadega	edaged
3o1i_3	RKLAEI	RNQAEI	gadega	edaged
3oac_4	-FYQTL	-EAQTL	-adega	-daged
3oac_5	-FCILL	-QAILL	-adega	-daged
3odm_1	-LWIRM	-ITIRL	-adega	-daged
3oll_1	-LVTAL	-LMTAC	-adega	-daged
3omo_1	-LVTAL	-LMTAC	-adega	-daged
3omp_1	-LVTAL	-LMTAC	-adega	-daged
3oxf_3	-MLRAF	-CLRAL	-adega	-daged
3p4p_0	AEAHAM	ALIHAM	gadega	edaged
3pdu_2	MQLRAV	MFNRAA	gadega	edaged
3pdu_3	MQLRAV	MFNRAA	gadega	edaged
3pe3_13	AIYRAL	ACLRAA	gadega	edaged
3pe3_20	AIYRAL	ACLRAA	gadega	edaged
3pef_0	MQLRAV	MFNRAS	gadega	edaged
3pef_1	MQLRAV	MFNRAS	gadega	edaged
3pik_11	-VALLR	-ALLLN	-adega	-daged
3pik_11	LRLNQI	LNRNQL	gadega	edaged
3pik_11	QIQQYL	QLLQYT	gadega	edaged
3pik_11	YLLQTL	YTLQTA	gadega	edaged
3pla_2	TILYIR	TFIYII	gadega	edaged
3pla_2	IRLNYL	IIMNYA	gadega	edaged
3pvt_2	-IARHL	-FVRHD	-adega	-daged
3pvt_5	-IARHL	-FVRHD	-adega	-daged
3pvy_2	-IARHL	-FVRHD	-adega	-daged
3pvy_5	-IARHL	-FVRHD	-adega	-daged
3pw1_2	-IARHL	-FVRHD	-adega	-daged
3pw1_5	-IARHL	-FVRHD	-adega	-daged
3pw8_4	AIARHL	AFVRHD	gadega	edaged
3pw8_4	HLSRWL	HDYRWI	gadega	edaged
3q0k_5	KICKDV	KAEKDA	gadega	edaged
3q0k_5	DVTKKY	DAHKKA	gadega	edaged
3q0k_5	KYSLEL	KAVLEK	gadega	edaged
3q15_1	LLYSFF	LLYSFD	gadega	edaged
3q15_10	-VKIEW	-DVIEL	-adega	-daged
3q15_11	LLYSFF	LLYSFD	gadega	edaged
3q15_18	-AFYKV	-FAYKA	-adega	-daged
3q5m_6	RLLKRL	RFFKRA	gadega	edaged
3q5m_14	MRTNAL	MIQNAL	gadega	edaged
3q5m_15	RLLKRL	RFFKRA	gadega	edaged
3qaz_1	LLLQIL	LCIQIL	gadega	edaged
3qb7_0	RLNLGL	RTILGT	gadega	edaged
3qf7_1	KMLEEI	KLYEEM	gadega	edaged
3rav_3	-LMKAI	-ILKAM	-adega	-daged
3rav_3	AIEKLN	AMIKLE	gadega	edaged
3rd0_3	-LMKAI	-ILKAM	-adega	-daged
3rd0_3	AIEKLN	AMIKLE	gadega	edaged
3rd0_5	-LMKAI	-ILKAM	-adega	-daged
3rd0_5	AIEKLN	AMIKLE	gadega	edaged
3rd0_7	-LMKAI	-ILKAM	-adega	-daged
3rd0_7	AIEKLN	AMIKLE	gadega	edaged
3rdh_2	-VRRSW	-ILRSI	-adega	-daged
3rdh_9	-QYQAF	-FFQAL	-adega	-daged
3s28_2	-QLRAE	-LLRAI	-adega	-daged
3s28_4	-QLRAE	-LLRAI	-adega	-daged
3s28_7	-QLRAE	-LLRAI	-adega	-daged
3s90_0	-ICKIL	-LIKII	-adega	-daged
3s9v_4	VMALEL	VLTLEL	gadega	edaged
3scj_1	-LLYEY	-IMYEI	-adega	-daged
3sgh_1	-LVLQK	-LELQF	-adega	-daged
3sja_0	-SLNLK	-FLNLL	-adega	-daged
3smt_1	AVAANR	AAEANW	gadega	edaged
3t49_2	ALIYEI	ANIYEY	gadega	edaged
3t9j_12	IYFAMF	IVFAMA	gadega	edaged
3t9j_12	MFLARI	MAQARL	gadega	edaged
3tgo_12	RLLKRL	RFFKRA	gadega	edaged
3tz0_1	-PIARI	-LFARY	-adega	-daged
3u0c_0	-TLTDY	-KLTDI	-adega	-daged
3u0c_0	DYQIKL	DITIKI	gadega	edaged
3u0c_0	KLADKI	KIRDKA	gadega	edaged
3u0c_0	KILEKI	KAKEKL	gadega	edaged
3u90_1	-LMKAI	-ILKAM	-adega	-daged
3u90_1	AIEKLN	AMIKLE	gadega	edaged
3u90_2	-LMKAI	-ILKAM	-adega	-daged
3u90_2	AIEKLN	AMIKLE	gadega	edaged
3u90_3	-LMKAI	-ILKAM	-adega	-daged
3u90_3	AIEKLN	AMIKLE	gadega	edaged
3u90_4	-LMKAI	-ILKAM	-adega	-daged
3u90_4	AIEKLN	AMIKLE	gadega	edaged
3u90_5	-LMKAI	-ILKAM	-adega	-daged
3u90_5	AIEKLN	AMIKLE	gadega	edaged
3u90_6	-LMKAI	-ILKAM	-adega	-daged
3u90_6	AIEKLN	AMIKLE	gadega	edaged
3u90_7	-LMKAI	-ILKAM	-adega	-daged
3u90_7	AIEKLN	AMIKLE	gadega	edaged
3u90_8	-LMKAI	-ILKAM	-adega	-daged
3u90_8	AIEKLN	AMIKLE	gadega	edaged
3u90_9	-LMKAI	-ILKAM	-adega	-daged
3u90_9	AIEKLN	AMIKLE	gadega	edaged
3u90_10	-LMKAI	-ILKAM	-adega	-daged
3u90_10	AIEKLN	AMIKLE	gadega	edaged
3u90_11	-LMKAI	-ILKAM	-adega	-daged
3u90_11	AIEKLN	AMIKLE	gadega	edaged
3u90_12	-LMKAI	-ILKAM	-adega	-daged
3u90_12	AIEKLN	AMIKLE	gadega	edaged
3u90_13	-LMKAI	-ILKAM	-adega	-daged
3u90_13	AIEKLN	AMIKLE	gadega	edaged
3u90_14	-LMKAI	-ILKAM	-adega	-daged
3u90_14	AIEKLN	AMIKLE	gadega	edaged
3u90_15	-LMKAI	-ILKAM	-adega	-daged
3u90_15	AIEKLN	AMIKLE	gadega	edaged
3u90_16	-LMKAI	-ILKAM	-adega	-daged
3u90_16	AIEKLN	AMIKLE	gadega	edaged
3u90_17	-LMKAI	-ILKAM	-adega	-daged
3u90_17	AIEKLN	AMIKLE	gadega	edaged
3u90_18	-LMKAI	-ILKAM	-adega	-daged
3u90_18	AIEKLN	AMIKLE	gadega	edaged
3u90_19	-LMKAI	-ILKAM	-adega	-daged
3u90_19	AIEKLN	AMIKLE	gadega	edaged
3u90_20	-LMKAI	-ILKAM	-adega	-daged
3u90_20	AIEKLN	AMIKLE	gadega	edaged
3u90_21	-LMKAI	-ILKAM	-adega	-daged
3u90_21	AIEKLN	AMIKLE	gadega	edaged
3u90_22	-LMKAI	-ILKAM	-adega	-daged
3u90_22	AIEKLN	AMIKLE	gadega	edaged
3u90_23	-LMKAI	-ILKAM	-adega	-daged
3u90_23	AIEKLN	AMIKLE	gadega	edaged
3vbb_0	-RIDAI	-CKDAL	-adega	-daged
3vbb_0	AICDER	ALADEC	gadega	edaged
3vbb_0	ERLEER	ECWEEA	gadega	edaged
3vkg_2	TEVKLQ	TLLKLS	gadega	edaged
3vkg_2	LQLAKN	LSVAKV	gadega	edaged
3vkg_2	KNLDKN	KVSDKI	gadega	edaged
3vkg_2	KNANKL	KITNKL	gadega	edaged
3vkg_2	KLMVDQ	KLYVDY	gadega	edaged
3vkg_2	DQAEKQ	DYIEKL	gadega	edaged
3vkg_2	KQARLQ	KLIRLI	gadega	edaged
3vkg_4	-VTLTL	-ALLTL	-adega	-daged
3vkh_0	-DLNVR	-ILNVL	-adega	-daged
3vkh_3	-RLEEQ	-VMEEF	-adega	-daged
3vkh_3	EQLNGL	EFSNGW	gadega	edaged
3vkh_3	GLLRTE	GWRRTL	gadega	edaged
3vkh_3	TEVKLQ	TLLKLS	gadega	edaged
3vkh_3	LQLAKN	LSVAKV	gadega	edaged
3vv9_1	AVYTVM	AERTVI	gadega	edaged
3vxd_3	AMMLSL	AIVLST	gadega	edaged
3whj_1	NVLKDL	NYLKDI	gadega	edaged
3wj8_0	-KLDLN	-FKDLI	-adega	-daged
3wj8_0	LNNPYL	LITPYI	gadega	edaged
3zdl_1	-LSMTV	-VIMTE	-adega	-daged
3zdl_1	TVLLVL	TEMLVT	gadega	edaged
3zdl_1	VLAMIF	VTRMIA	gadega	edaged
3zev_1	-TNVSL	-SLVSY	-adega	-daged
4a1s_8	-IHNHL	-ALNHA	-adega	-daged
4a2q_1	HLYNAL	HTMNAI	gadega	edaged
4akv_1	MLLSYQ	MASSYV	gadega	edaged
4akv_1	YQLSFP	YVDSFS	gadega	edaged
4akv_1	FPIHQK	FSKHQV	gadega	edaged
4ayx_1	HVLAKE	HSTAKL	gadega	edaged
4ayx_1	KEARGF	KLLRGY	gadega	edaged
4bjn_1	KRYELL	KAAELR	gadega	edaged
4bxh_2	RMSNYF	RSRNYL	gadega	edaged
4bxh_2	YFIELM	YLRELL	gadega	edaged
4bxh_13	ALEIAA	ACIIAK	gadega	edaged
4bxh_14	RMSNYF	RSRNYL	gadega	edaged
4bxh_14	YFIELM	YLRELL	gadega	edaged
4bxh_17	CQTLRI	CTLLRL	gadega	edaged
4bxh_19	ALEIAA	ACIIAK	gadega	edaged
4bxh_20	RMSNYF	RSRNYL	gadega	edaged
4bxh_20	YFIELM	YLRELL	gadega	edaged
4bxh_23	CQTLRI	CTLLRL	gadega	edaged
4cdr_6	AIYRAL	ACLRAA	gadega	edaged
4cgk_4	-NMLQQ	-QLLQR	-adega	-daged
4cgk_4	QQDKAI	QRIKAL	gadega	edaged
4cgk_4	AIKQAN	ALIQAL	gadega	edaged
4cgk_4	ANAITV	ALSITL	gadega	edaged
4cgk_4	TVNQKL	TLNQKL	gadega	edaged
4cgk_4	KLDAAL	KLQAAI	gadega	edaged
4cgk_4	ALKQEL	AIVQEI	gadega	edaged
4cz9_6	-VNDLA	-HTDLI	-adega	-daged
4cz9_6	LAATFI	LIGTFV	gadega	edaged
4dci_1	-EISGI	-VQSGL	-adega	-daged
4dci_1	GIADQL	GLKDQL	gadega	edaged
4dji_3	LLVLEI	LAVLEM	gadega	edaged
4djk_1	-FMLFV	-WILFV	-adega	-daged
4dkf_3	SLTEVQ	SLEEVL	gadega	edaged
4dvq_2	EHAWCI	ESMWCA	gadega	edaged
4dyl_6	TLVTEL	TLQTEL	gadega	edaged
4dyl_6	ELATMV	ELQTMA	gadega	edaged
4dyl_6	MVRQMV	MALQMA	gadega	edaged
4dyl_6	MVLQEL	MALQEK	gadega	edaged
4e40_1	VAALHV	VAALHQ	gadega	edaged
4e40_1	HVEVIV	HQAVIA	gadega	edaged
4e40_1	IVKVEI	IALVER	gadega	edaged
4e40_1	EILTGA	ERVTGD	gadega	edaged
4e40_1	GAHAGA	GDLAGS	gadega	edaged
4e40_3	VAALHV	VAALHQ	gadega	edaged
4e40_3	HVEVIV	HQAVIA	gadega	edaged
4e40_3	IVKVEI	IALVER	gadega	edaged
4e40_3	EILTGA	ERVTGD	gadega	edaged
4e40_3	GAHAGA	GDLAGS	gadega	edaged
4eeb_1	VYTIIA	VLRIII	gadega	edaged
4eeb_1	IAVEFR	IIAEFL	gadega	edaged
4f7r_2	-WVSIE	-IRSII	-adega	-daged
4fyg_1	-LLKQV	-EYKQA	-adega	-daged
4fyg_1	QVYESI	QAYESV	gadega	edaged
4fyg_1	SIQEAI	SVLEAK	gadega	edaged
4g63_2	QIVDQI	QLKDQA	gadega	edaged
4g63_2	QILLEQ	QAILEI	gadega	edaged
4g63_3	QIVDQI	QLKDQA	gadega	edaged
4g63_3	QILLEQ	QAILEI	gadega	edaged
4gam_0	LEEYAI	LCTYAE	gadega	edaged
4gam_3	-ELEKV	-FLEKA	-adega	-daged
4gbr_1	-DCVAS	-AMVAA	-adega	-daged
4gbr_1	ASTLVI	AALLVF	gadega	edaged
4gpk_0	-VKLEW	-ELLEI	-adega	-daged
4gpk_22	-LTLNM	-ALLNY	-adega	-daged
4gz5_1	AVYRAL	AVLRAA	gadega	edaged
4gz5_8	AVYRAL	AVLRAA	gadega	edaged
4gz5_15	AVYRAL	AVLRAA	gadega	edaged
4gz5_22	AVYRAL	AVLRAA	gadega	edaged
4gz5_43	AVYRAL	AVLRAA	gadega	edaged
4gz5_64	AVYRAL	AVLRAA	gadega	edaged
4gz6_1	AVYRAL	AVLRAA	gadega	edaged
4h73_0	-ALYML	-AAYMI	-adega	-daged
4h73_2	MLFRMK	MIERMV	gadega	edaged
4h8s_5	-YQNMC	-LANMH	-adega	-daged
4h9r_1	LLYVEI	LLLVEL	gadega	edaged
4hvs_1	SYAKMA	SIVKMF	gadega	edaged
4i0u_15	-KLVLR	-VRVLV	-adega	-daged
4i0u_15	LRIWLR	LVAWLT	gadega	edaged
4i1a_5	-SLIAL	-VLIAT	-adega	-daged
4i1a_11	-LFLSL	-CILSS	-adega	-daged
4i1a_12	-SLIAL	-VLIAT	-adega	-daged
4i1m_0	-ITLII	-QLLIN	-adega	-daged
4ii4_2	-IARHL	-FVRHD	-adega	-daged
4ii4_5	-IARHL	-FVRHD	-adega	-daged
4iu9_2	-LYICV	-SAICF	-adega	-daged
4iwf_1	-LITTL	-LITTC	-adega	-daged
4j2c_0	ELNLSI	ELALSA	gadega	edaged
4j2c_0	SIDLDL	SAVLDV	gadega	edaged
4j41_2	-SLKIA	-FAKIL	-adega	-daged
4j5l_0	-RLSLA	-LLSLT	-adega	-daged
4j5l_0	LAIYQL	LTLYQV	gadega	edaged
4j8d_2	-ADCRA	-FACRY	-adega	-daged
4j8e_4	-AKKAA	-LAKAL	-adega	-daged
4j8e_6	-ADCRA	-FACRY	-adega	-daged
4j8f_7	MLVQRA	MLAQRW	gadega	edaged
4j96_1	-KVSTY	-TLSTL	-adega	-daged
4j97_1	TYARME	TLVRMF	gadega	edaged
4j98_1	TYARME	TLVRMF	gadega	edaged
4jeh_1	ELLMDI	EKVMDN	gadega	edaged
4jeh_1	DITAKV	DNIAKF	gadega	edaged
4jeh_1	KVKLSI	KFILSQ	gadega	edaged
4jt5_2	-ACIKA	-AAIKA	-adega	-daged
4jt5_5	LMCFKL	LMVFKM	gadega	edaged
4jxy_5	-YYLTA	-AALTA	-adega	-daged
4jxy_7	-YYLTA	-AALTA	-adega	-daged
4jxy_9	-YYLTA	-AALTA	-adega	-daged
4jxy_11	-YYLTA	-AALTA	-adega	-daged
4jyx_1	-YYLTA	-AALTA	-adega	-daged
4k1p_2	-QVQIQ	-MNQIW	-adega	-daged
4k1p_2	IQMEDL	IWLEDL	gadega	edaged
4k1p_3	RIKQEL	REIQEI	gadega	edaged
4k1p_3	ELLIKL	EIIIKL	gadega	edaged
4kcf_1	-VLAEI	-TLAER	-adega	-daged
4kcf_2	-VLAEI	-TLAER	-adega	-daged
4kcf_3	-VLAEI	-TLAER	-adega	-daged
4kjs_1	TILAYM	TIVAYA	gadega	edaged
4kjs_1	YMATSL	YALTSA	gadega	edaged
4l0r_0	ELLVRM	ELHVRM	gadega	edaged
4l0r_0	RMKAQI	RMFAQL	gadega	edaged
4l0r_0	QIVRYQ	QLLRYL	gadega	edaged
4l2c_1	-VNAQI	-LLAQY	-adega	-daged
4l87_0	-LADEW	-NRDEL	-adega	-daged
4l87_0	EWCRRA	ELRRRC	gadega	edaged
4l87_0	RALNLK	RCINLI	gadega	edaged
4l87_0	LKCSTI	LIRSTI	gadega	edaged
4lfe_1	EIIILA	EIAILS	gadega	edaged
4lfe_1	LAVRDI	LSLRDS	gadega	edaged
4li5_1	CVAKMN	CFIKMF	gadega	edaged
4mbq_0	-AKLLA	-EVLLI	-adega	-daged
4mbq_2	-AKLLA	-EVLLI	-adega	-daged
4mbq_3	-AKLLA	-EVLLI	-adega	-daged
4mh6_0	RELKRV	RYVKRA	gadega	edaged
4mh6_0	RVVKTL	RALKTV	gadega	edaged
4mh6_0	TLERLL	TVVRLQ	gadega	edaged
4mh6_0	LLKQEA	LQVQEA	gadega	edaged
4mh6_0	EAAHTK	EAAHTK	gadega	edaged
4mh6_0	TKFVLQ	TKLVLI	gadega	edaged
4mh6_0	LQEIEQ	LINIEY	gadega	edaged
4moa_1	-SLRTA	-LNRTV	-adega	-daged
4moa_2	-SLRTA	-LNRTV	-adega	-daged
4mt0_0	-VAYNE	-LLYNA	-adega	-daged
4mt0_0	NEAEAM	NAREAA	gadega	edaged
4mt4_7	-TTYNL	-LLYNY	-adega	-daged
4mt4_7	NLAYNE	NYKYNA	gadega	edaged
4myc_2	-YARGS	-FVRGL	-adega	-daged
4myc_2	GSFGLR	GLAGLL	gadega	edaged
4myh_1	-YSQKV	-AAQKF	-adega	-daged
4myh_4	-YSQKV	-AAQKF	-adega	-daged
4n2x_2	-KLDLN	-FKDLI	-adega	-daged
4n2x_2	LNNPYL	LITPYI	gadega	edaged
4nqi_6	-FKEEL	-VVEER	-adega	-daged
4ofz_1	-TLEDL	-LYEDL	-adega	-daged
4ohf_0	KIAMIK	KLIMIV	gadega	edaged
4ohf_0	IKLEKY	IVIEKL	gadega	edaged
4ohf_1	KIAMIK	KLIMIV	gadega	edaged
4ohf_1	IKLEKY	IVIEKL	gadega	edaged
4ojj_1	-LIINK	-LEINL	-adega	-daged
4on9_0	HLYNAL	HTMNAI	gadega	edaged
4on9_3	-FTSLR	-CQSLI	-adega	-daged
4phq_2	-ILDGI	-TKDGI	-adega	-daged
4phq_2	GILNAQ	GIINAL	gadega	edaged
4phq_2	AQLLSS	ALKLSI	gadega	edaged
4phq_2	SSFNAS	SINNAV	gadega	edaged
4pk7_0	-MLVVA	-IMVVI	-adega	-daged
4pk7_0	VALSNM	VIQSNL	gadega	edaged
4pk7_0	NMTQQY	NLRQQL	gadega	edaged
4po5_3	-AFDII	-AKDIV	-adega	-daged
4po5_4	-AFDII	-AKDIV	-adega	-daged
4po5_5	-AFDII	-AKDIV	-adega	-daged
4po5_6	-AFDII	-AKDIV	-adega	-daged
4po5_7	-AFDII	-AKDIV	-adega	-daged
4po5_8	-AFDII	-AKDIV	-adega	-daged
4po5_9	-AFDII	-AKDIV	-adega	-daged
4po5_10	-AFDII	-AKDIV	-adega	-daged
4po5_11	-AFDII	-AKDIV	-adega	-daged
4po5_12	-AFDII	-AKDIV	-adega	-daged
4po5_13	-AFDII	-AKDIV	-adega	-daged
4po5_14	-AFDII	-AKDIV	-adega	-daged
4po5_15	-AFDII	-AKDIV	-adega	-daged
4po5_16	-AFDII	-AKDIV	-adega	-daged
4po5_17	-AFDII	-AKDIV	-adega	-daged
4po5_18	-AFDII	-AKDIV	-adega	-daged
4po5_19	-AFDII	-AKDIV	-adega	-daged
4po5_20	-AFDII	-AKDIV	-adega	-daged
4po5_21	-AFDII	-AKDIV	-adega	-daged
4po5_22	-AFDII	-AKDIV	-adega	-daged
4po5_23	-AFDII	-AKDIV	-adega	-daged
4q4h_0	LMVAIG	LLQAIC	gadega	edaged
4q4h_0	IGGGGC	ICEGGF	gadega	edaged
4q4h_0	GCFAYA	GFAAYF	gadega	edaged
4q50_3	-LITTL	-LITTC	-adega	-daged
4q50_6	-LITTL	-LITTC	-adega	-daged
4qnh_1	-VHQKF	-NIQKE	-adega	-daged
4qq5_1	AYARMQ	ALVRMF	gadega	edaged
4qq5_2	AYARMQ	ALVRMF	gadega	edaged
4r42_5	LLEIHT	LYRIHE	gadega	edaged
4r42_5	HTFMAL	HEIMAL	gadega	edaged
4rsi_2	-IKKHK	-ALKHL	-adega	-daged
4rsi_2	HKLQLI	HLAQLA	gadega	edaged
4rsi_2	LILKKL	LAIKKL	gadega	edaged
4ryj_1	-ALIYF	-SIIYT	-adega	-daged
4ryj_1	YFSAAT	YTAAAC	gadega	edaged
4tma_1	ELARRA	ELIRRL	gadega	edaged
4tma_3	ELARRA	ELIRRL	gadega	edaged
4tma_3	RALELA	RLYELL	gadega	edaged
4u0q_0	-MEYLF	-KIYLK	-adega	-daged
4u0q_0	LFSDLR	LKIDLH	gadega	edaged
4u0q_0	LRLYTF	LHIYTI	gadega	edaged
4u0q_0	TFKEHL	TIMEHI	gadega	edaged
4u4w_3	LYTFSF	LTSFSA	gadega	edaged
4u4w_3	SFFSGF	SAFSGF	gadega	edaged
4w6v_2	FVILAA	FLALAL	gadega	edaged
4w6v_2	AAFAMM	ALSAMF	gadega	edaged
4w8p_3	-MSAGL	-SVAGH	-adega	-daged
4w8p_6	-MSAGL	-SVAGH	-adega	-daged
4whe_0	-AALEK	-AALEW	-adega	-daged
4whe_0	EKLTLI	EWETLA	gadega	edaged
4whe_0	LILEEV	LAIEEL	gadega	edaged
4whe_0	EVVDTL	ELKDTA	gadega	edaged
4whe_0	TLMKEI	TASKEV	gadega	edaged
4whe_0	EILEKL	EVLEKM	gadega	edaged
4wjg_3	LFETAV	LVVTAH	gadega	edaged
4wjg_3	AVARHV	AHGRHT	gadega	edaged
4wjg_3	HVHRAA	HTVRAS	gadega	edaged
4wl1_2	-TMKQV	-LLKQN	-adega	-daged
4wl1_5	-TMKQV	-LLKQN	-adega	-daged
4wl1_7	-TMKQV	-LLKQN	-adega	-daged
4wlp_1	-VNQLI	-LIQLY	-adega	-daged
4wqt_0	RLVRFL	RLERFL	gadega	edaged
4xlx_4	ELHTML	ELITML	gadega	edaged
4xoi_0	LLATKR	LAITKQ	gadega	edaged
4xoi_0	KRLIEL	KQIIEL	gadega	edaged
4xpx_0	-IQLAL	-TLLAM	-adega	-daged
4xpx_0	ALYVMH	AMIVMQ	gadega	edaged
4yjw_0	-ELSAL	-NFSAS	-adega	-daged
4yjw_0	ALYKVI	ASLKVN	gadega	edaged
4z2c_1	DKAERA	DLIERL	gadega	edaged
4z2c_1	RALELL	RLYELI	gadega	edaged
5azo_0	-LAYQL	-LIYQA	-adega	-daged
5azo_0	QLAQRE	QAAQRL	gadega	edaged
5azo_0	REALNL	RLVLNT	gadega	edaged
5azs_7	-VAYSY	-LLYSA	-adega	-daged
5azs_7	SYALRL	SAKLRN	gadega	edaged
5azs_7	RLTRTL	RNQRTA	gadega	edaged
5c21_1	-VQEKY	-FLEKE	-adega	-daged
5c21_1	KYAAEL	KESAEY	gadega	edaged
5c21_1	ELYKQL	EYIKQI	gadega	edaged
5c21_1	QLIEEI	QIREEK	gadega	edaged
5c22_4	KLTTNI	KYQTNT	gadega	edaged
5c22_4	NILTEL	NTLTET	gadega	edaged
5c5b_4	-YQNLS	-LSNLH	-adega	-daged
5c5b_4	LSTHTS	LHSHTI	gadega	edaged
5duo_5	ALVMMW	ANTMMA	gadega	edaged
5duo_5	MWVATM	MALATF	gadega	edaged
5ero_4	-ICLRL	-LILRE	-adega	-daged
5ero_4	RLLLRC	RELLRL	gadega	edaged
5frg_0	-RLQRI	-VLQRN	-adega	-daged
5frg_0	RILSEL	RNISEL	gadega	edaged
5frg_0	ELEMQK	ELIMQT	gadega	edaged
5gap_6	-IANIL	-LLNIM	-adega	-daged
5gap_6	ILLWLQ	IMIWLI	gadega	edaged
5gip_0	TILYIR	TFIYII	gadega	edaged
5gip_0	IRLNYL	IIMNYA	gadega	edaged
5gip_0	YLVMEV	YAAMER	gadega	edaged
5h69_0	ELLSKL	ELQSKT	gadega	edaged
5h69_0	KLMDTI	KTRDTA	gadega	edaged
5h69_0	TILEAV	TALEAH	gadega	edaged
5hkk_1	KYTLYS	KIALYA	gadega	edaged
5hkk_1	YSLDKA	YAADKA	gadega	edaged
5hkk_1	KAFGRM	KALGRA	gadega	edaged
5hkk_1	RMMGAT	RAKGAT	gadega	edaged
5hkk_1	ATATML	ATRTMV	gadega	edaged
5hkk_1	MLLTQF	MVITQI	gadega	edaged
5i6r_2	-QTEFY	-IIEFT	-adega	-daged
5i6r_2	FYKMEY	FTMMEV	gadega	edaged
5i6r_2	EYGRLI	EVNRLL	gadega	edaged
5i6r_2	LILQKH	LLLQKL	gadega	edaged
5ic1_1	-ISATM	-SLATS	-adega	-daged
5ic1_1	TMSAGL	TSVAGH	gadega	edaged
5ic1_3	QMAVEI	QALVEY	gadega	edaged
5ic1_3	EILIPL	EYMIPK	gadega	edaged
5ir6_2	ALTMTA	AAAMTA	gadega	edaged
5ir6_2	TAFSAS	TAMSAA	gadega	edaged
5j1i_4	VRELQL	VQYLQA	gadega	edaged
5j1i_4	QLQLYY	QAYLYF	gadega	edaged
5j1i_4	YYSAPL	YFCAPK	gadega	edaged
5j9t_2	EISLKC	EKYLKE	gadega	edaged
5j9t_2	KCLQEK	KELQEN	gadega	edaged
5knd_0	-HLKKQ	-LVKKT	-adega	-daged
5knd_0	KQLMQF	KTIMQM	gadega	edaged
5knd_0	QFLIKN	QMCIKV	gadega	edaged
5knd_0	KNLRAI	KVLRAK	gadega	edaged
5koy_4	-SFSLF	-VVSLI	-adega	-daged
5koy_4	LFLGIS	LIFGIL	gadega	edaged
5krw_2	-AIKTL	-MFKTL	-adega	-daged
5krw_2	TLEQLK	TLSQLL	gadega	edaged
5krw_2	LKLQRL	LLMQRL	gadega	edaged
5krw_2	RLLSLI	RLFSLY	gadega	edaged
5l0g_1	-LNANL	-LLANI	-adega	-daged
5l0g_1	NLSVET	NIIVEV	gadega	edaged
5lb7_2	VWINEA	VMLNEY	gadega	edaged
5lb7_2	EAVKIM	EYMKIY	gadega	edaged
5lhg_0	-ITQEL	-LLQEL	-adega	-daged
5lhg_0	ELLLKM	ELQLKL	gadega	edaged
5lhg_0	KMLKKI	KLYKKL	gadega	edaged
5lm1_2	-YLKYL	-LLKYL	-adega	-daged
5lm1_2	YLNLAQ	YLRLAM	gadega	edaged
5lm1_2	AQVLAL	AMVLAI	gadega	edaged
5m4y_3	-INLRY	-DLLRL	-adega	-daged
5m4y_3	RYIIQI	RLAIQY	gadega	edaged
5me8_1	-IAYKC	-LIYKK	-adega	-daged
5me8_1	KCYSDK	KKTSDL	gadega	edaged
5me8_1	DKLAQT	DLMAQN	gadega	edaged
5mk0_11	-KVQKI	-LCQKY	-adega	-daged
5mk0_11	KIFAVA	KYVAVS	gadega	edaged
5n72_1	LKIENL	LIIENA	gadega	edaged
5n72_1	NLAESK	NAIESI	gadega	edaged
5n72_1	SKLEKL	SILEKI	gadega	edaged
5n9y_6	IALGGL	IYRGGM	gadega	edaged
5n9y_6	GLIDCI	GMRDCL	gadega	edaged
5nen_2	QLTQDA	QLEQDT	gadega	edaged
5nen_2	DAFRKL	DTYRKL	gadega	edaged
5nen_2	KLADDL	KLVDDA	gadega	edaged
5nen_3	-YVQQF	-MMQQL	-adega	-daged
5nen_3	QFVNSI	QLLNSK	gadega	edaged
5nen_3	SITVRI	SKRVRL	gadega	edaged
5nen_3	RILQQL	RLLQQI	gadega	edaged
5nfd_1	-CLLQR	-CILQI	-adega	-daged
5nfd_1	QRLTRR	QIITRL	gadega	edaged
5nfd_1	RRLSRR	RLMSRI	gadega	edaged
5ng5_28	-TAYNV	-ILYNA	-adega	-daged
5ng5_28	NVAIVL	NALIVA	gadega	edaged
5ng5_28	VLTQQK	VAEQQV	gadega	edaged
5o66_16	NISISI	NNYISA	gadega	edaged
5o66_16	SIYKAV	SALKAA	gadega	edaged
5o66_16	AVAQSL	AALQSA	gadega	edaged
5och_10	-SLSHL	-VLSHL	-adega	-daged
5och_10	HLLYVQ	HLIYVV	gadega	edaged
5odw_1	-AYKQI	-ILKQK	-adega	-daged
5odw_1	QILKTS	QKMKTV	gadega	edaged
5odw_1	TSLEKA	TVKEKI	gadega	edaged
5oo6_9	-DLEQI	-QLEQA	-adega	-daged
5oo6_9	QILQKV	QALQKI	gadega	edaged
5ot4_9	ELVRDL	ELVRDL	gadega	edaged
5ot4_9	DLYKIQ	DLVKIC	gadega	edaged
5ot4_9	IQLEIV	ICSEIY	gadega	edaged
5ouw_1	-TLDLI	-AYDLI	-adega	-daged
5ouw_1	LIQISE	LITISE	gadega	edaged
5ouw_1	SEFALL	SEFALM	gadega	edaged
5owv_2	-LCELE	-IRELI	-adega	-daged
5owv_2	LENQFV	LIRQFL	gadega	edaged
5owv_2	FVFDLL	FLKDLL	gadega	edaged
5sx9_0	NYLKRI	NQCKRF	gadega	edaged
5sx9_0	RIIISR	RFIISF	gadega	edaged
5sx9_0	SRLEDL	SFIEDK	gadega	edaged
5sx9_0	DLQAEY	DKIAET	gadega	edaged
5sx9_0	EYIDRM	ETYDRL	gadega	edaged
5sx9_0	RMIKDL	RLYKDK	gadega	edaged
5sx9_0	DLLRTR	DKFRTY	gadega	edaged
5sx9_0	TRYLWL	TYLLWV	gadega	edaged
5szj_1	-EIMQE	-QLMQL	-adega	-daged
5szj_1	QELEHQ	QLREHV	gadega	edaged
5szj_1	HQLEKL	HVLEKV	gadega	edaged
5t8n_0	-KIELL	-QIELL	-adega	-daged
5t8n_0	LLVETM	LLQETL	gadega	edaged
5t8n_0	TMMEQL	TLIEQL	gadega	edaged
5u1a_9	-FLQYV	-AVQYI	-adega	-daged
5u1a_9	YVQHEE	YISHEE	gadega	edaged
5u1a_9	EEFKIL	EEYKIF	gadega	edaged
5uz7_1	FHMMCN	FINMCT	gadega	edaged
5uz7_1	CNWMCE	CTMMCL	gadega	edaged
5v5s_20	-YALDA	-YVLDA	-adega	-daged
5v5s_20	DAANAV	DAANAA	gadega	edaged
5v5s_20	AVAKAV	AALKAA	gadega	edaged
5vxj_10	-IHSQI	-ELSQT	-adega	-daged
5vxj_10	QIDVKS	QTIVKT	gadega	edaged
5w3s_2	-MDAVI	-QMAVS	-adega	-daged
5w3s_2	VICLSL	VSILSD	gadega	edaged
5wjt_25	-SMRQI	-IERQL	-adega	-daged
5wjt_25	QILEAS	QLGEAL	gadega	edaged
5wjt_25	ASSQGI	ALIQGL	gadega	edaged
5wjt_25	GIIQAE	GLQQAL	gadega	edaged
5wjt_25	AELTTH	ALRTTV	gadega	edaged
5wjt_25	THLQVR	TVIQVV	gadega	edaged
5x11_5	-SFTQL	-ILTQL	-adega	-daged
5x11_5	QLRKKL	QLVKKE	gadega	edaged
5x11_5	KLLQSY	KELQSL	gadega	edaged
5xbj_0	VNNELY	VTLELA	gadega	edaged
5xbj_0	LYVYEY	LALYES	gadega	edaged
5xei_1	KKALEL	KIILEI	gadega	edaged
5xei_1	ELAENL	EIKENL	gadega	edaged
5xei_1	NLVDLI	NLRDLL	gadega	edaged
5xei_1	LIVKQL	LLYKQV	gadega	edaged
5xei_1	QLLEER	QVFEEA	gadega	edaged
5xg2_0	-FVVEL	-LRVEL	-adega	-daged
5xg2_0	ELARSL	ELIRSL	gadega	edaged
5xg2_0	SLGERI	SLLERE	gadega	edaged
5xg2_0	RIAEEK	REIEEL	gadega	edaged
5xg2_0	EKLKEI	ELIKEA	gadega	edaged
5xg2_0	EIGERL	EAIERV	gadega	edaged
5xg2_0	RLLRRA	RVERRV	gadega	edaged
5xg2_0	RALRLV	RVLRLA	gadega	edaged
5xg2_0	LVKREI	LALREL	gadega	edaged
5xsj_4	AAIAYC	ASYAYT	gadega	edaged
5xsj_4	YCYATL	YTLATI	gadega	edaged
5xu0_0	AYASAV	AALSAA	gadega	edaged
5xu0_0	AVADHI	AARDHA	gadega	edaged
5xu0_0	HILNAR	HALNAI	gadega	edaged
5xub_2	YLLGLL	YVNGLI	gadega	edaged
5xub_2	LLQRSL	LIERSP	gadega	edaged
5y05_1	RQLEQL	RVIEQY	gadega	edaged
5y05_1	QLVMRR	QYVMRL	gadega	edaged
5y05_1	RRLMER	RLLMEL	gadega	edaged
5y05_1	ERELRV	ELLLRV	gadega	edaged
5y05_1	RVLQEL	RVRQEL	gadega	edaged
5yw8_16	LLWTAF	LELTAY	gadega	edaged
5yw8_16	AFKTKF	AYVTKT	gadega	edaged
5yx5_2	-VCLKL	-ILLKH	-adega	-daged
5yx5_2	KLLCIC	KHFCIF	gadega	edaged
5ziy_0	SKLTTE	SMMTTV	gadega	edaged
5ziy_0	TELQVL	TVTQVI	gadega	edaged
6b87_1	-VLLEI	-LLLEL	-adega	-daged
6b87_1	EILVNI	ELLVNL	gadega	edaged
6b87_1	NILVII	NLLVIL	gadega	edaged
6b87_1	IILVVI	ILLVVL	gadega	edaged
6b87_1	VILATQ	VLQATS	gadega	edaged
6bmm_1	LFSAFF	LVAAFC	gadega	edaged
6bmm_1	FFVLLF	FCLLLL	gadega	edaged
6bqt_19	VVRRAW	VILRAV	gadega	edaged
6bqt_19	AWISIE	AVRSII	gadega	edaged
6bw6_1	SLMIFF	SNIIFS	gadega	edaged
6bw6_1	FFTLLL	FSLLLA	gadega	edaged
6c48_1	-FQVRL	-YVVRV	-adega	-daged
6c48_1	RLILIK	RVLLIL	gadega	edaged
6c48_1	IKHIKL	ILLIKI	gadega	edaged
6cno_7	-DYTEM	-LHTEV	-adega	-daged
6cno_7	EMSARV	EVFARA	gadega	edaged
6cno_7	RVEAMF	RALAMH	gadega	edaged
6d3r_0	MMYRKR	MVARKL	gadega	edaged
6d3r_0	KRKIER	KLEIEL	gadega	edaged
6d3r_0	ERITEI	ELITEM	gadega	edaged
6d7k_1	LEEYAI	LCTYAE	gadega	edaged
6d7k_1	AISALW	AEVALY	gadega	edaged
6djl_6	QLLKTV	QVFKTA	gadega	edaged
6djl_6	TVLQKL	TALQKR	gadega	edaged
6djl_6	KLAKEY	KRIKES	gadega	edaged
6djl_6	EYALNL	ESLLNE	gadega	edaged
6djl_7	-YARVA	-LMRVA	-adega	-daged
6djl_7	VAAQEA	VAYQET	gadega	edaged
6djl_7	EAATDF	ETHTDS	gadega	edaged
6djl_7	DFATVL	DSKTVA	gadega	edaged
6djl_7	VLAKTI	VAVKTA	gadega	edaged
6ehs_0	-CLQIL	-HTQIA	-adega	-daged
6ehs_0	ILQYAL	IAIYAY	gadega	edaged
6ewy_0	-LTRKF	-EVRKL	-adega	-daged
6ewy_0	KFQREV	KLLREA	gadega	edaged
6fws_1	LATELR	LWSELF	gadega	edaged
6fws_1	LRAEFL	LFLEFM	gadega	edaged
6gka_0	HIERAS	HFARAE	gadega	edaged
6gka_0	ASYLMS	AEALMF	gadega	edaged
6gy6_32	KAARQK	KYYRQF	gadega	edaged
6gy6_32	QKLIEV	QFIIEK	gadega	edaged
6gy6_32	EVLQQV	EKIQQL	gadega	edaged
6gy6_32	QVKSLQ	QLISLL	gadega	edaged
6gy7_1	-YLAAR	-IQAAI	-adega	-daged
6gy7_1	ARLSQI	AIRSQL	gadega	edaged
6gy7_1	QILIET	QLRIEK	gadega	edaged
6gy7_1	ETLKKI	EKIKKL	gadega	edaged
6gy7_1	KIVERL	KLKERT	gadega	edaged
6gy8_4	-ELNLD	-LKNLV	-adega	-daged
6gy8_4	LDWNML	LVKNMT	gadega	edaged
6h2d_8	TLTQKV	TLLQKA	gadega	edaged
6h2d_8	KVLEQV	KALEQL	gadega	edaged
6h2d_8	QVIEQI	QLIEQL	gadega	edaged
6h2d_8	QIQQFL	QLGQFL	gadega	edaged
6h2d_8	FLTTFS	FLNTFI	gadega	edaged
6h2d_8	FSFGLI	FINGLS	gadega	edaged
6h2f_19	IKATYQ	ILITYL	gadega	edaged
6h2f_19	YQSSTR	YLTSTW	gadega	edaged
6h2f_19	TRIVLN	TWSVLA	gadega	edaged
6h2f_19	LNLIDS	LAVIDA	gadega	edaged
6h2f_19	DSFQIV	DAQQIY	gadega	edaged
6h2f_19	IVLNKV	IYGNKA	gadega	edaged
6h2f_19	KVDNVL	KAVNVL	gadega	edaged
6h2f_19	VLLNDI	VLRNDL	gadega	edaged
6h2f_19	DIVNAI	DLRNAS	gadega	edaged
6h2x_0	-AQQKI	-ILQKL	-adega	-daged
6h2x_0	KIYEDL	KLLEDK	gadega	edaged
6h2x_0	DLLQRL	DKYQRL	gadega	edaged
6h2x_0	RLQNVV	RLLNVY	gadega	edaged
6h2x_0	VVAIRQ	VYLIRH	gadega	edaged
6h2x_0	RQNERA	RHLERA	gadega	edaged
6h2x_0	RAAEEV	RAREEA	gadega	edaged
6h2x_0	EVLKQL	EALKQL	gadega	edaged
6hgc_1	-ALQLL	-LLQLV	-adega	-daged
6hgc_1	LLLDEI	LVQDEL	gadega	edaged
6i1r_2	MVNLST	MLQLSL	gadega	edaged
6i1r_2	STLVWL	SLLVWV	gadega	edaged
6i8a_1	MIYDLQ	MWADLF	gadega	edaged
6i8a_1	LQHKIL	LFRKIF	gadega	edaged
6jbj_0	LNLKFD	LVEKFL	gadega	edaged
6jbj_0	FDTCLL	FLLCLM	gadega	edaged
6jbj_2	RTRLRL	RKFLRL	gadega	edaged
6jbj_2	RLTQEL	RLQQEK	gadega	edaged
6jfk_0	AKAEVR	ALDEVA	gadega	edaged
6jfk_0	VRMDLH	VARDLA	gadega	edaged
6jfk_0	LHARQQ	LAQRQL	gadega	edaged
6jfk_0	QQCEMR	QLIEMM	gadega	edaged
6kk1_1	LMCVAN	LSRVAS	gadega	edaged
6kk1_1	ANWLVE	ASLLVI	gadega	edaged
6kk8_0	LLGGHA	LKRGHE	gadega	edaged
6kk8_0	HAYGAL	HEFGAL	gadega	edaged
6kkt_1	-MLMYL	-SMMYC	-adega	-daged
6kkt_1	YLNLCA	YCMLCS	gadega	edaged
6n9h_0	KLLVQL	KALVQI	gadega	edaged
6n9h_0	QLALEL	QIVLEI	gadega	edaged
6n9h_0	ELSLEL	EINLEL	gadega	edaged
6nq7_0	-MSVGT	-IFVGN	-adega	-daged
6nq7_0	GTFSYI	GNLSYD	gadega	edaged
6nrb_14	-QLENL	-LLENI	-adega	-daged
6nrb_14	NLATNL	NIITNL	gadega	edaged
6nrb_14	NLLEDL	NLKEDL	gadega	edaged
6nrb_16	-KLDEV	-VKDEK	-adega	-daged
6nrb_16	EVLSSI	EKLSSI	gadega	edaged
6nrb_16	SILKVQ	SIMKVL	gadega	edaged
6nrb_16	VQYVAK	VLIVAF	gadega	edaged
6nrc_0	-FLQKV	-MIQKA	-adega	-daged
6nrc_0	KVTQKV	KAVQKL	gadega	edaged
6nrc_0	KVADQI	KLKDQL	gadega	edaged
6nrc_5	RLITEI	RNLTEL	gadega	edaged
6nrc_5	EIYEQL	ELREQS	gadega	edaged
6nrc_5	QLLEQS	QSLEQL	gadega	edaged
6nrd_16	AKLQEI	ALLQEK	gadega	edaged
6nrd_16	EILERV	EKIERL	gadega	edaged
6nrd_16	RVIQVL	RLIQVN	gadega	edaged
6nrd_16	VLLKQL	VNFKQK	gadega	edaged
6o2p_2	-ITLWA	-AVLWL	-adega	-daged
6o2p_2	WASSDV	WLFSDT	gadega	edaged
6ogd_2	EVVEQI	EAKEQL	gadega	edaged
6ogd_2	QIQNQI	QLLNQN	gadega	edaged
6oit_0	-YAEKM	-LMEKL	-adega	-daged
6oit_0	KMLKKK	KLIKKM	gadega	edaged
6oit_0	KKTLDI	KMKLDL	gadega	edaged
6oit_0	DIEQLR	DLLQLH	gadega	edaged
6oit_0	LRAVNF	LHIVNM	gadega	edaged
6oit_0	NFKKEF	NMLKEL	gadega	edaged
6pfv_1	-DLHAM	-RLHAL	-adega	-daged
6pfv_1	AMLAYE	ALIAYL	gadega	edaged
6pfv_1	YEISRR	YLRSRL	gadega	edaged
6pfv_1	RRLQTA	RLEQTA	gadega	edaged
6pfv_1	TACSEI	TARSEL	gadega	edaged
6pzi_3	-QVAKL	-MSAKY	-adega	-daged
6pzi_3	KLAQTT	KYFQTS	gadega	edaged
6quz_2	ILIYLT	ILSYLL	gadega	edaged
6quz_2	LTLFLQ	LLSFLF	gadega	edaged
6quz_2	LQIMTL	LFVMTT	gadega	edaged
6quz_3	-TYFEN	-FAFEV	-adega	-daged
6quz_3	ENVLQL	EVLLQV	gadega	edaged
6r9t_3	DLSTAV	DALTAG	gadega	edaged
6r9t_3	AVAIQL	AGVIQA	gadega	edaged
6raf_4	-FLNLY	-LINLV	-adega	-daged
6raf_4	LYKSAL	LVASAR	gadega	edaged
6ran_2	-FYAAI	-AAAAF	-adega	-daged
6ran_2	AISALS	AFTALF	gadega	edaged
6rko_2	TAAAVT	TATAVG	gadega	edaged
6rko_2	VTCFLA	VGVFLL	gadega	edaged
6rw6_3	-RAEEL	-YFEEA	-adega	-daged
6rw6_3	ELIDQL	EAKDQL	gadega	edaged
6rw6_3	QLLARR	QLKARL	gadega	edaged
6rw6_3	RRAVQK	RLIVQQ	gadega	edaged
6rw6_3	QKLKQQ	QQLKQI	gadega	edaged
6rw6_3	QQTQQL	QIAQQQ	gadega	edaged
6rw6_14	-FMLNA	-AALNR	-adega	-daged
6rw6_14	NAMVQL	NRAVQF	gadega	edaged
6rw6_14	QLFGTL	QFYGTL	gadega	edaged
6rwb_3	NILQNL	NALQNV	gadega	edaged
6rwb_3	NLTNLK	NVYNLL	gadega	edaged
6rwb_3	LKAKRS	LLAKRA	gadega	edaged
6rx4_3	SFAAFG	SSLAFA	gadega	edaged
6rx4_3	FGAVSV	FAVVSA	gadega	edaged
6tdy_0	RIVEQL	RTKEQV	gadega	edaged
6tdy_0	QLITLM	QVHTLY	gadega	edaged
6tdy_0	LMADTY	LYLDTW	gadega	edaged
6ud8_4	-AYMSL	-TMMSY	-adega	-daged
6ud8_4	SLCALI	SYFALY	gadega	edaged
6ud8_4	LIAIHI	LYLIHA	gadega	edaged
1b3q_1	NLLMEL	NVLMEI	gadega	edaged
1ii8_1	EILEAK	EYIEAI	gadega	edaged
1ii8_1	AKTELI	AIKELL	gadega	edaged
1ii8_1	LIVKYK	LLYKYF	gadega	edaged
1ory_6	-INLTI	-QTLTM	-adega	-daged
1yc9_2	-RKTQA	-LATQA	-adega	-daged
2ch7_3	-IRISI	-SIISN	-adega	-daged
2ch7_3	SISVET	SNNVEA	gadega	edaged
2ch7_3	ETGSEI	EAISEA	gadega	edaged
2ch7_3	EIATNI	EAQTNA	gadega	edaged
2ch7_3	NISAQA	NAIAQM	gadega	edaged
2ch7_3	QAFAQS	QMIAQA	gadega	edaged
2hsq_3	-VAVNL	-AVVNK	-adega	-daged
2hsq_6	-VAVNL	-AVVNK	-adega	-daged
2hsq_9	-VAVNL	-AVVNK	-adega	-daged
2hsq_12	-VAVNL	-AVVNK	-adega	-daged
2hsq_15	-VAVNL	-AVVNK	-adega	-daged
2jee_0	QRLEEN	QLNEEL	gadega	edaged
2jee_0	ENLKQQ	ELIKQL	gadega	edaged
2jee_0	QQWQRL	QLIQRA	gadega	edaged
2jee_0	RLLLRM	RAVLRL	gadega	edaged
2jee_1	KVAITI	KLLITW	gadega	edaged
2jee_1	TILQEI	TWQQEL	gadega	edaged
2nvy_2	-KCNII	-LLNIV	-adega	-daged
2nvy_2	IILGLK	IVQGLI	gadega	edaged
2nvy_5	-KCNII	-LLNIV	-adega	-daged
2nvy_5	IILGLK	IVQGLI	gadega	edaged
2oto_1	LELEKK	LLEEKA	gadega	edaged
2oto_1	KKLEAI	KAYEAA	gadega	edaged
2oto_1	AIASDY	AAISDL	gadega	edaged
2oto_1	DYANLE	DLKNLL	gadega	edaged
2oto_2	LELEKK	LLEEKA	gadega	edaged
2oto_2	KKLEAI	KAYEAA	gadega	edaged
2oto_2	AIASDY	AAISDL	gadega	edaged
2oto_2	DYANLE	DLKNLL	gadega	edaged
2quf_0	-FIEYR	-VLEYA	-adega	-daged
2quf_0	YRLMKI	YAFMKM	gadega	edaged
2x7r_0	LILIES	LAAIEN	gadega	edaged
3aqb_0	ILCFEF	IAVFEL	gadega	edaged
3fpp_10	-QNQKE	-TTQKA	-adega	-daged
3fpp_10	KEATME	KARTMA	gadega	edaged
3htk_0	-ILLKQ	-KVLKI	-adega	-daged
3htk_0	KQLLKM	KILLKI	gadega	edaged
3htk_0	KMSMSL	KIIMSA	gadega	edaged
3htk_0	SLCQEL	SAFQEK	gadega	edaged
3htk_0	ELTQLQ	EKCQLL	gadega	edaged
3htk_0	LQAQMD	LLVQML	gadega	edaged
3n24_1	LQALGI	LSILGH	gadega	edaged
3thf_3	-ILNKI	-LLNKS	-adega	-daged
3thf_3	KILKEQ	KSIKEL	gadega	edaged
3thf_5	-ILNKI	-LLNKS	-adega	-daged
3thf_5	KILKEQ	KSIKEL	gadega	edaged
4b7y_2	-QCLQI	-QYLQK	-adega	-daged
4b7y_2	QILQDL	QKCQDI	gadega	edaged
4d10_12	-ALQWC	-VLQWV	-adega	-daged
4d10_12	WCCEVL	WVHEVI	gadega	edaged
4iyl_1	QVLTRI	QLRTRL	gadega	edaged
4k7r_4	DIIRQQ	DAERQL	gadega	edaged
4k7r_4	QQVNEQ	QLMNER	gadega	edaged
4kp4_0	-ASHLR	-LIHLI	-adega	-daged
4kp4_0	LRLTIR	LINTII	gadega	edaged
4mt4_3	LQNAAS	LNLAAE	gadega	edaged
4mt4_3	ASSYRI	AEAYRA	gadega	edaged
4qjv_0	-EAQIF	-LIQIS	-adega	-daged
4qjv_0	IFARVL	ISMRVL	gadega	edaged
4wfd_1	KLINYA	KSSNYL	gadega	edaged
4y1k_3	EQAQDL	EAAQDE	gadega	edaged
4y1k_3	DLASEY	DETSER	gadega	edaged
4yv4_0	NALVMQ	NRTVMI	gadega	edaged
4yv4_0	MQMSFF	MIRSFL	gadega	edaged
5azp_7	-RSLRQ	-PALRA	-adega	-daged
5azp_7	RQASAA	RAASAL	gadega	edaged
5gna_1	QFLDMM	QLLDML	gadega	edaged
5gna_1	MMLNTS	MLKNTE	gadega	edaged
5gna_1	TSLTQF	TELTQI	gadega	edaged
5ic9_0	-RLRQK	-SVRQI	-adega	-daged
5ic9_0	QKMGNI	QIYGNT	gadega	edaged
5j9w_7	LHLKAK	LLLKAI	gadega	edaged
5j9w_7	AKALVA	AILLVA	gadega	edaged
5j9w_7	VAENSL	VACNSQ	gadega	edaged
5j9w_7	SLINEL	SQQNEL	gadega	edaged
5mg8_1	-VKEQL	-LLEQM	-adega	-daged
5mg8_1	QLQLQL	QMLLQL	gadega	edaged
5mg8_1	QLLQEE	QLRQEL	gadega	edaged
5mg8_1	EELQKV	ELIQKL	gadega	edaged
5mg8_1	KVHELL	KLIELL	gadega	edaged
5n5z_2	LMCDVE	LAKDVV	gadega	edaged
5ng5_6	-QAATA	-AKATG	-adega	-daged
5ng5_6	TAAAET	TGSAEA	gadega	edaged
5nl1_3	-IASKV	-SLSKA	-adega	-daged
5nl1_3	KVSLNL	KALLNA	gadega	edaged
5o66_0	KQYNVG	KEANVA	gadega	edaged
5o66_0	VGEQES	VAKQEP	gadega	edaged
5oqm_4	AMSSAL	ALTSAL	gadega	edaged
5oqm_4	ALVSLL	ALRSLL	gadega	edaged
5wwl_2	-QIQLE	-VQQLL	-adega	-daged
5yfp_1	IKLLEK	IVMLEK	gadega	edaged
5yfp_1	EKVEQL	EKNEQE	gadega	edaged
5zfp_1	IALLTA	IFMLTV	gadega	edaged
6c5r_5	-TMRRL	-AIRRL	-adega	-daged
6c5r_5	RLMSEI	RLASEL	gadega	edaged
6epe_11	LNLLIR	LVCLIL	gadega	edaged
6epe_11	IRLEVA	ILKEVI	gadega	edaged
6ezn_1	VMLIIY	VAIIIL	gadega	edaged
6kw4_2	ISYIES	IFYIES	gadega	edaged
6kw4_2	ESIIEL	ESLIEL	gadega	edaged
6kw4_2	ELLTEK	ELITEK	gadega	edaged
6nin_14	-VLTLS	-FLTLA	-adega	-daged
6nyx_13	-ADTKA	-KSTKW	-adega	-daged
6nyx_13	KASVSS	KWSVSD	gadega	edaged
6r7f_12	-VLHWC	-VLHWV	-adega	-daged
6r7f_12	WCCEVL	WVHEVI	gadega	edaged
6rw6_6	-QAQKS	-KVQKA	-adega	-daged
6rw6_6	KSVREA	KAEREK	gadega	edaged
6rw6_6	EALQTS	EKIQTT	gadega	edaged
6rwb_5	-QHQTS	-SAQTA	-adega	-daged
6rwb_5	TSEQNM	TAVQNN	gadega	edaged
6rx3_5	-NTMKA	-QLMKN	-adega	-daged
6v00_3	LYFLLI	LTFLLV	gadega	edaged
