3mlg_0	LLLLLE	ILLLLE	degade	agedag
5cwf_1	EMKVAL	LMKALL	degade	agedag
5cwi_2	EAEAK-	SAEAS-	degad-	ageda-
5mfi_7	VWIAA-	AWIEV-	degad-	ageda-
1at3_1	THLLA-	LHLTE-	degad-	ageda-
1c94_0	KLAVEL	KLALKL	degade	agedag
1c94_0	ELYNLL	KLYLEL	degade	agedag
1c94_0	LLEVE-	ELELL-	degad-	ageda-
1ce9_1	LEKVLL	VEKLNL	degade	agedag
1ce9_1	LLKNLE	NLKLVE	degade	agedag
1ce9_1	LEEVL-	VEELV-	degad-	ageda-
1d7m_0	MARLLE	KARALE	degade	agedag
1d7m_0	LESLEK	LESLRK	degade	agedag
1d7m_0	EKSRLI	RKSTLI	degade	agedag
1d7m_0	LIQKLN	LIQLRN	degade	agedag
1d7m_0	LNLLLE	RNLELE	degade	agedag
1d7m_0	LEEGRE	LEETLE	degade	agedag
1d7m_0	RERLLE	LERLLE	degade	agedag
1d7m_0	LEKLTL	LEKRGL	degade	agedag
1d7m_0	TLNLEK	GLNLLK	degade	agedag
1d7m_0	EKARLE	LKALKE	degade	agedag
1d7m_0	LERLTE	KERLRE	degade	agedag
1d7m_0	TEDRLE	REDELE	degade	agedag
1d7m_0	LEKLAI	LEKLLI	degade	agedag
1d7m_1	MARLLE	KARALE	degade	agedag
1d7m_1	LESLEK	LESLRK	degade	agedag
1d7m_1	EKSRLI	RKSTLI	degade	agedag
1d7m_1	LIQKLN	LIQLRN	degade	agedag
1d7m_1	LNLLLE	RNLELE	degade	agedag
1d7m_1	LEEGRE	LEETLE	degade	agedag
1d7m_1	RERLLE	LERLLE	degade	agedag
1d7m_1	LEKLTL	LEKRGL	degade	agedag
1d7m_1	TLNLEK	GLNLLK	degade	agedag
1d7m_1	EKARLE	LKALKE	degade	agedag
1d7m_1	LERLTE	KERLRE	degade	agedag
1d7m_1	TEDRLE	REDELE	degade	agedag
1d7m_1	LEKLAI	LEKLLI	degade	agedag
1ft9_0	AWLILG	IWLCLG	degade	agedag
1ft9_0	LGALCM	LGALIM	degade	agedag
1h88_0	TQKVLT	FQKLLT	degade	agedag
1h88_0	LTENLQ	LTELVQ	degade	agedag
1h88_0	LQKVLS	VQKLNS	degade	agedag
1h88_0	LSELLR	NSELVR	degade	agedag
1ik9_0	IRLIAL	KRLAFL	degade	agedag
1ik9_0	ALTINQ	FLTVWQ	degade	agedag
1ik9_0	NQKNLQ	WQKLNQ	degade	agedag
1ik9_0	LQENLL	NQELNL	degade	agedag
1ik9_0	LLDWVQ	NLDNIQ	degade	agedag
1ik9_0	VQRFAV	IQRAIV	degade	agedag
1jcc_1	AQANAD	AQADAD	degade	agedag
1jcc_1	ADASAN	ADADAN	degade	agedag
1jcc_1	ANARAQ	ANADAQ	degade	agedag
1jcc_1	AQAKAA	AQAKAA	degade	agedag
1l5z_1	LVENL-	NVELK-	degad-	ageda-
1noh_1	FVEYLT	NVELKT	degade	agedag
1noh_1	LTSHLA	KTSLHA	degade	agedag
1noh_1	LAEKLI	HAELYI	degade	agedag
1noh_1	LISNL-	YISFY-	degad-	ageda-
1pl5_0	KEQLAN	IEQALN	degade	agedag
1pl5_0	ANIILS	LNITLS	degade	agedag
1pl5_0	LSEVNE	LSELIE	degade	agedag
1pl5_0	NERILQ	IERNVQ	degade	agedag
1pl5_0	LQDLTK	VQDLIK	degade	agedag
1pl5_0	TKCLAR	IKCALR	degade	agedag
1pl5_0	ARQIK-	LRQKL-	degad-	ageda-
1syq_3	AASNRV	EASRNV	degade	agedag
1syq_6	AASNRV	EASRNV	degade	agedag
1tu3_0	LQELSE	LQELSE	degade	agedag
1tu3_0	SEVQFV	SEVFQV	degade	agedag
1tu3_0	FVLSLQ	QVLSLQ	degade	agedag
1u9g_0	KLHIE-	ELHLL-	degad-	ageda-
1u9g_1	KLHIE-	ELHLL-	degad-	ageda-
1u9g_2	KLHIE-	ELHLL-	degad-	ageda-
1uix_0	STDVLA	LTDAKA	degade	agedag
1uix_0	LAEKLN	KAEELN	degade	agedag
1uix_0	LNKLAQ	LNKFKQ	degade	agedag
1uix_0	AQQLLK	KQQAEK	degade	agedag
1uix_0	LKEEAA	EKELLA	degade	agedag
1uix_0	AAIKFE	LAIALE	degade	agedag
1uix_0	FEQLER	LEQLKR	degade	agedag
1uix_0	ERLKAV	KRLLVV	degade	agedag
1xio_1	STIVTS	ITITVS	degade	agedag
1xio_1	TSLIL-	VSLSF-	degad-	ageda-
2c9l_0	FKLLYR	LKLLNR	degade	agedag
2c9l_0	YRVAKS	NRVKAS	degade	agedag
2c9l_0	KSENLR	ASEYLR	degade	agedag
2gau_0	CRFLLA	TRFALA	degade	agedag
2gau_0	LAELAE	LAELLE	degade	agedag
2gau_0	AERTL-	LERCT-	degad-	ageda-
2h6b_4	YLKVY-	VLKYF-	degad-	ageda-
2h6b_6	YLKVY-	VLKYF-	degad-	ageda-
2m59_0	EIILTA	VIIILA	degade	agedag
2m59_0	TAIAFW	LAIFAW	degade	agedag
2m59_0	FWLLIL	AWLTLL	degade	agedag
2no2_0	LKELSQ	FKEWEQ	degade	agedag
2no2_0	SQELLQ	EQESLQ	degade	agedag
2no2_0	LQSLSA	LQSLLA	degade	agedag
2no2_0	SASEWA	LASSLA	degade	agedag
2no2_0	WAEFL-	LAELL-	degad-	ageda-
2oqq_1	LERVLE	NERLLE	degade	agedag
2oqq_1	LEKNLE	LEKLNE	degade	agedag
2oqq_1	LERLLQ	NERLVQ	degade	agedag
2oqq_1	LQENL-	VQELL-	degad-	ageda-
2q6q_0	LNKLKQ	INKLNQ	degade	agedag
2q6q_0	KQEILK	NQELTK	degade	agedag
2q6q_0	LKIALR	TKIYLR	degade	agedag
2q6q_0	LRKLYV	LRKLAV	degade	agedag
2q6q_0	YVITLE	AVILIE	degade	agedag
2q6q_0	LEQNLQ	IEQKLQ	degade	agedag
2q6q_0	LQKIL-	LQKLN-	degad-	ageda-
2w83_0	LIENLL	LIELKL	degade	agedag
2w83_0	LLTKLN	KLTLVN	degade	agedag
2w83_0	LNVKLI	VNVLKI	degade	agedag
2w83_0	LIKVLT	KIKLKT	degade	agedag
2w83_0	LTEKLQ	KTELNQ	degade	agedag
2w83_0	LQELV-	NQELV-	degad-	ageda-
3a7p_0	LLTLLQ	HLTLLQ	degade	agedag
3a7p_0	LQELKE	LQELNE	degade	agedag
3a7p_0	KEEILK	NEEGLK	degade	agedag
3a7p_0	LKVIKN	LKVLTN	degade	agedag
3a7p_0	KNNTLN	TNNKIN	degade	agedag
3a7p_0	LNALGT	INALIT	degade	agedag
3a7p_0	GTENLQ	ITEKLQ	degade	agedag
3a7p_0	LQKLLK	LQKLLK	degade	agedag
3b02_0	LHVALA	EHVVMA	degade	agedag
3b02_0	LAQMVQ	MAQLAQ	degade	agedag
3b02_0	VQYEL-	AQYLH-	degad-	ageda-
3cl3_0	VEALER	YEALYR	degade	agedag
3cl3_0	ERAAEK	YRALLK	degade	agedag
3cl3_0	EKKLLQ	LKKEAQ	degade	agedag
3cl3_0	LQAYLF	AQAELF	degade	agedag
3l1c_0	LSEVLR	VSELRR	degade	agedag
3l1c_0	LRRTLL	RRRSLL	degade	agedag
3l1c_0	LLCNQA	LLCCLA	degade	agedag
3l1c_0	QAELCK	LAEQNK	degade	agedag
3l1c_0	CKQLSN	NKQLTN	degade	agedag
3l1c_0	SNERLH	TNELVH	degade	agedag
3l1c_0	LHTVL-	VHTLH-	degad-	ageda-
3mud_0	CLTTNE	NLTAVE	degade	agedag
3mud_0	NESILE	VESLIE	degade	agedag
3mud_0	LEKVAK	IEKNTK	degade	agedag
3mud_0	AKENM-	TKECI-	degad-	ageda-
3n4x_0	LVENLS	SVEQTS	degade	agedag
3n4x_0	LSKLKA	TSKLVA	degade	agedag
3n4x_0	KAEILQ	VAELIQ	degade	agedag
3n4x_0	LQQILN	IQQLIN	degade	agedag
3n4x_0	LNQVLK	INQKLK	degade	agedag
3n4x_0	LKQTQA	LKQLNA	degade	agedag
3ni0_0	CRTTLQ	LRTLVQ	degade	agedag
3ni0_0	LQQLTQ	VQQLIQ	degade	agedag
3ni0_0	TQSLAE	IQSQAE	degade	agedag
3ni0_0	AEQACN	AEQKLN	degade	agedag
3ni0_0	CNTVLQ	LNTLVQ	degade	agedag
3ni0_0	LQSLKV	VQSCAV	degade	agedag
3ni0_0	KVQAQQ	AVQALQ	degade	agedag
3ni0_0	QQRILE	LQRTLE	degade	agedag
3ni0_0	LEEVLN	LEELTN	degade	agedag
3nmd_0	LQALKI	LQALII	degade	agedag
3nmd_0	KIELRD	IIEKLD	degade	agedag
3nmd_0	RDLILE	LDLLIE	degade	agedag
3nmd_0	LEELKD	IEERLD	degade	agedag
3nmd_0	KDLILQ	LDLKLQ	degade	agedag
3nmd_0	LQELY-	LQELL-	degad-	ageda-
3q0x_0	LARLVK	LARCLK	degade	agedag
3q0x_0	VKTCLS	LKTMRS	degade	agedag
3q0x_0	LSDLTR	RSDTLR	degade	agedag
3q0x_0	TRDRMV	LRDLCV	degade	agedag
3q0x_0	MVQLCR	CVQVLR	degade	agedag
3q0x_0	CRQLL-	LRQLK-	degad-	ageda-
3q15_9	FEAAYR	LEAYAR	degade	agedag
3qh9_0	KQKALL	LQKLIL	degade	agedag
3qh9_0	LLELLK	ILEKVK	degade	agedag
3qh9_0	LKKVLE	VKKLVE	degade	agedag
3qh9_0	LEERYE	VEETLE	degade	agedag
3qh9_0	YEKLTK	LEKYRK	degade	agedag
3qh9_0	TKEVLQ	RKELVQ	degade	agedag
3qh9_0	LQQVKD	VQQLLD	degade	agedag
3qh9_0	KDEILH	LDELAH	degade	agedag
3s9g_0	LIEYLE	NIELLE	degade	agedag
3s9g_0	LESLME	LESLVE	degade	agedag
3s9g_0	MEENLR	VEELSR	degade	agedag
3s9g_0	LRESLD	SRELND	degade	agedag
3s9g_0	LDRVLE	NDRMLE	degade	agedag
3s9g_0	LEELLR	LEELYR	degade	agedag
3s9g_0	LRENL-	YRELK-	degad-	ageda-
3sr2_2	LMMSLQ	IMMKLQ	degade	agedag
3sr2_2	LQQVLA	LQQLVA	degade	agedag
3sr2_2	LALLKD	VALLSD	degade	agedag
3sr2_2	KDEIY-	SDELI-	degad-	ageda-
3v5b_0	KEEMMR	LEEYIR	degade	agedag
3v5b_0	MRRMQL	IRRLKL	degade	agedag
3v5b_0	QLEYLL	KLELYL	degade	agedag
3v5b_0	LLIKLD	YLIQMD	degade	agedag
3v5b_0	LDEIYR	MDEMMR	degade	agedag
3vmz_0	SEQILK	LEQLIK	degade	agedag
3vmz_0	LKINLA	IKIKCA	degade	agedag
3vmz_0	LAKILE	CAKLIE	degade	agedag
3vmz_0	LESCKE	IESLNE	degade	agedag
3vmz_0	KEEILN	NEELIN	degade	agedag
3wuu_3	MEQLAL	IEQLVL	degade	agedag
3wuu_3	ALKNWL	VLKRDL	degade	agedag
3wuu_3	WLYDRE	DLYWNE	degade	agedag
3wuu_3	REYVLL	NEYALL	degade	agedag
3wuu_3	LLKIL-	LLKMI-	degad-	ageda-
4b86_1	LKILQL	IKIKLL	degade	agedag
4b86_1	QLLIQQ	LLLQIQ	degade	agedag
4b86_1	QQQLKE	IQQQLE	degade	agedag
4b86_1	KEEIL-	LEELA-	degad-	ageda-
4bwd_0	LIQVLQ	NIQLNQ	degade	agedag
4bwd_0	LQTLLS	NQTVVS	degade	agedag
4bwd_0	LSRVVK	VSRLLK	degade	agedag
4bwd_0	VKENLK	LKELVK	degade	agedag
4bwd_0	LKENL-	VKELK-	degad-	ageda-
4e61_1	IQELSQ	VQEYIQ	degade	agedag
4e61_1	SQTILN	IQTLIN	degade	agedag
4e61_1	LNEIYK	INESLK	degade	agedag
4e61_1	YKTVL-	LKTIL-	degad-	ageda-
4gkw_0	NQELVG	LQELIG	degade	agedag
4gkw_0	VGMLEQ	IGMHNQ	degade	agedag
4gkw_0	EQKVLQ	NQKLVQ	degade	agedag
4gkw_0	LQRNHQ	VQRELQ	degade	agedag
4gkw_0	HQEILR	LQEVLR	degade	agedag
4gkw_0	LRELA-	LRENL-	degad-	ageda-
4gkw_1	KDMVLT	IDMLNT	degade	agedag
4gkw_1	LTTILR	NTTLFR	degade	agedag
4gkw_1	LRELEK	FRENAK	degade	agedag
4gkw_1	EKKANM	AKKELM	degade	agedag
4gkw_1	NMSFLS	LMSLIS	degade	agedag
4gkw_1	LSENLK	ISELVK	degade	agedag
4h22_0	AMSNLD	FMSLHD	degade	agedag
4h22_0	LDEKFM	HDEEFM	degade	agedag
4h22_0	FMQVLK	FMQKYK	degade	agedag
4h22_0	LKMLLE	YKMSLE	degade	agedag
4h22_0	LEQLSR	LEQLLR	degade	agedag
4h22_0	SRQYKN	LRQLVN	degade	agedag
4h22_0	KNEFEK	VNEFKK	degade	agedag
4h22_0	EKAHLQ	KKALNQ	degade	agedag
4h22_0	LQQFV-	NQQAY-	degad-	ageda-
4i1a_7	LMSNYR	IMSYNR	degade	agedag
4iff_1	QQTNLK	IQTLNK	degade	agedag
4iff_1	LKRNLF	NKRLNF	degade	agedag
4j8e_3	WEAALA	CEALAA	degade	agedag
4jpp_4	SKQQEI	LKQAKI	degade	agedag
4jpp_4	EIRQTQ	KIREQQ	degade	agedag
4jpp_4	TQQTQY	QQQFGY	degade	agedag
4jpp_4	QYTNIK	GYTALK	degade	agedag
4jpp_4	IKMTVS	LKMMSS	degade	agedag
4jpp_4	VSEVVH	SSEQLH	degade	agedag
4jpp_4	VHQTQ-	LHQES-	degad-	ageda-
4om3_1	LQQYLK	CQQLAK	degade	agedag
4om3_1	LKECLA	AKEQMA	degade	agedag
4om3_1	LAEKMQ	MAELSQ	degade	agedag
4om3_1	MQHYYY	SQHYYY	degade	agedag
4om3_1	YYMSLN	YYMMKN	degade	agedag
4om3_1	LNEMQT	KNELCT	degade	agedag
4om3_1	QTIALN	CTILYN	degade	agedag
4om3_1	LNICV-	YNILF-	degad-	ageda-
4orh_0	HWLMLN	KWLMKN	degade	agedag
4orh_0	LNSKFE	KNSTLE	degade	agedag
4orh_0	FEIIKN	LEIKIN	degade	agedag
4orh_0	KNELTK	INEFKK	degade	agedag
4orh_0	TKEKMQ	KKELMQ	degade	agedag
4rfx_1	LTRNLE	NTRLTE	degade	agedag
4rfx_1	LEKVLR	TEKYIR	degade	agedag
4rfx_1	LRTVLE	IRTYVE	degade	agedag
4rfx_1	LEMNND	VEMAVD	degade	agedag
4rfx_1	NDLQAR	VDLAVR	degade	agedag
4rfx_1	ARTELR	VRTALR	degade	agedag
4rfx_1	LRQLAA	LRQLEA	degade	agedag
4rfx_1	AARVAE	EARAQE	degade	agedag
4rfx_1	AERVAQ	QERNNQ	degade	agedag
4rfx_1	AQTVYQ	NQTLVQ	degade	agedag
4rfx_1	YQTIYR	VQTLVR	degade	agedag
4rfx_1	YRLTLQ	VRLLNQ	degade	agedag
5ajs_0	LLKLQR	LLKKLR	degade	agedag
5ajs_0	QRILME	LRILEE	degade	agedag
5ajs_0	MEKMMK	EEKLIK	degade	agedag
5ajs_0	MKSILR	IKSMMR	degade	agedag
5ajs_0	LRTELR	MRTMLR	degade	agedag
5ajs_0	LRELKD	LREQLD	degade	agedag
5c9n_0	EEQLQL	LEQLNL	degade	agedag
5c9n_0	QLRNLQ	NLRLLQ	degade	agedag
5c9n_0	LQTLKE	LQTKLE	degade	agedag
5c9n_0	KEELLH	LEELNH	degade	agedag
5c9n_0	LHENLR	NHEQLR	degade	agedag
5cj0_0	ANMAAQ	NNMVIQ	degade	agedag
5cj0_0	AQQVLQ	IQQLNQ	degade	agedag
5cj0_0	LQLLTQ	NQLALQ	degade	agedag
5cj0_0	TQQLAV	LQQTLV	degade	agedag
5cj0_0	AVANLK	LVALVK	degade	agedag
5cj0_0	LKNIVE	VKNAAE	degade	agedag
5cj0_0	VERNL-	AERAN-	degad-	ageda-
5cj1_3	FVEYLT	LVEALT	degade	agedag
5cj1_3	LTSHLE	LTSLKE	degade	agedag
5cj1_3	LEVRLE	KEVLRE	degade	agedag
5cj1_3	LEEKLQ	REELHQ	degade	agedag
5cj1_3	LQALAE	HQALYE	degade	agedag
5cj1_3	AESLE-	YESFY-	degad-	ageda-
5d5y_0	IALSLQ	LALELQ	degade	agedag
5d5y_0	LQTQLQ	LQTTLQ	degade	agedag
5d5y_0	LQLQCY	LQLQLY	degade	agedag
5d5y_0	CYLENR	LYLQTR	degade	agedag
5d5y_0	NRLVVM	TRLSLM	degade	agedag
5fcm_0	LVDLTT	IVDQCT	degade	agedag
5fcm_0	TTSYVK	CTSVYK	degade	agedag
5fcm_0	VKQCQA	YKQTLA	degade	agedag
5fcm_0	QAEIF-	LAELV-	degad-	ageda-
5fcn_0	SDHVLK	LDHYNK	degade	agedag
5fcn_0	LKSLCA	NKSLTA	degade	agedag
5fcn_0	CAETLK	TAECLK	degade	agedag
5fcn_0	LKLNYA	LKLLVA	degade	agedag
5fcn_0	YAKLL-	VAKSR-	degad-	ageda-
5h07_0	VKELSR	VKELIR	degade	agedag
5h07_0	SRARAL	IRAARL	degade	agedag
5h07_0	ALRVLE	RLREFE	degade	agedag
5h07_0	LEQIYK	FEQYIK	degade	agedag
5h07_0	YKDFER	IKDLVR	degade	agedag
5h07_0	ERDRAQ	VRDARQ	degade	agedag
5h07_0	AQRILE	RQRSLE	degade	agedag
5jvm_0	KDLLFQ	LDLYRQ	degade	agedag
5jvm_0	FQEILK	RQELVK	degade	agedag
5jvm_0	LKQLKG	VKQKLG	degade	agedag
5jvm_0	KGLVLE	LGLLIE	degade	agedag
5jvm_0	LEERYF	IEEFLF	degade	agedag
5jvp_0	YREILK	LREYRK	degade	agedag
5jvp_0	LKQLVS	RKQLKS	degade	agedag
5jvp_0	VSETQA	KSEQTA	degade	agedag
5jvp_0	QAEKLE	TAEVLE	degade	agedag
5jvp_0	LEERYF	LEELIF	degade	agedag
5jvp_0	YFKLI-	IFKYL-	degad-	ageda-
5llx_1	RDLIDS	LDLALS	degade	agedag
5llx_1	DSQLLN	LSQLLN	degade	agedag
5llx_1	LNQLAN	LNQDIN	degade	agedag
5m88_0	LVETTR	IVEAHR	degade	agedag
5m88_0	TRQLVR	HRQALR	degade	agedag
5m88_0	VRELAL	LREVLL	degade	agedag
5m88_0	ALQHAV	LLQTTV	degade	agedag
5m88_0	AVVIL-	TVVLW-	degad-	ageda-
5mw9_0	VDENLR	KDEALR	degade	agedag
5mw9_0	LRKLTK	LRKTFK	degade	agedag
5mw9_0	TKAFTY	FKATLY	degade	agedag
5mw9_0	TYKLAN	LYKLNN	degade	agedag
5mw9_3	NSVILR	LSVELR	degade	agedag
5mw9_3	LRELAR	LRELCR	degade	agedag
5mw9_3	AREVAD	CRECRD	degade	agedag
5mw9_3	ADWRCI	RDWAVI	degade	agedag
5mw9_3	CIVCLT	VIVALT	degade	agedag
5mw9_3	LTRLEA	LTRLIA	degade	agedag
5oi7_0	LQIVQQ	NQILNQ	degade	agedag
5oi7_0	QQKMLR	NQKLVR	degade	agedag
5oi7_0	LRQVLE	VRQLLE	degade	agedag
5oi7_0	LEEVEE	LEERAE	degade	agedag
5oi7_0	EETSLR	AETLSR	degade	agedag
5oi7_0	LREARD	SREEVD	degade	agedag
5oi7_0	RDALLR	VDALVR	degade	agedag
5oi7_0	LRAVLS	VRALMS	degade	agedag
5oi7_0	LSQNLI	MSQQVI	degade	agedag
5oi7_0	LIKNL-	VIKLY-	degad-	ageda-
5wjb_0	FVEYLT	IVEMKT	degade	agedag
5wjb_0	LTDLLQ	KTDLSQ	degade	agedag
5wjb_0	LQEVAV	SQEELV	degade	agedag
5wjb_0	AVECAE	LVEMAE	degade	agedag
5wjb_0	AEKAAI	AEKAAI	degade	agedag
5wjb_0	AIDAMA	AIDACA	degade	agedag
5wjb_0	MAELEQ	CAEAVQ	degade	agedag
5wjb_0	EQTSLE	VQTLLE	degade	agedag
5wjb_0	LEMKME	LEMLYE	degade	agedag
5wjb_0	METIL-	YETFY-	degad-	ageda-
5wlz_0	IRLIAL	VRLLLL	degade	agedag
5wlz_0	ALRNLQ	LLRMKQ	degade	agedag
5wlz_0	LQELLR	KQELNR	degade	agedag
5wlz_0	LRVVTE	NRVLVE	degade	agedag
5wlz_0	TESRAE	VESTLE	degade	agedag
5wlz_0	AEELTS	LEEARS	degade	agedag
5wlz_0	TSRVLH	RSRTVH	degade	agedag
5wlz_0	LHQNLI	VHQLLI	degade	agedag
5wlz_0	LIQKMD	LIQLND	degade	agedag
5wlz_0	MDDLLQ	NDDAIQ	degade	agedag
6a9p_5	YQELLR	IQELIR	degade	agedag
6a9p_5	LRRLLT	IRRLRT	degade	agedag
6a9p_5	LTNSLE	RTNAAE	degade	agedag
6a9p_5	LEERLA	AEEYLA	degade	agedag
6a9p_5	LADLVR	LADARR	degade	agedag
6a9p_5	VRKLET	RRKELT	degade	agedag
6a9p_5	ETLRAE	LTLVLE	degade	agedag
6a9p_5	AENLYR	LENLRR	degade	agedag
6a9p_5	YREAAT	RRELST	degade	agedag
6a9p_5	ATARLE	STALLE	degade	agedag
6a9p_5	LEKILE	LEKLLE	degade	agedag
6a9p_5	LEEIL-	LEEYA-	degad-	ageda-
6akl_0	LQENLW	LQEQYW	degade	agedag
6akl_0	LWSLHQ	YWSILQ	degade	agedag
6akl_0	HQALIM	LQAHLM	degade	agedag
6akl_0	IMKYQM	LMKLNM	degade	agedag
6akl_0	QMQLA-	NMQLI-	degad-	ageda-
6bw6_0	HHFVIG	VHFFFG	degade	agedag
6bw6_0	IGLLCC	FGLCLC	degade	agedag
6bw6_0	CCIFFA	LCIIVA	degade	agedag
6cpb_0	SLMVLG	ELMLIG	degade	agedag
6cpb_0	LGLLSL	IGLSLL	degade	agedag
6cpb_0	SLIILV	LLILVV	degade	agedag
6f62_0	TEELKE	TEESCE	degade	agedag
6f62_0	KEKLNR	CEKLCR	degade	agedag
6f62_0	NRIIQR	CRITNR	degade	agedag
6f62_0	QRAILQ	NRALNQ	degade	agedag
6f62_0	LQGNVS	NQGGLS	degade	agedag
6f62_0	VSKLGI	LSKVNI	degade	agedag
6f62_0	GIENLI	NIELII	degade	agedag
6f62_0	LIENTR	IIEQIR	degade	agedag
6f62_0	TRLCLK	IRLNLK	degade	agedag
6f62_0	LKTCSA	LKTKLA	degade	agedag
6fx5_2	SVYILQ	AVYLVQ	degade	agedag
6fx5_2	LQRALE	VQRLNE	degade	agedag
6fx5_2	LERQLE	NERLQE	degade	agedag
6fx5_2	LEANLL	QEALAL	degade	agedag
6fx5_2	LLRVLE	ALRLIE	degade	agedag
6iur_1	LQRILQ	LQRLIQ	degade	agedag
6iur_1	LQERQE	IQELKE	degade	agedag
6iur_1	QELKLV	KELQRV	degade	agedag
6iur_1	LVRILE	RVRLIE	degade	agedag
6j6h_12	LRTLLT	KRTLAT	degade	agedag
6j6h_12	LTKLVM	ATKARM	degade	agedag
6j6h_12	VMERAK	RMEVLK	degade	agedag
6j6h_12	AKVALL	LKVLLL	degade	agedag
6j6h_12	LLEKD-	LLELN-	degad-	ageda-
6n6s_0	LVQNLK	LVQTVK	degade	agedag
6n6s_0	LKQVFE	VKQLVE	degade	agedag
6n6s_0	FEDFER	VEDLKR	degade	agedag
6n6s_0	ERDRMN	KRDMRN	degade	agedag
6n6s_0	MNEKLK	RNEEFK	degade	agedag
6n6s_0	LKQVLQ	FKQFVQ	degade	agedag
6n6s_0	LQQVTN	VQQLNN	degade	agedag
6n6s_0	TNQLL-	NNQLK-	degad-	ageda-
6ofp_1	YIQLMQ	LIQLKQ	degade	agedag
6ofp_1	MQQLAE	KQQALE	degade	agedag
6ofp_1	AEEKLN	LEELKN	degade	agedag
6ofp_1	LNLLAI	KNLALI	degade	agedag
6ofp_1	AIQKLT	LIQMLT	degade	agedag
6ofp_1	LTRLL-	LTRYC-	degad-	ageda-
6su3_1	AIGVSM	FIGSVM	degade	agedag
6su3_1	SMLFL-	VMLAA-	degad-	ageda-
1gvn_0	EIIILS	NIIWHS	degade	agedag
1gvn_0	LSSVR-	HSSLL-	degad-	ageda-
1ls4_0	AALQI-	AALTL-	degad-	ageda-
1o6o_2	IEWSC-	CEWAP-	degad-	ageda-
1oa0_0	LQALV-	VQALD-	degad-	ageda-
1phz_0	SFQFEI	AFQVKI	degade	agedag
1z8l_1	VQAAL-	FQAAL-	degad-	ageda-
1zee_5	LFEVLH	IFELKH	degade	agedag
1zee_7	LFEVLH	IFELKH	degade	agedag
2b2h_0	ILSTVM	VLSMYM	degade	agedag
2b39_1	YALAA-	YALAY-	degad-	ageda-
2bap_4	EIRCA-	RIRLL-	degad-	ageda-
2c1t_1	CWISS-	AWIPV-	degad-	ageda-
2c2x_0	IFDLR-	TFDAL-	degad-	ageda-
2fup_1	FADIAN	CADLLN	degade	agedag
2hn2_13	YSIDV-	VSIYT-	degad-	ageda-
2hn2_19	YSIDV-	VSIYT-	degad-	ageda-
2hn2_22	YSIDV-	VSIYT-	degad-	ageda-
2hn2_28	YSIDV-	VSIYT-	degad-	ageda-
2iak_3	ATELLN	ITEQMN	degade	agedag
2iak_5	ATELLN	ITEQMN	degade	agedag
2jkr_4	LRINV-	IRIEV-	degad-	ageda-
2jkt_3	LRINV-	IRIEV-	degad-	ageda-
2nox_1	KFDLAF	VFDMSF	degade	agedag
2nwb_3	LFEVLH	IFELKH	degade	agedag
2nwb_3	LHQTQ-	KHQLH-	degad-	ageda-
2o7e_1	ILILC-	ILIAA-	degad-	ageda-
2o7e_4	ILILC-	ILIAA-	degad-	ageda-
2vx2_0	TCKVH-	QCKLL-	degad-	ageda-
2xs1_7	LKGTYN	SKGINN	degade	agedag
2xs1_7	YNLTLV	NNLLLV	degade	agedag
2xs1_7	LVFQC-	LVFLV-	degad-	ageda-
2y02_3	IELCAI	VELVMI	degade	agedag
2yin_3	KLHLLI	NLHMII	degade	agedag
3anw_2	KLNLKL	ILNIIL	degade	agedag
3bct_8	ITLHL-	CTLIF-	degad-	ageda-
3bct_9	TDLQA-	VDLTL-	degad-	ageda-
3etv_5	LVVIK-	EVVLS-	degad-	ageda-
3fex_3	EAWAN-	SAWTK-	degad-	ageda-
3gjx_1	KLMIQ-	ELMLY-	degad-	ageda-
3gq2_1	VRLKS-	TRLYI-	degad-	ageda-
3gq2_4	LMQLV-	QMQLE-	degad-	ageda-
3gq2_5	INVSI-	CNVAL-	degad-	ageda-
3now_15	VAQCA-	LAQIH-	degad-	ageda-
3now_23	VAQCA-	LAQIH-	degad-	ageda-
3o4x_6	LELRL-	CELEN-	degad-	ageda-
3o4x_11	MHNML-	THNIK-	degad-	ageda-
3o4x_13	IVVTC-	MVVML-	degad-	ageda-
3odn_2	EWNFA-	IWNLL-	degad-	ageda-
3s4w_7	YSLTV-	YSLAL-	degad-	ageda-
3unv_3	QLNLVF	ILNAMF	degade	agedag
3unv_3	VFFEC-	MFFLN-	degad-	ageda-
3w5k_6	LEYTV-	LEYCV-	degad-	ageda-
3zyk_0	YSYLK-	HSYLF-	degad-	ageda-
4a0c_6	LTLMR-	YTLFK-	degad-	ageda-
4aki_0	NWEVYW	KWELIW	degade	agedag
4aki_0	YWDLI-	IWDLD-	degad-	ageda-
4db9_2	LWLSA-	AWLEI-	degad-	ageda-
4gmn_0	LVDISL	KVDWAL	degade	agedag
4hzk_0	MILRS-	TILAL-	degad-	ageda-
4hzk_2	LDWLV-	CDWTL-	degad-	ageda-
4hzk_3	EFNLA-	TFNLA-	degad-	ageda-
4hzk_5	LNCLIN	FNCRLN	degade	agedag
4ifq_0	FLREI-	QLRFV-	degad-	ageda-
4ifq_12	LAKIK-	YAKLL-	degad-	ageda-
4k1o_2	MNVVV-	LNVEF-	degad-	ageda-
4kf7_2	ADLIIS	FDLSAS	degade	agedag
4l38_10	KIKSWL	VIKSIL	degade	agedag
4l38_10	WLKML-	ILKLR-	degad-	ageda-
4l6y_4	LISICQ	VISLEQ	degade	agedag
4mfu_8	NLDSS-	ALDSL-	degad-	ageda-
4nsr_1	NQELLQ	IQESIQ	degade	agedag
4nsr_1	LQLDI-	IQLIL-	degad-	ageda-
4q85_4	NERVLS	FERLFS	degade	agedag
4q86_3	KALALG	LALFIG	degade	agedag
4rid_4	ATMLI-	ITMIV-	degad-	ageda-
4rid_7	ATMLI-	ITMIV-	degad-	ageda-
4rid_10	ATMLI-	ITMIV-	degad-	ageda-
4ry3_1	ATMLI-	ITMIV-	degad-	ageda-
4ry3_2	ATMLI-	ITMIV-	degad-	ageda-
4tf4_1	ETAAA-	TTAAF-	degad-	ageda-
4uqv_1	KALALA	LALLCA	degade	agedag
5cof_1	VSLLNA	ISLVLA	degade	agedag
5cof_1	NAVVI-	LAVLY-	degad-	ageda-
5cog_0	LSQLV-	LSQQI-	degad-	ageda-
5cwi_0	IKASAE	AKAEAE	degade	agedag
5cwi_0	AEASA-	AEALI-	degad-	ageda-
5cy5_1	MLNIM-	SLNLI-	degad-	ageda-
5d92_1	LILASV	VILLCV	degade	agedag
5d92_1	SVTIR-	CVTLI-	degad-	ageda-
5e57_2	RRELA-	LREVA-	degad-	ageda-
5ebz_11	AMSLYN	LMSVLN	degade	agedag
5ebz_11	YNNLMK	LNNIKK	degade	agedag
5ebz_11	MKTLA-	KKTLL-	degad-	ageda-
5h41_2	LAQTLL	QAQSKL	degade	agedag
5j1g_4	ELLTK-	RLLLI-	degad-	ageda-
5liz_0	LKVIAK	NKVIAK	degade	agedag
5liz_0	AKLQL-	AKLLK-	degad-	ageda-
5nm4_1	PLLMVY	YLLALY	degade	agedag
5ti9_1	VPQLSL	SPQMVL	degade	agedag
5udc_1	ELKYA-	NLKFV-	degad-	ageda-
5ufl_9	CEIAI-	VEILL-	degad-	ageda-
5xa0_0	DTLKEI	RTLVFI	degade	agedag
5yck_0	LLLSL-	VLLWK-	degad-	ageda-
6aj4_3	HHKLCF	THKLTF	degade	agedag
6aj4_3	CFDFRC	TFDMIC	degade	agedag
6ar7_4	VRRALR	LRRAVR	degade	agedag
6azv_3	AYACAL	LYALAL	degade	agedag
6azv_3	ALSLY-	ALSLL-	degad-	ageda-
6c8t_2	IEEAA-	REELP-	degad-	ageda-
6d74_0	MNFKLE	INFLIE	degade	agedag
6duw_0	IQAKMN	LQAEFN	degade	agedag
6duw_0	MNVVV-	FNVQI-	degad-	ageda-
6ey4_0	FGMNFE	NGMSAE	degade	agedag
6f38_2	QMKFQH	IMKYMH	degade	agedag
6idp_0	WWASTG	IWAFIG	degade	agedag
6idp_0	TGMLY-	IGMAD-	degad-	ageda-
6rfr_4	IEVVAH	TEVLLH	degade	agedag
6rlb_0	LHIDVT	MHIFWT	degade	agedag
1ci6_0	LTECLE	LTELVE	degade	agedag
1ci6_0	LEKNLK	VEKLNK	degade	agedag
1ci6_0	LKRALA	NKRLVA	degade	agedag
1ci6_0	LAEIL-	VAETN-	degad-	ageda-
1l4a_2	IQQCVT	EQQIHT	degade	agedag
1l4a_2	VTDSST	HTDILT	degade	agedag
1l4a_2	STRMM-	LTRAT-	degad-	ageda-
1yke_4	LQKLV-	LQKLI-	degad-	ageda-
1ytz_1	LRKALW	LRKTLW	degade	agedag
1ytz_1	LWWLLQ	LWWTRQ	degade	agedag
1ytz_1	LQEKFA	RQEVIA	degade	agedag
1ytz_1	FAQIKK	IAQLSK	degade	agedag
1z9c_1	LLASE-	LLALK-	degad-	ageda-
2aze_0	LEERRL	MEELEL	degade	agedag
2aze_0	RLRIKQ	ELRLLQ	degade	agedag
2aze_0	KQQLL-	LQQLL-	degad-	ageda-
2cly_1	VQNNMA	LQNLNA	degade	agedag
2ql2_1	AVVILE	LVVLIE	degade	agedag
3brv_0	IRSNLR	TRSALR	degade	agedag
3brv_0	LRRCLL	LRRLAL	degade	agedag
3crp_0	LEAVLL	VEALNL	degade	agedag
3crp_0	LLANLE	NLALVE	degade	agedag
3crp_0	LEAVL-	VEALV-	degad-	ageda-
3crp_1	LAKVLL	VAKLNL	degade	agedag
3crp_1	LLKNLA	NLKLVA	degade	agedag
3crp_1	LAEVL-	VAELV-	degad-	ageda-
3eab_1	RARLKM	SARQSM	degade	agedag
3eab_1	KMTNM-	SMTTS-	degad-	ageda-
3he4_1	LKYILE	IKYLIE	degade	agedag
3he4_1	LERNLK	IERLNK	degade	agedag
3he4_1	LKLKLK	NKLLVK	degade	agedag
3he4_1	LKAKL-	VKALN-	degad-	ageda-
3he4_2	LKYILE	IKYLIE	degade	agedag
3he4_2	LERNLK	IERLNK	degade	agedag
3he4_2	LKLKLK	NKLLVK	degade	agedag
3he4_2	LKAKL-	VKALN-	degad-	ageda-
3he4_3	LKYILE	IKYLIE	degade	agedag
3he4_3	LERNLK	IERLNK	degade	agedag
3he4_3	LKLKLK	NKLLVK	degade	agedag
3he4_3	LKAKL-	VKALN-	degad-	ageda-
3he4_4	LKYILE	IKYLIE	degade	agedag
3he4_4	LERNLK	IERLNK	degade	agedag
3he4_4	LKLKLK	NKLLVK	degade	agedag
3he4_4	LKAKL-	VKALN-	degad-	ageda-
3he4_5	LKYILE	IKYLIE	degade	agedag
3he4_5	LERNLK	IERLNK	degade	agedag
3he4_5	LKLKLK	NKLLVK	degade	agedag
3he4_5	LKAKL-	VKALN-	degad-	ageda-
3he5_0	LRKILK	IRKLIK	degade	agedag
3he5_0	LKDNLE	IKDKNE	degade	agedag
3he5_0	LEDELE	NEDLNE	degade	agedag
3he5_0	LEIILR	NEILVR	degade	agedag
3he5_0	LREIL-	VRELV-	degad-	ageda-
3jck_10	TKMVAE	VKMQLE	degade	agedag
3jck_10	AEYSI-	LEYST-	degad-	ageda-
3nkz_6	KLAIN-	LLAYL-	degad-	ageda-
3nkz_7	KLAIN-	LLAYL-	degad-	ageda-
3oja_1	QQVQAI	VQVKTI	degade	agedag
3oja_1	AIDWYQ	TIDLQQ	degade	agedag
3oja_1	YQKELA	QQKKLA	degade	agedag
3oja_1	LAENLK	LAELNK	degade	agedag
3oja_1	LKLNAD	NKLLTD	degade	agedag
3oja_1	ADALAN	TDAKAN	degade	agedag
3oja_1	ANTLLV	ANTRTV	degade	agedag
3oja_1	LVREL-	TVRKQ-	degad-	ageda-
3opc_1	LWALNA	TWALLA	degade	agedag
3opc_1	NAQAHN	LAQVNN	degade	agedag
3rko_2	LSIMVI	MSILVI	degade	agedag
3tq7_0	LKTVLE	LKTYRE	degade	agedag
3tq7_0	LEERYF	REELVF	degade	agedag
3viq_1	LLTYIR	ALTWIR	degade	agedag
3viq_1	IRIAM-	IRILD-	degad-	ageda-
4bry_0	WKVARR	NKVLIR	degade	agedag
4bry_0	RRALAL	IRAKLL	degade	agedag
4bry_0	ALENLH	LLELNH	degade	agedag
4bry_0	LHEIKD	NHEALD	degade	agedag
4bry_0	KDEILK	LDENAK	degade	agedag
4c7n_0	YIKLEQ	AIKLNQ	degade	agedag
4c7n_0	EQRALE	NQRLLE	degade	agedag
4c7n_0	LERQLE	LERLVE	degade	agedag
4c7n_0	LEANLL	VEAIIL	degade	agedag
4c7n_0	LLRIL-	ILRYI-	degad-	ageda-
4etp_0	LKKILK	IKKLSK	degade	agedag
4etp_0	LKKILK	SKKEVK	degade	agedag
4etp_0	LKKITE	VKKTYE	degade	agedag
4etp_0	TEGMLN	YEGQIN	degade	agedag
4etp_0	LNILEE	INILIE	degade	agedag
4etp_0	EEVRLH	IEVLIH	degade	agedag
4g1e_1	LEENL-	NEELL-	degad-	ageda-
4hbl_0	SANVLF	IANLEF	degade	agedag
4iyh_4	AAEAQI	AAELSI	degade	agedag
4iyh_4	QIRLD-	SIRLI-	degad-	ageda-
4j42_2	MQFILE	AQFAFE	degade	agedag
4j42_2	LEISL-	FEIIL-	degad-	ageda-
4o9b_0	AESLLQ	LESEAQ	degade	agedag
4o9b_0	LQRLA-	AQREL-	degad-	ageda-
4pas_0	LQENLR	VQEKIR	degade	agedag
4pas_0	LRKILD	IRKLND	degade	agedag
4pas_0	LDDLV-	NDDLS-	degad-	ageda-
4wy4_2	AETATS	LETIQS	degade	agedag
4wy4_2	TSSLMY	QSSEMY	degade	agedag
4wy4_2	MYSEGV	MYSILV	degade	agedag
4wy4_2	GVSSLA	LVSGLA	degade	agedag
4wy4_2	LAQRLE	LAQNIE	degade	agedag
4wy4_2	LETEV-	IETYL-	degad-	ageda-
4y66_0	ARELLQ	QRELGQ	degade	agedag
4y66_0	LQALQT	GQALVT	degade	agedag
4y66_0	QTFIAT	VTFLIT	degade	agedag
5cw3_0	AEHLLI	LEHLAI	degade	agedag
5cw3_0	LIKVSD	AIKNID	degade	agedag
5cw3_0	SDEVLE	IDEFVE	degade	agedag
5low_2	VESKGI	IESQQI	degade	agedag
5low_2	GITLLD	QITEMD	degade	agedag
5low_2	LDQGLD	MDQMLD	degade	agedag
5low_2	LDVEM-	LDVIV-	degad-	ageda-
5lsj_0	FLQRLR	LLQLQR	degade	agedag
5lsj_0	LRHVQE	QRHQLE	degade	agedag
5lsj_0	QEENLA	LEELKA	degade	agedag
5lsj_0	LAAVGR	KAAEYR	degade	agedag
5lsj_0	GRQVLQ	YRQLIQ	degade	agedag
5lsj_0	LQQVQ-	IQQLF-	degad-	ageda-
5n9j_7	LEQLEE	NEQLRE	degade	agedag
5n9j_7	EEQVLR	REQKIR	degade	agedag
5n9j_7	LRHNM-	IRHLI-	degad-	ageda-
5vpe_0	LEKVLK	KEKLIK	degade	agedag
5vpe_0	LKQNLA	IKQLKA	degade	agedag
5vpe_0	LATALR	KATLTR	degade	agedag
5vpe_0	LRQVL-	TRQLT-	degad-	ageda-
5wwl_0	KRLLLN	LRLIKN	degade	agedag
5wwl_0	LNDLID	KNDKLD	degade	agedag
5wwl_0	IDENLS	LDELRS	degade	agedag
5wwl_0	LSQIEE	RSQKLE	degade	agedag
5wwl_0	EEATCI	LEAAII	degade	agedag
5wwl_0	CIRML-	IIRMD-	degad-	ageda-
5x60_1	KDQIWK	NDQIIK	degade	agedag
5x60_1	WKIVQE	IKIVLE	degade	agedag
5x60_1	QELKL-	LELLL-	degad-	ageda-
5x9x_0	LVENLQ	LVEKLQ	degade	agedag
5x9x_0	LQLIKE	LQLFNE	degade	agedag
5x9x_0	KEKIL-	NEKVL-	degad-	ageda-
6cfz_1	EQITLQ	MQIALQ	degade	agedag
6cfz_1	LQIDFA	LQINIA	degade	agedag
6cfz_1	FAAHVT	IAALQT	degade	agedag
6cko_1	LVAQIT	NVALKT	degade	agedag
6cko_1	ITHNLR	KTHLIR	degade	agedag
6cko_1	LRQTLE	IRQLNE	degade	agedag
6cko_1	LEDMLR	NEDLLR	degade	agedag
6cko_1	LRQSL-	LRQMI-	degad-	ageda-
6e2j_0	FEFILR	LEFLIR	degade	agedag
6e2j_0	LRRVLK	IRRLKK	degade	agedag
6e2j_0	LKDQLD	KKDLLD	degade	agedag
6e2j_0	LDELMQ	LDELIQ	degade	agedag
6e2j_0	MQMVYR	IQMVRR	degade	agedag
6e2j_0	YRKYEI	RRKEYI	degade	agedag
6e2j_0	EIKRAE	YIKFAE	degade	agedag
6e2j_0	AEEFIK	AEEAIK	degade	agedag
6e2j_0	IKDVAY	IKDINY	degade	agedag
6e2j_0	AYTKLQ	NYTLIQ	degade	agedag
6e2j_0	LQKLLQ	IQKLIQ	degade	agedag
6e2j_0	LQEIL-	IQEYY-	degad-	ageda-
6epd_17	KLEHID	ILENID	degade	agedag
6epd_17	IDRLLR	IDRMLR	degade	agedag
6epd_17	LRQLLT	LRQVVT	degade	agedag
6epd_17	LTQYSE	VTQMIE	degade	agedag
6epe_12	KSNLLQ	VSNAFQ	degade	agedag
6epe_12	LQQRLN	FQQLQN	degade	agedag
6epe_12	LNKVLR	QNKIER	degade	agedag
6epf_7	YEALIQ	LEARLQ	degade	agedag
6epf_7	IQMSVD	LQMKTD	degade	agedag
6g6l_2	VQEELI	VQELNI	degade	agedag
6g6l_2	LIEELR	NIELIR	degade	agedag
6g6l_2	LRRRLK	IRRHNK	degade	agedag
6h3c_2	LQKVVC	LQKLKC	degade	agedag
6h3c_2	VCDVSE	KCDLLE	degade	agedag
6h3c_2	SEVVCQ	LEVNLQ	degade	agedag
6h3c_2	CQEVLR	LQELLR	degade	agedag
6id1_3	EARAM-	IARQL-	degad-	ageda-
6id1_4	LMQLLW	LMQAIW	degade	agedag
6id1_4	LWQIA-	IWQLN-	degad-	ageda-
6j6n_1	KVSILQ	YVSIQQ	degade	agedag
6j6n_1	LQKLVQ	QQKTLQ	degade	agedag
6j6n_1	VQLENN	LQLLEN	degade	agedag
6j6n_1	NNMCLC	ENMLDC	degade	agedag
6jt2_0	QDLKLG	KDLLLG	degade	agedag
6jt2_0	LGLKLE	LGLLTE	degade	agedag
6jt2_0	LEAHLE	TEALTE	degade	agedag
6jt2_0	LEEKT-	TEEEF-	degad-	ageda-
6jxr_0	VLATYE	NLAVLE	degade	agedag
6jxr_0	YELLAT	LELFVT	degade	agedag
6qld_1	MNQSQK	RNQSLK	degade	agedag
6qld_1	QKMLQN	LKMLQN	degade	agedag
6qle_2	INSNLC	LNSELC	degade	agedag
6qle_2	LCQLVL	LCQLNL	degade	agedag
6qle_2	VLRKLN	NLREYN	degade	agedag
6qle_2	LNQIVR	YNQIRR	degade	agedag
6qle_6	LRDLKC	LRDKIC	degade	agedag
6qle_6	KCALGE	ICALLE	degade	agedag
6qle_6	GEKLIL	LEKLNL	degade	agedag
1yo7_1	MAFIQT	LAFQIT	degade	agedag
1yo7_1	QTTLK-	ITTMA-	degad-	ageda-
1ecm_0	LRKILD	VRKLRD	degade	agedag
1ecm_0	LDKLLL	RDKLLL	degade	agedag
1ecm_0	LLERLA	LLELIA	degade	agedag
1ecm_0	LAEVA-	IAELL-	degad-	ageda-
1ecm_1	LRKILD	VRKLRD	degade	agedag
1ecm_1	LDKLLL	RDKLLL	degade	agedag
1ecm_1	LLERLA	LLELIA	degade	agedag
1ecm_1	LAEVA-	IAELL-	degad-	ageda-
1few_2	TAGLMA	AAGMLA	degade	agedag
1few_2	MAEAQ-	LAETT-	degad-	ageda-
1gmj_0	HAEILQ	IAEHIQ	degade	agedag
1gmj_0	LQEIHK	IQELIK	degade	agedag
1gmj_0	HKSIL-	IKSHI-	degad-	ageda-
1hvv_2	SIELMF	IIEMQF	degade	agedag
1hvv_2	MFDMLV	QFDLMV	degade	agedag
1hvv_2	LVSQMI	MVSMLI	degade	agedag
1ixe_1	SFRTSE	MFRSTE	degade	agedag
1q09_0	VQRLVE	NQRLQE	degade	agedag
1q09_0	VERILQ	QERLIQ	degade	agedag
1q09_0	LQMQLQ	IQMVLQ	degade	agedag
1sfk_2	LLFKLG	TLFLKG	degade	agedag
1sfk_2	LGLTI-	KGLLM-	degad-	ageda-
1sfk_3	LLFKLG	TLFLKG	degade	agedag
1sfk_3	LGLTI-	KGLLM-	degad-	ageda-
1t3j_0	LEEILS	EEEARS	degade	agedag
1t3j_0	LSEILE	RSESQE	degade	agedag
1t3j_0	LEMQSK	QEMLIK	degade	agedag
1t3j_0	SKLRAV	IKLLIV	degade	agedag
1t3j_0	AVLEL-	IVLLQ-	degad-	ageda-
1wmi_0	LELKI-	EELIK-	degad-	ageda-
1ykd_0	SSSFAT	MSSAQT	degade	agedag
1ykd_0	ATKQAA	QTKAFA	degade	agedag
1zke_4	FEIRLA	EEIQEA	degade	agedag
1zke_4	LAIEQN	EAILRN	degade	agedag
1zke_7	FEIRLA	EEIQEA	degade	agedag
1zke_7	LAIEQN	EAILRN	degade	agedag
1zuo_1	MKLRY-	RKLMD-	degad-	ageda-
1zuo_2	MKLRY-	RKLMD-	degad-	ageda-
1zuo_3	MKLRY-	RKLMD-	degad-	ageda-
1zw0_2	ITQLA-	LTQIV-	degad-	ageda-
1zw0_6	ITQLA-	LTQIV-	degad-	ageda-
1zww_2	VQQLHK	TQQLVK	degade	agedag
1zww_2	HKAVLQ	VKAHLQ	degade	agedag
1zww_2	LQVTLE	LQVVSE	degade	agedag
1zww_5	VQQLHK	TQQLVK	degade	agedag
1zww_5	HKAVLQ	VKAHLQ	degade	agedag
1zww_5	LQVTLE	LQVVSE	degade	agedag
2a1f_1	LAVML-	MAVLM-	degad-	ageda-
2a1f_2	LAVML-	MAVLM-	degad-	ageda-
2bni_1	LEILGH	KEILCH	degade	agedag
2bni_1	GHICLA	CHIGLA	degade	agedag
2bni_1	LAIKL-	LAILE-	degad-	ageda-
2c08_1	VSLSVQ	ISLLTQ	degade	agedag
2c08_1	VQQLHK	TQQLVK	degade	agedag
2c08_1	HKAVLQ	VKAHLQ	degade	agedag
2c08_1	LQVTLE	LQVVSE	degade	agedag
2gn9_1	ATLCK-	CTLAL-	degad-	ageda-
2gn9_2	ATLCK-	CTLAL-	degad-	ageda-
2hh7_1	CVVMIS	HVVMNS	degade	agedag
2hh7_1	ISVQLE	NSVLQE	degade	agedag
2hh7_1	LEANML	QEAIML	degade	agedag
2htm_1	AMEALA	AMEKAA	degade	agedag
2htm_1	LAEAKA	AAELAA	degade	agedag
2n9b_0	QESLAS	VESLKS	degade	agedag
2n9b_0	ASQKLE	KSQALE	degade	agedag
2n9b_0	LEKVL-	LEKQK-	degad-	ageda-
2p4w_0	LAFLLN	IAFIRN	degade	agedag
2p4w_0	LNRIII	RNRLKI	degade	agedag
2p4w_0	IIEKLE	KIEIIE	degade	agedag
2r26_1	AMMAAA	AMMAAA	degade	agedag
2wm9_0	FELAYD	TELYHD	degade	agedag
2wm9_0	YDLHYS	HDLYAS	degade	agedag
2yfd_1	LALLTY	LALTLY	degade	agedag
2yq8_0	IHEKVT	THETDT	degade	agedag
2yq8_0	VTLKIK	DTLAKK	degade	agedag
2yq8_0	IKEELE	KKELEE	degade	agedag
2yq8_0	LEIKAE	EEIIKE	degade	agedag
2yq8_0	AELDTS	KELVKS	degade	agedag
3df8_0	KGNVSL	LGNYLL	degade	agedag
3df8_0	SLPLYI	LLPSVI	degade	agedag
3g9g_2	QTFSLL	MTFCTL	degade	agedag
3g9g_2	LLTTCE	TLTLSE	degade	agedag
3g9g_2	CEVMF-	SEVQL-	degad-	ageda-
3gp4_0	LKRIMQ	LKRMIQ	degade	agedag
3gp4_0	MQALLD	IQALRD	degade	agedag
3gp4_0	LDKIY-	RDKLA-	degad-	ageda-
3gp4_1	LKRIMQ	LKRMIQ	degade	agedag
3gp4_1	MQALLD	IQALRD	degade	agedag
3gp4_1	LDKIY-	RDKLA-	degad-	ageda-
3gp4_2	LKRIMQ	LKRMIQ	degade	agedag
3gp4_2	MQALLD	IQALRD	degade	agedag
3gp4_2	LDKIY-	RDKLA-	degad-	ageda-
3gt0_1	AQVLAK	LQVALK	degade	agedag
3h01_0	INYTIH	ANYLLH	degade	agedag
3h01_0	IHLISQ	LHLLQQ	degade	agedag
3n96_0	EFALSL	GFALAL	degade	agedag
3n96_0	SLEASL	ALESAL	degade	agedag
3n96_0	SLLALL	ALLSLL	degade	agedag
3ok8_3	SNFLLG	VNFLRG	degade	agedag
3ok8_3	LGARLQ	RGALLQ	degade	agedag
3q8t_0	LQELLA	LQEAMA	degade	agedag
3q8t_0	LAEELI	MAEVLI	degade	agedag
3q8t_0	LIELVE	LIELQE	degade	agedag
3q8t_0	VENRVA	QENFYA	degade	agedag
3q8t_0	VANLVQ	YANYEQ	degade	agedag
3q8t_0	VQEALD	EQELAD	degade	agedag
3q8t_0	LDEEYQ	ADEVLQ	degade	agedag
3q8t_0	YQEYFK	LQEVRK	degade	agedag
3q8t_0	FKQQLD	RKQVLD	degade	agedag
3q8t_0	LDELVE	LDELEE	degade	agedag
3q8t_0	VEQMAQ	EEQLLQ	degade	agedag
3q8t_0	AQQLL-	LQQLS-	degad-	ageda-
3rmi_0	LRSIFD	IRSCRD	degade	agedag
3rmi_0	FDTLIL	RDTILL	degade	agedag
3rmi_0	ILERCT	LLEFIT	degade	agedag
3rmi_0	CTAIL-	ITALL-	degad-	ageda-
3slg_1	CSQLR-	LSQCI-	degad-	ageda-
3slg_2	CSQLR-	LSQCI-	degad-	ageda-
3thf_1	ITLLLS	KTLAMS	degade	agedag
3thf_1	LSRLTE	MSRLRE	degade	agedag
3thf_1	TESLRQ	RESLRQ	degade	agedag
3thf_1	RQERLE	RQERLE	degade	agedag
3thf_1	LEKRLY	LEKTLY	degade	agedag
3thf_1	LYQMAQ	LYQLLQ	degade	agedag
3thf_4	ITLLLS	KTLAMS	degade	agedag
3thf_4	LSRLTE	MSRLRE	degade	agedag
3thf_4	TESLRQ	RESLRQ	degade	agedag
3thf_4	RQERLE	RQERLE	degade	agedag
3thf_4	LEKRLY	LEKTLY	degade	agedag
3thf_4	LYQMAQ	LYQLLQ	degade	agedag
3u1c_0	LKDKAL	IKDLVL	degade	agedag
3u1c_0	ALRAAE	VLRAAE	degade	agedag
3u1c_0	AEDKAE	AEDALE	degade	agedag
3u1c_0	AERSLE	LERSLE	degade	agedag
3u1c_0	LEDILE	LEDVRE	degade	agedag
3u1c_0	LEQLTE	REQTLE	degade	agedag
3u1c_0	TESRVL	LESLIL	degade	agedag
3u1c_0	VLELSE	ILELSE	degade	agedag
3u1c_0	SESLAE	SESAKE	degade	agedag
3u1c_0	AENAAE	KENAAE	degade	agedag
3u1c_0	AEEVLN	AEEAKN	degade	agedag
3uux_2	LKFSLV	LKFILV	degade	agedag
3uux_2	LVSLLN	LVSLQN	degade	agedag
3uux_2	LNQKTL	QNQIIL	degade	agedag
3uux_2	TLEIIE	ILELKE	degade	agedag
3uux_2	IEEVLR	KEELVR	degade	agedag
3uux_2	LRKKLL	VRKIIL	degade	agedag
3uux_2	LLKIIE	ILKTKE	degade	agedag
3uux_2	IENQLE	KENLLE	degade	agedag
3uux_2	LENLID	LENLSD	degade	agedag
4c1a_0	LEELVE	LEELRE	degade	agedag
4c1a_0	VEQILV	REQLIV	degade	agedag
4c1a_0	LVRRLR	IVRVLR	degade	agedag
4fin_0	LEKDLA	LEKIRA	degade	agedag
4fin_0	LAEAEA	RAEEAA	degade	agedag
4fin_0	EARRIE	AARLDE	degade	agedag
4fla_0	VDACLA	RDAVLA	degade	agedag
4fla_0	LAYNLA	LAYYLA	degade	agedag
4fla_0	LAELRR	LAEKLR	degade	agedag
4fla_0	RRLALV	LRLQTV	degade	agedag
4fla_0	LVYTQK	TVYLAK	degade	agedag
4fla_0	QKVLKE	AKVRLE	degade	agedag
4fla_0	KEKLYK	LEKLNK	degade	agedag
4fla_0	YKKLVT	NKKLCT	degade	agedag
4h8s_1	AQEMA-	MQEAV-	degad-	ageda-
4j41_1	EFQSAM	IFQIYM	degade	agedag
4j41_1	AMQYIL	YMQASL	degade	agedag
4j7k_1	QFQSAM	IFQIYM	degade	agedag
4j7k_1	AMQYIL	YMQASL	degade	agedag
4jnu_1	LRIKLK	LRIIIK	degade	agedag
4jnu_1	LKQQLS	IKQLQS	degade	agedag
4jnu_1	LSLIIK	QSLLKK	degade	agedag
4jpb_1	NISILI	IISKII	degade	agedag
4jpb_1	LINIIA	IINVTA	degade	agedag
4jpb_1	IAETLA	TAELVA	degade	agedag
4jpb_1	LANAEA	VANVFA	degade	agedag
4jpb_1	EARAAG	FARAAG	degade	agedag
4jpb_1	AGGFVA	AGGEAA	degade	agedag
4jpb_1	VAEVLS	AAELTS	degade	agedag
4jpb_1	LSETVT	TSEIIT	degade	agedag
4jpb_1	VTQIK-	ITQLI-	degad-	ageda-
4jq5_1	LQYRIE	EQYIRE	degade	agedag
4mbq_1	DLRAD-	ALRDT-	degad-	ageda-
4pxj_0	LNVKLI	LNVLII	degade	agedag
4pxj_0	LIKVLS	IIKLKS	degade	agedag
4pxj_0	LSEQLR	KSEALR	degade	agedag
4pxj_0	LRELAK	LRELQK	degade	agedag
4pxj_0	AKAKLE	QKALVE	degade	agedag
4pxj_0	LERILE	VERLKE	degade	agedag
4u6s_1	DSLCLN	RSLLCN	degade	agedag
4wpy_0	ELVALS	SLVMGS	degade	agedag
4wpy_0	LSLGML	GSLLAL	degade	agedag
4wpy_0	MLVSD-	ALVEI-	degad-	ageda-
5c1f_3	TLISCF	RLICDF	degade	agedag
5c1f_3	CFDDCE	DFDCSE	degade	agedag
5c1f_3	CEIRL-	SEITW-	degad-	ageda-
5c9e_1	FEKVSS	IEKCSS	degade	agedag
5c9e_1	SSISCR	SSISVR	degade	agedag
5crl_0	AEKLVR	VEKLER	degade	agedag
5crl_0	VRKMLA	ERKLMA	degade	agedag
5crl_0	LAMELS	MAMVLS	degade	agedag
5crl_0	LSLVC-	LSLAS-	degad-	ageda-
5d3a_0	MEDMLL	IEDCIL	degade	agedag
5d3a_0	LLQRLT	ILQIIT	degade	agedag
5d3a_0	LTRRLS	ITRLMS	degade	agedag
5d3a_0	LSRRIV	MSRIVV	degade	agedag
5d3a_0	IVENGD	VVEGND	degade	agedag
5d3a_0	GDNVIN	NDNIRN	degade	agedag
5d3a_0	INEMLT	RNELRT	degade	agedag
5d3a_0	LTNIIN	RTNLRN	degade	agedag
5d3a_0	INSICQ	RNSLMQ	degade	agedag
5d90_1	IERLFE	KERYLE	degade	agedag
5d90_1	FEQTVK	LEQLLK	degade	agedag
5d90_1	VKQILK	LKQLIK	degade	agedag
5d90_1	LKYLLE	IKYVTE	degade	agedag
5d90_1	LEKLYQ	TEKFLQ	degade	agedag
5ded_2	RLRAAA	ILRELA	degade	agedag
5ded_2	AARLEM	LARAAM	degade	agedag
5ded_2	EMEIE-	AMERV-	degad-	ageda-
5dol_0	VILEIG	KILLYG	degade	agedag
5dol_0	IGLYLG	YGLIEG	degade	agedag
5dol_0	LGLKI-	EGLVF-	degad-	ageda-
5eon_0	LKIAFK	AKIFAK	degade	agedag
5eon_0	FKIAFK	AKIFAK	degade	agedag
5eon_0	FKIAFK	AKIFAK	degade	agedag
5lcy_1	CLILIA	HLIMMA	degade	agedag
5lcy_1	IAVRSN	MAVSRN	degade	agedag
5lcy_1	SNLMMV	RNLILV	degade	agedag
5n5e_10	EEMERL	REMENL	degade	agedag
5n5e_10	RLIILD	NLILID	degade	agedag
5n5e_10	LDINEQ	IDIREQ	degade	agedag
5z0v_0	IKFKLA	LKFLKA	degade	agedag
5z0v_0	LAMLI-	KAMIM-	degad-	ageda-
6adz_1	LSKVCH	MSKKAH	degade	agedag
6adz_1	CHEALR	AHELAR	degade	agedag
6adz_1	LRAAKE	ARACVE	degade	agedag
6adz_1	KEEMV-	VEELL-	degad-	ageda-
6f6p_3	LKELAQ	LKELRQ	degade	agedag
6f6p_3	AQELKD	RQELCD	degade	agedag
6f6p_3	KDECLS	CDEKLS	degade	agedag
6f6p_3	LSVRLG	LSVALG	degade	agedag
6f6p_3	LGELL-	LGELY-	degad-	ageda-
6jgv_0	IDHIVQ	RDHLQQ	degade	agedag
6jgv_0	VQRILV	QQRLIV	degade	agedag
6jgv_0	LVLQLV	IVLVIV	degade	agedag
6jgv_0	LVLRC-	IVLIN-	degad-	ageda-
1a22_3	LFNARA	LFNRLA	degade	agedag
1a22_5	IQLML-	LQLLL-	degad-	ageda-
1ax8_2	DLNLL-	ILNLT-	degad-	ageda-
1ax8_4	DLNLL-	ILNLT-	degad-	ageda-
1b71_2	EEHEFL	YEHEAL	degade	agedag
1b71_3	EEHEFL	YEHEAL	degade	agedag
1ca1_1	YLEAY-	ALEFI-	degad-	ageda-
1cii_0	AGRLAI	IGRFEI	degade	agedag
1cii_0	AIARDE	EIAALE	degade	agedag
1cii_2	ARNLRT	LRNALT	degade	agedag
1cii_2	RTEQAN	LTEVLN	degade	agedag
1cii_2	ANALLL	LNAAIL	degade	agedag
1cii_2	LLEKIR	ILENQR	degade	agedag
1cii_2	IRQLI-	QRQLQ-	degad-	ageda-
1cnt_1	ARIRLT	IRITST	degade	agedag
1cnt_1	LTLTY-	STLLL-	degad-	ageda-
1cnt_3	QVAFQ-	IVALS-	degad-	ageda-
1cnt_4	LQLSTV	TQLLRV	degade	agedag
1cnt_4	TVSIL-	RVSAI-	degad-	ageda-
1cxz_0	LREIEL	LRELLL	degade	agedag
1cxz_0	ELLKA-	LLLSL-	degad-	ageda-
1dce_3	LQELCK	LQELIK	degade	agedag
1dvb_2	EEHEFL	YEHEAL	degade	agedag
1dvb_3	EEHEFL	YEHEAL	degade	agedag
1exz_2	IDLVVD	LDLLSD	degade	agedag
1exz_3	IDLVVD	LDLLSD	degade	agedag
1fch_1	ELAILR	ELASLR	degade	agedag
1few_3	TTALAI	WTALYI	degade	agedag
1few_3	AIEYAV	YIEKMV	degade	agedag
1few_3	AVTLLY	MVTAIY	degade	agedag
1few_3	LYQYL-	IYQVE-	degad-	ageda-
1fiy_11	LNLQLL	INLTLL	degade	agedag
1fxk_5	IKQKLE	EKQLIE	degade	agedag
1fxk_5	LETLMG	IETVMG	degade	agedag
1fxk_5	MGNLIT	MGNIVT	degade	agedag
1fxk_5	ITIMLS	VTIYLS	degade	agedag
1fxk_5	LSQAL-	LSQIL-	degad-	ageda-
1gto_3	TLLLL-	HLLCA-	degad-	ageda-
1h6g_1	TAAIR-	CAADI-	degad-	ageda-
1hiw_0	IALYH-	LALCS-	degad-	ageda-
1hiw_1	IALYH-	LALCS-	degad-	ageda-
1i50_2	AELLHV	LELAIV	degade	agedag
1i6z_1	VQFLCD	LQFFID	degade	agedag
1i6z_1	CDVEI-	IDVVD-	degad-	ageda-
1iw1_0	QEAWY-	LEALA-	degad-	ageda-
1jm0_0	ELAIY-	ILAEL-	degad-	ageda-
1jm0_1	ELAIY-	ILAEL-	degad-	ageda-
1jqo_8	ANYII-	RNYLR-	degad-	ageda-
1jqo_11	LNFQTL	INFTLL	degade	agedag
1jqo_12	LLRMAN	LLRARN	degade	agedag
1jqo_15	LNFQTL	INFTLL	degade	agedag
1kt0_2	FLLAY-	ALLCA-	degad-	ageda-
1l2j_1	VTALV-	MTACE-	degad-	ageda-
1l2j_2	VTALV-	MTACE-	degad-	ageda-
1l7c_2	LASEI-	RASIY-	degad-	ageda-
1l8d_0	YHDLSK	IHDLIK	degade	agedag
1l8d_0	SKTLLI	IKTLII	degade	agedag
1l8d_0	LIRKLE	IIRIRE	degade	agedag
1l8d_0	LEELI-	REEIK-	degad-	ageda-
1l8w_0	LDLVV-	KDLLA-	degad-	ageda-
1l9h_2	NFTLT-	LFTAL-	degad-	ageda-
1lkp_2	EEHEFL	YEHEAL	degade	agedag
1lkp_3	EEHEFL	YEHEAL	degade	agedag
1n4q_0	LQEMII	LQELRI	degade	agedag
1n4r_0	LQEMII	LQELRI	degade	agedag
1nt2_2	VEEIV-	LEELV-	degad-	ageda-
1nt2_3	VEEIV-	LEELV-	degad-	ageda-
1orj_0	LQILLK	IQILIK	degade	agedag
1orj_0	LKLRWE	IKLYIE	degade	agedag
1orj_2	NIRVII	AIRCAI	degade	agedag
1orj_3	LQILLK	IQILIK	degade	agedag
1orj_3	LKLRWE	IKLYIE	degade	agedag
1orj_5	NIRVII	AIRCAI	degade	agedag
1orj_6	YDAIL-	RDALL-	degad-	ageda-
1orj_9	YDAIL-	RDALL-	degad-	ageda-
1orj_11	LQILLK	IQILIK	degade	agedag
1orj_11	LKLRWE	IKLYIE	degade	agedag
1orj_13	NIRVII	AIRCAI	degade	agedag
1orj_14	LQILLK	IQILIK	degade	agedag
1orj_14	LKLRWE	IKLYIE	degade	agedag
1orj_16	NIRVII	AIRCAI	degade	agedag
1orj_17	YDAIL-	RDALL-	degad-	ageda-
1orj_20	YDAIL-	RDALL-	degad-	ageda-
1ory_4	LQILLK	IQILIK	degade	agedag
1prc_6	FMLSS-	AMLFA-	degad-	ageda-
1pvh_0	LVLYVV	LVLVLV	degade	agedag
1pvh_0	VVLGLG	LVLLAG	degade	agedag
1py2_1	LELLLQ	IELCIQ	degade	agedag
1q5n_6	LAVQVQ	KAVILQ	degade	agedag
1q5n_6	VQCYAL	LQCFAL	degade	agedag
1qvn_0	LELLLQ	IELCIQ	degade	agedag
1qvn_2	QLHLDL	LLHIIL	degade	agedag
1r2c_7	FMLSS-	AMLFA-	degad-	ageda-
1rzz_1	AHIAFF	CHIFAF	degade	agedag
1syq_1	CKILL-	IKIIS-	degad-	ageda-
1syq_4	CKILL-	IKIIS-	degad-	ageda-
1syq_7	CKILL-	IKIIS-	degad-	ageda-
1syq_9	CKILL-	IKIIS-	degad-	ageda-
1syq_11	CKILL-	IKIIS-	degad-	ageda-
1syq_13	CKILL-	IKIIS-	degad-	ageda-
1t6p_7	VLLLT-	LLLYA-	degad-	ageda-
1tae_1	LRQLY-	LRQLY-	degad-	ageda-
1tj7_3	NRLQL-	ERLLV-	degad-	ageda-
1tj7_4	NRLQL-	ERLLV-	degad-	ageda-
1tjl_0	LEWRLR	LEWIIR	degade	agedag
1tjl_0	LREVTV	IREERV	degade	agedag
1tjl_0	TVHME-	RVHEF-	degad-	ageda-
1tjl_1	LEWRLR	LEWIIR	degade	agedag
1tjl_1	LREVTV	IREERV	degade	agedag
1tjl_1	TVHME-	RVHEF-	degad-	ageda-
1tnb_1	LQEMII	LQELRI	degade	agedag
1tno_0	LQEMII	LQELRI	degade	agedag
1tnz_1	LQEMII	LQELRI	degade	agedag
1twg_2	AELLH-	LELAI-	degad-	ageda-
1u6i_6	LAEAL-	AAEKA-	degad-	ageda-
1v7n_0	LGLSVR	RGLVLR	degade	agedag
1v7n_0	VRLLLQ	LRLVLQ	degade	agedag
1vei_14	LQQLYN	IQQVAN	degade	agedag
1vei_14	YNLHL-	ANLVV-	degad-	ageda-
1vrn_7	FMLSS-	AMLFA-	degad-	ageda-
1wdg_0	FDTNL-	IDTIM-	degad-	ageda-
1wdg_4	FDTNL-	IDTIM-	degad-	ageda-
1wfd_0	LRKIYM	LRKLIM	degade	agedag
1wfd_0	YMRAIK	IMRYLK	degade	agedag
1x4t_0	LNEILL	INEKIL	degade	agedag
1x4t_0	LLEKWE	ILEIRE	degade	agedag
1x8z_0	YRCVYE	IRCLLE	degade	agedag
1x8z_0	YEAILE	LEAAQE	degade	agedag
1x8z_1	TLSTR-	ALSLI-	degad-	ageda-
1x8z_2	VSALA-	LSACK-	degad-	ageda-
1x8z_3	YRCVYE	IRCLLE	degade	agedag
1x8z_3	YEAILE	LEAAQE	degade	agedag
1x8z_4	TLSTR-	ALSLI-	degad-	ageda-
1xcb_2	LIYLLE	LIYLKE	degade	agedag
1xcb_4	LIYLLE	LIYLKE	degade	agedag
1xcb_7	LIYLLE	LIYLKE	degade	agedag
1xwm_3	LAQIMD	AAQTMD	degade	agedag
1xwm_3	MDRVQY	MDRLMY	degade	agedag
1xwo_4	LSISLL	KSILSL	degade	agedag
1xwo_4	LLLIL-	SLLLA-	degad-	ageda-
1xzp_4	LIVLI-	LIVLS-	degad-	ageda-
1xzp_5	LEIKL-	IEILK-	degad-	ageda-
1xzq_2	VDLRLI	TDLLLI	degade	agedag
1xzq_2	LIVLIR	LIVLSR	degade	agedag
1xzq_3	LEVKLE	LEVLKE	degade	agedag
1ya0_1	YTLLL-	LTLCC-	degad-	ageda-
1yc9_9	AYELLY	LYEQIY	degade	agedag
1yc9_9	LYNQVH	IYNILH	degade	agedag
1yc9_9	VHALR-	LHAVA-	degad-	ageda-
1yke_3	LLSLN-	ILSII-	degad-	ageda-
1yke_5	KTQIL-	MTQCL-	degad-	ageda-
1yo7_0	CELHA-	LELTR-	degad-	ageda-
1yo7_2	HAELS-	LAEIQ-	degad-	ageda-
1yo7_3	TLLLL-	HLLCA-	degad-	ageda-
1yv1_0	LKAIET	VKAEIT	degade	agedag
1yv1_0	ETAHYT	ITAEAT	degade	agedag
1yv1_0	YTFAA-	ATFFA-	degad-	ageda-
1z4a_16	LNQLEI	INQFAI	degade	agedag
1z4a_16	EISSYL	AISEAL	degade	agedag
1z4a_17	QVEEVR	TVEELR	degade	agedag
1z4a_18	LNQLEI	INQFAI	degade	agedag
1z4a_18	EISSYL	AISEAL	degade	agedag
1z4a_19	LKFVQV	LKFITV	degade	agedag
1z4a_19	QVEEVR	TVEELR	degade	agedag
1z4a_20	LNQLEI	INQFAI	degade	agedag
1z4a_20	EISSYL	AISEAL	degade	agedag
1z4a_21	QVEEVR	TVEELR	degade	agedag
1z4a_22	LNQLEI	INQFAI	degade	agedag
1z4a_22	EISSYL	AISEAL	degade	agedag
1z4a_23	LKFVQV	LKFITV	degade	agedag
1z4a_23	QVEEVR	TVEELR	degade	agedag
1z4a_24	LNQLEI	INQFAI	degade	agedag
1z4a_24	EISSYL	AISEAL	degade	agedag
1z4a_25	QVEEVR	TVEELR	degade	agedag
1z4a_26	LNQLEI	INQFAI	degade	agedag
1z4a_26	EISSYL	AISEAL	degade	agedag
1z4a_27	QVEEVR	TVEELR	degade	agedag
1z4a_28	LNQLEI	INQFAI	degade	agedag
1z4a_28	EISSYL	AISEAL	degade	agedag
1z4a_29	QVEEVR	TVEELR	degade	agedag
1z4a_30	LNQLEI	INQFAI	degade	agedag
1z4a_30	EISSYL	AISEAL	degade	agedag
1z4a_31	QVEEVR	TVEELR	degade	agedag
1z4a_32	LNQLEI	INQFAI	degade	agedag
1z4a_32	EISSYL	AISEAL	degade	agedag
1z4a_33	QVEEVR	TVEELR	degade	agedag
1z4a_34	LNQLEI	INQFAI	degade	agedag
1z4a_34	EISSYL	AISEAL	degade	agedag
1z4a_35	LKFVQV	LKFITV	degade	agedag
1z4a_35	QVEEVR	TVEELR	degade	agedag
1z4a_36	LNQLEI	INQFAI	degade	agedag
1z4a_36	EISSYL	AISEAL	degade	agedag
1z4a_37	QVEEVR	TVEELR	degade	agedag
1z4a_38	LNQLEI	INQFAI	degade	agedag
1z4a_38	EISSYL	AISEAL	degade	agedag
1z4a_39	LKFVQV	LKFITV	degade	agedag
1z4a_39	QVEEVR	TVEELR	degade	agedag
1z4a_40	LNQLEI	INQFAI	degade	agedag
1z4a_40	EISSYL	AISEAL	degade	agedag
1z4a_41	QVEEVR	TVEELR	degade	agedag
1z4a_42	LNQLEI	INQFAI	degade	agedag
1z4a_42	EISSYL	AISEAL	degade	agedag
1z4a_43	QVEEVR	TVEELR	degade	agedag
1z4a_44	LNQLEI	INQFAI	degade	agedag
1z4a_44	EISSYL	AISEAL	degade	agedag
1z4a_45	QVEEVR	TVEELR	degade	agedag
1z4a_46	LNQLEI	INQFAI	degade	agedag
1z4a_46	EISSYL	AISEAL	degade	agedag
1z4a_47	QVEEVR	TVEELR	degade	agedag
1za0_1	IDIAEV	ADICAV	degade	agedag
1za0_1	EVHEFA	AVHEAA	degade	agedag
1za0_3	IDIAEV	ADICAV	degade	agedag
1za0_3	EVHEFA	AVHEAA	degade	agedag
1zb1_0	PSLSNL	ISLIIL	degade	agedag
1zb1_0	NLYYLE	ILYTKE	degade	agedag
1zke_3	ILDISQ	LLDLLQ	degade	agedag
1zke_3	SQEIL-	LQEEL-	degad-	ageda-
1zke_5	ILDIS-	LLDLL-	degad-	ageda-
1zke_6	ILDISQ	LLDLLQ	degade	agedag
1zke_6	SQEIL-	LQEEL-	degad-	ageda-
1zke_8	ILDIS-	LLDLL-	degad-	ageda-
1zw0_1	TMLELT	AMLIIT	degade	agedag
1zw0_5	TMLELT	AMLIIT	degade	agedag
2a03_2	NAQIH-	LAQYH-	degad-	ageda-
2a03_3	NAQIH-	LAQYH-	degad-	ageda-
2a3q_2	ELDVY-	LLDEL-	degad-	ageda-
2a3q_3	ELDVY-	LLDEL-	degad-	ageda-
2b05_7	ISIET-	RSIVI-	degad-	ageda-
2b05_20	YSAHS-	YSALR-	degad-	ageda-
2b05_25	YSAHS-	YSALR-	degad-	ageda-
2b5u_0	AGKAAQ	IGKALQ	degade	agedag
2b5u_0	AQDVKQ	LQDALQ	degade	agedag
2b5u_0	KQAFAA	LQARYA	degade	agedag
2b5u_0	AAEKAD	YAEAQD	degade	agedag
2b5u_0	ADALAM	QDANVM	degade	agedag
2bbj_15	LVLRIW	RVLVAW	degade	agedag
2bbj_15	IWLRL-	AWLTY-	degad-	ageda-
2cw0_0	ARRLVR	MRRLER	degade	agedag
2d4c_3	FKMEV-	LKMLQ-	degad-	ageda-
2d4x_1	VSEELS	LSELRS	degade	agedag
2d4x_1	LSVTIQ	RSVVLQ	degade	agedag
2d4x_1	IQAQI-	LQALN-	degad-	ageda-
2d4y_0	VGKTLK	DGKMYK	degade	agedag
2d4y_0	LKSSQA	YKSLSA	degade	agedag
2d4y_1	YAQIL-	LAQLR-	degad-	ageda-
2dfk_2	ERYILK	VRYQYK	degade	agedag
2dt5_3	LIYLLE	LIYLKE	degade	agedag
2etn_1	AKEKIE	LKEALE	degade	agedag
2etn_1	IERIL-	LEREL-	degad-	ageda-
2f66_1	LENTLD	LENRYD	degade	agedag
2f66_2	LVQDL-	IVQVQ-	degad-	ageda-
2fb5_0	MIIAE-	VIIMI-	degad-	ageda-
2fb5_4	MIIAE-	VIIMI-	degad-	ageda-
2fb5_5	MIIAE-	VIIMI-	degad-	ageda-
2fjc_36	LRHVLG	LRHIFG	degade	agedag
2fjc_36	LGLYLH	FGLVYH	degade	agedag
2fjc_38	FELSFS	IELLLS	degade	agedag
2fjc_38	FSTQA-	LSTID-	degad-	ageda-
2fjc_39	LRHVLG	LRHIFG	degade	agedag
2fjc_39	LGLYLH	FGLVYH	degade	agedag
2fjc_40	AIAIQL	SIALTL	degade	agedag
2fjc_41	FELSFS	IELLLS	degade	agedag
2fjc_41	FSTQA-	LSTID-	degad-	ageda-
2fjc_42	LRHVLG	LRHIFG	degade	agedag
2fjc_42	LGLYLH	FGLVYH	degade	agedag
2fjc_44	FELSFS	IELLLS	degade	agedag
2fjc_44	FSTQA-	LSTID-	degad-	ageda-
2fjc_45	LRHVLG	LRHIFG	degade	agedag
2fjc_45	LGLYLH	FGLVYH	degade	agedag
2fjc_46	AIAIQL	SIALTL	degade	agedag
2fjc_47	FELSFS	IELLLS	degade	agedag
2fjc_47	FSTQA-	LSTID-	degad-	ageda-
2fjc_48	LRHVLG	LRHIFG	degade	agedag
2fjc_48	LGLYLH	FGLVYH	degade	agedag
2fjc_49	AIAIQL	SIALTL	degade	agedag
2fjc_50	FELSFS	IELLLS	degade	agedag
2fjc_50	FSTQA-	LSTID-	degad-	ageda-
2fjc_51	LRHVLG	LRHIFG	degade	agedag
2fjc_51	LGLYLH	FGLVYH	degade	agedag
2fjc_53	FELSFS	IELLLS	degade	agedag
2fjc_53	FSTQA-	LSTID-	degad-	ageda-
2fjc_54	LRHVLG	LRHIFG	degade	agedag
2fjc_54	LGLYLH	FGLVYH	degade	agedag
2fjc_56	FELSFS	IELLLS	degade	agedag
2fjc_56	FSTQA-	LSTID-	degad-	ageda-
2fjc_57	LRHVLG	LRHIFG	degade	agedag
2fjc_57	LGLYLH	FGLVYH	degade	agedag
2fjc_58	AIAIQL	SIALTL	degade	agedag
2fjc_59	FELSFS	IELLLS	degade	agedag
2fjc_59	FSTQA-	LSTID-	degad-	ageda-
2fjc_60	LRHVLG	LRHIFG	degade	agedag
2fjc_60	LGLYLH	FGLVYH	degade	agedag
2fjc_61	AIAIQL	SIALTL	degade	agedag
2fjc_62	FELSFS	IELLLS	degade	agedag
2fjc_62	FSTQA-	LSTID-	degad-	ageda-
2fjc_63	LRHVLG	LRHIFG	degade	agedag
2fjc_63	LGLYLH	FGLVYH	degade	agedag
2fjc_64	AIAIQL	SIALTL	degade	agedag
2fjc_65	FELSFS	IELLLS	degade	agedag
2fjc_65	FSTQA-	LSTID-	degad-	ageda-
2fjc_66	LRHVLG	LRHIFG	degade	agedag
2fjc_66	LGLYLH	FGLVYH	degade	agedag
2fjc_67	AIAIQL	SIALTL	degade	agedag
2fjc_68	FELSFS	IELLLS	degade	agedag
2fjc_68	FSTQA-	LSTID-	degad-	ageda-
2fjc_69	LRHVLG	LRHIFG	degade	agedag
2fjc_69	LGLYLH	FGLVYH	degade	agedag
2fjc_70	AIAIQL	SIALTL	degade	agedag
2fjc_71	FELSFS	IELLLS	degade	agedag
2fjc_71	FSTQA-	LSTID-	degad-	ageda-
2fjc_72	LRHVLG	LRHIFG	degade	agedag
2fjc_72	LGLYLH	FGLVYH	degade	agedag
2fjc_74	FELSFS	IELLLS	degade	agedag
2fjc_74	FSTQA-	LSTID-	degad-	ageda-
2fjc_75	LRHVLG	LRHIFG	degade	agedag
2fjc_75	LGLYLH	FGLVYH	degade	agedag
2fjc_76	AIAIQL	SIALTL	degade	agedag
2fjc_77	FELSFS	IELLLS	degade	agedag
2fjc_77	FSTQA-	LSTID-	degad-	ageda-
2fjc_78	LRHVLG	LRHIFG	degade	agedag
2fjc_78	LGLYLH	FGLVYH	degade	agedag
2fjc_80	FELSFS	IELLLS	degade	agedag
2fjc_80	FSTQA-	LSTID-	degad-	ageda-
2fjc_81	LRHVLG	LRHIFG	degade	agedag
2fjc_81	LGLYLH	FGLVYH	degade	agedag
2fjc_82	AIAIQL	SIALTL	degade	agedag
2fjc_83	FELSFS	IELLLS	degade	agedag
2fjc_83	FSTQA-	LSTID-	degad-	ageda-
2fjc_84	LRHVLG	LRHIFG	degade	agedag
2fjc_84	LGLYLH	FGLVYH	degade	agedag
2fjc_85	AIAIQL	SIALTL	degade	agedag
2fjc_86	FELSFS	IELLLS	degade	agedag
2fjc_86	FSTQA-	LSTID-	degad-	ageda-
2fjc_87	LRHVLG	LRHIFG	degade	agedag
2fjc_87	LGLYLH	FGLVYH	degade	agedag
2fjc_89	FELSFS	IELLLS	degade	agedag
2fjc_89	FSTQA-	LSTID-	degad-	ageda-
2fjc_90	LRHVLG	LRHIFG	degade	agedag
2fjc_90	LGLYLH	FGLVYH	degade	agedag
2fjc_92	FELSFS	IELLLS	degade	agedag
2fjc_92	FSTQA-	LSTID-	degad-	ageda-
2fjc_93	LRHVLG	LRHIFG	degade	agedag
2fjc_93	LGLYLH	FGLVYH	degade	agedag
2fjc_94	AIAIQL	SIALTL	degade	agedag
2fjc_95	FELSFS	IELLLS	degade	agedag
2fjc_95	FSTQA-	LSTID-	degad-	ageda-
2fjc_96	LRHVLG	LRHIFG	degade	agedag
2fjc_96	LGLYLH	FGLVYH	degade	agedag
2fjc_97	AIAIQL	SIALTL	degade	agedag
2fjc_98	FELSFS	IELLLS	degade	agedag
2fjc_98	FSTQA-	LSTID-	degad-	ageda-
2fjc_99	LRHVLG	LRHIFG	degade	agedag
2fjc_99	LGLYLH	FGLVYH	degade	agedag
2fjc_100	AIAIQL	SIALTL	degade	agedag
2fjc_101	FELSFS	IELLLS	degade	agedag
2fjc_101	FSTQA-	LSTID-	degad-	ageda-
2fjc_102	LRHVLG	LRHIFG	degade	agedag
2fjc_102	LGLYLH	FGLVYH	degade	agedag
2fjc_103	AIAIQL	SIALTL	degade	agedag
2fjc_104	FELSFS	IELLLS	degade	agedag
2fjc_104	FSTQA-	LSTID-	degad-	ageda-
2fjc_105	LRHVLG	LRHIFG	degade	agedag
2fjc_105	LGLYLH	FGLVYH	degade	agedag
2fjc_106	AIAIQL	SIALTL	degade	agedag
2fjc_107	FELSFS	IELLLS	degade	agedag
2fjc_107	FSTQA-	LSTID-	degad-	ageda-
2fjc_108	LRHVLG	LRHIFG	degade	agedag
2fjc_108	LGLYLH	FGLVYH	degade	agedag
2fjc_110	FELSFS	IELLLS	degade	agedag
2fjc_110	FSTQA-	LSTID-	degad-	ageda-
2fjc_111	LRHVLG	LRHIFG	degade	agedag
2fjc_111	LGLYLH	FGLVYH	degade	agedag
2fjc_112	AIAIQL	SIALTL	degade	agedag
2fjc_113	FELSFS	IELLLS	degade	agedag
2fjc_113	FSTQA-	LSTID-	degad-	ageda-
2fjc_114	LRHVLG	LRHIFG	degade	agedag
2fjc_114	LGLYLH	FGLVYH	degade	agedag
2fjc_116	FELSFS	IELLLS	degade	agedag
2fjc_116	FSTQA-	LSTID-	degad-	ageda-
2fjc_117	LRHVLG	LRHIFG	degade	agedag
2fjc_117	LGLYLH	FGLVYH	degade	agedag
2fjc_118	AIAIQL	SIALTL	degade	agedag
2fjc_119	FELSFS	IELLLS	degade	agedag
2fjc_119	FSTQA-	LSTID-	degad-	ageda-
2fjc_120	LRHVLG	LRHIFG	degade	agedag
2fjc_120	LGLYLH	FGLVYH	degade	agedag
2fjc_121	AIAIQL	SIALTL	degade	agedag
2fjc_122	FELSFS	IELLLS	degade	agedag
2fjc_122	FSTQA-	LSTID-	degad-	ageda-
2fjc_123	LRHVLG	LRHIFG	degade	agedag
2fjc_123	LGLYLH	FGLVYH	degade	agedag
2fjc_125	FELSFS	IELLLS	degade	agedag
2fjc_125	FSTQA-	LSTID-	degad-	ageda-
2fjc_126	LRHVLG	LRHIFG	degade	agedag
2fjc_126	LGLYLH	FGLVYH	degade	agedag
2fjc_128	FELSFS	IELLLS	degade	agedag
2fjc_128	FSTQA-	LSTID-	degad-	ageda-
2fjc_129	LRHVLG	LRHIFG	degade	agedag
2fjc_129	LGLYLH	FGLVYH	degade	agedag
2fjc_130	AIAIQL	SIALTL	degade	agedag
2fjc_131	FELSFS	IELLLS	degade	agedag
2fjc_131	FSTQA-	LSTID-	degad-	ageda-
2fjc_132	LRHVLG	LRHIFG	degade	agedag
2fjc_132	LGLYLH	FGLVYH	degade	agedag
2fjc_133	AIAIQL	SIALTL	degade	agedag
2fjc_134	FELSFS	IELLLS	degade	agedag
2fjc_134	FSTQA-	LSTID-	degad-	ageda-
2fjc_135	LRHVLG	LRHIFG	degade	agedag
2fjc_135	LGLYLH	FGLVYH	degade	agedag
2fjc_136	AIAIQL	SIALTL	degade	agedag
2fjc_137	FELSFS	IELLLS	degade	agedag
2fjc_137	FSTQA-	LSTID-	degad-	ageda-
2fjc_138	LRHVLG	LRHIFG	degade	agedag
2fjc_138	LGLYLH	FGLVYH	degade	agedag
2fjc_139	AIAIQL	SIALTL	degade	agedag
2fjc_140	FELSFS	IELLLS	degade	agedag
2fjc_140	FSTQA-	LSTID-	degad-	ageda-
2fjc_141	LRHVLG	LRHIFG	degade	agedag
2fjc_141	LGLYLH	FGLVYH	degade	agedag
2fjc_142	AIAIQL	SIALTL	degade	agedag
2fjc_143	FELSFS	IELLLS	degade	agedag
2fjc_143	FSTQA-	LSTID-	degad-	ageda-
2fsz_2	VTALV-	MTACE-	degad-	ageda-
2fsz_3	VTALV-	MTACE-	degad-	ageda-
2fsz_4	VTALV-	MTACE-	degad-	ageda-
2fsz_5	VTALV-	MTACE-	degad-	ageda-
2fsz_6	VTALV-	MTACE-	degad-	ageda-
2fsz_7	VTALV-	MTACE-	degad-	ageda-
2fzf_1	MRLAER	ERLYAR	degade	agedag
2fzf_1	ERHYLR	ARHEMR	degade	agedag
2gl7_4	AIALL-	VIALI-	degad-	ageda-
2gl7_6	LVLLA-	LVLCV-	degad-	ageda-
2gsc_8	LSARLS	MSALFS	degade	agedag
2gsc_8	LSLDVQ	FSLVRQ	degade	agedag
2gww_3	CKILL-	IKIIS-	degad-	ageda-
2gww_5	CKILL-	IKIIS-	degad-	ageda-
2gww_7	CKILL-	IKIIS-	degad-	ageda-
2gww_9	CKILL-	IKIIS-	degad-	ageda-
2gww_11	CKILL-	IKIIS-	degad-	ageda-
2hjm_1	YGLELT	RGLVLT	degade	agedag
2hr5_4	YLFAA-	ALFFA-	degad-	ageda-
2hr5_5	EKHAYR	VKHEIR	degade	agedag
2hr5_6	YLFAA-	ALFFA-	degad-	ageda-
2hr5_7	EKHAYR	VKHEIR	degade	agedag
2hsb_1	TAYAHA	AAYLAA	degade	agedag
2hsb_1	HAKAL-	AAKRL-	degad-	ageda-
2hsq_4	CKILL-	IKIIS-	degad-	ageda-
2hsq_7	CKILL-	IKIIS-	degad-	ageda-
2hsq_10	CKILL-	IKIIS-	degad-	ageda-
2hsq_13	CKILL-	IKIIS-	degad-	ageda-
2hsq_16	CKILL-	IKIIS-	degad-	ageda-
2i05_0	HIHILK	FIHEMK	degade	agedag
2i05_0	LKTFI-	MKTTL-	degad-	ageda-
2ijj_3	TLLLL-	HLLCA-	degad-	ageda-
2j0n_0	MKNLLV	YKNYVV	degade	agedag
2j0n_0	LVKYA-	VVKYL-	degad-	ageda-
2j5c_2	TWMME-	IWMAI-	degad-	ageda-
2kc3_0	LSELAQ	YSERLQ	degade	agedag
2kc3_0	AQRLDM	LQRDLM	degade	agedag
2lw1_0	VLDMAE	VLDLLE	degade	agedag
2lw1_0	AEELAF	LEELLF	degade	agedag
2lw1_0	AFRWLE	LFRLLE	degade	agedag
2nnu_2	HMLEI-	IMLCL-	degad-	ageda-
2nov_1	SRDKAE	IRDLIE	degade	agedag
2nov_1	AERLVE	IERLEE	degade	agedag
2p4v_1	NKRLI-	VKRVR-	degad-	ageda-
2ppb_1	RNRLL-	LNREI-	degad-	ageda-
2psm_0	TVNVL-	IVNDV-	degad-	ageda-
2q0o_4	LELAAI	LELILI	degade	agedag
2q0o_4	AIEHLL	LIEQSL	degade	agedag
2q0o_4	LLADVY	SLARYY	degade	agedag
2r6t_4	LHARTK	AHAFSK	degade	agedag
2r6t_4	TKAEI-	SKAIL-	degad-	ageda-
2rcc_1	EVHNY-	TVHDA-	degad-	ageda-
2rmk_0	AQMLSK	IQMAKK	degade	agedag
2rmk_0	SKKIIR	KKKELR	degade	agedag
2rmk_0	IRQLA-	LRQLV-	degad-	ageda-
2uw1_1	CGIAEK	AGIHFK	degade	agedag
2uw1_1	EKHAYT	FKHEST	degade	agedag
2ux1_12	MDYMID	HDYLHD	degade	agedag
2ux1_12	IDYLMS	HDYLVS	degade	agedag
2v0o_2	TELAHL	AELMSL	degade	agedag
2v0o_2	HLLVLQ	SLLEAQ	degade	agedag
2v0o_2	LQLIV-	AQLVA-	degad-	ageda-
2vf8_0	AALVLD	AALLSD	degade	agedag
2vgx_5	VSMLI-	QSMLE-	degad-	ageda-
2vko_1	ASYLCR	LSYFLR	degade	agedag
2xs1_4	LAKHMQ	FAKFAQ	degade	agedag
2xs1_4	MQNAH-	AQNAA-	degad-	ageda-
2y02_2	TLVID-	LLVFT-	degad-	ageda-
2y4t_0	DLKVL-	ALKYY-	degad-	ageda-
2y4t_4	YTAILD	ETACRD	degade	agedag
2y4u_16	LISAL-	VISKA-	degad-	ageda-
2y4u_26	LISAL-	VISKA-	degad-	ageda-
2yfb_6	LLELTI	LLERII	degade	agedag
2yfb_6	TIAYSL	IIAQML	degade	agedag
2yfb_6	SLKMGY	MLKSIY	degade	agedag
2yfb_6	GYATAR	IYAAFR	degade	agedag
2yfb_6	ARSMS-	FRSAY-	degad-	ageda-
2yw6_19	LALDYN	LALVQN	degade	agedag
2yw6_19	YNVITR	QNVLAR	degade	agedag
2z3q_1	KVAMFL	FVAIFL	degade	agedag
2zqm_2	LKKILE	LKKALE	degade	agedag
2zqm_2	LERLLE	LERVKE	degade	agedag
2zqm_2	LEQELN	KEQVLN	degade	agedag
2zqm_2	LNKLLT	LNKYLT	degade	agedag
2zqm_2	LTQIA-	LTQMV-	degad-	ageda-
3a8q_0	IEQIWE	LEQAKE	degade	agedag
3a8q_0	WENLFH	KENDIH	degade	agedag
3a8q_0	FHDLMR	IHDLTR	degade	agedag
3ajw_1	LEAIHR	QEALLR	degade	agedag
3ajw_1	HRQLWT	LRQACT	degade	agedag
3ajw_1	WTKVAL	CTKMLL	degade	agedag
3aoh_1	RNRLL-	LNREI-	degad-	ageda-
3aoi_2	LMQLER	LMQLIR	degade	agedag
3aoi_2	ERRLAT	IRRIKT	degade	agedag
3aqb_3	CIMSI-	AIMYS-	degad-	ageda-
3ayf_5	AKYHL-	LKYFQ-	degad-	ageda-
3ayf_9	MFIAL-	TFIFT-	degad-	ageda-
3ayg_5	AKYHL-	LKYFQ-	degad-	ageda-
3ayg_9	MFIAL-	TFIFT-	degad-	ageda-
3b2t_2	VSTYA-	LSTLV-	degad-	ageda-
3b2t_3	VSTYAR	LSTLVR	degade	agedag
3bct_13	AIALL-	VIALI-	degad-	ageda-
3c23_1	AITLYK	IITILK	degade	agedag
3c23_2	AITLYK	IITILK	degade	agedag
3c23_3	AITLYK	IITILK	degade	agedag
3c23_4	AITLYK	IITILK	degade	agedag
3c23_5	AITLYK	IITILK	degade	agedag
3c23_6	AITLYK	IITILK	degade	agedag
3c23_7	AITLYK	IITILK	degade	agedag
3c4f_1	VSAYAR	VSALVR	degade	agedag
3ck6_0	ITINIE	QTIIKE	degade	agedag
3ck6_0	IEYLV-	KEYLQ-	degad-	ageda-
3ck7_0	IRLRHY	LRLYIY	degade	agedag
3ck7_4	AYTRAI	IYTAEI	degade	agedag
3cu7_3	IVALE-	AVALT-	degad-	ageda-
3d0i_1	LYEYL-	MYEIL-	degad-	ageda-
3d19_12	NAVQAT	NAVLRT	degade	agedag
3d19_12	ATIWKR	RTIASR	degade	agedag
3d48_2	LSIVLR	VSIMLR	degade	agedag
3d48_2	LRWNLY	LRWTEY	degade	agedag
3ddl_2	LALML-	IALPS-	degad-	ageda-
3e0s_2	LTQML-	RTQLL-	degad-	ageda-
3ehn_1	YRMLLS	VRMIMS	degade	agedag
3etv_0	LAELLD	LAELRD	degade	agedag
3etv_0	LDLKL-	RDLVI-	degad-	ageda-
3etz_0	ARALNE	IRAQME	degade	agedag
3etz_0	NEVYLS	MEVLLS	degade	agedag
3fd9_2	VACQTQ	SACLSQ	degade	agedag
3fd9_2	TQQVLA	SQQLLA	degade	agedag
3ffl_3	YRAVYT	LRACLT	degade	agedag
3foo_1	IDALA-	RDALK-	degad-	ageda-
3ggz_0	LKCILR	LKCCER	degade	agedag
3ggz_0	LRAQQQ	ERALIQ	degade	agedag
3ggz_0	QQIASR	IQIDLR	degade	agedag
3gm1_1	DANLA-	LANTI-	degad-	ageda-
3gop_1	LNCVAK	ANCFIK	degade	agedag
3h2u_1	NANLS-	LANII-	degad-	ageda-
3hmh_1	MQAFI-	IQALL-	degad-	ageda-
3hym_1	AWAYSF	TWALRF	degade	agedag
3i9w_0	QGMLQS	LGMAES	degade	agedag
3i9w_0	QSKILL	ESKALL	degade	agedag
3i9w_2	QEEISL	FEEQNL	degade	agedag
3i9w_2	SLQQLV	NLQLLV	degade	agedag
3i9w_2	LVQRLR	LVQIDR	degade	agedag
3i9w_2	LRQQL-	DRQLL-	degad-	ageda-
3ieg_7	LISAL-	VISKA-	degad-	ageda-
3ifq_6	LVLLA-	LVLCV-	degad-	ageda-
3ika_1	LNCVAK	ANCFIK	degade	agedag
3iqc_3	FSQAC-	VSQYK-	degad-	ageda-
3iqc_4	YEILSS	LEIALS	degade	agedag
3iqc_4	SSAKI-	LSAIA-	degad-	ageda-
3iqf_4	LAEAL-	AAEKA-	degad-	ageda-
3iqf_5	LAEAL-	AAEKA-	degad-	ageda-
3j9e_0	VTYNLT	KTYLHT	degade	agedag
3j9e_0	LTEDMR	HTEINR	degade	agedag
3j9t_6	VNNLLY	RNNLKY	degade	agedag
3j9t_6	LYVLTS	KYVITS	degade	agedag
3k6t_1	LDEIV-	KDELL-	degad-	ageda-
3k8v_3	IDALIN	RDALSN	degade	agedag
3k8v_3	INARLG	SNALEG	degade	agedag
3k8v_3	LGVQFT	EGVAIT	degade	agedag
3k8v_3	FTTVLQ	ITTAQQ	degade	agedag
3k8v_3	LQMTL-	QQMLI-	degad-	ageda-
3kdy_3	VGALAQ	RGALRQ	degade	agedag
3kdy_4	VGALAQ	RGALRQ	degade	agedag
3kra_3	CILLV-	AILLA-	degad-	ageda-
3krc_2	CILLV-	AILLA-	degad-	ageda-
3krf_2	CILLV-	AILLA-	degad-	ageda-
3kro_4	YQTLM-	AQTLI-	degad-	ageda-
3kro_5	CILLV-	AILLA-	degad-	ageda-
3ksy_2	IRYILN	LRYSHN	degade	agedag
3l9f_0	IREIKE	LRELKE	degade	agedag
3lnn_2	ADRLL-	ADRAL-	degad-	ageda-
3lsq_0	ADKWTQ	RDKLAQ	degade	agedag
3lsq_0	TQLTSK	AQLLVK	degade	agedag
3lsq_0	SKLIC-	VKLLS-	degad-	ageda-
3msv_6	QEVLYT	IEVTST	degade	agedag
3msv_6	YTFAY-	STFWA-	degad-	ageda-
3mxz_0	TINLKT	LINTLT	degade	agedag
3mxz_0	KTTCIV	LTTALV	degade	agedag
3mxz_0	IVELYE	LVECIE	degade	agedag
3mxz_0	YEEVEA	IEESLA	degade	agedag
3n1z_2	ISIQE-	ASIFN-	degad-	ageda-
3n24_4	LLDQI-	FLDSL-	degad-	ageda-
3na7_0	LNEEAK	MNEIIK	degade	agedag
3na7_0	AKRSAN	IKRTLN	degade	agedag
3na7_0	ANEILQ	LNENVQ	degade	agedag
3na7_0	LQEIKS	VQELKS	degade	agedag
3na7_0	KSKQLK	KSKLIK	degade	agedag
3na7_0	LKEMLE	IKEKKE	degade	agedag
3nmu_1	LYLRL-	IYLVL-	degad-	ageda-
3o10_1	LAIAY-	AAIWA-	degad-	ageda-
3o1i_3	LLALNV	LLATLV	degade	agedag
3o1i_3	NVNVNL	LVNLTL	degade	agedag
3o1i_3	NLELTV	TLELSV	degade	agedag
3o1i_3	TVRKLA	SVRNQA	degade	agedag
3oac_4	YQTLM-	AQTLI-	degad-	ageda-
3oac_5	CILLV-	AILLA-	degad-	ageda-
3odm_1	WIRMV-	TIRLY-	degad-	ageda-
3oll_1	VTALV-	MTACE-	degad-	ageda-
3omo_1	VTALV-	MTACE-	degad-	ageda-
3omp_1	VTALV-	MTACE-	degad-	ageda-
3oxf_3	LRAFM-	LRALI-	degad-	ageda-
3p4p_0	LNAEAH	QNALIH	degade	agedag
3pdu_2	LKMQLR	RKMFNR	degade	agedag
3pdu_3	LKMQLR	RKMFNR	degade	agedag
3pe3_13	IPAIYR	VPACLR	degade	agedag
3pe3_20	IPAIYR	VPACLR	degade	agedag
3pef_0	LKMQLR	RKMFNR	degade	agedag
3pef_1	LKMQLR	RKMFNR	degade	agedag
3pik_11	ALLRLN	LLLNRN	degade	agedag
3pik_11	LNQIQQ	RNQLLQ	degade	agedag
3pik_11	QQYLLQ	LQYTLQ	degade	agedag
3pik_11	LQTLA-	LQTAV-	degad-	ageda-
3pla_2	IATILY	LATFIY	degade	agedag
3pla_2	LYIRLN	IYIIMN	degade	agedag
3pvt_2	ARHLS-	VRHDY-	degad-	ageda-
3pvt_5	ARHLS-	VRHDY-	degad-	ageda-
3pvy_2	ARHLS-	VRHDY-	degad-	ageda-
3pvy_5	ARHLS-	VRHDY-	degad-	ageda-
3pw1_2	ARHLS-	VRHDY-	degad-	ageda-
3pw1_5	ARHLS-	VRHDY-	degad-	ageda-
3pw8_4	SAAIAR	MAAFVR	degade	agedag
3pw8_4	ARHLSR	VRHDYR	degade	agedag
3q0k_5	LQKICK	EQKAEK	degade	agedag
3q0k_5	CKDVTK	EKDAHK	degade	agedag
3q0k_5	TKKYSL	HKKAVL	degade	agedag
3q15_1	LTLLYS	RTLLYS	degade	agedag
3q15_10	KIEWM-	VIELA-	degad-	ageda-
3q15_11	LTLLYS	RTLLYS	degade	agedag
3q15_18	FYKVA-	AYKAE-	degad-	ageda-
3q5m_6	ATRLLK	VTRFFK	degade	agedag
3q5m_14	VMMRTN	IMMIQN	degade	agedag
3q5m_15	ATRLLK	VTRFFK	degade	agedag
3qaz_1	LELLLQ	IELCIQ	degade	agedag
3qb7_0	FLRLNL	LLRTIL	degade	agedag
3qf7_1	LKKMLE	RKKLYE	degade	agedag
3rav_3	MKAIEK	LKAMIK	degade	agedag
3rav_3	EKLNL-	IKLEL-	degad-	ageda-
3rd0_3	MKAIEK	LKAMIK	degade	agedag
3rd0_3	EKLNL-	IKLEL-	degad-	ageda-
3rd0_5	MKAIEK	LKAMIK	degade	agedag
3rd0_5	EKLNL-	IKLEL-	degad-	ageda-
3rd0_7	MKAIEK	LKAMIK	degade	agedag
3rd0_7	EKLNL-	IKLEL-	degad-	ageda-
3rdh_2	RRSWV-	LRSIR-	degad-	ageda-
3rdh_9	YQAFS-	FQALR-	degad-	ageda-
3s28_2	LRAEL-	LRAIL-	degad-	ageda-
3s28_4	LRAEL-	LRAIL-	degad-	ageda-
3s28_7	LRAEL-	LRAIL-	degad-	ageda-
3s90_0	CKILL-	IKIIS-	degad-	ageda-
3s9v_4	VYVMAL	TYVLTL	degade	agedag
3scj_1	LYEYL-	MYEIL-	degad-	ageda-
3sgh_1	VLQKA-	ELQFE-	degad-	ageda-
3sja_0	LNLKV-	LNLLP-	degad-	ageda-
3smt_1	LEAVAA	LEAAEA	degade	agedag
3t49_2	AKALIY	AKANIY	degade	agedag
3t9j_12	TEIYFA	HEIVFA	degade	agedag
3t9j_12	FAMFLA	FAMAQA	degade	agedag
3tgo_12	ATRLLK	VTRFFK	degade	agedag
3tz0_1	IARIF-	FARYH-	degad-	ageda-
3u0c_0	LTDYQI	LTDITI	degade	agedag
3u0c_0	QIKLAD	TIKIRD	degade	agedag
3u0c_0	ADKILE	RDKAKE	degade	agedag
3u0c_0	LEKII-	KEKLE-	degad-	ageda-
3u90_1	MKAIEK	LKAMIK	degade	agedag
3u90_1	EKLNL-	IKLEL-	degad-	ageda-
3u90_2	MKAIEK	LKAMIK	degade	agedag
3u90_2	EKLNL-	IKLEL-	degad-	ageda-
3u90_3	MKAIEK	LKAMIK	degade	agedag
3u90_3	EKLNL-	IKLEL-	degad-	ageda-
3u90_4	MKAIEK	LKAMIK	degade	agedag
3u90_4	EKLNL-	IKLEL-	degad-	ageda-
3u90_5	MKAIEK	LKAMIK	degade	agedag
3u90_5	EKLNL-	IKLEL-	degad-	ageda-
3u90_6	MKAIEK	LKAMIK	degade	agedag
3u90_6	EKLNL-	IKLEL-	degad-	ageda-
3u90_7	MKAIEK	LKAMIK	degade	agedag
3u90_7	EKLNL-	IKLEL-	degad-	ageda-
3u90_8	MKAIEK	LKAMIK	degade	agedag
3u90_8	EKLNL-	IKLEL-	degad-	ageda-
3u90_9	MKAIEK	LKAMIK	degade	agedag
3u90_9	EKLNL-	IKLEL-	degad-	ageda-
3u90_10	MKAIEK	LKAMIK	degade	agedag
3u90_10	EKLNL-	IKLEL-	degad-	ageda-
3u90_11	MKAIEK	LKAMIK	degade	agedag
3u90_11	EKLNL-	IKLEL-	degad-	ageda-
3u90_12	MKAIEK	LKAMIK	degade	agedag
3u90_12	EKLNL-	IKLEL-	degad-	ageda-
3u90_13	MKAIEK	LKAMIK	degade	agedag
3u90_13	EKLNL-	IKLEL-	degad-	ageda-
3u90_14	MKAIEK	LKAMIK	degade	agedag
3u90_14	EKLNL-	IKLEL-	degad-	ageda-
3u90_15	MKAIEK	LKAMIK	degade	agedag
3u90_15	EKLNL-	IKLEL-	degad-	ageda-
3u90_16	MKAIEK	LKAMIK	degade	agedag
3u90_16	EKLNL-	IKLEL-	degad-	ageda-
3u90_17	MKAIEK	LKAMIK	degade	agedag
3u90_17	EKLNL-	IKLEL-	degad-	ageda-
3u90_18	MKAIEK	LKAMIK	degade	agedag
3u90_18	EKLNL-	IKLEL-	degad-	ageda-
3u90_19	MKAIEK	LKAMIK	degade	agedag
3u90_19	EKLNL-	IKLEL-	degad-	ageda-
3u90_20	MKAIEK	LKAMIK	degade	agedag
3u90_20	EKLNL-	IKLEL-	degad-	ageda-
3u90_21	MKAIEK	LKAMIK	degade	agedag
3u90_21	EKLNL-	IKLEL-	degad-	ageda-
3u90_22	MKAIEK	LKAMIK	degade	agedag
3u90_22	EKLNL-	IKLEL-	degad-	ageda-
3u90_23	MKAIEK	LKAMIK	degade	agedag
3u90_23	EKLNL-	IKLEL-	degad-	ageda-
3vbb_0	IDAICD	KDALAD	degade	agedag
3vbb_0	CDERLE	ADECWE	degade	agedag
3vbb_0	LEERN-	WEEAL-	degad-	ageda-
3vkg_2	LRTEVK	RRTLLK	degade	agedag
3vkg_2	VKLQLA	LKLSVA	degade	agedag
3vkg_2	LAKNLD	VAKVSD	degade	agedag
3vkg_2	LDKNAN	SDKITN	degade	agedag
3vkg_2	ANKLMV	TNKLYV	degade	agedag
3vkg_2	MVDQAE	YVDYIE	degade	agedag
3vkg_2	AEKQAR	IEKLIR	degade	agedag
3vkg_4	TLTLE-	LLTLL-	degad-	ageda-
3vkh_0	LNVRL-	LNVLF-	degad-	ageda-
3vkh_3	LEEQLN	MEEFSN	degade	agedag
3vkh_3	LNGLLR	SNGWRR	degade	agedag
3vkh_3	LRTEVK	RRTLLK	degade	agedag
3vkh_3	VKLQLA	LKLSVA	degade	agedag
3vkh_3	LAKNL-	VAKVS-	degad-	ageda-
3vv9_1	EEAVYT	REAERT	degade	agedag
3vxd_3	YKAMML	LKAIVL	degade	agedag
3whj_1	IRNVLK	LRNYLK	degade	agedag
3wj8_0	LDLNNP	KDLITP	degade	agedag
3wj8_0	NPYLI-	TPYIN-	degad-	ageda-
3zdl_1	SMTVLL	IMTEML	degade	agedag
3zdl_1	LLVLAM	MLVTRM	degade	agedag
3zdl_1	AMIFT-	RMIAI-	degad-	ageda-
3zev_1	NVSLE-	LVSYV-	degad-	ageda-
4a1s_8	HNHLA-	LNHAE-	degad-	ageda-
4a2q_1	CTHLYN	MTHTMN	degade	agedag
4akv_1	LFMLLS	VFMASS	degade	agedag
4akv_1	LSYQLS	SSYVDS	degade	agedag
4akv_1	LSFPIH	DSFSKH	degade	agedag
4ayx_1	KVHVLA	AVHSTA	degade	agedag
4ayx_1	LAKEAR	TAKLLR	degade	agedag
4bjn_1	NNKRYE	ANKAAE	degade	agedag
4bxh_2	LLRMSN	LLRSRN	degade	agedag
4bxh_2	SNYFIE	RNYLRE	degade	agedag
4bxh_13	LDALEI	LDACII	degade	agedag
4bxh_14	LLRMSN	LLRSRN	degade	agedag
4bxh_14	SNYFIE	RNYLRE	degade	agedag
4bxh_17	LNCQTL	INCTLL	degade	agedag
4bxh_19	LDALEI	LDACII	degade	agedag
4bxh_20	LLRMSN	LLRSRN	degade	agedag
4bxh_20	SNYFIE	RNYLRE	degade	agedag
4bxh_23	LNCQTL	INCTLL	degade	agedag
4cdr_6	IPAIYR	VPACLR	degade	agedag
4cgk_4	MLQQDK	LLQRIK	degade	agedag
4cgk_4	DKAIKQ	IKALIQ	degade	agedag
4cgk_4	KQANAI	IQALSI	degade	agedag
4cgk_4	AITVNQ	SITLNQ	degade	agedag
4cgk_4	NQKLDA	NQKLQA	degade	agedag
4cgk_4	DAALKQ	QAAIVQ	degade	agedag
4cgk_4	KQELA-	VQEIV-	degad-	ageda-
4cz9_6	NDLAAT	TDLIGT	degade	agedag
4cz9_6	ATFIL-	GTFVF-	degad-	ageda-
4dci_1	ISGIAD	QSGLKD	degade	agedag
4dci_1	ADQLL-	KDQLR-	degad-	ageda-
4dji_3	SALLVL	IALAVL	degade	agedag
4djk_1	MLFVA-	ILFVL-	degad-	ageda-
4dkf_3	VLSLTE	QLSLEE	degade	agedag
4dvq_2	VWEHAW	LWESMW	degade	agedag
4dyl_6	VQTLVT	LQTLQT	degade	agedag
4dyl_6	VTELAT	QTELQT	degade	agedag
4dyl_6	ATMVRQ	QTMALQ	degade	agedag
4dyl_6	RQMVLQ	LQMALQ	degade	agedag
4e40_1	AAVAAL	AAVAAL	degade	agedag
4e40_1	ALHVEV	ALHQAV	degade	agedag
4e40_1	EVIVKV	AVIALV	degade	agedag
4e40_1	KVEILT	LVERVT	degade	agedag
4e40_1	LTGAHA	VTGDLA	degade	agedag
4e40_3	AAVAAL	AAVAAL	degade	agedag
4e40_3	ALHVEV	ALHQAV	degade	agedag
4e40_3	EVIVKV	AVIALV	degade	agedag
4e40_3	KVEILT	LVERVT	degade	agedag
4e40_3	LTGAHA	VTGDLA	degade	agedag
4eeb_1	FRVYTI	YRVLRI	degade	agedag
4eeb_1	TIIAVE	RIIIAE	degade	agedag
4f7r_2	VSIEE-	RSIII-	degad-	ageda-
4fyg_1	LKQVYE	YKQAYE	degade	agedag
4fyg_1	YESIQE	YESVLE	degade	agedag
4fyg_1	QEAIL-	LEAKI-	degad-	ageda-
4g63_2	LQQIVD	YQQLKD	degade	agedag
4g63_2	VDQILL	KDQAIL	degade	agedag
4g63_3	LQQIVD	YQQLKD	degade	agedag
4g63_3	VDQILL	KDQAIL	degade	agedag
4gam_0	SNLEEY	NNLCTY	degade	agedag
4gam_3	LEKVL-	LEKAL-	degad-	ageda-
4gbr_1	CVASTL	MVAALL	degade	agedag
4gbr_1	TLVID-	LLVFT-	degad-	ageda-
4gpk_0	KLEWA-	LLEIV-	degad-	ageda-
4gpk_22	TLNMI-	LLNYL-	degad-	ageda-
4gz5_1	IEAVYR	QEAVLR	degade	agedag
4gz5_8	IEAVYR	QEAVLR	degade	agedag
4gz5_15	IEAVYR	QEAVLR	degade	agedag
4gz5_22	IEAVYR	QEAVLR	degade	agedag
4gz5_43	IEAVYR	QEAVLR	degade	agedag
4gz5_64	IEAVYR	QEAVLR	degade	agedag
4gz6_1	IEAVYR	QEAVLR	degade	agedag
4h73_0	LYMLF-	AYMIE-	degad-	ageda-
4h73_2	LYMLFR	AYMIER	degade	agedag
4h8s_5	QNMCT-	ANMHN-	degad-	ageda-
4h9r_1	LELLYV	LELLLV	degade	agedag
4hvs_1	LSSYAK	ISSIVK	degade	agedag
4i0u_15	LVLRIW	RVLVAW	degade	agedag
4i0u_15	IWLRL-	AWLTY-	degad-	ageda-
4i1a_5	LIALF-	LIATL-	degad-	ageda-
4i1a_11	FLSLS-	ILSSI-	degad-	ageda-
4i1a_12	LIALF-	LIATL-	degad-	ageda-
4i1m_0	TLIIA-	LLINV-	degad-	ageda-
4ii4_2	ARHLS-	VRHDY-	degad-	ageda-
4ii4_5	ARHLS-	VRHDY-	degad-	ageda-
4iu9_2	YICVT-	AICFL-	degad-	ageda-
4iwf_1	ITTLL-	ITTCE-	degad-	ageda-
4j2c_0	TTELNL	WTELAL	degade	agedag
4j2c_0	NLSIDL	ALSAVL	degade	agedag
4j41_2	LKIAF-	AKILP-	degad-	ageda-
4j5l_0	LSLAIY	LSLTLY	degade	agedag
4j5l_0	IYQLV-	LYQVF-	degad-	ageda-
4j8d_2	DCRAI-	ACRYA-	degad-	ageda-
4j8e_4	KKAAA-	AKALA-	degad-	ageda-
4j8e_6	DCRAI-	ACRYA-	degad-	ageda-
4j8f_7	ASMLVQ	CSMLAQ	degade	agedag
4j96_1	VSTYA-	LSTLV-	degad-	ageda-
4j97_1	VSTYAR	LSTLVR	degade	agedag
4j98_1	VSTYAR	LSTLVR	degade	agedag
4jeh_1	TKELLM	IKEKVM	degade	agedag
4jeh_1	LMDITA	VMDNIA	degade	agedag
4jeh_1	TAKVKL	IAKFIL	degade	agedag
4jt5_2	CIKAL-	AIKAH-	degad-	ageda-
4jt5_5	LHLMCF	AHLMVF	degade	agedag
4jxy_5	YLTAL-	ALTAA-	degad-	ageda-
4jxy_7	YLTAL-	ALTAA-	degad-	ageda-
4jxy_9	YLTAL-	ALTAA-	degad-	ageda-
4jxy_11	YLTAL-	ALTAA-	degad-	ageda-
4jyx_1	YLTAL-	ALTAA-	degad-	ageda-
4k1p_2	VQIQME	NQIWLE	degade	agedag
4k1p_2	MEDLL-	LEDLI-	degad-	ageda-
4k1p_3	AARIKQ	IAREIQ	degade	agedag
4k1p_3	KQELLI	IQEIII	degade	agedag
4kcf_1	LAEID-	LAERI-	degad-	ageda-
4kcf_2	LAEID-	LAERI-	degad-	ageda-
4kcf_3	LAEID-	LAERI-	degad-	ageda-
4kjs_1	YCTILA	LCTIVA	degade	agedag
4kjs_1	LAYMAT	VAYALT	degade	agedag
4l0r_0	LEELLV	IEELHV	degade	agedag
4l0r_0	LVRMKA	HVRMFA	degade	agedag
4l0r_0	KAQIVR	FAQLLR	degade	agedag
4l2c_1	NAQIH-	LAQYH-	degad-	ageda-
4l87_0	ADEWCR	RDELRR	degade	agedag
4l87_0	CRRALN	RRRCIN	degade	agedag
4l87_0	LNLKCS	INLIRS	degade	agedag
4l87_0	CSTIK-	RSTIV-	degad-	ageda-
4lfe_1	TFEIII	LFEIAI	degade	agedag
4lfe_1	IILAVR	AILSLR	degade	agedag
4li5_1	LNCVAK	ANCFIK	degade	agedag
4mbq_0	KLLAY-	VLLIA-	degad-	ageda-
4mbq_2	KLLAY-	VLLIA-	degad-	ageda-
4mbq_3	KLLAY-	VLLIA-	degad-	ageda-
4mh6_0	LRRELK	RRRYVK	degade	agedag
4mh6_0	LKRVVK	VKRALK	degade	agedag
4mh6_0	VKTLER	LKTVVR	degade	agedag
4mh6_0	ERLLKQ	VRLQVQ	degade	agedag
4mh6_0	KQEAAH	VQEAAH	degade	agedag
4mh6_0	AHTKFV	AHTKLV	degade	agedag
4mh6_0	FVLQEI	LVLINI	degade	agedag
4moa_1	LRTAF-	NRTVY-	degad-	ageda-
4moa_2	LRTAF-	NRTVY-	degad-	ageda-
4mt0_0	AYNEAE	LYNARE	degade	agedag
4mt0_0	AEAMA-	REAAY-	degad-	ageda-
4mt4_7	TYNLAY	LYNYKY	degade	agedag
4mt4_7	AYNEL-	KYNAY-	degad-	ageda-
4myc_2	ARGSFG	VRGLAG	degade	agedag
4myc_2	FGLRV-	AGLLA-	degad-	ageda-
4myh_1	SQKVS-	AQKFR-	degad-	ageda-
4myh_4	SQKVS-	AQKFR-	degad-	ageda-
4n2x_2	LDLNNP	KDLITP	degade	agedag
4n2x_2	NPYLI-	TPYIN-	degad-	ageda-
4nqi_6	KEELD-	VEERL-	degad-	ageda-
4ofz_1	LEDLL-	YEDLV-	degad-	ageda-
4ohf_0	IEKIAM	QEKLIM	degade	agedag
4ohf_0	AMIKLE	IMIVIE	degade	agedag
4ohf_1	IEKIAM	QEKLIM	degade	agedag
4ohf_1	AMIKLE	IMIVIE	degade	agedag
4ojj_1	IINKL-	EINLA-	degad-	ageda-
4on9_0	YTHLYN	ATHTMN	degade	agedag
4on9_3	TSLRN-	QSLIE-	degad-	ageda-
4phq_2	LDGILN	KDGIIN	degade	agedag
4phq_2	LNAQLL	INALKL	degade	agedag
4phq_2	LLSSFN	KLSINN	degade	agedag
4phq_2	FNASL-	NNAVS-	degad-	ageda-
4pk7_0	LVVALS	MVVIQS	degade	agedag
4pk7_0	LSNMTQ	QSNLRQ	degade	agedag
4pk7_0	TQQYE-	RQQLL-	degad-	ageda-
4po5_3	FDIIM-	KDIVV-	degad-	ageda-
4po5_4	FDIIM-	KDIVV-	degad-	ageda-
4po5_5	FDIIM-	KDIVV-	degad-	ageda-
4po5_6	FDIIM-	KDIVV-	degad-	ageda-
4po5_7	FDIIM-	KDIVV-	degad-	ageda-
4po5_8	FDIIM-	KDIVV-	degad-	ageda-
4po5_9	FDIIM-	KDIVV-	degad-	ageda-
4po5_10	FDIIM-	KDIVV-	degad-	ageda-
4po5_11	FDIIM-	KDIVV-	degad-	ageda-
4po5_12	FDIIM-	KDIVV-	degad-	ageda-
4po5_13	FDIIM-	KDIVV-	degad-	ageda-
4po5_14	FDIIM-	KDIVV-	degad-	ageda-
4po5_15	FDIIM-	KDIVV-	degad-	ageda-
4po5_16	FDIIM-	KDIVV-	degad-	ageda-
4po5_17	FDIIM-	KDIVV-	degad-	ageda-
4po5_18	FDIIM-	KDIVV-	degad-	ageda-
4po5_19	FDIIM-	KDIVV-	degad-	ageda-
4po5_20	FDIIM-	KDIVV-	degad-	ageda-
4po5_21	FDIIM-	KDIVV-	degad-	ageda-
4po5_22	FDIIM-	KDIVV-	degad-	ageda-
4po5_23	FDIIM-	KDIVV-	degad-	ageda-
4q4h_0	TGLMVA	IGLLQA	degade	agedag
4q4h_0	VAIGGG	QAICEG	degade	agedag
4q4h_0	GGGCFA	EGGFAA	degade	agedag
4q50_3	ITTLL-	ITTCE-	degad-	ageda-
4q50_6	ITTLL-	ITTCE-	degad-	ageda-
4qnh_1	HQKFA-	IQKEV-	degad-	ageda-
4qq5_1	VSAYAR	LSALVR	degade	agedag
4qq5_2	VSAYAR	LSALVR	degade	agedag
4r42_5	LVLLEI	IVLYRI	degade	agedag
4r42_5	EIHTFM	RIHEIM	degade	agedag
4rsi_2	KKHKLQ	LKHLAQ	degade	agedag
4rsi_2	LQLILK	AQLAIK	degade	agedag
4rsi_2	LKKLL-	IKKLE-	degad-	ageda-
4ryj_1	LIYFSA	IIYTAA	degade	agedag
4ryj_1	SAATS-	AAACT-	degad-	ageda-
4tma_1	TIELAR	LIELIR	degade	agedag
4tma_3	TIELAR	LIELIR	degade	agedag
4tma_3	ARRALE	IRRLYE	degade	agedag
4u0q_0	EYLFSD	IYLKID	degade	agedag
4u0q_0	SDLRLY	IDLHIY	degade	agedag
4u0q_0	LYTFKE	IYTIME	degade	agedag
4u0q_0	KEHLI-	MEHII-	degad-	ageda-
4u4w_3	MSLYTF	ISLTSF	degade	agedag
4u4w_3	TFSFFS	SFSAFS	degade	agedag
4w6v_2	ITFVIL	ITFLAL	degade	agedag
4w6v_2	ILAAFA	ALALSA	degade	agedag
4w8p_3	SAGLT-	VAGHL-	degad-	ageda-
4w8p_6	SAGLT-	VAGHL-	degad-	ageda-
4whe_0	ALEKLT	ALEWET	degade	agedag
4whe_0	LTLILE	ETLAIE	degade	agedag
4whe_0	LEEVVD	IEELKD	degade	agedag
4whe_0	VDTLMK	KDTASK	degade	agedag
4whe_0	MKEILE	SKEVLE	degade	agedag
4whe_0	LEKLT-	LEKMI-	degad-	ageda-
4wjg_3	NLLFET	LLLVVT	degade	agedag
4wjg_3	ETAVAR	VTAHGR	degade	agedag
4wjg_3	ARHVHR	GRHTVR	degade	agedag
4wl1_2	MKQVQ-	LKQNY-	degad-	ageda-
4wl1_5	MKQVQ-	LKQNY-	degad-	ageda-
4wl1_7	MKQVQ-	LKQNY-	degad-	ageda-
4wlp_1	NQLIE-	IQLYK-	degad-	ageda-
4wqt_0	ARRLVR	MRRLER	degade	agedag
4xlx_4	LNELHT	LNELIT	degade	agedag
4xoi_0	AELLAT	LELAIT	degade	agedag
4xoi_0	ATKRLI	ITKQII	degade	agedag
4xpx_0	QLALYV	LLAMIV	degade	agedag
4xpx_0	YVMHS-	IVMQA-	degad-	ageda-
4yjw_0	LSALYK	FSASLK	degade	agedag
4yjw_0	YKVII-	LKVNL-	degad-	ageda-
4z2c_1	TRDKAE	LRDLIE	degade	agedag
4z2c_1	AERALE	IERLYE	degade	agedag
5azo_0	AYQLAQ	IYQAAQ	degade	agedag
5azo_0	AQREAL	AQRLVL	degade	agedag
5azo_0	ALNLQ-	VLNTL-	degad-	ageda-
5azs_7	AYSYAL	LYSAKL	degade	agedag
5azs_7	ALRLTR	KLRNQR	degade	agedag
5azs_7	TRTLR-	QRTAV-	degad-	ageda-
5c21_1	QEKYAA	LEKESA	degade	agedag
5c21_1	AAELYK	SAEYIK	degade	agedag
5c21_1	YKQLIE	IKQIRE	degade	agedag
5c21_1	IEEIA-	REEKL-	degad-	ageda-
5c22_4	ILKLTT	SLKYQT	degade	agedag
5c22_4	TTNILT	QTNTLT	degade	agedag
5c5b_4	QNLSTH	SNLHSH	degade	agedag
5c5b_4	THTSL-	SHTIS-	degad-	ageda-
5duo_5	MAALVM	MAANTM	degade	agedag
5duo_5	VMMWVA	TMMALA	degade	agedag
5ero_4	CLRLLL	ILRELL	degade	agedag
5ero_4	LLRCI-	LLRLM-	degad-	ageda-
5frg_0	LQRILS	LQRNIS	degade	agedag
5frg_0	LSELEM	ISELIM	degade	agedag
5frg_0	EMQKL-	IMQTI-	degad-	ageda-
5gap_6	ANILLW	LNIMIW	degade	agedag
5gap_6	LWLQI-	IWLII-	degad-	ageda-
5gip_0	IATILY	LATFIY	degade	agedag
5gip_0	LYIRLN	IYIIMN	degade	agedag
5gip_0	LNYLVM	MNYAAM	degade	agedag
5h69_0	RNELLS	QNELQS	degade	agedag
5h69_0	LSKLMD	QSKTRD	degade	agedag
5h69_0	MDTILE	RDTALE	degade	agedag
5hkk_1	LLKYTL	ILKIAL	degade	agedag
5hkk_1	TLYSLD	ALYAAD	degade	agedag
5hkk_1	LDKAFG	ADKALG	degade	agedag
5hkk_1	FGRMMG	LGRAKG	degade	agedag
5hkk_1	MGATAT	KGATRT	degade	agedag
5hkk_1	ATMLLT	RTMVIT	degade	agedag
5i6r_2	TEFYKM	IEFTMM	degade	agedag
5i6r_2	KMEYGR	MMEVNR	degade	agedag
5i6r_2	GRLILQ	NRLLLQ	degade	agedag
5i6r_2	LQKHL-	LQKLC-	degad-	ageda-
5ic1_1	SATMSA	LATSVA	degade	agedag
5ic1_1	SAGLT-	VAGHL-	degad-	ageda-
5ic1_3	LHQMAV	AHQALV	degade	agedag
5ic1_3	AVEILI	LVEYMI	degade	agedag
5ir6_2	HRALTM	LRAAAM	degade	agedag
5ir6_2	TMTAFS	AMTAMS	degade	agedag
5j1i_4	QTVREL	YTVQYL	degade	agedag
5j1i_4	ELQLQL	YLQAYL	degade	agedag
5j1i_4	QLYYSA	YLYFCA	degade	agedag
5j9t_2	LDEISL	IDEKYL	degade	agedag
5j9t_2	SLKCLQ	YLKELQ	degade	agedag
5knd_0	LKKQLM	VKKTIM	degade	agedag
5knd_0	LMQFLI	IMQMCI	degade	agedag
5knd_0	LIKNLR	CIKVLR	degade	agedag
5knd_0	LRAIE-	LRAKL-	degad-	ageda-
5koy_4	FSLFLG	VSLIFG	degade	agedag
5koy_4	LGIST-	FGILN-	degad-	ageda-
5krw_2	IKTLEQ	FKTLSQ	degade	agedag
5krw_2	EQLKLQ	SQLLMQ	degade	agedag
5krw_2	LQRLLS	MQRLFS	degade	agedag
5krw_2	LSLIV-	FSLYV-	degad-	ageda-
5l0g_1	NANLSV	LANIIV	degade	agedag
5l0g_1	SVETE-	IVEVL-	degad-	ageda-
5lb7_2	WQVWIN	LQVMLN	degade	agedag
5lb7_2	INEAVK	LNEYMK	degade	agedag
5lhg_0	TQELLL	LQELQL	degade	agedag
5lhg_0	LLKMLK	QLKLYK	degade	agedag
5lhg_0	LKKIL-	YKKLL-	degad-	ageda-
5lm1_2	LKYLNL	LKYLRL	degade	agedag
5lm1_2	NLAQVL	RLAMVL	degade	agedag
5lm1_2	VLALA-	VLAIL-	degad-	ageda-
5m4y_3	NLRYII	LLRLAI	degade	agedag
5m4y_3	IIQIQ-	AIQYL-	degad-	ageda-
5me8_1	AYKCYS	IYKKTS	degade	agedag
5me8_1	YSDKLA	TSDLMA	degade	agedag
5me8_1	LAQTM-	MAQNL-	degad-	ageda-
5mk0_11	VQKIFA	CQKYVA	degade	agedag
5mk0_11	FAVAH-	VAVSA-	degad-	ageda-
5n72_1	LLLKIE	LLLIIE	degade	agedag
5n72_1	IENLAE	IENAIE	degade	agedag
5n72_1	AESKLE	IESILE	degade	agedag
5n9y_6	MQIALG	AQIYRG	degade	agedag
5n9y_6	LGGLID	RGGMRD	degade	agedag
5nen_2	VRQLTQ	RRQLEQ	degade	agedag
5nen_2	TQDAFR	EQDTYR	degade	agedag
5nen_2	FRKLAD	YRKLVD	degade	agedag
5nen_3	VQQFVN	MQQLLN	degade	agedag
5nen_3	VNSITV	LNSKRV	degade	agedag
5nen_3	TVRILQ	RVRLLQ	degade	agedag
5nen_3	LQQLS-	LQQIM-	degad-	ageda-
5nfd_1	LLQRLT	ILQIIT	degade	agedag
5nfd_1	LTRRLS	ITRLMS	degade	agedag
5nfd_1	LSRRI-	MSRIV-	degad-	ageda-
5ng5_28	AYNVAI	LYNALI	degade	agedag
5ng5_28	AIVLTQ	LIVAEQ	degade	agedag
5ng5_28	TQQKI-	EQQVY-	degad-	ageda-
5o66_16	SFNISI	IFNNYI	degade	agedag
5o66_16	SISIYK	YISALK	degade	agedag
5o66_16	YKAVAQ	LKAALQ	degade	agedag
5och_10	LSHLLY	LSHLIY	degade	agedag
5och_10	LYVQL-	IYVVA-	degad-	ageda-
5odw_1	YKQILK	LKQKMK	degade	agedag
5odw_1	LKTSLE	MKTVKE	degade	agedag
5odw_1	LEKAL-	KEKIA-	degad-	ageda-
5oo6_9	LEQILQ	LEQALQ	degade	agedag
5oo6_9	LQKVA-	LQKIV-	degad-	ageda-
5ot4_9	LEELVR	LEELVR	degade	agedag
5ot4_9	VRDLYK	VRDLVK	degade	agedag
5ot4_9	YKIQLE	VKICSE	degade	agedag
5ouw_1	LDLIQI	YDLITI	degade	agedag
5ouw_1	QISEFA	TISEFA	degade	agedag
5ouw_1	FALLV-	FALMA-	degad-	ageda-
5owv_2	CELENQ	RELIRQ	degade	agedag
5owv_2	NQFVFD	RQFLKD	degade	agedag
5owv_2	FDLLF-	KDLLN-	degad-	ageda-
5sx9_0	IMNYLK	SMNQCK	degade	agedag
5sx9_0	LKRIII	CKRFII	degade	agedag
5sx9_0	IISRLE	IISFIE	degade	agedag
5sx9_0	LEDLQA	IEDKIA	degade	agedag
5sx9_0	QAEYID	IAETYD	degade	agedag
5sx9_0	IDRMIK	YDRLYK	degade	agedag
5sx9_0	IKDLLR	YKDKFR	degade	agedag
5sx9_0	LRTRYL	FRTYLL	degade	agedag
5szj_1	IMQELE	LMQLRE	degade	agedag
5szj_1	LEHQLE	REHVLE	degade	agedag
5szj_1	LEKLK-	LEKVE-	degad-	ageda-
5t8n_0	IELLVE	IELLQE	degade	agedag
5t8n_0	VETMME	QETLIE	degade	agedag
5t8n_0	MEQLI-	IEQLI-	degad-	ageda-
5u1a_9	LQYVQH	VQYISH	degade	agedag
5u1a_9	QHEEFK	SHEEYK	degade	agedag
5u1a_9	FKILI-	YKIFT-	degad-	ageda-
5uz7_1	LHFHMM	HHFINM	degade	agedag
5uz7_1	MMCNWM	NMCTMM	degade	agedag
5v5s_20	ALDAAN	VLDAAN	degade	agedag
5v5s_20	ANAVAK	ANAALK	degade	agedag
5v5s_20	AKAVA-	LKAAY-	degad-	ageda-
5vxj_10	HSQIDV	LSQTIV	degade	agedag
5vxj_10	DVKSL-	IVKTL-	degad-	ageda-
5w3s_2	DAVICL	MAVSIL	degade	agedag
5w3s_2	CLSLC-	ILSDI-	degad-	ageda-
5wjt_25	MRQILE	ERQLGE	degade	agedag
5wjt_25	LEASSQ	GEALIQ	degade	agedag
5wjt_25	SQGIIQ	IQGLQQ	degade	agedag
5wjt_25	IQAELT	QQALRT	degade	agedag
5wjt_25	LTTHLQ	RTTVIQ	degade	agedag
5wjt_25	LQVRV-	IQVVL-	degad-	ageda-
5x11_5	FTQLRK	LTQLVK	degade	agedag
5x11_5	RKKLLQ	VKKELQ	degade	agedag
5x11_5	LQSYL-	LQSLY-	degad-	ageda-
5xbj_0	NNVNNE	ANVTLE	degade	agedag
5xbj_0	NELYVY	LELALY	degade	agedag
5xei_1	YDKKAL	KDKIIL	degade	agedag
5xei_1	ALELAE	ILEIKE	degade	agedag
5xei_1	AENLVD	KENLRD	degade	agedag
5xei_1	VDLIVK	RDLLYK	degade	agedag
5xei_1	VKQLLE	YKQVFE	degade	agedag
5xg2_0	VVELAR	RVELIR	degade	agedag
5xg2_0	ARSLGE	IRSLLE	degade	agedag
5xg2_0	GERIAE	LEREIE	degade	agedag
5xg2_0	AEEKLK	IEELIK	degade	agedag
5xg2_0	LKEIGE	IKEAIE	degade	agedag
5xg2_0	GERLLR	IERVER	degade	agedag
5xg2_0	LRRALR	ERRVLR	degade	agedag
5xg2_0	LRLVKR	LRLALR	degade	agedag
5xg2_0	KREIL-	LRELL-	degad-	ageda-
5xsj_4	DFAAIA	TFASYA	degade	agedag
5xsj_4	IAYCYA	YAYTLA	degade	agedag
5xu0_0	AQAYAS	LQAALS	degade	agedag
5xu0_0	ASAVAD	LSAARD	degade	agedag
5xu0_0	ADHILN	RDHALN	degade	agedag
5xub_2	AQYLLG	VQYVNG	degade	agedag
5xub_2	LGLLQR	NGLIER	degade	agedag
5y05_1	LQRQLE	EQRVIE	degade	agedag
5y05_1	LEQLVM	IEQYVM	degade	agedag
5y05_1	VMRRLM	VMRLLM	degade	agedag
5y05_1	LMEREL	LMELLL	degade	agedag
5y05_1	ELRVLQ	LLRVRQ	degade	agedag
5yw8_16	LILLWT	IILELT	degade	agedag
5yw8_16	WTAFKT	LTAYVT	degade	agedag
5yx5_2	CLKLLC	LLKHFC	degade	agedag
5yx5_2	LCICL-	FCIFL-	degad-	ageda-
5ziy_0	IASKLT	KASMMT	degade	agedag
5ziy_0	LTTELQ	MTTVTQ	degade	agedag
6b87_1	LLEILV	LLELLV	degade	agedag
6b87_1	LVNILV	LVNLLV	degade	agedag
6b87_1	LVIILV	LVILLV	degade	agedag
6b87_1	LVVILA	LVVLQA	degade	agedag
6b87_1	LATQL-	QATSL-	degad-	ageda-
6bmm_1	VLLFSA	FLLVAA	degade	agedag
6bmm_1	SAFFVL	AAFCLL	degade	agedag
6bqt_19	YKVVRR	VKVILR	degade	agedag
6bqt_19	RRAWIS	LRAVRS	degade	agedag
6bw6_1	HVSLMI	LVSNII	degade	agedag
6bw6_1	MIFFTL	IIFSLL	degade	agedag
6c48_1	QVRLIL	VVRVLL	degade	agedag
6c48_1	ILIKHI	LLILLI	degade	agedag
6c48_1	HIKLM-	LIKIY-	degad-	ageda-
6cno_7	YTEMSA	HTEVFA	degade	agedag
6cno_7	SARVEA	FARALA	degade	agedag
6cno_7	EAMFH-	LAMHA-	degad-	ageda-
6d3r_0	LGMMYR	NGMVAR	degade	agedag
6d3r_0	YRKRKI	ARKLEI	degade	agedag
6d3r_0	KIERIT	EIELIT	degade	agedag
6d7k_1	SNLEEY	NNLCTY	degade	agedag
6d7k_1	EYAISA	TYAEVA	degade	agedag
6djl_6	YYQLLK	AYQVFK	degade	agedag
6djl_6	LKTVLQ	FKTALQ	degade	agedag
6djl_6	LQKLAK	LQKRIK	degade	agedag
6djl_6	AKEYAL	IKESLL	degade	agedag
6djl_7	ARVAAQ	MRVAYQ	degade	agedag
6djl_7	AQEAAT	YQETHT	degade	agedag
6djl_7	ATDFAT	HTDSKT	degade	agedag
6djl_7	ATVLAK	KTVAVK	degade	agedag
6djl_7	AKTIA-	VKTAL-	degad-	ageda-
6ehs_0	LQILQY	TQIAIY	degade	agedag
6ehs_0	QYALN-	IYAYN-	degad-	ageda-
6ewy_0	TRKFQR	VRKLLR	degade	agedag
6ewy_0	QREVL-	LREAV-	degad-	ageda-
6fws_1	CQLATE	SQLWSE	degade	agedag
6fws_1	TELRAE	SELFLE	degade	agedag
6gka_0	IQHIER	LQHFAR	degade	agedag
6gka_0	ERASYL	ARAEAL	degade	agedag
6gy6_32	FGKAAR	AGKYYR	degade	agedag
6gy6_32	ARQKLI	YRQFII	degade	agedag
6gy6_32	LIEVLQ	IIEKIQ	degade	agedag
6gy6_32	LQQVKS	IQQLIS	degade	agedag
6gy7_1	LAARLS	QAAIRS	degade	agedag
6gy7_1	LSQILI	RSQLRI	degade	agedag
6gy7_1	LIETLK	RIEKIK	degade	agedag
6gy7_1	LKKIVE	IKKLKE	degade	agedag
6gy7_1	VERLL-	KERTV-	degad-	ageda-
6gy8_4	LNLDWN	KNLVKN	degade	agedag
6gy8_4	WNMLI-	KNMTQ-	degad-	ageda-
6h2d_8	LATLTQ	KATLLQ	degade	agedag
6h2d_8	TQKVLE	LQKALE	degade	agedag
6h2d_8	LEQVIE	LEQLIE	degade	agedag
6h2d_8	IEQIQQ	IEQLGQ	degade	agedag
6h2d_8	QQFLTT	GQFLNT	degade	agedag
6h2d_8	TTFSFG	NTFING	degade	agedag
6h2f_19	LSIKAT	ISILIT	degade	agedag
6h2f_19	ATYQSS	ITYLTS	degade	agedag
6h2f_19	SSTRIV	TSTWSV	degade	agedag
6h2f_19	IVLNLI	SVLAVI	degade	agedag
6h2f_19	LIDSFQ	VIDAQQ	degade	agedag
6h2f_19	FQIVLN	QQIYGN	degade	agedag
6h2f_19	LNKVDN	GNKAVN	degade	agedag
6h2f_19	DNVLLN	VNVLRN	degade	agedag
6h2f_19	LNDIVN	RNDLRN	degade	agedag
6h2x_0	QQKIYE	LQKLLE	degade	agedag
6h2x_0	YEDLLQ	LEDKYQ	degade	agedag
6h2x_0	LQRLQN	YQRLLN	degade	agedag
6h2x_0	QNVVAI	LNVYLI	degade	agedag
6h2x_0	AIRQNE	LIRHLE	degade	agedag
6h2x_0	NERAAE	LERARE	degade	agedag
6h2x_0	AEEVLK	REEALK	degade	agedag
6h2x_0	LKQLY-	LKQLN-	degad-	ageda-
6hgc_1	LQLLLD	LQLVQD	degade	agedag
6hgc_1	LDEIN-	QDELL-	degad-	ageda-
6i1r_2	TTMVNL	STMLQL	degade	agedag
6i1r_2	NLSTLV	QLSLLV	degade	agedag
6i8a_1	AKMIYD	LKMWAD	degade	agedag
6i8a_1	YDLQHK	ADLFRK	degade	agedag
6jbj_0	LILNLK	VILVEK	degade	agedag
6jbj_0	LKFDTC	EKFLLC	degade	agedag
6jbj_2	EHRTRL	IHRKFL	degade	agedag
6jbj_2	RLRLTQ	FLRLQQ	degade	agedag
6jfk_0	TVAKAE	TVALDE	degade	agedag
6jfk_0	AEVRMD	DEVARD	degade	agedag
6jfk_0	MDLHAR	RDLAQR	degade	agedag
6jfk_0	ARQQCE	QRQLIE	degade	agedag
6kk1_1	VFLMCV	KFLSRV	degade	agedag
6kk1_1	CVANWL	RVASLL	degade	agedag
6kk8_0	IGLLGG	YGLKRG	degade	agedag
6kk8_0	GGHAYG	RGHEFG	degade	agedag
6kkt_1	LMYLNL	MMYCML	degade	agedag
6kkt_1	NLCAT-	MLCSW-	degad-	ageda-
6n9h_0	AQKLLV	LQKALV	degade	agedag
6n9h_0	LVQLAL	LVQIVL	degade	agedag
6n9h_0	ALELSL	VLEINL	degade	agedag
6nq7_0	SVGTFS	FVGNLS	degade	agedag
6nq7_0	FSYID-	LSYDL-	degad-	ageda-
6nrb_14	LENLAT	LENIIT	degade	agedag
6nrb_14	ATNLLE	ITNLKE	degade	agedag
6nrb_14	LEDLL-	KEDLE-	degad-	ageda-
6nrb_16	LDEVLS	KDEKLS	degade	agedag
6nrb_16	LSSILK	LSSIMK	degade	agedag
6nrb_16	LKVQYV	MKVLIV	degade	agedag
6nrb_16	YVAKL-	IVAFK-	degad-	ageda-
6nrc_0	LQKVTQ	IQKAVQ	degade	agedag
6nrc_0	TQKVAD	VQKLKD	degade	agedag
6nrc_0	ADQIL-	KDQLI-	degad-	ageda-
6nrc_5	VGRLIT	KGRNLT	degade	agedag
6nrc_5	ITEIYE	LTELRE	degade	agedag
6nrc_5	YEQLLE	REQSLE	degade	agedag
6nrd_16	LEAKLQ	CEALLQ	degade	agedag
6nrd_16	LQEILE	LQEKIE	degade	agedag
6nrd_16	LERVIQ	IERLIQ	degade	agedag
6nrd_16	IQVLLK	IQVNFK	degade	agedag
6o2p_2	TLWASS	VLWLFS	degade	agedag
6o2p_2	SSDVL-	FSDTL-	degad-	ageda-
6ogd_2	AEEVVE	YEEAKE	degade	agedag
6ogd_2	VEQIQN	KEQLLN	degade	agedag
6oit_0	AEKMLK	MEKLIK	degade	agedag
6oit_0	LKKKTL	IKKMKL	degade	agedag
6oit_0	TLDIEQ	KLDLLQ	degade	agedag
6oit_0	EQLRAV	LQLHIV	degade	agedag
6oit_0	AVNFKK	IVNMLK	degade	agedag
6oit_0	KKEFC-	LKELS-	degad-	ageda-
6pfv_1	LHAMLA	LHALIA	degade	agedag
6pfv_1	LAYEIS	IAYLRS	degade	agedag
6pfv_1	ISRRLQ	RSRLEQ	degade	agedag
6pfv_1	LQTACS	EQTARS	degade	agedag
6pfv_1	CSEIR-	RSELL-	degad-	ageda-
6pzi_3	VAKLAQ	SAKYFQ	degade	agedag
6pzi_3	AQTTH-	FQTSE-	degad-	ageda-
6quz_2	YMILIY	TMILSY	degade	agedag
6quz_2	IYLTLF	SYLLSF	degade	agedag
6quz_2	LFLQIM	SFLFVM	degade	agedag
6quz_3	YFENVL	AFEVLL	degade	agedag
6quz_3	VLQLI-	LLQVF-	degad-	ageda-
6r9t_3	CTDLST	VTDALT	degade	agedag
6r9t_3	STAVAI	LTAGVI	degade	agedag
6raf_4	LNLYKS	INLVAS	degade	agedag
6raf_4	KSALV-	ASARI-	degad-	ageda-
6ran_2	YAAISA	AAAFTA	degade	agedag
6ran_2	SALSL-	TALFS-	degad-	ageda-
6rko_2	TRTAAA	QRTATA	degade	agedag
6rko_2	AAVTCF	TAVGVF	degade	agedag
6rw6_3	AEELID	FEEAKD	degade	agedag
6rw6_3	IDQLLA	KDQLKA	degade	agedag
6rw6_3	LARRAV	KARLIV	degade	agedag
6rw6_3	AVQKLK	IVQQLK	degade	agedag
6rw6_3	LKQQTQ	LKQIAQ	degade	agedag
6rw6_3	TQQLL-	AQQQA-	degad-	ageda-
6rw6_14	MLNAMV	ALNRAV	degade	agedag
6rw6_14	MVQLFG	AVQFYG	degade	agedag
6rw6_14	FGTLI-	YGTLR-	degad-	ageda-
6rwb_3	QNNILQ	RNNALQ	degade	agedag
6rwb_3	LQNLTN	LQNVYN	degade	agedag
6rwb_3	TNLKAK	YNLLAK	degade	agedag
6rx4_3	AKSFAA	MKSSLA	degade	agedag
6rx4_3	AAFGAV	LAFAVV	degade	agedag
6tdy_0	YARIVE	YARTKE	degade	agedag
6tdy_0	VEQLIT	KEQVHT	degade	agedag
6tdy_0	ITLMAD	HTLYLD	degade	agedag
6ud8_4	YMSLCA	MMSYFA	degade	agedag
6ud8_4	CALIAI	FALYLI	degade	agedag
6ud8_4	AIHIF-	LIHAQ-	degad-	ageda-
1b3q_1	KLNLLM	ILNVLM	degade	agedag
1ii8_1	VKEILE	LKEYIE	degade	agedag
1ii8_1	LEAKTE	IEAIKE	degade	agedag
1ii8_1	TELIVK	KELLYK	degade	agedag
1ory_6	NLTII-	TLTMA-	degad-	ageda-
1yc9_2	KTQAQ-	ATQAA-	degad-	ageda-
2ch7_3	RISISV	IISNNV	degade	agedag
2ch7_3	SVETGS	NVEAIS	degade	agedag
2ch7_3	GSEIAT	ISEAQT	degade	agedag
2ch7_3	ATNISA	QTNAIA	degade	agedag
2ch7_3	SAQAFA	IAQMIA	degade	agedag
2ch7_3	FAQSL-	IAQAI-	degad-	ageda-
2hsq_3	AVNLV-	VVNKI-	degad-	ageda-
2hsq_6	AVNLV-	VVNKI-	degad-	ageda-
2hsq_9	AVNLV-	VVNKI-	degad-	ageda-
2hsq_12	AVNLV-	VVNKI-	degad-	ageda-
2hsq_15	AVNLV-	VVNKI-	degad-	ageda-
2jee_0	AQQRLE	VQQLNE	degade	agedag
2jee_0	LEENLK	NEELIK	degade	agedag
2jee_0	LKQQWQ	IKQLIQ	degade	agedag
2jee_0	WQRLLL	IQRAVL	degade	agedag
2jee_1	LEKVAI	MEKLLI	degade	agedag
2jee_1	AITILQ	LITWQQ	degade	agedag
2nvy_2	CNIILG	LNIVQG	degade	agedag
2nvy_2	LGLKF-	QGLIV-	degad-	ageda-
2nvy_5	CNIILG	LNIVQG	degade	agedag
2nvy_5	LGLKF-	QGLIV-	degad-	ageda-
2oto_1	ATLELE	KTLLEE	degade	agedag
2oto_1	LEKKLE	EEKAYE	degade	agedag
2oto_1	LEAIAS	YEAAIS	degade	agedag
2oto_1	ASDYAN	ISDLKN	degade	agedag
2oto_2	ATLELE	KTLLEE	degade	agedag
2oto_2	LEKKLE	EEKAYE	degade	agedag
2oto_2	LEAIAS	YEAAIS	degade	agedag
2oto_2	ASDYAN	ISDLKN	degade	agedag
2quf_0	IEYRLM	LEYAFM	degade	agedag
2quf_0	LMKIA-	FMKML-	degad-	ageda-
2x7r_0	YTLILI	LTLAAI	degade	agedag
3aqb_0	SKILCF	KKIAVF	degade	agedag
3fpp_10	NQKEAT	TQKART	degade	agedag
3fpp_10	ATMEA-	RTMAT-	degad-	ageda-
3htk_0	LLKQLL	VLKILL	degade	agedag
3htk_0	LLKMSM	LLKIIM	degade	agedag
3htk_0	SMSLCQ	IMSAFQ	degade	agedag
3htk_0	CQELTQ	FQEKCQ	degade	agedag
3htk_0	TQLQAQ	CQLLVQ	degade	agedag
3htk_0	AQMDM-	VQMLK-	degad-	ageda-
3n24_1	LQLQAL	RQLSIL	degade	agedag
3thf_3	LNKILK	LNKSIK	degade	agedag
3thf_3	LKEQI-	IKELA-	degad-	ageda-
3thf_5	LNKILK	LNKSIK	degade	agedag
3thf_5	LKEQI-	IKELA-	degad-	ageda-
4b7y_2	CLQILQ	YLQKCQ	degade	agedag
4b7y_2	LQDLQ-	CQDIQ-	degad-	ageda-
4d10_12	LQWCCE	LQWVHE	degade	agedag
4d10_12	CEVLI-	HEVIH-	degad-	ageda-
4iyl_1	TEQVLT	LEQLRT	degade	agedag
4k7r_4	ANDIIR	LNDAER	degade	agedag
4k7r_4	IRQQVN	ERQLMN	degade	agedag
4kp4_0	SHLRLT	IHLINT	degade	agedag
4kp4_0	LTIRA-	NTIIN-	degad-	ageda-
4mt4_3	TILQNA	LILNLA	degade	agedag
4mt4_3	NAASSY	LAAEAY	degade	agedag
4qjv_0	AQIFAR	IQISMR	degade	agedag
4qjv_0	ARVLW-	MRVLS-	degad-	ageda-
4wfd_1	ERKLIN	LRKSSN	degade	agedag
4y1k_3	TFEQAQ	RFEAAQ	degade	agedag
4y1k_3	AQDLAS	AQDETS	degade	agedag
4yv4_0	EENALV	LENRTV	degade	agedag
4yv4_0	LVMQMS	TVMIRS	degade	agedag
5azp_7	SLRQAS	ALRAAS	degade	agedag
5azp_7	ASAAQ-	ASALL-	degad-	ageda-
5gna_1	YKQFLD	IKQLLD	degade	agedag
5gna_1	LDMMLN	LDMLKN	degade	agedag
5gna_1	LNTSLT	KNTELT	degade	agedag
5ic9_0	LRQKMG	VRQIYG	degade	agedag
5ic9_0	MGNIL-	YGNTK-	degad-	ageda-
5j9w_7	LRLHLK	IRLLLK	degade	agedag
5j9w_7	LKAKAL	LKAILL	degade	agedag
5j9w_7	ALVAEN	LLVACN	degade	agedag
5j9w_7	ENSLIN	CNSQQN	degade	agedag
5mg8_1	KEQLQL	LEQMLL	degade	agedag
5mg8_1	QLQLLQ	LLQLRQ	degade	agedag
5mg8_1	LQEELQ	RQELIQ	degade	agedag
5mg8_1	LQKVHE	IQKLIE	degade	agedag
5mg8_1	HELLT-	IELLS-	degad-	ageda-
5n5z_2	LKLMCD	KKLAKD	degade	agedag
5ng5_6	AATAAA	KATGSA	degade	agedag
5ng5_6	AAETI-	SAEAT-	degad-	ageda-
5nl1_3	ASKVSL	LSKALL	degade	agedag
5nl1_3	SLNLL-	LLNAL-	degad-	ageda-
5o66_0	SQKQYN	EQKEAN	degade	agedag
5o66_0	YNVGEQ	ANVAKQ	degade	agedag
5oqm_4	INAMSS	RNALTS	degade	agedag
5oqm_4	SSALVS	TSALRS	degade	agedag
5wwl_2	IQLEV-	QQLLL-	degad-	ageda-
5yfp_1	VRIKLL	IRIVML	degade	agedag
5yfp_1	LLEKVE	MLEKNE	degade	agedag
5zfp_1	APIALL	APIFML	degade	agedag
6c5r_5	MRRLMS	IRRLAS	degade	agedag
6c5r_5	MSEIM-	ASELW-	degad-	ageda-
6epe_11	LKLNLL	EKLVCL	degade	agedag
6epe_11	LLIRLE	CLILKE	degade	agedag
6ezn_1	FGVMLI	AGVAII	degade	agedag
6kw4_2	SRISYI	SRIFYI	degade	agedag
6kw4_2	YIESII	YIESLI	degade	agedag
6kw4_2	IIELLT	LIELIT	degade	agedag
6nin_14	LTLSL-	LTLAF-	degad-	ageda-
6nyx_13	DTKASV	STKWSV	degade	agedag
6nyx_13	SVSSN-	SVSDI-	degad-	ageda-
6r7f_12	LHWCCE	LHWVHE	degade	agedag
6r7f_12	CEVLI-	HEVIH-	degad-	ageda-
6rw6_6	AQKSVR	VQKAER	degade	agedag
6rw6_6	VREALQ	EREKIQ	degade	agedag
6rw6_6	LQTST-	IQTTL-	degad-	ageda-
6rwb_5	HQTSEQ	AQTAVQ	degade	agedag
6rwb_5	EQNMK-	VQNNI-	degad-	ageda-
6rx3_5	TMKAT-	LMKNV-	degad-	ageda-
6v00_3	ITLYFL	LTLTFL	degade	agedag
