3mlg_0	LLLEFI	LLLEFI	gadega	gadega
5cwf_1	KVALKA	KLALKL	gadega	gadega
5cwi_2	-AEAEA	-SAAES	-adega	-adega
5mfi_7	-QVWIA	-VEWIA	-adega	-adega
1at3_1	-ETHLL	-ETHLL	-adega	-adega
1c94_0	-VKLAV	-LLLAE	-adega	-adega
1c94_0	AVELYN	AELLYK	gadega	gadega
1c94_0	YNLLEV	YKLLEK	gadega	gadega
1ce9_1	-VLEKV	-VLEKV	-adega	-adega
1ce9_1	KVLLKN	KVLLKN	gadega	gadega
1ce9_1	KNLEEV	KNLEEV	gadega	gadega
1d7m_0	RLLESL	RLLESL	gadega	gadega
1d7m_0	SLEKSR	SLEKSR	gadega	gadega
1d7m_0	SRLIQK	SRLIQK	gadega	gadega
1d7m_0	QKLNLL	QKLNLL	gadega	gadega
1d7m_0	LLLEEG	LLLEEG	gadega	gadega
1d7m_0	EGRERL	EGRERL	gadega	gadega
1d7m_0	RLLEKL	RLLEKL	gadega	gadega
1d7m_0	KLTLNL	KLTLNL	gadega	gadega
1d7m_0	NLEKAR	NLEKAR	gadega	gadega
1d7m_0	ARLERL	ARLERL	gadega	gadega
1d7m_0	RLTEDR	RLTEDR	gadega	gadega
1d7m_0	DRLEKL	DRLEKL	gadega	gadega
1d7m_0	KLAIEK	KLAIEK	gadega	gadega
1d7m_1	RLLESL	RLLESL	gadega	gadega
1d7m_1	SLEKSR	SLEKSR	gadega	gadega
1d7m_1	SRLIQK	SRLIQK	gadega	gadega
1d7m_1	QKLNLL	QKLNLL	gadega	gadega
1d7m_1	LLLEEG	LLLEEG	gadega	gadega
1d7m_1	EGRERL	EGRERL	gadega	gadega
1d7m_1	RLLEKL	RLLEKL	gadega	gadega
1d7m_1	KLTLNL	KLTLNL	gadega	gadega
1d7m_1	NLEKAR	NLEKAR	gadega	gadega
1d7m_1	ARLERL	ARLERL	gadega	gadega
1d7m_1	RLTEDR	RLTEDR	gadega	gadega
1d7m_1	DRLEKL	DRLEKL	gadega	gadega
1d7m_1	KLAIEK	KLAIEK	gadega	gadega
1ft9_0	LILGAL	LILGAL	gadega	gadega
1ft9_0	ALCMTI	ALCMTI	gadega	gadega
1h88_0	KVLTEN	KVLTEN	gadega	gadega
1h88_0	ENLQKV	ENLQKV	gadega	gadega
1h88_0	KVLSEL	KVLSEL	gadega	gadega
1h88_0	ELLRLF	ELLRLF	gadega	gadega
1ik9_0	LIALTI	LIALTI	gadega	gadega
1ik9_0	TINQKN	TINQKN	gadega	gadega
1ik9_0	KNLQEN	KNLQEN	gadega	gadega
1ik9_0	ENLLDW	ENLLDW	gadega	gadega
1ik9_0	DWVQRF	DWVQRF	gadega	gadega
1ik9_0	RFAVAK	RFAVAK	gadega	gadega
1jcc_1	ANADAS	AAKDAA	gadega	gadega
1jcc_1	ASANAR	AADNAA	gadega	gadega
1jcc_1	ARAQAK	AADQAA	gadega	gadega
1jcc_1	AKAAAN	AADAAA	gadega	gadega
1l5z_1	-KLVEN	-KLVEN	-adega	-adega
1noh_1	-YFVEY	-YFVEY	-adega	-adega
1noh_1	EYLTSH	EYLTSH	gadega	gadega
1noh_1	SHLAEK	SHLAEK	gadega	gadega
1noh_1	EKLISN	EKLISN	gadega	gadega
1pl5_0	-LKEQL	-LKEQL	-adega	-adega
1pl5_0	QLANII	QLANII	gadega	gadega
1pl5_0	IILSEV	IILSEV	gadega	gadega
1pl5_0	EVNERI	EVNERI	gadega	gadega
1pl5_0	RILQDL	RILQDL	gadega	gadega
1pl5_0	DLTKCL	DLTKCL	gadega	gadega
1pl5_0	CLARQI	CLARQI	gadega	gadega
1syq_3	SNRVKE	SNRVKE	gadega	gadega
1syq_6	SNRVKE	SNRVKE	gadega	gadega
1tu3_0	ELSEVQ	ELSEVQ	gadega	gadega
1tu3_0	VQFVLS	VQFVLS	gadega	gadega
1tu3_0	LSLQQL	LSLQQL	gadega	gadega
1u9g_0	-IKLHI	-LLLHE	-adega	-adega
1u9g_1	-IKLHI	-LLLHE	-adega	-adega
1u9g_2	-IKLHI	-LLLHE	-adega	-adega
1uix_0	DVLAEK	DVLAEK	gadega	gadega
1uix_0	EKLNKL	EKLNKL	gadega	gadega
1uix_0	KLAQQL	KLAQQL	gadega	gadega
1uix_0	QLLKEE	QLLKEE	gadega	gadega
1uix_0	EEAAIK	EEAAIK	gadega	gadega
1uix_0	IKFEQL	IKFEQL	gadega	gadega
1uix_0	QLERLK	QLERLK	gadega	gadega
1uix_0	LKAVKL	LKAVKL	gadega	gadega
1xio_1	-FSTIV	-FSTIV	-adega	-adega
1xio_1	IVTSLI	IVTSLI	gadega	gadega
2c9l_0	LLYRVA	LLYRVA	gadega	gadega
2c9l_0	VAKSEN	VAKSEN	gadega	gadega
2c9l_0	ENLRLL	ENLRLL	gadega	gadega
2gau_0	-TCRFL	-TCRFL	-adega	-adega
2gau_0	FLLAEL	FLLAEL	gadega	gadega
2gau_0	ELAERT	ELAERT	gadega	gadega
2h6b_4	-FYLKV	-FYLKV	-adega	-adega
2h6b_6	-FYLKV	-FYLKV	-adega	-adega
2m59_0	ILTAIA	ILTAIA	gadega	gadega
2m59_0	IAFWLL	IAFWLL	gadega	gadega
2m59_0	LLILTV	LLILTV	gadega	gadega
2no2_0	-LLKEL	-LLKEL	-adega	-adega
2no2_0	ELSQEL	ELSQEL	gadega	gadega
2no2_0	ELLQSL	ELLQSL	gadega	gadega
2no2_0	SLSASE	SLSASE	gadega	gadega
2no2_0	SEWAEF	SEWAEF	gadega	gadega
2oqq_1	-LLERV	-LLERV	-adega	-adega
2oqq_1	RVLEKN	RVLEKN	gadega	gadega
2oqq_1	KNLERL	KNLERL	gadega	gadega
2oqq_1	RLLQEN	RLLQEN	gadega	gadega
2q6q_0	-NLNKL	-NLNKL	-adega	-adega
2q6q_0	KLKQEI	KLKQEI	gadega	gadega
2q6q_0	EILKIA	EILKIA	gadega	gadega
2q6q_0	IALRKL	IALRKL	gadega	gadega
2q6q_0	KLYVIT	KLYVIT	gadega	gadega
2q6q_0	ITLEQN	ITLEQN	gadega	gadega
2q6q_0	QNLQKI	QNLQKI	gadega	gadega
2w83_0	-VLIEN	-VLIEN	-adega	-adega
2w83_0	ENLLTK	ENLLTK	gadega	gadega
2w83_0	TKLNVK	TKLNVK	gadega	gadega
2w83_0	VKLIKV	VKLIKV	gadega	gadega
2w83_0	KVLTEK	KVLTEK	gadega	gadega
2w83_0	EKLQEL	EKLQEL	gadega	gadega
3a7p_0	TLLQEL	TLLQEL	gadega	gadega
3a7p_0	ELKEEI	ELKEEI	gadega	gadega
3a7p_0	EILKVI	EILKVI	gadega	gadega
3a7p_0	VIKNNT	VIKNNT	gadega	gadega
3a7p_0	NTLNAL	NTLNAL	gadega	gadega
3a7p_0	ALGTEN	ALGTEN	gadega	gadega
3a7p_0	ENLQKL	ENLQKL	gadega	gadega
3a7p_0	KLLKEH	KLLKEH	gadega	gadega
3b02_0	-HLHVA	-HLHVA	-adega	-adega
3b02_0	VALAQM	VALAQM	gadega	gadega
3b02_0	QMVQYE	QMVQYE	gadega	gadega
3cl3_0	ALERAA	ALERAA	gadega	gadega
3cl3_0	AAEKKL	AAEKKL	gadega	gadega
3cl3_0	KLLQAY	KLLQAY	gadega	gadega
3cl3_0	AYLFEY	AYLFEY	gadega	gadega
3l1c_0	-HLSEV	-HLSEV	-adega	-adega
3l1c_0	EVLRRT	EVLRRT	gadega	gadega
3l1c_0	RTLLCN	RTLLCN	gadega	gadega
3l1c_0	CNQAEL	CNQAEL	gadega	gadega
3l1c_0	ELCKQL	ELCKQL	gadega	gadega
3l1c_0	QLSNER	QLSNER	gadega	gadega
3l1c_0	ERLHTV	ERLHTV	gadega	gadega
3mud_0	-ICLTT	-ICLTT	-adega	-adega
3mud_0	TTNESI	TTNESI	gadega	gadega
3mud_0	SILEKV	SILEKV	gadega	gadega
3mud_0	KVAKEN	KVAKEN	gadega	gadega
3n4x_0	ENLSKL	ENLSKL	gadega	gadega
3n4x_0	KLKAEI	KLKAEI	gadega	gadega
3n4x_0	EILQQI	EILQQI	gadega	gadega
3n4x_0	QILNQV	QILNQV	gadega	gadega
3n4x_0	QVLKQT	QVLKQT	gadega	gadega
3n4x_0	QTQANS	QTQANS	gadega	gadega
3ni0_0	TTLQQL	TTLQQL	gadega	gadega
3ni0_0	QLTQSL	QLTQSL	gadega	gadega
3ni0_0	SLAEQA	SLAEQA	gadega	gadega
3ni0_0	QACNTV	QACNTV	gadega	gadega
3ni0_0	TVLQSL	TVLQSL	gadega	gadega
3ni0_0	SLKVQA	SLKVQA	gadega	gadega
3ni0_0	QAQQRI	QAQQRI	gadega	gadega
3ni0_0	RILEEV	RILEEV	gadega	gadega
3ni0_0	EVLNEL	EVLNEL	gadega	gadega
3nmd_0	-LLQAL	-LLQAL	-adega	-adega
3nmd_0	ALKIEL	ALKIEL	gadega	gadega
3nmd_0	ELRDLI	ELRDLI	gadega	gadega
3nmd_0	LILEEL	LILEEL	gadega	gadega
3nmd_0	ELKDLI	ELKDLI	gadega	gadega
3nmd_0	LILQEL	LILQEL	gadega	gadega
3q0x_0	-KLARL	-KLARL	-adega	-adega
3q0x_0	RLVKTC	RLVKTC	gadega	gadega
3q0x_0	TCLSDL	TCLSDL	gadega	gadega
3q0x_0	DLTRDR	DLTRDR	gadega	gadega
3q0x_0	DRMVQL	DRMVQL	gadega	gadega
3q0x_0	QLCRQL	QLCRQL	gadega	gadega
3q15_9	AAYRVL	AAYRVL	gadega	gadega
3qh9_0	KALLEL	KALLEL	gadega	gadega
3qh9_0	ELLKKV	ELLKKV	gadega	gadega
3qh9_0	KVLEER	KVLEER	gadega	gadega
3qh9_0	ERYEKL	ERYEKL	gadega	gadega
3qh9_0	KLTKEV	KLTKEV	gadega	gadega
3qh9_0	EVLQQV	EVLQQV	gadega	gadega
3qh9_0	QVKDEI	QVKDEI	gadega	gadega
3qh9_0	EILHQL	EILHQL	gadega	gadega
3s9g_0	-KLIEY	-KLIEY	-adega	-adega
3s9g_0	EYLESL	EYLESL	gadega	gadega
3s9g_0	SLMEEN	SLMEEN	gadega	gadega
3s9g_0	ENLRES	ENLRES	gadega	gadega
3s9g_0	ESLDRV	ESLDRV	gadega	gadega
3s9g_0	RVLEEL	RVLEEL	gadega	gadega
3s9g_0	ELLREN	ELLREN	gadega	gadega
3sr2_2	-ILMMS	-ILMMS	-adega	-adega
3sr2_2	MSLQQV	MSLQQV	gadega	gadega
3sr2_2	QVLALL	QVLALL	gadega	gadega
3sr2_2	LLKDEI	LLKDEI	gadega	gadega
3v5b_0	EMMRRM	EMMRRM	gadega	gadega
3v5b_0	RMQLEY	RMQLEY	gadega	gadega
3v5b_0	EYLLIK	EYLLIK	gadega	gadega
3v5b_0	IKLDEI	IKLDEI	gadega	gadega
3v5b_0	EIYRLL	EIYRLL	gadega	gadega
3vmz_0	QILKIN	QILKIN	gadega	gadega
3vmz_0	INLAKI	INLAKI	gadega	gadega
3vmz_0	KILESC	KILESC	gadega	gadega
3vmz_0	SCKEEI	SCKEEI	gadega	gadega
3vmz_0	EILNLL	EILNLL	gadega	gadega
3wuu_3	-IMEQL	-IMEQL	-adega	-adega
3wuu_3	QLALKN	QLALKN	gadega	gadega
3wuu_3	KNWLYD	KNWLYD	gadega	gadega
3wuu_3	YDREYV	YDREYV	gadega	gadega
3wuu_3	YVLLKI	YVLLKI	gadega	gadega
4b86_1	-ALKIL	-ALKIL	-adega	-adega
4b86_1	ILQLLI	ILQLLI	gadega	gadega
4b86_1	LIQQQL	LIQQQL	gadega	gadega
4b86_1	QLKEEI	QLKEEI	gadega	gadega
4bwd_0	-KLIQV	-KLIQV	-adega	-adega
4bwd_0	QVLQTL	QVLQTL	gadega	gadega
4bwd_0	TLLSRV	TLLSRV	gadega	gadega
4bwd_0	RVVKEN	RVVKEN	gadega	gadega
4bwd_0	ENLKEN	ENLKEN	gadega	gadega
4e61_1	-LIQEL	-LIQEL	-adega	-adega
4e61_1	ELSQTI	ELSQTI	gadega	gadega
4e61_1	TILNEI	TILNEI	gadega	gadega
4e61_1	EIYKTV	EIYKTV	gadega	gadega
4gkw_0	-LNQEL	-LNQEL	-adega	-adega
4gkw_0	ELVGML	ELVGML	gadega	gadega
4gkw_0	MLEQKV	MLEQKV	gadega	gadega
4gkw_0	KVLQRN	KVLQRN	gadega	gadega
4gkw_0	RNHQEI	RNHQEI	gadega	gadega
4gkw_0	EILREL	EILREL	gadega	gadega
4gkw_1	MVLTTI	MVLTTI	gadega	gadega
4gkw_1	TILREL	TILREL	gadega	gadega
4gkw_1	ELEKKA	ELEKKA	gadega	gadega
4gkw_1	KANMSF	KANMSF	gadega	gadega
4gkw_1	SFLSEN	SFLSEN	gadega	gadega
4gkw_1	ENLKKI	ENLKKI	gadega	gadega
4h22_0	-YAMSN	-YAMSN	-adega	-adega
4h22_0	SNLDEK	SNLDEK	gadega	gadega
4h22_0	EKFMQV	EKFMQV	gadega	gadega
4h22_0	QVLKML	QVLKML	gadega	gadega
4h22_0	MLLEQL	MLLEQL	gadega	gadega
4h22_0	QLSRQY	QLSRQY	gadega	gadega
4h22_0	QYKNEF	QYKNEF	gadega	gadega
4h22_0	EFEKAH	EFEKAH	gadega	gadega
4h22_0	AHLQQF	AHLQQF	gadega	gadega
4i1a_7	SNYRSI	SNYRSI	gadega	gadega
4iff_1	TNLKRN	TNLKRN	gadega	gadega
4iff_1	RNLFEI	RNLFEI	gadega	gadega
4j8e_3	AALAAC	AALAAC	gadega	gadega
4jpp_4	-TSKQQ	-SEKQL	-adega	-adega
4jpp_4	QQEIRQ	QLQIRS	gadega	gadega
4jpp_4	RQTQQT	RSMQQL	gadega	gadega
4jpp_4	QTQYTN	QLAYTG	gadega	gadega
4jpp_4	TNIKMT	TGFKMQ	gadega	gadega
4jpp_4	MTVSEV	MQESEK	gadega	gadega
4jpp_4	EVVHQT	EKAHQL	gadega	gadega
4om3_1	-FLQQY	-FLQQY	-adega	-adega
4om3_1	QYLKEC	QYLKEC	gadega	gadega
4om3_1	ECLAEK	ECLAEK	gadega	gadega
4om3_1	EKMQHY	EKMQHY	gadega	gadega
4om3_1	HYYYMS	HYYYMS	gadega	gadega
4om3_1	MSLNEM	MSLNEM	gadega	gadega
4om3_1	EMQTIA	EMQTIA	gadega	gadega
4om3_1	IALNIC	IALNIC	gadega	gadega
4orh_0	LMLNSK	LMLNSK	gadega	gadega
4orh_0	SKFEII	SKFEII	gadega	gadega
4orh_0	IIKNEL	IIKNEL	gadega	gadega
4orh_0	ELTKEK	ELTKEK	gadega	gadega
4orh_0	EKMQQK	EKMQQK	gadega	gadega
4rfx_1	RNLEKV	RNLEKV	gadega	gadega
4rfx_1	KVLRTV	KVLRTV	gadega	gadega
4rfx_1	TVLEMN	TVLEMN	gadega	gadega
4rfx_1	MNNDLQ	MNNDLQ	gadega	gadega
4rfx_1	LQARTE	LQARTE	gadega	gadega
4rfx_1	TELRQL	TELRQL	gadega	gadega
4rfx_1	QLAARV	QLAARV	gadega	gadega
4rfx_1	RVAERV	RVAERV	gadega	gadega
4rfx_1	RVAQTV	RVAQTV	gadega	gadega
4rfx_1	TVYQTI	TVYQTI	gadega	gadega
4rfx_1	TIYRLT	TIYRLT	gadega	gadega
4rfx_1	LTLQVN	LTLQVN	gadega	gadega
5ajs_0	KLQRIL	KLQRIL	gadega	gadega
5ajs_0	ILMEKM	ILMEKM	gadega	gadega
5ajs_0	KMMKSI	KMMKSI	gadega	gadega
5ajs_0	SILRTE	SILRTE	gadega	gadega
5ajs_0	TELREL	TELREL	gadega	gadega
5ajs_0	ELKDLL	ELKDLL	gadega	gadega
5c9n_0	QLQLRN	QLQLRN	gadega	gadega
5c9n_0	RNLQTL	RNLQTL	gadega	gadega
5c9n_0	TLKEEL	TLKEEL	gadega	gadega
5c9n_0	ELLHEN	ELLHEN	gadega	gadega
5c9n_0	ENLRYL	ENLRYL	gadega	gadega
5cj0_0	-NANMA	-NANMA	-adega	-adega
5cj0_0	MAAQQV	MAAQQV	gadega	gadega
5cj0_0	QVLQLL	QVLQLL	gadega	gadega
5cj0_0	LLTQQL	LLTQQL	gadega	gadega
5cj0_0	QLAVAN	QLAVAN	gadega	gadega
5cj0_0	ANLKNI	ANLKNI	gadega	gadega
5cj0_0	NIVERN	NIVERN	gadega	gadega
5cj1_3	-YFVEY	-YFVEY	-adega	-adega
5cj1_3	EYLTSH	EYLTSH	gadega	gadega
5cj1_3	SHLEVR	SHLEVR	gadega	gadega
5cj1_3	VRLEEK	VRLEEK	gadega	gadega
5cj1_3	EKLQAL	EKLQAL	gadega	gadega
5cj1_3	ALAESL	ALAESL	gadega	gadega
5d5y_0	LSLQTQ	LLSQTT	gadega	gadega
5d5y_0	TQLQLQ	TTQQLL	gadega	gadega
5d5y_0	LQCYLE	LLQYLL	gadega	gadega
5d5y_0	LENRLV	LLTRLL	gadega	gadega
5d5y_0	LVVMLQ	LLEMLL	gadega	gadega
5fcm_0	-VLVDL	-VLVDL	-adega	-adega
5fcm_0	DLTTSY	DLTTSY	gadega	gadega
5fcm_0	SYVKQC	SYVKQC	gadega	gadega
5fcm_0	QCQAEI	QCQAEI	gadega	gadega
5fcn_0	-RSDHV	-RSDHV	-adega	-adega
5fcn_0	HVLKSL	HVLKSL	gadega	gadega
5fcn_0	SLCAET	SLCAET	gadega	gadega
5fcn_0	ETLKLN	ETLKLN	gadega	gadega
5fcn_0	LNYAKL	LNYAKL	gadega	gadega
5h07_0	ELSRAR	ELSRAR	gadega	gadega
5h07_0	ARALRV	ARALRV	gadega	gadega
5h07_0	RVLEQI	RVLEQI	gadega	gadega
5h07_0	QIYKDF	QIYKDF	gadega	gadega
5h07_0	DFERDR	DFERDR	gadega	gadega
5h07_0	DRAQRI	DRAQRI	gadega	gadega
5h07_0	RILEKV	RILEKV	gadega	gadega
5jvm_0	LLFQEI	LLFQEI	gadega	gadega
5jvm_0	EILKQL	EILKQL	gadega	gadega
5jvm_0	QLKGLV	QLKGLV	gadega	gadega
5jvm_0	LVLEER	LVLEER	gadega	gadega
5jvm_0	ERYFKL	ERYFKL	gadega	gadega
5jvp_0	-LYREI	-LYREI	-adega	-adega
5jvp_0	EILKQL	EILKQL	gadega	gadega
5jvp_0	QLVSET	QLVSET	gadega	gadega
5jvp_0	ETQAEK	ETQAEK	gadega	gadega
5jvp_0	EKLEER	EKLEER	gadega	gadega
5jvp_0	ERYFKL	ERYFKL	gadega	gadega
5llx_1	LIDSQL	LIDSQL	gadega	gadega
5llx_1	QLLNQL	QLLNQL	gadega	gadega
5llx_1	QLANNL	QLANNL	gadega	gadega
5m88_0	-WLVET	-WLVET	-adega	-adega
5m88_0	ETTRQL	ETTRQL	gadega	gadega
5m88_0	QLVREL	QLVREL	gadega	gadega
5m88_0	ELALQH	ELALQH	gadega	gadega
5m88_0	QHAVVI	QHAVVI	gadega	gadega
5mw9_0	ENLRKL	ENLRKL	gadega	gadega
5mw9_0	KLTKAF	KLTKAF	gadega	gadega
5mw9_0	AFTYKL	AFTYKL	gadega	gadega
5mw9_0	KLANAK	KLANAK	gadega	gadega
5mw9_3	VILREL	VILREL	gadega	gadega
5mw9_3	ELAREV	ELAREV	gadega	gadega
5mw9_3	EVADWR	EVADWR	gadega	gadega
5mw9_3	WRCIVC	WRCIVC	gadega	gadega
5mw9_3	VCLTRL	VCLTRL	gadega	gadega
5mw9_3	RLEAFL	RLEAFL	gadega	gadega
5oi7_0	-YLQIV	-YLQIV	-adega	-adega
5oi7_0	IVQQKM	IVQQKM	gadega	gadega
5oi7_0	KMLRQV	KMLRQV	gadega	gadega
5oi7_0	QVLEEV	QVLEEV	gadega	gadega
5oi7_0	EVEETS	EVEETS	gadega	gadega
5oi7_0	TSLREA	TSLREA	gadega	gadega
5oi7_0	EARDAL	EARDAL	gadega	gadega
5oi7_0	ALLRAV	ALLRAV	gadega	gadega
5oi7_0	AVLSQN	AVLSQN	gadega	gadega
5oi7_0	QNLIKN	QNLIKN	gadega	gadega
5wjb_0	-YFVEY	-YFVEY	-adega	-adega
5wjb_0	EYLTDL	EYLTDL	gadega	gadega
5wjb_0	DLLQEV	DLLQEV	gadega	gadega
5wjb_0	EVAVEC	EVAVEC	gadega	gadega
5wjb_0	ECAEKA	ECAEKA	gadega	gadega
5wjb_0	KAAIDA	KAAIDA	gadega	gadega
5wjb_0	DAMAEL	DAMAEL	gadega	gadega
5wjb_0	ELEQTS	ELEQTS	gadega	gadega
5wjb_0	TSLEMK	TSLEMK	gadega	gadega
5wjb_0	MKMETI	MKMETI	gadega	gadega
5wlz_0	LIALRN	LIALRN	gadega	gadega
5wlz_0	RNLQEL	RNLQEL	gadega	gadega
5wlz_0	ELLRVV	ELLRVV	gadega	gadega
5wlz_0	VVTESR	VVTESR	gadega	gadega
5wlz_0	SRAEEL	SRAEEL	gadega	gadega
5wlz_0	ELTSRV	ELTSRV	gadega	gadega
5wlz_0	RVLHQN	RVLHQN	gadega	gadega
5wlz_0	QNLIQK	QNLIQK	gadega	gadega
5wlz_0	QKMDDL	QKMDDL	gadega	gadega
5wlz_0	DLLQEV	DLLQEV	gadega	gadega
6a9p_5	-AYQEL	-AYQEL	-adega	-adega
6a9p_5	ELLRRL	ELLRRL	gadega	gadega
6a9p_5	RLLTNS	RLLTNS	gadega	gadega
6a9p_5	NSLEER	NSLEER	gadega	gadega
6a9p_5	ERLADL	ERLADL	gadega	gadega
6a9p_5	DLVRKL	DLVRKL	gadega	gadega
6a9p_5	KLETLR	KLETLR	gadega	gadega
6a9p_5	LRAENL	LRAENL	gadega	gadega
6a9p_5	NLYREA	NLYREA	gadega	gadega
6a9p_5	EAATAR	EAATAR	gadega	gadega
6a9p_5	ARLEKI	ARLEKI	gadega	gadega
6a9p_5	KILEEI	KILEEI	gadega	gadega
6akl_0	-ILQEN	-ILQEN	-adega	-adega
6akl_0	ENLWSL	ENLWSL	gadega	gadega
6akl_0	SLHQAL	SLHQAL	gadega	gadega
6akl_0	ALIMKY	ALIMKY	gadega	gadega
6akl_0	KYQMQL	KYQMQL	gadega	gadega
6bw6_0	FVIGLL	FVIGLL	gadega	gadega
6bw6_0	LLCCIF	LLCCIF	gadega	gadega
6bw6_0	IFFADV	IFFADV	gadega	gadega
6cpb_0	MVLGLL	MVLGLL	gadega	gadega
6cpb_0	LLSLII	LLSLII	gadega	gadega
6cpb_0	IILVLE	IILVLE	gadega	gadega
6f62_0	ELKEKL	ELKEKL	gadega	gadega
6f62_0	KLNRII	KLNRII	gadega	gadega
6f62_0	IIQRAI	IIQRAI	gadega	gadega
6f62_0	AILQGN	AILQGN	gadega	gadega
6f62_0	GNVSKL	GNVSKL	gadega	gadega
6f62_0	KLGIEN	KLGIEN	gadega	gadega
6f62_0	ENLIEN	ENLIEN	gadega	gadega
6f62_0	ENTRLC	ENTRLC	gadega	gadega
6f62_0	LCLKTC	LCLKTC	gadega	gadega
6f62_0	TCSAKT	TCSAKT	gadega	gadega
6fx5_2	YILQRA	YILQRA	gadega	gadega
6fx5_2	RALERQ	RALERQ	gadega	gadega
6fx5_2	RQLEAN	RQLEAN	gadega	gadega
6fx5_2	ANLLRV	ANLLRV	gadega	gadega
6fx5_2	RVLEQA	RVLEQA	gadega	gadega
6iur_1	RILQER	RILQER	gadega	gadega
6iur_1	ERQELK	ERQELK	gadega	gadega
6iur_1	LKLVRI	LKLVRI	gadega	gadega
6iur_1	RILEAL	RILEAL	gadega	gadega
6j6h_12	-NLRTL	-NLRTL	-adega	-adega
6j6h_12	TLLTKL	TLLTKL	gadega	gadega
6j6h_12	KLVMER	KLVMER	gadega	gadega
6j6h_12	ERAKVA	ERAKVA	gadega	gadega
6j6h_12	VALLEK	VALLEK	gadega	gadega
6n6s_0	-KLVQN	-KLVQN	-adega	-adega
6n6s_0	QNLKQV	QNLKQV	gadega	gadega
6n6s_0	QVFEDF	QVFEDF	gadega	gadega
6n6s_0	DFERDR	DFERDR	gadega	gadega
6n6s_0	DRMNEK	DRMNEK	gadega	gadega
6n6s_0	EKLKQV	EKLKQV	gadega	gadega
6n6s_0	QVLQQV	QVLQQV	gadega	gadega
6n6s_0	QVTNQL	QVTNQL	gadega	gadega
6ofp_1	-CYIQL	-CYIQL	-adega	-adega
6ofp_1	QLMQQL	QLMQQL	gadega	gadega
6ofp_1	QLAEEK	QLAEEK	gadega	gadega
6ofp_1	EKLNLL	EKLNLL	gadega	gadega
6ofp_1	LLAIQK	LLAIQK	gadega	gadega
6ofp_1	QKLTRL	QKLTRL	gadega	gadega
6su3_1	-AAIGV	-AAIGV	-adega	-adega
6su3_1	GVSMLF	GVSMLF	gadega	gadega
1gvn_0	-KEIII	-LLIIH	-adega	-adega
1gvn_0	IILSSV	IHWSSN	gadega	gadega
1ls4_0	-KAALQ	-LTALA	-adega	-adega
1o6o_2	-LIEWS	-PAEWC	-adega	-adega
1oa0_0	-TLQAL	-DLQAV	-adega	-adega
1phz_0	QFEILA	QKVILA	gadega	gadega
1z8l_1	-AVQAA	-LAQAF	-adega	-adega
1zee_5	EVLHQT	EKLHQI	gadega	gadega
1zee_7	EVLHQT	EKLHQI	gadega	gadega
2b2h_0	STVMMV	SYMMMV	gadega	gadega
2b39_1	-AYALA	-YAALY	-adega	-adega
2bap_4	-NEIRC	-LLIRR	-adega	-adega
2c1t_1	-VCWIS	-VPWIA	-adega	-adega
2c2x_0	-RIFDL	-LAFDT	-adega	-adega
2fup_1	DIANLL	DLLNLC	gadega	gadega
2hn2_13	-YYSID	-TYSIV	-adega	-adega
2hn2_19	-YYSID	-TYSIV	-adega	-adega
2hn2_22	-YYSID	-TYSIV	-adega	-adega
2hn2_28	-YYSID	-TYSIV	-adega	-adega
2iak_3	ELLNKE	EMQNKI	gadega	gadega
2iak_5	ELLNKE	EMQNKI	gadega	gadega
2jkr_4	-YLRIN	-VERII	-adega	-adega
2jkt_3	-YLRIN	-VERII	-adega	-adega
2nox_1	DLAFQW	DSMFQV	gadega	gadega
2nwb_3	-NLFEV	-HLFEK	-adega	-adega
2nwb_3	EVLHQT	EKLHQI	gadega	gadega
2o7e_1	-WILIL	-AALII	-adega	-adega
2o7e_4	-WILIL	-AALII	-adega	-adega
2vx2_0	-VTCKV	-LLCKQ	-adega	-adega
2xs1_7	-VLKGT	-VLKGL	-adega	-adega
2xs1_7	GTYNLT	GLLNLN	gadega	gadega
2xs1_7	LTLVFQ	LNIVFS	gadega	gadega
2y02_3	LCAIRY	LMVIRV	gadega	gadega
2yin_3	HLLIWQ	HIMIWN	gadega	gadega
3anw_2	NLKLDL	NIILDI	gadega	gadega
3bct_8	-FITLH	-FITLC	-adega	-adega
3bct_9	-ATDLQ	-LTDLV	-adega	-adega
3etv_5	-LLVVI	-SLVVE	-adega	-adega
3fex_3	-TEAWA	-KTAWS	-adega	-adega
3gjx_1	-YKLMI	-YLLME	-adega	-adega
3gq2_1	-RVRLK	-IYRLT	-adega	-adega
3gq2_4	-NLMQL	-ELMQQ	-adega	-adega
3gq2_5	-TINVS	-LANVC	-adega	-adega
3now_15	-AVAQC	-HIAQL	-adega	-adega
3now_23	-AVAQC	-HIAQL	-adega	-adega
3o4x_6	-LLELR	-NEELC	-adega	-adega
3o4x_11	-LMHNM	-KIHNT	-adega	-adega
3o4x_13	-KIVVT	-LMVVM	-adega	-adega
3odn_2	-FEWNF	-LLWNI	-adega	-adega
3s4w_7	-SYSLT	-LASLY	-adega	-adega
3unv_3	-VQLNL	-NLLNM	-adega	-adega
3unv_3	NLVFFE	NMAFFI	gadega	gadega
3w5k_6	-ELEYT	-VCEYL	-adega	-adega
3zyk_0	-IYSYL	-FLSYH	-adega	-adega
4a0c_6	-ILTLM	-KFTLY	-adega	-adega
4aki_0	-INWEV	-DLWEI	-adega	-adega
4aki_0	EVYWDL	EILWDK	gadega	gadega
4db9_2	-QLWLS	-IEWLA	-adega	-adega
4gmn_0	DISLVL	DAWLVK	gadega	gadega
4hzk_0	-EMILR	-LAILT	-adega	-adega
4hzk_2	-KLDWL	-LTDWC	-adega	-adega
4hzk_3	-HEFNL	-ALFNT	-adega	-adega
4hzk_5	CLINIA	CLRNIF	gadega	gadega
4ifq_0	-RFLRE	-VFLRQ	-adega	-adega
4ifq_12	-LLAKI	-LLAKY	-adega	-adega
4k1o_2	-KMNVV	-FENVL	-adega	-adega
4kf7_2	LIISLA	LASSLF	gadega	gadega
4l38_10	-TKIKS	-RLIKI	-adega	-adega
4l38_10	KSWLKM	KISLKV	gadega	gadega
4l6y_4	SICQEL	SELQEV	gadega	gadega
4mfu_8	-MNLDS	-LSLDA	-adega	-adega
4nsr_1	-LNQEL	-LIQEI	-adega	-adega
4nsr_1	ELLQLD	EISQLI	gadega	gadega
4q85_4	RVLSVF	RFLSVF	gadega	gadega
4q86_3	LALGYF	LIFGYL	gadega	gadega
4rid_4	-YATML	-VITMI	-adega	-adega
4rid_7	-YATML	-VITMI	-adega	-adega
4rid_10	-YATML	-VITMI	-adega	-adega
4ry3_1	-YATML	-VITMI	-adega	-adega
4ry3_2	-YATML	-VITMI	-adega	-adega
4tf4_1	-VETAA	-FATAT	-adega	-adega
4uqv_1	LALAML	LCLAML	gadega	gadega
5cof_1	-RVSLL	-YLSLL	-adega	-adega
5cof_1	LLNAVV	LLVAVI	gadega	gadega
5cog_0	-SLSQL	-IQSQL	-adega	-adega
5cwi_0	-KIKAS	-ILKAA	-adega	-adega
5cwi_0	ASAEAS	AAEEAA	gadega	gadega
5cy5_1	-YMLNI	-ILLNS	-adega	-adega
5d92_1	-LLILA	-ILILC	-adega	-adega
5d92_1	LASVTI	LCLVTV	gadega	gadega
5e57_2	-FRREL	-AVREL	-adega	-adega
5ebz_11	-QAMSL	-LLMSK	-adega	-adega
5ebz_11	SLYNNL	SKINNL	gadega	gadega
5ebz_11	NLMKTL	NLVKTL	gadega	gadega
5h41_2	QTLLSA	QKSLSQ	gadega	gadega
5j1g_4	-LELLT	-ILLLR	-adega	-adega
5liz_0	-VLKVI	-KLKVA	-adega	-adega
5liz_0	VIAKLQ	VAIKLN	gadega	gadega
5nm4_1	LMVYRI	LLAYRY	gadega	gadega
5ti9_1	QLSLDI	QVMLDS	gadega	gadega
5udc_1	-IELKY	-VFLKN	-adega	-adega
5ufl_9	-RCEIA	-LLEIV	-adega	-adega
5xa0_0	LKEIQF	LFVIQR	gadega	gadega
5yck_0	-LLLLS	-KWLLV	-adega	-adega
6aj4_3	KLCFDF	KIMFDT	gadega	gadega
6aj4_3	DFRCDA	DTLCDT	gadega	gadega
6ar7_4	RALRAA	RVARAL	gadega	gadega
6azv_3	-LAYAC	-LLYAA	-adega	-adega
6azv_3	ACALSL	AALLSL	gadega	gadega
6c8t_2	-VIEEA	-PLEER	-adega	-adega
6d74_0	FKLEAN	FILEAI	gadega	gadega
6duw_0	-TIQAK	-IQQAF	-adega	-adega
6duw_0	AKMNVV	AFENVL	gadega	gadega
6ey4_0	MNFEAN	MASEAN	gadega	gadega
6f38_2	KFQHQL	KMYHQI	gadega	gadega
6idp_0	-YWWAS	-DAWAI	-adega	-adega
6idp_0	ASTGML	AIFGMI	gadega	gadega
6rfr_4	VVAHEL	VLLHET	gadega	gadega
6rlb_0	IDVTAM	IWFTAM	gadega	gadega
1ci6_0	-QLTEC	-NTTEV	-adega	-adega
1ci6_0	ECLEKN	EVLEKN	gadega	gadega
1ci6_0	KNLKRA	KNLKRV	gadega	gadega
1ci6_0	RALAEI	RVLAEL	gadega	gadega
1l4a_2	-LIQQC	-TAQQL	-adega	-adega
1l4a_2	QCVTDS	QLITDH	gadega	gadega
1l4a_2	DSSTRM	DHITRE	gadega	gadega
1yke_4	-ILQKL	-ILQKL	-adega	-adega
1ytz_1	KALWWL	KSLWWI	gadega	gadega
1ytz_1	WLLQEK	WIVQER	gadega	gadega
1ytz_1	EKFAQI	ERTAQL	gadega	gadega
1ytz_1	QIKKEI	QLTKEL	gadega	gadega
1z9c_1	-LLLAS	-KLLAL	-adega	-adega
2aze_0	-CLEER	-LLEEL	-adega	-adega
2aze_0	ERRLRI	ELLLRE	gadega	gadega
2aze_0	RIKQQL	RELQQM	gadega	gadega
2cly_1	NNMAEV	NNLAEL	gadega	gadega
2ql2_1	VILEQV	VILEQL	gadega	gadega
3brv_0	SNLRRC	SALRRL	gadega	gadega
3brv_0	RCLLFQ	RLALFT	gadega	gadega
3crp_0	-VLEAV	-VLEAV	-adega	-adega
3crp_0	AVLLAN	AVLLAN	gadega	gadega
3crp_0	ANLEAV	ANLEAV	gadega	gadega
3crp_1	-VLAKV	-VLAKV	-adega	-adega
3crp_1	KVLLKN	KVLLKN	gadega	gadega
3crp_1	KNLAEV	KNLAEV	gadega	gadega
3eab_1	-QRARL	-STARS	-adega	-adega
3eab_1	RLKMTN	RSQMTS	gadega	gadega
3he4_1	-VLKYI	-NLKYV	-adega	-adega
3he4_1	YILERN	YVLERN	gadega	gadega
3he4_1	RNLKLK	RNLKLI	gadega	gadega
3he4_1	LKLKAK	LILKAI	gadega	gadega
3he4_2	-VLKYI	-NLKYV	-adega	-adega
3he4_2	YILERN	YVLERN	gadega	gadega
3he4_2	RNLKLK	RNLKLI	gadega	gadega
3he4_2	LKLKAK	LILKAI	gadega	gadega
3he4_3	-VLKYI	-NLKYV	-adega	-adega
3he4_3	YILERN	YVLERN	gadega	gadega
3he4_3	RNLKLK	RNLKLI	gadega	gadega
3he4_3	LKLKAK	LILKAI	gadega	gadega
3he4_4	-VLKYI	-NLKYV	-adega	-adega
3he4_4	YILERN	YVLERN	gadega	gadega
3he4_4	RNLKLK	RNLKLI	gadega	gadega
3he4_4	LKLKAK	LILKAI	gadega	gadega
3he4_5	-VLKYI	-NLKYV	-adega	-adega
3he4_5	YILERN	YVLERN	gadega	gadega
3he4_5	RNLKLK	RNLKLI	gadega	gadega
3he4_5	LKLKAK	LILKAI	gadega	gadega
3he5_0	-NLRKI	-VLRKV	-adega	-adega
3he5_0	KILKDN	KVLKDN	gadega	gadega
3he5_0	DNLEDE	DNLEDN	gadega	gadega
3he5_0	DELEII	DNKEII	gadega	gadega
3he5_0	IILREI	IILREI	gadega	gadega
3jck_10	-LTKMV	-TSKML	-adega	-adega
3jck_10	MVAEYS	MLQEYV	gadega	gadega
3nkz_6	-LKLAI	-LYLAL	-adega	-adega
3nkz_7	-LKLAI	-LYLAL	-adega	-adega
3oja_1	-YQQVQ	-QKQVT	-adega	-adega
3oja_1	VQAIDW	VTRIDA	gadega	gadega
3oja_1	DWYQKE	DAKQKT	gadega	gadega
3oja_1	KELAEN	KTLAEN	gadega	gadega
3oja_1	ENLKLN	ENLKLL	gadega	gadega
3oja_1	LNADAL	LLKDAQ	gadega	gadega
3oja_1	ALANTL	AQLNTT	gadega	gadega
3oja_1	TLLVRE	TTKVRV	gadega	gadega
3opc_1	ALNAQA	ANVAQL	gadega	gadega
3opc_1	QAHNRN	QLLNRT	gadega	gadega
3rko_2	IMVIYA	IVLIYM	gadega	gadega
3tq7_0	TVLEER	TVLEER	gadega	gadega
3tq7_0	ERYFKL	ERYFKL	gadega	gadega
3viq_1	-HLLTY	-DLLTI	-adega	-adega
3viq_1	TYIRIA	TIWRIA	gadega	gadega
4bry_0	VARRAL	VANRAL	gadega	gadega
4bry_0	ALALEN	ALALEN	gadega	gadega
4bry_0	ENLHEI	ENLHEL	gadega	gadega
4bry_0	EIKDEI	ELKDEI	gadega	gadega
4bry_0	EILKEN	EILKEN	gadega	gadega
4c7n_0	-SYIKL	-IYIKI	-adega	-adega
4c7n_0	KLEQRA	KIIQRV	gadega	gadega
4c7n_0	RALERQ	RVLERL	gadega	gadega
4c7n_0	RQLEAN	RLLEAN	gadega	gadega
4c7n_0	ANLLRI	ANLLRA	gadega	gadega
4etp_0	KILKKI	KILKKI	gadega	gadega
4etp_0	KILKKI	KILKKI	gadega	gadega
4etp_0	KITEGM	KIQEGY	gadega	gadega
4etp_0	GMLNIL	GYTNIV	gadega	gadega
4etp_0	ILEEVR	IVEEVS	gadega	gadega
4etp_0	VRLHEL	VSLHEI	gadega	gadega
4g1e_1	-LLEEN	-LLEEN	-adega	-adega
4hbl_0	NVLFQF	NELFQI	gadega	gadega
4iyh_4	-FAAEA	-ILAES	-adega	-adega
4iyh_4	EAQIRL	ESLIRA	gadega	gadega
4j42_2	-KMQFI	-LIQFF	-adega	-adega
4j42_2	FILEIS	FFAEIA	gadega	gadega
4o9b_0	-LAESL	-LEESA	-adega	-adega
4o9b_0	SLLQRL	SAEQRL	gadega	gadega
4pas_0	-LLQEN	-SLQEN	-adega	-adega
4pas_0	ENLRKI	ENLRKI	gadega	gadega
4pas_0	KILDDL	KIKDDV	gadega	gadega
4wy4_2	-LAETA	-LYETI	-adega	-adega
4wy4_2	TATSSL	TINSSL	gadega	gadega
4wy4_2	SLMYSE	SLGYSL	gadega	gadega
4wy4_2	SEGVSS	SLIVSM	gadega	gadega
4wy4_2	SSLAQR	SMEAQQ	gadega	gadega
4wy4_2	QRLETE	QQIETL	gadega	gadega
4y66_0	ELLQAL	EILQAV	gadega	gadega
4y66_0	ALQTFI	AVLTFG	gadega	gadega
4y66_0	FIATRI	FGLTRQ	gadega	gadega
5cw3_0	HLLIKV	HVFIKI	gadega	gadega
5cw3_0	KVSDEV	KINDEA	gadega	gadega
5cw3_0	EVLEQV	EALEQL	gadega	gadega
5low_2	-LVESK	-VIESL	-adega	-adega
5low_2	SKGITL	SLMITM	gadega	gadega
5low_2	TLLDQG	TMEDQQ	gadega	gadega
5low_2	QGLDVE	QQQDVI	gadega	gadega
5lsj_0	-AFLQR	-FLLQI	-adega	-adega
5lsj_0	QRLRHV	QILRHY	gadega	gadega
5lsj_0	HVQEEN	HYEEEK	gadega	gadega
5lsj_0	ENLAAV	EKLAAL	gadega	gadega
5lsj_0	AVGRQV	ALQRQQ	gadega	gadega
5lsj_0	QVLQQV	QQLQQL	gadega	gadega
5n9j_7	-ILEQL	-ILEQI	-adega	-adega
5n9j_7	QLEEQV	QIKEQR	gadega	gadega
5n9j_7	QVLRHN	QRLRHN	gadega	gadega
5vpe_0	-ILEKV	-TLEKT	-adega	-adega
5vpe_0	KVLKQN	KTLKQK	gadega	gadega
5vpe_0	QNLATA	QKLATI	gadega	gadega
5vpe_0	TALRQV	TILRQK	gadega	gadega
5wwl_0	-YKRLL	-DMRLI	-adega	-adega
5wwl_0	LLLNDL	LIANDL	gadega	gadega
5wwl_0	DLIDEN	DLKDER	gadega	gadega
5wwl_0	ENLSQI	ERLSQL	gadega	gadega
5wwl_0	QIEEAT	QLKEAK	gadega	gadega
5wwl_0	ATCIRM	AKIIRL	gadega	gadega
5x60_1	-KKDQI	-LLDQL	-adega	-adega
5x60_1	QIWKIV	QLVKII	gadega	gadega
5x60_1	IVQELK	IIIELN	gadega	gadega
5x9x_0	-YLVEN	-LVVEN	-adega	-adega
5x9x_0	ENLQLI	ENFQLL	gadega	gadega
5x9x_0	LIKEKI	LLKEKL	gadega	gadega
6cfz_1	ITLQID	IQLQII	gadega	gadega
6cfz_1	IDFAAH	IINAAL	gadega	gadega
6cfz_1	AHVTSI	ALATSM	gadega	gadega
6cko_1	-YLVAQ	-IMVAL	-adega	-adega
6cko_1	AQITHN	ALLTHN	gadega	gadega
6cko_1	HNLRQT	HNLRQI	gadega	gadega
6cko_1	QTLEDM	QILEDK	gadega	gadega
6cko_1	DMLRQS	DKLRQN	gadega	gadega
6e2j_0	-EFEFI	-YYEFI	-adega	-adega
6e2j_0	FILRRV	FILRRI	gadega	gadega
6e2j_0	RVLKDQ	RILKDN	gadega	gadega
6e2j_0	DQLDEL	DNIDEI	gadega	gadega
6e2j_0	ELMQMV	EIAQMA	gadega	gadega
6e2j_0	MVYRKY	MAFRKY	gadega	gadega
6e2j_0	KYEIKR	KYEIKR	gadega	gadega
6e2j_0	KRAEEF	KRVEEI	gadega	gadega
6e2j_0	EFIKDV	EILKDL	gadega	gadega
6e2j_0	DVAYTK	DLLYTK	gadega	gadega
6e2j_0	TKLQKL	TKLQKI	gadega	gadega
6e2j_0	KLLQEI	KILQEL	gadega	gadega
6epd_17	EHIDRL	EIMDRV	gadega	gadega
6epd_17	RLLRQL	RVVRQL	gadega	gadega
6epd_17	QLLTQY	QLMTQI	gadega	gadega
6epd_17	QYSEDL	QINEDI	gadega	gadega
6epe_12	NLLQQR	NEIQQQ	gadega	gadega
6epe_12	QRLNKV	QQLNKF	gadega	gadega
6epe_12	KVLREL	KFAREV	gadega	gadega
6epf_7	ALIQMS	ATKQML	gadega	gadega
6epf_7	MSVDLY	MLRDLL	gadega	gadega
6g6l_2	EELIEE	ENHIEI	gadega	gadega
6g6l_2	EELRRR	EILRRN	gadega	gadega
6g6l_2	RRLKKL	RNLKKV	gadega	gadega
6h3c_2	KVVCDV	KLLCDL	gadega	gadega
6h3c_2	DVSEVV	DLNEVL	gadega	gadega
6h3c_2	VVCQEV	VLLQEK	gadega	gadega
6h3c_2	EVLRQI	EKLRQL	gadega	gadega
6id1_3	-MEARA	-LQARI	-adega	-adega
6id1_4	-ALMQL	-NLMQI	-adega	-adega
6id1_4	QLLWQI	QIAWQL	gadega	gadega
6j6n_1	SILQKL	SDLQKE	gadega	gadega
6j6n_1	KLVQLE	KELQLL	gadega	gadega
6j6n_1	LENNMC	LLTNMQ	gadega	gadega
6j6n_1	MCLCHS	MQICHY	gadega	gadega
6jt2_0	-AQDLK	-FEDLT	-adega	-adega
6jt2_0	LKLGLK	LTLGLT	gadega	gadega
6jt2_0	LKLEAH	LTLEAL	gadega	gadega
6jt2_0	AHLEEK	ALLEEK	gadega	gadega
6jxr_0	ATYELL	AVFELL	gadega	gadega
6jxr_0	LLATYA	LLVTYN	gadega	gadega
6qld_1	QSQKML	QQLKML	gadega	gadega
6qld_1	MLQNIN	MLSNIR	gadega	gadega
6qle_2	SNLCQL	SRICQY	gadega	gadega
6qle_2	QLVLRK	QYELRN	gadega	gadega
6qle_2	RKLNQI	RNLNQL	gadega	gadega
6qle_2	QIVREI	QLEREL	gadega	gadega
6qle_6	DLKCAL	DNLCAL	gadega	gadega
6qle_6	ALGEKL	ALLEKI	gadega	gadega
6qle_6	KLILQT	KIKLQL	gadega	gadega
1yo7_1	-AMAFI	-AMAFI	-adega	-adega
1yo7_1	FIQTTL	FIQTTL	gadega	gadega
1ecm_0	-LLRKI	-LLRKI	-adega	-adega
1ecm_0	KILDKL	KILDKL	gadega	gadega
1ecm_0	KLLLER	KLLLER	gadega	gadega
1ecm_0	ERLAEV	ERLAEV	gadega	gadega
1ecm_1	-LLRKI	-LLRKI	-adega	-adega
1ecm_1	KILDKL	KILDKL	gadega	gadega
1ecm_1	KLLLER	KLLLER	gadega	gadega
1ecm_1	ERLAEV	ERLAEV	gadega	gadega
1few_2	-TTAGL	-TTAGL	-adega	-adega
1few_2	GLMAEA	GLMAEA	gadega	gadega
1gmj_0	-IHAEI	-IHAEI	-adega	-adega
1gmj_0	EILQEI	EILQEI	gadega	gadega
1gmj_0	EIHKSI	EIHKSI	gadega	gadega
1hvv_2	ELMFDM	ELMFDM	gadega	gadega
1hvv_2	DMLVSQ	DMLVSQ	gadega	gadega
1hvv_2	SQMIRI	SQMIRI	gadega	gadega
1ixe_1	RTSEGM	RTSEGM	gadega	gadega
1q09_0	RLVERI	RLVERI	gadega	gadega
1q09_0	RILQMQ	RILQMQ	gadega	gadega
1q09_0	MQLQLN	MQLQLN	gadega	gadega
1sfk_2	-MLLFK	-MLLFK	-adega	-adega
1sfk_2	FKLGLT	FKLGLT	gadega	gadega
1sfk_3	-MLLFK	-MLLFK	-adega	-adega
1sfk_3	FKLGLT	FKLGLT	gadega	gadega
1t3j_0	-QLEEI	-QLEEI	-adega	-adega
1t3j_0	EILSEI	EILSEI	gadega	gadega
1t3j_0	EILEMQ	EILEMQ	gadega	gadega
1t3j_0	MQSKLR	MQSKLR	gadega	gadega
1t3j_0	LRAVLE	LRAVLE	gadega	gadega
1wmi_0	-LLELK	-KIELE	-adega	-adega
1ykd_0	SFATKQ	SFATKQ	gadega	gadega
1ykd_0	KQAAMM	KQAAMM	gadega	gadega
1zke_4	IRLAIE	IRLAIE	gadega	gadega
1zke_4	IEQNIE	IEQNIE	gadega	gadega
1zke_7	IRLAIE	IRLAIE	gadega	gadega
1zke_7	IEQNIE	IEQNIE	gadega	gadega
1zuo_1	-DMKLR	-DMKLR	-adega	-adega
1zuo_2	-DMKLR	-DMKLR	-adega	-adega
1zuo_3	-DMKLR	-DMKLR	-adega	-adega
1zw0_2	-VITQL	-VITQL	-adega	-adega
1zw0_6	-VITQL	-VITQL	-adega	-adega
1zww_2	QLHKAV	QSVKAL	gadega	gadega
1zww_2	AVLQVT	ALHQVV	gadega	gadega
1zww_2	VTLERI	VVLERT	gadega	gadega
1zww_5	QLHKAV	QSVKAL	gadega	gadega
1zww_5	AVLQVT	ALHQVV	gadega	gadega
1zww_5	VTLERI	VVLERT	gadega	gadega
2a1f_1	-MLAVM	-MLAVM	-adega	-adega
2a1f_2	-MLAVM	-MLAVM	-adega	-adega
2bni_1	-ELEIL	-ELEIL	-adega	-adega
2bni_1	ILGHIC	ILGHIC	gadega	gadega
2bni_1	ICLAIK	ICLAIK	gadega	gadega
2c08_1	LSVQQL	LSVQQL	gadega	gadega
2c08_1	QLHKAV	QLHKAV	gadega	gadega
2c08_1	AVLQVT	AVLQVT	gadega	gadega
2c08_1	VTLERI	VTLERI	gadega	gadega
2gn9_1	-LATLC	-LATLC	-adega	-adega
2gn9_2	-LATLC	-LATLC	-adega	-adega
2hh7_1	VMISVQ	VMISVQ	gadega	gadega
2hh7_1	VQLEAN	VQLEAN	gadega	gadega
2hh7_1	ANMLNH	ANMLNH	gadega	gadega
2htm_1	EALAEA	EALAEA	gadega	gadega
2htm_1	EAKALA	EAKALA	gadega	gadega
2n9b_0	-KQESL	-KQESL	-adega	-adega
2n9b_0	SLASQK	SLASQK	gadega	gadega
2n9b_0	QKLEKV	QKLEKV	gadega	gadega
2p4w_0	FLLNRI	FIINRK	gadega	gadega
2p4w_0	RIIIEK	RKLIER	gadega	gadega
2p4w_0	EKLEAR	ERIEAI	gadega	gadega
2r26_1	MAAAAA	MAAAAA	gadega	gadega
2wm9_0	LAYDLH	LAYDLH	gadega	gadega
2wm9_0	LHYSVT	LHYSVT	gadega	gadega
2yfd_1	LLTYAL	LLTYAL	gadega	gadega
2yq8_0	EKVTLK	EKVTLK	gadega	gadega
2yq8_0	LKIKEE	LKIKEE	gadega	gadega
2yq8_0	EELEIK	EELEIK	gadega	gadega
2yq8_0	IKAELD	IKAELD	gadega	gadega
2yq8_0	LDTSAT	LDTSAT	gadega	gadega
3df8_0	NVSLPL	NVSLPL	gadega	gadega
3df8_0	PLYIVL	PLYIVL	gadega	gadega
3g9g_2	-LQTFS	-LQTFS	-adega	-adega
3g9g_2	FSLLTT	FSLLTT	gadega	gadega
3g9g_2	TTCEVM	TTCEVM	gadega	gadega
3gp4_0	-RLKRI	-ALKRR	-adega	-adega
3gp4_0	RIMQAL	RRLQAI	gadega	gadega
3gp4_0	ALLDKI	AIMDKL	gadega	gadega
3gp4_1	-RLKRI	-ALKRR	-adega	-adega
3gp4_1	RIMQAL	RRLQAI	gadega	gadega
3gp4_1	ALLDKI	AIMDKL	gadega	gadega
3gp4_2	-RLKRI	-ALKRR	-adega	-adega
3gp4_2	RIMQAL	RRLQAI	gadega	gadega
3gp4_2	ALLDKI	AIMDKL	gadega	gadega
3gt0_1	VLAKVL	VLAKVL	gadega	gadega
3h01_0	YTIHLI	YQLHLL	gadega	gadega
3h01_0	LISQQQ	LLLQQA	gadega	gadega
3n96_0	ALSLEA	ALSLEA	gadega	gadega
3n96_0	EASLLA	EASLLA	gadega	gadega
3n96_0	LALLDG	LALLDG	gadega	gadega
3ok8_3	FLLGAR	FLLGAR	gadega	gadega
3ok8_3	ARLQRV	ARLQRV	gadega	gadega
3q8t_0	-SLQEL	-SLQEL	-adega	-adega
3q8t_0	ELLAEE	ELLAEE	gadega	gadega
3q8t_0	EELIEL	EELIEL	gadega	gadega
3q8t_0	ELVENR	ELVENR	gadega	gadega
3q8t_0	NRVANL	NRVANL	gadega	gadega
3q8t_0	NLVQEA	NLVQEA	gadega	gadega
3q8t_0	EALDEE	EALDEE	gadega	gadega
3q8t_0	EEYQEY	EEYQEY	gadega	gadega
3q8t_0	EYFKQQ	EYFKQQ	gadega	gadega
3q8t_0	QQLDEL	QQLDEL	gadega	gadega
3q8t_0	ELVEQM	ELVEQM	gadega	gadega
3q8t_0	QMAQQL	QMAQQL	gadega	gadega
3rmi_0	-LLRSI	-LLRSI	-adega	-adega
3rmi_0	SIFDTL	SIFDTL	gadega	gadega
3rmi_0	TLILER	TLILER	gadega	gadega
3rmi_0	ERCTAI	ERCTAI	gadega	gadega
3slg_1	-ICSQL	-ICSQL	-adega	-adega
3slg_2	-ICSQL	-ICSQL	-adega	-adega
3thf_1	LLLSRL	LLLSRL	gadega	gadega
3thf_1	RLTESL	RLTESL	gadega	gadega
3thf_1	SLRQER	SLRQER	gadega	gadega
3thf_1	ERLEKR	ERLEKR	gadega	gadega
3thf_1	KRLYQM	KRLYQM	gadega	gadega
3thf_1	QMAQLK	QMAQLK	gadega	gadega
3thf_4	LLLSRL	LLLSRL	gadega	gadega
3thf_4	RLTESL	RLTESL	gadega	gadega
3thf_4	SLRQER	SLRQER	gadega	gadega
3thf_4	ERLEKR	ERLEKR	gadega	gadega
3thf_4	KRLYQM	KRLYQM	gadega	gadega
3thf_4	QMAQLK	QMAQLK	gadega	gadega
3u1c_0	DKALRA	DKALRA	gadega	gadega
3u1c_0	RAAEDK	RAAEDK	gadega	gadega
3u1c_0	DKAERS	DKAERS	gadega	gadega
3u1c_0	RSLEDI	RSLEDI	gadega	gadega
3u1c_0	DILEQL	DILEQL	gadega	gadega
3u1c_0	QLTESR	QLTESR	gadega	gadega
3u1c_0	SRVLEL	SRVLEL	gadega	gadega
3u1c_0	ELSESL	ELSESL	gadega	gadega
3u1c_0	SLAENA	SLAENA	gadega	gadega
3u1c_0	NAAEEV	NAAEEV	gadega	gadega
3u1c_0	EVLNRI	EVLNRI	gadega	gadega
3uux_2	FSLVSL	FSLVSL	gadega	gadega
3uux_2	SLLNQK	SLLNQK	gadega	gadega
3uux_2	QKTLEI	QKTLEI	gadega	gadega
3uux_2	EIIEEV	EIIEEV	gadega	gadega
3uux_2	EVLRKK	EVLRKK	gadega	gadega
3uux_2	KKLLKI	KKLLKI	gadega	gadega
3uux_2	KIIENQ	KIIENQ	gadega	gadega
3uux_2	NQLENL	NQLENL	gadega	gadega
3uux_2	NLIDRL	NLIDRL	gadega	gadega
4c1a_0	ELVEQI	ELVEQI	gadega	gadega
4c1a_0	QILVRR	QILVRR	gadega	gadega
4c1a_0	RRLRRL	RRLRRL	gadega	gadega
4fin_0	KDLAEA	KDLAEA	gadega	gadega
4fin_0	EAEARR	EAEARR	gadega	gadega
4fin_0	RRIEEL	RRIEEL	gadega	gadega
4fla_0	ACLAYN	ACLAYN	gadega	gadega
4fla_0	YNLAEL	YNLAEL	gadega	gadega
4fla_0	ELRRLA	ELRRLA	gadega	gadega
4fla_0	LALVYT	LALVYT	gadega	gadega
4fla_0	YTQKVL	YTQKVL	gadega	gadega
4fla_0	VLKEKL	VLKEKL	gadega	gadega
4fla_0	KLYKKL	KLYKKL	gadega	gadega
4fla_0	KLVTVR	KLVTVR	gadega	gadega
4h8s_1	-VAQEM	-VAQEM	-adega	-adega
4j41_1	QSAMQY	QSAMQY	gadega	gadega
4j41_1	QYILGI	QYILGI	gadega	gadega
4j7k_1	QSAMQY	QSAMQY	gadega	gadega
4j7k_1	QYILGI	QYILGI	gadega	gadega
4jnu_1	IKLKQQ	IKLKQQ	gadega	gadega
4jnu_1	QQLSLI	QQLSLI	gadega	gadega
4jnu_1	LIIKDL	LIIKDL	gadega	gadega
4jpb_1	-TNISI	-ILISI	-adega	-adega
4jpb_1	SILINI	SIIINT	gadega	gadega
4jpb_1	NIIAET	NTLAEA	gadega	gadega
4jpb_1	ETLANA	EAEANA	gadega	gadega
4jpb_1	NAEARA	NAAARF	gadega	gadega
4jpb_1	RAAGGF	RFVGGV	gadega	gadega
4jpb_1	GFVAEV	GVLAET	gadega	gadega
4jpb_1	EVLSET	ETVSEI	gadega	gadega
4jpb_1	ETVTQI	EIKTQI	gadega	gadega
4jq5_1	YRIELE	YRIELE	gadega	gadega
4mbq_1	-TDLRA	-TDLRA	-adega	-adega
4pxj_0	VKLIKV	VKLIKV	gadega	gadega
4pxj_0	KVLSEQ	KVLSEQ	gadega	gadega
4pxj_0	EQLREL	EQLREL	gadega	gadega
4pxj_0	ELAKAK	ELAKAK	gadega	gadega
4pxj_0	AKLERI	AKLERI	gadega	gadega
4pxj_0	RILEEL	RILEEL	gadega	gadega
4u6s_1	LCLNYR	LCLNYR	gadega	gadega
4wpy_0	-IELVA	-IELVA	-adega	-adega
4wpy_0	VALSLG	VALSLG	gadega	gadega
4wpy_0	LGMLVS	LGMLVS	gadega	gadega
5c1f_3	-WTLIS	-WTLIS	-adega	-adega
5c1f_3	ISCFDD	ISCFDD	gadega	gadega
5c1f_3	DDCEIR	DDCEIR	gadega	gadega
5c9e_1	KVSSIS	KVSSIS	gadega	gadega
5c9e_1	ISCRII	ISCRII	gadega	gadega
5crl_0	-SAEKL	-SAEKL	-adega	-adega
5crl_0	KLVRKM	KLVRKM	gadega	gadega
5crl_0	KMLAME	KMLAME	gadega	gadega
5crl_0	MELSLV	MELSLV	gadega	gadega
5d3a_0	DMLLQR	DMLLQR	gadega	gadega
5d3a_0	QRLTRR	QRLTRR	gadega	gadega
5d3a_0	RRLSRR	RRLSRR	gadega	gadega
5d3a_0	RRIVEN	RRIVEN	gadega	gadega
5d3a_0	ENGDNV	ENGDNV	gadega	gadega
5d3a_0	NVINEM	NVINEM	gadega	gadega
5d3a_0	EMLTNI	EMLTNI	gadega	gadega
5d3a_0	NIINSI	NIINSI	gadega	gadega
5d3a_0	SICQNI	SICQNI	gadega	gadega
5d90_1	RLFEQT	RLFEQT	gadega	gadega
5d90_1	QTVKQI	QTVKQI	gadega	gadega
5d90_1	QILKYL	QILKYL	gadega	gadega
5d90_1	YLLEKL	YLLEKL	gadega	gadega
5d90_1	KLYQAK	KLYQAK	gadega	gadega
5ded_2	-VRLRA	-VRLRA	-adega	-adega
5ded_2	RAAARL	RAAARL	gadega	gadega
5ded_2	RLEMEI	RLEMEI	gadega	gadega
5dol_0	-FVILE	-FVILE	-adega	-adega
5dol_0	LEIGLY	LEIGLY	gadega	gadega
5dol_0	LYLGLK	LYLGLK	gadega	gadega
5eon_0	IAFKIA	IAFKIA	gadega	gadega
5eon_0	IAFKIA	IAFKIA	gadega	gadega
5eon_0	IAFKIA	IAFKIA	gadega	gadega
5lcy_1	ILIAVR	ILIAVR	gadega	gadega
5lcy_1	VRSNLM	VRSNLM	gadega	gadega
5lcy_1	LMMVIH	LMMVIH	gadega	gadega
5n5e_10	MERLII	MERLII	gadega	gadega
5n5e_10	IILDIN	IILDIN	gadega	gadega
5n5e_10	INEQAR	INEQAR	gadega	gadega
5z0v_0	-MIKFK	-MIKFK	-adega	-adega
5z0v_0	FKLAML	FKLAML	gadega	gadega
6adz_1	-LLSKV	-LLSKV	-adega	-adega
6adz_1	KVCHEA	KVCHEA	gadega	gadega
6adz_1	EALRAA	EALRAA	gadega	gadega
6adz_1	AAKEEM	AAKEEM	gadega	gadega
6f6p_3	-YLKEL	-YLKEL	-adega	-adega
6f6p_3	ELAQEL	ELAQEL	gadega	gadega
6f6p_3	ELKDEC	ELKDEC	gadega	gadega
6f6p_3	ECLSVR	ECLSVR	gadega	gadega
6f6p_3	VRLGEL	VRLGEL	gadega	gadega
6jgv_0	-NIDHI	-NIDHI	-adega	-adega
6jgv_0	HIVQRI	HIVQRI	gadega	gadega
6jgv_0	RILVLQ	RILVLQ	gadega	gadega
6jgv_0	LQLVLR	LQLVLR	gadega	gadega
1a22_3	NARARL	NLRARL	gadega	gadega
1a22_5	-EIQLM	-LLQLL	-adega	-adega
1ax8_2	-IDLNL	-TLLNI	-adega	-adega
1ax8_4	-IDLNL	-TLLNI	-adega	-adega
1b71_2	HEFLFA	HAELFY	gadega	gadega
1b71_3	HEFLFA	HAELFY	gadega	gadega
1ca1_1	-AYLEA	-IFLEA	-adega	-adega
1cii_0	RLAIAR	RLAIAE	gadega	gadega
1cii_0	ARDETL	AEFETI	gadega	gadega
1cii_2	-VARNL	-QLRNQ	-adega	-adega
1cii_2	NLRTEQ	NQNTEI	gadega	gadega
1cii_2	EQANAL	EIANAL	gadega	gadega
1cii_2	ALLLEK	ALVLEL	gadega	gadega
1cii_2	EKIRQL	ELARQL	gadega	gadega
1cnt_1	-IARIR	-LLRIS	-adega	-adega
1cnt_1	IRLTLT	ISTTLI	gadega	gadega
1cnt_3	-LQVAF	-SLVAI	-adega	-adega
1cnt_4	-LLQLS	-IAQLR	-adega	-adega
1cnt_4	LSTVSI	LRLVST	gadega	gadega
1cxz_0	-RLREI	-LSREL	-adega	-adega
1cxz_0	EIELLK	ELLLLL	gadega	gadega
1dce_3	ELCKLQ	EILKLL	gadega	gadega
1dvb_2	HEFLFA	HAELFY	gadega	gadega
1dvb_3	HEFLFA	HAELFY	gadega	gadega
1exz_2	LVVDLV	LSLDLL	gadega	gadega
1exz_3	LVVDLV	LSLDLL	gadega	gadega
1fch_1	AILRCL	ALSRCE	gadega	gadega
1few_3	-LTTAL	-EVTAI	-adega	-adega
1few_3	ALAIEY	AIAIEM	gadega	gadega
1few_3	EYAVTL	EMKVTY	gadega	gadega
1few_3	TLLYQY	TYLYQW	gadega	gadega
1fiy_11	LQLLRS	LLTLRI	gadega	gadega
1fxk_5	-MIKQK	-LIKQL	-adega	-adega
1fxk_5	QKLETL	QLYETV	gadega	gadega
1fxk_5	TLMGNL	TVIGNM	gadega	gadega
1fxk_5	NLITIM	NMVTII	gadega	gadega
1fxk_5	IMLSQA	IILSQE	gadega	gadega
1gto_3	-RTLLL	-ACLLH	-adega	-adega
1h6g_1	-LTAAI	-IDAAC	-adega	-adega
1hiw_0	-YIALY	-SCALL	-adega	-adega
1hiw_1	-YIALY	-SCALL	-adega	-adega
1i50_2	LLHVTY	LIAVTL	gadega	gadega
1i6z_1	-VVQFL	-DVQFI	-adega	-adega
1i6z_1	FLCDVE	FIFDVL	gadega	gadega
1iw1_0	-TQEAW	-ALEAL	-adega	-adega
1jm0_0	-LELAI	-LELAI	-adega	-adega
1jm0_1	-LELAI	-LELAI	-adega	-adega
1jqo_8	-MANYI	-RLNYR	-adega	-adega
1jqo_11	FQTLRI	FLTLRI	gadega	gadega
1jqo_12	RMANYI	RRANYL	gadega	gadega
1jqo_15	FQTLRI	FLTLRI	gadega	gadega
1kt0_2	-LFLLA	-ACLLA	-adega	-adega
1l2j_1	-LVTAL	-ECTAM	-adega	-adega
1l2j_2	-LVTAL	-ECTAM	-adega	-adega
1l7c_2	-DLASE	-YIASR	-adega	-adega
1l8d_0	-LYHDL	-KIHDR	-adega	-adega
1l8d_0	DLSKTL	DRIKTI	gadega	gadega
1l8d_0	TLLIRK	TILIRI	gadega	gadega
1l8d_0	RKLEEL	RILEEI	gadega	gadega
1l8w_0	-SLDLV	-ALDLK	-adega	-adega
1l9h_2	-FNFTL	-LAFTL	-adega	-adega
1lkp_2	HEFLFA	HAELFY	gadega	gadega
1lkp_3	HEFLFA	HAELFY	gadega	gadega
1n4q_0	EMIIII	ERLIIL	gadega	gadega
1n4r_0	EMIIII	ERLIIL	gadega	gadega
1nt2_2	-RVEEI	-VLEEL	-adega	-adega
1nt2_3	-RVEEI	-VLEEL	-adega	-adega
1orj_0	ILLKLR	IIYKLI	gadega	gadega
1orj_0	LRWEVK	LILEVI	gadega	gadega
1orj_2	RVIIAL	RACIAA	gadega	gadega
1orj_3	ILLKLR	IIYKLI	gadega	gadega
1orj_3	LRWEVK	LILEVI	gadega	gadega
1orj_5	RVIIAL	RACIAA	gadega	gadega
1orj_6	-IYDAI	-LLDAR	-adega	-adega
1orj_9	-IYDAI	-LLDAR	-adega	-adega
1orj_11	ILLKLR	IIYKLI	gadega	gadega
1orj_11	LRWEVK	LILEVI	gadega	gadega
1orj_13	RVIIAL	RACIAA	gadega	gadega
1orj_14	ILLKLR	IIYKLI	gadega	gadega
1orj_14	LRWEVK	LILEVI	gadega	gadega
1orj_16	RVIIAL	RACIAA	gadega	gadega
1orj_17	-IYDAI	-LLDAR	-adega	-adega
1orj_20	-IYDAI	-LLDAR	-adega	-adega
1ory_4	ILLKLR	IILKLI	gadega	gadega
1prc_6	-AFMLS	-AFMLA	-adega	-adega
1pvh_0	LYVVLG	LALVLL	gadega	gadega
1pvh_0	LGLGIT	LLVGIL	gadega	gadega
1py2_1	LLLQIL	LICQII	gadega	gadega
1q5n_6	VQVQCY	VAFQCL	gadega	gadega
1q5n_6	CYALQA	CLILQK	gadega	gadega
1qvn_0	LLLQIL	LICQII	gadega	gadega
1qvn_2	HLDLMI	HIILML	gadega	gadega
1r2c_7	-AFMLS	-AFMLA	-adega	-adega
1rzz_1	IAFFTN	IAFFTC	gadega	gadega
1syq_1	-ICKIL	-SIKII	-adega	-adega
1syq_4	-ICKIL	-SIKII	-adega	-adega
1syq_7	-ICKIL	-SIKII	-adega	-adega
1syq_9	-ICKIL	-SIKII	-adega	-adega
1syq_11	-ICKIL	-SIKII	-adega	-adega
1syq_13	-ICKIL	-SIKII	-adega	-adega
1t6p_7	-SVLLL	-AYLLL	-adega	-adega
1tae_1	-ALRQL	-YLRQL	-adega	-adega
1tj7_3	-LNRLQ	-VLRLE	-adega	-adega
1tj7_4	-LNRLQ	-VLRLE	-adega	-adega
1tjl_0	-RLEWR	-FEEWR	-adega	-adega
1tjl_0	WRLREV	WREREI	gadega	gadega
1tjl_0	EVTVHM	EIIVHL	gadega	gadega
1tjl_1	-RLEWR	-FEEWR	-adega	-adega
1tjl_1	WRLREV	WREREI	gadega	gadega
1tjl_1	EVTVHM	EIIVHL	gadega	gadega
1tnb_1	EMIIII	ERLIIL	gadega	gadega
1tno_0	EMIIII	ERLIIL	gadega	gadega
1tnz_1	EMIIII	ERLIIL	gadega	gadega
1twg_2	-IAELL	-IAELL	-adega	-adega
1u6i_6	-ALAEA	-AKAEA	-adega	-adega
1v7n_0	LSVRLL	LLVRLL	gadega	gadega
1v7n_0	LLLQLL	LLVQLR	gadega	gadega
1vei_14	-ALQQL	-VVQQA	-adega	-adega
1vei_14	QLYNLH	QAVNLI	gadega	gadega
1vrn_7	-AFMLS	-AFMLA	-adega	-adega
1wdg_0	-QFDTN	-MIDTI	-adega	-adega
1wdg_4	-QFDTN	-MIDTI	-adega	-adega
1wfd_0	KIYMRA	KLYMRI	gadega	gadega
1wfd_0	RAIKYL	RILKYL	gadega	gadega
1x4t_0	EILLEK	ERILEI	gadega	gadega
1x4t_0	EKWERI	EIKERI	gadega	gadega
1x8z_0	CVYEAI	CQAEAL	gadega	gadega
1x8z_0	AILEAF	ALLEAI	gadega	gadega
1x8z_1	-ATLST	-ILLSA	-adega	-adega
1x8z_2	-NVSAL	-KCSAL	-adega	-adega
1x8z_3	CVYEAI	CQAEAL	gadega	gadega
1x8z_3	AILEAF	ALLEAI	gadega	gadega
1x8z_4	-ATLST	-ILLSA	-adega	-adega
1xcb_2	YLLELE	YKLELL	gadega	gadega
1xcb_4	YLLELE	YKLELL	gadega	gadega
1xcb_7	YLLELE	YKLELL	gadega	gadega
1xwm_3	QIMDRV	QMLDRM	gadega	gadega
1xwm_3	RVQYEM	RMTYEA	gadega	gadega
1xwo_4	-KLSIS	-ALSIS	-adega	-adega
1xwo_4	ISLLLI	ISLLLK	gadega	gadega
1xzp_4	-RLIVL	-SLIVL	-adega	-adega
1xzp_5	-VLEIK	-KLEII	-adega	-adega
1xzq_2	LRLIVL	LSLIVL	gadega	gadega
1xzq_2	VLIREL	VLLRET	gadega	gadega
1xzq_3	VKLEAI	VKLEAL	gadega	gadega
1ya0_1	-SYTLL	-CCTLL	-adega	-adega
1yc9_9	-IAYEL	-AVYEL	-adega	-adega
1yc9_9	ELLYNQ	ELIYNI	gadega	gadega
1yc9_9	NQVHAL	NIQHAL	gadega	gadega
1yke_3	-LLLSL	-IILSI	-adega	-adega
1yke_5	-IKTQI	-LCTQM	-adega	-adega
1yo7_0	-ACELH	-RTELL	-adega	-adega
1yo7_2	-LHAEL	-QIAEL	-adega	-adega
1yo7_3	-RTLLL	-ACLLH	-adega	-adega
1yv1_0	-LLKAI	-AFKAA	-adega	-adega
1yv1_0	AIETAH	AAETAI	gadega	gadega
1yv1_0	AHYTFA	AIETFV	gadega	gadega
1z4a_16	QLEISS	QAEISA	gadega	gadega
1z4a_16	SSYLMA	SAFLMI	gadega	gadega
1z4a_17	EEVRIL	ELERIT	gadega	gadega
1z4a_18	QLEISS	QAEISA	gadega	gadega
1z4a_18	SSYLMA	SAFLMI	gadega	gadega
1z4a_19	FVQVEE	FLEVET	gadega	gadega
1z4a_19	EEVRIL	ETIRIL	gadega	gadega
1z4a_20	QLEISS	QAEISA	gadega	gadega
1z4a_20	SSYLMA	SAFLMI	gadega	gadega
1z4a_21	EEVRIL	ELERIT	gadega	gadega
1z4a_22	QLEISS	QAEISA	gadega	gadega
1z4a_22	SSYLMA	SAFLMI	gadega	gadega
1z4a_23	FVQVEE	FLEVET	gadega	gadega
1z4a_23	EEVRIL	ETIRIL	gadega	gadega
1z4a_24	QLEISS	QAEISA	gadega	gadega
1z4a_24	SSYLMA	SAFLMI	gadega	gadega
1z4a_25	EEVRIL	ELERIT	gadega	gadega
1z4a_26	QLEISS	QAEISA	gadega	gadega
1z4a_26	SSYLMA	SAFLMI	gadega	gadega
1z4a_27	EEVRIL	ELERIT	gadega	gadega
1z4a_28	QLEISS	QAEISA	gadega	gadega
1z4a_28	SSYLMA	SAFLMI	gadega	gadega
1z4a_29	EEVRIL	ELERIT	gadega	gadega
1z4a_30	QLEISS	QAEISA	gadega	gadega
1z4a_30	SSYLMA	SAFLMI	gadega	gadega
1z4a_31	EEVRIL	ELERIT	gadega	gadega
1z4a_32	QLEISS	QAEISA	gadega	gadega
1z4a_32	SSYLMA	SAFLMI	gadega	gadega
1z4a_33	EEVRIL	ELERIT	gadega	gadega
1z4a_34	QLEISS	QAEISA	gadega	gadega
1z4a_34	SSYLMA	SAFLMI	gadega	gadega
1z4a_35	FVQVEE	FLEVET	gadega	gadega
1z4a_35	EEVRIL	ETIRIL	gadega	gadega
1z4a_36	QLEISS	QAEISA	gadega	gadega
1z4a_36	SSYLMA	SAFLMI	gadega	gadega
1z4a_37	EEVRIL	ELERIT	gadega	gadega
1z4a_38	QLEISS	QAEISA	gadega	gadega
1z4a_38	SSYLMA	SAFLMI	gadega	gadega
1z4a_39	FVQVEE	FLEVET	gadega	gadega
1z4a_39	EEVRIL	ETIRIL	gadega	gadega
1z4a_40	QLEISS	QAEISA	gadega	gadega
1z4a_40	SSYLMA	SAFLMI	gadega	gadega
1z4a_41	EEVRIL	ELERIT	gadega	gadega
1z4a_42	QLEISS	QAEISA	gadega	gadega
1z4a_42	SSYLMA	SAFLMI	gadega	gadega
1z4a_43	EEVRIL	ELERIT	gadega	gadega
1z4a_44	QLEISS	QAEISA	gadega	gadega
1z4a_44	SSYLMA	SAFLMI	gadega	gadega
1z4a_45	EEVRIL	ELERIT	gadega	gadega
1z4a_46	QLEISS	QAEISA	gadega	gadega
1z4a_46	SSYLMA	SAFLMI	gadega	gadega
1z4a_47	EEVRIL	ELERIT	gadega	gadega
1za0_1	IAEVHE	IAEVHA	gadega	gadega
1za0_1	HEFALV	HACALA	gadega	gadega
1za0_3	IAEVHE	IAEVHA	gadega	gadega
1za0_3	HEFALV	HACALA	gadega	gadega
1zb1_0	LSNLYY	LKTLYI	gadega	gadega
1zb1_0	YYLELY	YIIELI	gadega	gadega
1zke_3	-IILDI	-LELDL	-adega	-adega
1zke_3	DISQEI	DLLQEL	gadega	gadega
1zke_5	-IILDI	-LLLDL	-adega	-adega
1zke_6	-IILDI	-LELDL	-adega	-adega
1zke_6	DISQEI	DLLQEL	gadega	gadega
1zke_8	-IILDI	-LLLDL	-adega	-adega
1zw0_1	LELTLK	LIITLA	gadega	gadega
1zw0_5	LELTLK	LIITLA	gadega	gadega
2a03_2	-INAQI	-HYAQL	-adega	-adega
2a03_3	-INAQI	-HYAQL	-adega	-adega
2a3q_2	-LELDV	-LELDL	-adega	-adega
2a3q_3	-LELDV	-LELDL	-adega	-adega
2b05_7	-WISIE	-IVSIR	-adega	-adega
2b05_20	-EYSAH	-RLSAY	-adega	-adega
2b05_25	-EYSAH	-RLSAY	-adega	-adega
2b5u_0	KAAQDV	KVNQDQ	gadega	gadega
2b5u_0	DVKQAF	DQAQAY	gadega	gadega
2b5u_0	AFAAEK	AYRAEL	gadega	gadega
2b5u_0	EKADAL	ELADAL	gadega	gadega
2b5u_0	ALAMSR	ALAMSI	gadega	gadega
2bbj_15	-KLVLR	-YTVLA	-adega	-adega
2bbj_15	LRIWLR	LAVWLR	gadega	gadega
2cw0_0	RLVRFL	RELRFM	gadega	gadega
2d4c_3	-DFKME	-QLKML	-adega	-adega
2d4x_1	-TVSEE	-NLSEL	-adega	-adega
2d4x_1	EELSVT	ELVSVR	gadega	gadega
2d4x_1	VTIQAQ	VRLQAL	gadega	gadega
2d4y_0	KTLKSS	KSLKSY	gadega	gadega
2d4y_0	SSQAVV	SYMAVD	gadega	gadega
2d4y_1	-IYAQI	-RLAQL	-adega	-adega
2dfk_2	YILKIC	YYQKIV	gadega	gadega
2dt5_3	YLLELE	YKLELL	gadega	gadega
2etn_1	-LAKEK	-LEKEL	-adega	-adega
2etn_1	EKIERI	ELAERL	gadega	gadega
2f66_1	NTLDES	NYRDEL	gadega	gadega
2f66_2	-LLVQD	-QVVQI	-adega	-adega
2fb5_0	-TMIIA	-IMIIV	-adega	-adega
2fb5_4	-TMIIA	-IMIIV	-adega	-adega
2fb5_5	-TMIIA	-IMIIV	-adega	-adega
2fjc_36	HVLGLY	HYVGLF	gadega	gadega
2fjc_36	LYLHYH	LFIHYL	gadega	gadega
2fjc_38	-KFELS	-DIELL	-adega	-adega
2fjc_38	LSFSTQ	LLLSTI	gadega	gadega
2fjc_39	HVLGLY	HYVGLF	gadega	gadega
2fjc_39	LYLHYH	LFIHYL	gadega	gadega
2fjc_40	AIQLQH	ATLLQS	gadega	gadega
2fjc_41	-KFELS	-DIELL	-adega	-adega
2fjc_41	LSFSTQ	LLLSTI	gadega	gadega
2fjc_42	HVLGLY	HYVGLF	gadega	gadega
2fjc_42	LYLHYH	LFIHYL	gadega	gadega
2fjc_44	-KFELS	-DIELL	-adega	-adega
2fjc_44	LSFSTQ	LLLSTI	gadega	gadega
2fjc_45	HVLGLY	HYVGLF	gadega	gadega
2fjc_45	LYLHYH	LFIHYL	gadega	gadega
2fjc_46	AIQLQH	ATLLQS	gadega	gadega
2fjc_47	-KFELS	-DIELL	-adega	-adega
2fjc_47	LSFSTQ	LLLSTI	gadega	gadega
2fjc_48	HVLGLY	HYVGLF	gadega	gadega
2fjc_48	LYLHYH	LFIHYL	gadega	gadega
2fjc_49	AIQLQH	ATLLQS	gadega	gadega
2fjc_50	-KFELS	-DIELL	-adega	-adega
2fjc_50	LSFSTQ	LLLSTI	gadega	gadega
2fjc_51	HVLGLY	HYVGLF	gadega	gadega
2fjc_51	LYLHYH	LFIHYL	gadega	gadega
2fjc_53	-KFELS	-DIELL	-adega	-adega
2fjc_53	LSFSTQ	LLLSTI	gadega	gadega
2fjc_54	HVLGLY	HYVGLF	gadega	gadega
2fjc_54	LYLHYH	LFIHYL	gadega	gadega
2fjc_56	-KFELS	-DIELL	-adega	-adega
2fjc_56	LSFSTQ	LLLSTI	gadega	gadega
2fjc_57	HVLGLY	HYVGLF	gadega	gadega
2fjc_57	LYLHYH	LFIHYL	gadega	gadega
2fjc_58	AIQLQH	ATLLQS	gadega	gadega
2fjc_59	-KFELS	-DIELL	-adega	-adega
2fjc_59	LSFSTQ	LLLSTI	gadega	gadega
2fjc_60	HVLGLY	HYVGLF	gadega	gadega
2fjc_60	LYLHYH	LFIHYL	gadega	gadega
2fjc_61	AIQLQH	ATLLQS	gadega	gadega
2fjc_62	-KFELS	-DIELL	-adega	-adega
2fjc_62	LSFSTQ	LLLSTI	gadega	gadega
2fjc_63	HVLGLY	HYVGLF	gadega	gadega
2fjc_63	LYLHYH	LFIHYL	gadega	gadega
2fjc_64	AIQLQH	ATLLQS	gadega	gadega
2fjc_65	-KFELS	-DIELL	-adega	-adega
2fjc_65	LSFSTQ	LLLSTI	gadega	gadega
2fjc_66	HVLGLY	HYVGLF	gadega	gadega
2fjc_66	LYLHYH	LFIHYL	gadega	gadega
2fjc_67	AIQLQH	ATLLQS	gadega	gadega
2fjc_68	-KFELS	-DIELL	-adega	-adega
2fjc_68	LSFSTQ	LLLSTI	gadega	gadega
2fjc_69	HVLGLY	HYVGLF	gadega	gadega
2fjc_69	LYLHYH	LFIHYL	gadega	gadega
2fjc_70	AIQLQH	ATLLQS	gadega	gadega
2fjc_71	-KFELS	-DIELL	-adega	-adega
2fjc_71	LSFSTQ	LLLSTI	gadega	gadega
2fjc_72	HVLGLY	HYVGLF	gadega	gadega
2fjc_72	LYLHYH	LFIHYL	gadega	gadega
2fjc_74	-KFELS	-DIELL	-adega	-adega
2fjc_74	LSFSTQ	LLLSTI	gadega	gadega
2fjc_75	HVLGLY	HYVGLF	gadega	gadega
2fjc_75	LYLHYH	LFIHYL	gadega	gadega
2fjc_76	AIQLQH	ATLLQS	gadega	gadega
2fjc_77	-KFELS	-DIELL	-adega	-adega
2fjc_77	LSFSTQ	LLLSTI	gadega	gadega
2fjc_78	HVLGLY	HYVGLF	gadega	gadega
2fjc_78	LYLHYH	LFIHYL	gadega	gadega
2fjc_80	-KFELS	-DIELL	-adega	-adega
2fjc_80	LSFSTQ	LLLSTI	gadega	gadega
2fjc_81	HVLGLY	HYVGLF	gadega	gadega
2fjc_81	LYLHYH	LFIHYL	gadega	gadega
2fjc_82	AIQLQH	ATLLQS	gadega	gadega
2fjc_83	-KFELS	-DIELL	-adega	-adega
2fjc_83	LSFSTQ	LLLSTI	gadega	gadega
2fjc_84	HVLGLY	HYVGLF	gadega	gadega
2fjc_84	LYLHYH	LFIHYL	gadega	gadega
2fjc_85	AIQLQH	ATLLQS	gadega	gadega
2fjc_86	-KFELS	-DIELL	-adega	-adega
2fjc_86	LSFSTQ	LLLSTI	gadega	gadega
2fjc_87	HVLGLY	HYVGLF	gadega	gadega
2fjc_87	LYLHYH	LFIHYL	gadega	gadega
2fjc_89	-KFELS	-DIELL	-adega	-adega
2fjc_89	LSFSTQ	LLLSTI	gadega	gadega
2fjc_90	HVLGLY	HYVGLF	gadega	gadega
2fjc_90	LYLHYH	LFIHYL	gadega	gadega
2fjc_92	-KFELS	-DIELL	-adega	-adega
2fjc_92	LSFSTQ	LLLSTI	gadega	gadega
2fjc_93	HVLGLY	HYVGLF	gadega	gadega
2fjc_93	LYLHYH	LFIHYL	gadega	gadega
2fjc_94	AIQLQH	ATLLQS	gadega	gadega
2fjc_95	-KFELS	-DIELL	-adega	-adega
2fjc_95	LSFSTQ	LLLSTI	gadega	gadega
2fjc_96	HVLGLY	HYVGLF	gadega	gadega
2fjc_96	LYLHYH	LFIHYL	gadega	gadega
2fjc_97	AIQLQH	ATLLQS	gadega	gadega
2fjc_98	-KFELS	-DIELL	-adega	-adega
2fjc_98	LSFSTQ	LLLSTI	gadega	gadega
2fjc_99	HVLGLY	HYVGLF	gadega	gadega
2fjc_99	LYLHYH	LFIHYL	gadega	gadega
2fjc_100	AIQLQH	ATLLQS	gadega	gadega
2fjc_101	-KFELS	-DIELL	-adega	-adega
2fjc_101	LSFSTQ	LLLSTI	gadega	gadega
2fjc_102	HVLGLY	HYVGLF	gadega	gadega
2fjc_102	LYLHYH	LFIHYL	gadega	gadega
2fjc_103	AIQLQH	ATLLQS	gadega	gadega
2fjc_104	-KFELS	-DIELL	-adega	-adega
2fjc_104	LSFSTQ	LLLSTI	gadega	gadega
2fjc_105	HVLGLY	HYVGLF	gadega	gadega
2fjc_105	LYLHYH	LFIHYL	gadega	gadega
2fjc_106	AIQLQH	ATLLQS	gadega	gadega
2fjc_107	-KFELS	-DIELL	-adega	-adega
2fjc_107	LSFSTQ	LLLSTI	gadega	gadega
2fjc_108	HVLGLY	HYVGLF	gadega	gadega
2fjc_108	LYLHYH	LFIHYL	gadega	gadega
2fjc_110	-KFELS	-DIELL	-adega	-adega
2fjc_110	LSFSTQ	LLLSTI	gadega	gadega
2fjc_111	HVLGLY	HYVGLF	gadega	gadega
2fjc_111	LYLHYH	LFIHYL	gadega	gadega
2fjc_112	AIQLQH	ATLLQS	gadega	gadega
2fjc_113	-KFELS	-DIELL	-adega	-adega
2fjc_113	LSFSTQ	LLLSTI	gadega	gadega
2fjc_114	HVLGLY	HYVGLF	gadega	gadega
2fjc_114	LYLHYH	LFIHYL	gadega	gadega
2fjc_116	-KFELS	-DIELL	-adega	-adega
2fjc_116	LSFSTQ	LLLSTI	gadega	gadega
2fjc_117	HVLGLY	HYVGLF	gadega	gadega
2fjc_117	LYLHYH	LFIHYL	gadega	gadega
2fjc_118	AIQLQH	ATLLQS	gadega	gadega
2fjc_119	-KFELS	-DIELL	-adega	-adega
2fjc_119	LSFSTQ	LLLSTI	gadega	gadega
2fjc_120	HVLGLY	HYVGLF	gadega	gadega
2fjc_120	LYLHYH	LFIHYL	gadega	gadega
2fjc_121	AIQLQH	ATLLQS	gadega	gadega
2fjc_122	-KFELS	-DIELL	-adega	-adega
2fjc_122	LSFSTQ	LLLSTI	gadega	gadega
2fjc_123	HVLGLY	HYVGLF	gadega	gadega
2fjc_123	LYLHYH	LFIHYL	gadega	gadega
2fjc_125	-KFELS	-DIELL	-adega	-adega
2fjc_125	LSFSTQ	LLLSTI	gadega	gadega
2fjc_126	HVLGLY	HYVGLF	gadega	gadega
2fjc_126	LYLHYH	LFIHYL	gadega	gadega
2fjc_128	-KFELS	-DIELL	-adega	-adega
2fjc_128	LSFSTQ	LLLSTI	gadega	gadega
2fjc_129	HVLGLY	HYVGLF	gadega	gadega
2fjc_129	LYLHYH	LFIHYL	gadega	gadega
2fjc_130	AIQLQH	ATLLQS	gadega	gadega
2fjc_131	-KFELS	-DIELL	-adega	-adega
2fjc_131	LSFSTQ	LLLSTI	gadega	gadega
2fjc_132	HVLGLY	HYVGLF	gadega	gadega
2fjc_132	LYLHYH	LFIHYL	gadega	gadega
2fjc_133	AIQLQH	ATLLQS	gadega	gadega
2fjc_134	-KFELS	-DIELL	-adega	-adega
2fjc_134	LSFSTQ	LLLSTI	gadega	gadega
2fjc_135	HVLGLY	HYVGLF	gadega	gadega
2fjc_135	LYLHYH	LFIHYL	gadega	gadega
2fjc_136	AIQLQH	ATLLQS	gadega	gadega
2fjc_137	-KFELS	-DIELL	-adega	-adega
2fjc_137	LSFSTQ	LLLSTI	gadega	gadega
2fjc_138	HVLGLY	HYVGLF	gadega	gadega
2fjc_138	LYLHYH	LFIHYL	gadega	gadega
2fjc_139	AIQLQH	ATLLQS	gadega	gadega
2fjc_140	-KFELS	-DIELL	-adega	-adega
2fjc_140	LSFSTQ	LLLSTI	gadega	gadega
2fjc_141	HVLGLY	HYVGLF	gadega	gadega
2fjc_141	LYLHYH	LFIHYL	gadega	gadega
2fjc_142	AIQLQH	ATLLQS	gadega	gadega
2fjc_143	-KFELS	-DIELL	-adega	-adega
2fjc_143	LSFSTQ	LLLSTI	gadega	gadega
2fsz_2	-LVTAL	-ECTAM	-adega	-adega
2fsz_3	-LVTAL	-ECTAM	-adega	-adega
2fsz_4	-LVTAL	-ECTAM	-adega	-adega
2fsz_5	-LVTAL	-ECTAM	-adega	-adega
2fsz_6	-LVTAL	-ECTAM	-adega	-adega
2fsz_7	-LVTAL	-ECTAM	-adega	-adega
2fzf_1	LAERHY	LMERHA	gadega	gadega
2fzf_1	HYLREY	HAYREE	gadega	gadega
2gl7_4	-TAIAL	-ILIAV	-adega	-adega
2gl7_6	-ILVLL	-VCVLL	-adega	-adega
2gsc_8	ARLSLD	ARVSLF	gadega	gadega
2gsc_8	LDVQAA	LFLQAM	gadega	gadega
2gww_3	-ICKIL	-SIKII	-adega	-adega
2gww_5	-ICKIL	-SIKII	-adega	-adega
2gww_7	-ICKIL	-SIKII	-adega	-adega
2gww_9	-ICKIL	-SIKII	-adega	-adega
2gww_11	-ICKIL	-SIKII	-adega	-adega
2hjm_1	LELTLK	LLVTLR	gadega	gadega
2hr5_4	-HYLFA	-AFLFA	-adega	-adega
2hr5_5	HAYRAK	HIERAV	gadega	gadega
2hr5_6	-HYLFA	-AFLFA	-adega	-adega
2hr5_7	HAYRAK	HIERAV	gadega	gadega
2hsb_1	-CTAYA	-LRAYA	-adega	-adega
2hsb_1	YAHAKA	YALAKA	gadega	gadega
2hsq_4	-ICKIL	-SIKII	-adega	-adega
2hsq_7	-ICKIL	-SIKII	-adega	-adega
2hsq_10	-ICKIL	-SIKII	-adega	-adega
2hsq_13	-ICKIL	-SIKII	-adega	-adega
2hsq_16	-ICKIL	-SIKII	-adega	-adega
2i05_0	-LHIHI	-LTIHM	-adega	-adega
2i05_0	HILKTF	HMEKTF	gadega	gadega
2ijj_3	-RTLLL	-ACLLH	-adega	-adega
2j0n_0	-DMKNL	-LYKNV	-adega	-adega
2j0n_0	NLLVKY	NVYVKY	gadega	gadega
2j5c_2	-ITWMM	-IAWMI	-adega	-adega
2kc3_0	ELAQRL	ELDQRL	gadega	gadega
2kc3_0	RLDMDV	RLRMDY	gadega	gadega
2lw1_0	DMAEEL	DLLEEL	gadega	gadega
2lw1_0	ELAFRW	ELLFRL	gadega	gadega
2lw1_0	RWLELK	RLLELV	gadega	gadega
2nnu_2	-YHMLE	-LCMLI	-adega	-adega
2nov_1	DKAERL	DELERI	gadega	gadega
2nov_1	RLVELI	RILELI	gadega	gadega
2p4v_1	-YNKRL	-RVKRV	-adega	-adega
2ppb_1	-LRNRL	-IENRL	-adega	-adega
2psm_0	-LTVNV	-VDVNI	-adega	-adega
2q0o_4	LAAIEH	LYRIES	gadega	gadega
2q0o_4	EHLLAD	ESQLAL	gadega	gadega
2q0o_4	ADVYEW	ALIYEL	gadega	gadega
2r6t_4	-ALHAR	-LIHAS	-adega	-adega
2r6t_4	ARTKAE	ASFKAA	gadega	gadega
2rcc_1	-SEVHN	-ADVHT	-adega	-adega
2rmk_0	-LAQML	-VLQML	-adega	-adega
2rmk_0	MLSKKI	MLEKKK	gadega	gadega
2rmk_0	KIIRQL	KKARQI	gadega	gadega
2uw1_1	IAEKHA	ISEKHF	gadega	gadega
2uw1_1	HAYTIV	HFHTIA	gadega	gadega
2ux1_12	YMIDYL	YVLDYH	gadega	gadega
2ux1_12	YLMSRL	YHLSRH	gadega	gadega
2v0o_2	-KTELA	-AVELA	-adega	-adega
2v0o_2	LAHLLV	LAELLS	gadega	gadega
2v0o_2	LVLQLI	LSMQLA	gadega	gadega
2vf8_0	LVLDLL	LSLDLA	gadega	gadega
2vgx_5	-SVSML	-ELSMQ	-adega	-adega
2vko_1	YLCRKL	YLFRKL	gadega	gadega
2xs1_4	-FLAKH	-AAAKA	-adega	-adega
2xs1_4	KHMQNA	KAFQNF	gadega	gadega
2y02_2	-STLVI	-TFLVL	-adega	-adega
2y4t_0	-ADLKV	-YYLKA	-adega	-adega
2y4t_4	AILDIL	ARCDIE	gadega	gadega
2y4u_16	-LLISA	-AKISV	-adega	-adega
2y4u_26	-LLISA	-AKISV	-adega	-adega
2yfb_6	-NLLEL	-YALEF	-adega	-adega
2yfb_6	ELTIAY	EFAIAI	gadega	gadega
2yfb_6	AYSLKM	AISLKM	gadega	gadega
2yfb_6	KMGYAT	KMQYAI	gadega	gadega
2yfb_6	ATARSM	AIRRSL	gadega	gadega
2yw6_19	LDYNVI	LALNVQ	gadega	gadega
2yw6_19	VITRSI	VQVRSL	gadega	gadega
2z3q_1	AMFLEL	AFILEF	gadega	gadega
2zqm_2	-VLKKI	-VMKKL	-adega	-adega
2zqm_2	KILERL	KLYERL	gadega	gadega
2zqm_2	RLLEQE	RLVEQK	gadega	gadega
2zqm_2	QELNKL	QKVNKL	gadega	gadega
2zqm_2	KLLTQI	KLATQL	gadega	gadega
3a8q_0	QIWENL	QTLENI	gadega	gadega
3a8q_0	NLFHDL	NIDHDK	gadega	gadega
3a8q_0	DLMRYL	DKARYL	gadega	gadega
3ajw_1	AIHRQL	ALMRQC	gadega	gadega
3ajw_1	QLWTKV	QCATKL	gadega	gadega
3ajw_1	KVALSW	KLLLSQ	gadega	gadega
3aoh_1	-LRNRL	-IENRL	-adega	-adega
3aoi_2	QLERRL	QKIRRI	gadega	gadega
3aoi_2	RLATIL	RILTIL	gadega	gadega
3aqb_3	-FCIMS	-SYIMA	-adega	-adega
3ayf_5	-FAKYH	-QFKYL	-adega	-adega
3ayf_9	-VMFIA	-TFFIT	-adega	-adega
3ayg_5	-FAKYH	-QFKYL	-adega	-adega
3ayg_9	-VMFIA	-TFFIT	-adega	-adega
3b2t_2	-KVSTY	-VLSTL	-adega	-adega
3b2t_3	TYARME	TVLRML	gadega	gadega
3bct_13	-TAIAL	-ILIAV	-adega	-adega
3c23_1	TLYKNF	TLIKNI	gadega	gadega
3c23_2	TLYKNF	TLIKNI	gadega	gadega
3c23_3	TLYKNF	TLIKNI	gadega	gadega
3c23_4	TLYKNF	TLIKNI	gadega	gadega
3c23_5	TLYKNF	TLIKNI	gadega	gadega
3c23_6	TLYKNF	TLIKNI	gadega	gadega
3c23_7	TLYKNF	TLIKNI	gadega	gadega
3c4f_1	AYARME	AVLRMV	gadega	gadega
3ck6_0	-HITIN	-QLTIK	-adega	-adega
3ck6_0	INIEYL	IKIEYQ	gadega	gadega
3ck7_0	LRHYYF	LIYYYL	gadega	gadega
3ck7_4	TRAIRQ	TEAIRI	gadega	gadega
3cu7_3	-FIVAL	-TLVAA	-adega	-adega
3d0i_1	-LLYEY	-LIYEM	-adega	-adega
3d19_12	VQATIW	VSATIR	gadega	gadega
3d19_12	IWKRIL	IRLRIN	gadega	gadega
3d48_2	IVLRWN	IETRWL	gadega	gadega
3d48_2	WNLYLV	WLMYLV	gadega	gadega
3ddl_2	-LLALM	-SPALI	-adega	-adega
3e0s_2	-FLTQM	-LLTQR	-adega	-adega
3ehn_1	MLLSSV	MMISSV	gadega	gadega
3etv_0	-ELAEL	-IVAER	-adega	-adega
3etv_0	ELLDLK	ERLDLL	gadega	gadega
3etz_0	ALNEVY	ALLEVM	gadega	gadega
3etz_0	VYLSRA	VMQSRI	gadega	gadega
3fd9_2	CQTQQV	CLLQQS	gadega	gadega
3fd9_2	QVLAKL	QSLAKS	gadega	gadega
3ffl_3	AVYTAL	ALCTAL	gadega	gadega
3foo_1	-VIDAL	-KLDAR	-adega	-adega
3ggz_0	CILRAQ	CLDRAI	gadega	gadega
3ggz_0	AQQQIA	AILQIE	gadega	gadega
3ggz_0	IASRQV	IECRQL	gadega	gadega
3gm1_1	-LDANL	-ITANL	-adega	-adega
3gop_1	CVAKMN	CIFKMA	gadega	gadega
3h2u_1	-LNANL	-IIANL	-adega	-adega
3hmh_1	-FMQAF	-LLQAI	-adega	-adega
3hym_1	AYSFVE	ARLFVT	gadega	gadega
3i9w_0	MLQSKI	MLASKE	gadega	gadega
3i9w_0	KILLAL	KEALAL	gadega	gadega
3i9w_2	-IQEEI	-LLEED	-adega	-adega
3i9w_2	EISLQQ	EDILQL	gadega	gadega
3i9w_2	QQLVQR	QLLVQN	gadega	gadega
3i9w_2	QRLRQQ	QNQRQF	gadega	gadega
3ieg_7	-LLISA	-AKISV	-adega	-adega
3ifq_6	-ILVLL	-VCVLL	-adega	-adega
3ika_1	CVAKMN	CIFKMA	gadega	gadega
3iqc_3	-IFSQA	-KYSQV	-adega	-adega
3iqc_4	-EYEIL	-AIEIL	-adega	-adega
3iqc_4	ILSSAK	ILASAL	gadega	gadega
3iqf_4	-ALAEA	-AKAEA	-adega	-adega
3iqf_5	-ALAEA	-AKAEA	-adega	-adega
3j9e_0	YNLTED	YNITEH	gadega	gadega
3j9e_0	EDMRLA	EHLRLK	gadega	gadega
3j9t_6	NLLYVL	NTIYVK	gadega	gadega
3j9t_6	VLTSTL	VKLSTR	gadega	gadega
3k6t_1	-ELDEI	-LLDEK	-adega	-adega
3k8v_3	-IIDAL	-ILDAQ	-adega	-adega
3k8v_3	ALINAR	AQANAI	gadega	gadega
3k8v_3	ARLGVQ	AIAGVE	gadega	gadega
3k8v_3	VQFTTV	VELTTS	gadega	gadega
3k8v_3	TVLQMT	TSLQMR	gadega	gadega
3kdy_3	ALAQAE	ARLQAR	gadega	gadega
3kdy_4	ALAQAE	ARLQAR	gadega	gadega
3kra_3	-FCILL	-ALILA	-adega	-adega
3krc_2	-FCILL	-ALILA	-adega	-adega
3krf_2	-FCILL	-ALILA	-adega	-adega
3kro_4	-FYQTL	-ILQTA	-adega	-adega
3kro_5	-FCILL	-ALILA	-adega	-adega
3ksy_2	YILNII	YHSNIL	gadega	gadega
3l9f_0	EIKEKI	EKLEKL	gadega	gadega
3lnn_2	-SADRL	-LADRA	-adega	-adega
3lsq_0	-IADKW	-SLDKV	-adega	-adega
3lsq_0	KWTQLT	KVLQLA	gadega	gadega
3lsq_0	LTSKLI	LALKLR	gadega	gadega
3msv_6	-LQEVL	-AWEVS	-adega	-adega
3msv_6	VLYTFA	VSTTFI	gadega	gadega
3mxz_0	NLKTTC	NLSTTI	gadega	gadega
3mxz_0	TCIVEL	TICVEL	gadega	gadega
3mxz_0	ELYEEV	ELAEEL	gadega	gadega
3mxz_0	EVEAKT	ELTAKL	gadega	gadega
3n1z_2	-AISIQ	-NFSIA	-adega	-adega
3n24_4	-LLLDQ	-LSLDF	-adega	-adega
3na7_0	EEAKRS	EKKKRI	gadega	gadega
3na7_0	RSANEI	RILNEK	gadega	gadega
3na7_0	EILQEI	EKLQEV	gadega	gadega
3na7_0	EIKSKQ	EVNSKL	gadega	gadega
3na7_0	KQLKEM	KLTKEI	gadega	gadega
3na7_0	EMLELA	EIIELM	gadega	gadega
3nmu_1	-ILYLR	-LVYLI	-adega	-adega
3o10_1	-SLAIA	-AWAIA	-adega	-adega
3o1i_3	ALNVNV	AQNVNS	gadega	gadega
3o1i_3	NVNLEL	NSLLET	gadega	gadega
3o1i_3	ELTVRK	ETLVRL	gadega	gadega
3o1i_3	RKLAEI	RLTAEL	gadega	gadega
3oac_4	-FYQTL	-ILQTA	-adega	-adega
3oac_5	-FCILL	-ALILA	-adega	-adega
3odm_1	-LWIRM	-YLIRT	-adega	-adega
3oll_1	-LVTAL	-ECTAM	-adega	-adega
3omo_1	-LVTAL	-ECTAM	-adega	-adega
3omp_1	-LVTAL	-ECTAM	-adega	-adega
3oxf_3	-MLRAF	-ILRAL	-adega	-adega
3p4p_0	AEAHAM	AILHAQ	gadega	gadega
3pdu_2	MQLRAV	MNFRAR	gadega	gadega
3pdu_3	MQLRAV	MNFRAR	gadega	gadega
3pe3_13	AIYRAL	ALCRAV	gadega	gadega
3pe3_20	AIYRAL	ALCRAV	gadega	gadega
3pef_0	MQLRAV	MNFRAR	gadega	gadega
3pef_1	MQLRAV	MNFRAR	gadega	gadega
3pik_11	-VALLR	-VALLL	-adega	-adega
3pik_11	LRLNQI	LLTNQL	gadega	gadega
3pik_11	QIQQYL	QLLQYR	gadega	gadega
3pik_11	YLLQTL	YRNQTL	gadega	gadega
3pla_2	TILYIR	TMIYII	gadega	gadega
3pla_2	IRLNYL	IIFNYL	gadega	gadega
3pvt_2	-IARHL	-YDRHV	-adega	-adega
3pvt_5	-IARHL	-YDRHV	-adega	-adega
3pvy_2	-IARHL	-YDRHV	-adega	-adega
3pvy_5	-IARHL	-YDRHV	-adega	-adega
3pw1_2	-IARHL	-YDRHV	-adega	-adega
3pw1_5	-IARHL	-YDRHV	-adega	-adega
3pw8_4	AIARHL	AYDRHV	gadega	gadega
3pw8_4	HLSRWL	HVFRWM	gadega	gadega
3q0k_5	KICKDV	KVAKDH	gadega	gadega
3q0k_5	DVTKKY	DHAKKE	gadega	gadega
3q0k_5	KYSLEL	KEALEE	gadega	gadega
3q15_1	LLYSFF	LYLSFR	gadega	gadega
3q15_10	-VKIEW	-ALIEV	-adega	-adega
3q15_11	LLYSFF	LYLSFR	gadega	gadega
3q15_18	-AFYKV	-EAYKA	-adega	-adega
3q5m_6	RLLKRL	RFFKRV	gadega	gadega
3q5m_14	MRTNAL	MQINAI	gadega	gadega
3q5m_15	RLLKRL	RFFKRV	gadega	gadega
3qaz_1	LLLQIL	LICQII	gadega	gadega
3qb7_0	RLNLGL	RITLGL	gadega	gadega
3qf7_1	KMLEEI	KYLEER	gadega	gadega
3rav_3	-LMKAI	-LEKAI	-adega	-adega
3rav_3	AIEKLN	AIMKLL	gadega	gadega
3rd0_3	-LMKAI	-LEKAI	-adega	-adega
3rd0_3	AIEKLN	AIMKLL	gadega	gadega
3rd0_5	-LMKAI	-LEKAI	-adega	-adega
3rd0_5	AIEKLN	AIMKLL	gadega	gadega
3rd0_7	-LMKAI	-LEKAI	-adega	-adega
3rd0_7	AIEKLN	AIMKLL	gadega	gadega
3rdh_2	-VRRSW	-RIRSL	-adega	-adega
3rdh_9	-QYQAF	-RLQAF	-adega	-adega
3s28_2	-QLRAE	-LIRAL	-adega	-adega
3s28_4	-QLRAE	-LIRAL	-adega	-adega
3s28_7	-QLRAE	-LIRAL	-adega	-adega
3s90_0	-ICKIL	-SIKII	-adega	-adega
3s9v_4	VMALEL	VTLLET	gadega	gadega
3scj_1	-LLYEY	-LIYEM	-adega	-adega
3sgh_1	-LVLQK	-EFLQE	-adega	-adega
3sja_0	-SLNLK	-PLNLL	-adega	-adega
3smt_1	AVAANR	AEAANL	gadega	gadega
3t49_2	ALIYEI	AINYEA	gadega	gadega
3t9j_12	IYFAMF	IQAAMF	gadega	gadega
3t9j_12	MFLARI	MFVARH	gadega	gadega
3tgo_12	RLLKRL	RFFKRV	gadega	gadega
3tz0_1	-PIARI	-HYARF	-adega	-adega
3u0c_0	-TLTDY	-ELTDK	-adega	-adega
3u0c_0	DYQIKL	DKAIKR	gadega	gadega
3u0c_0	KLADKI	KRIDKT	gadega	gadega
3u0c_0	KILEKI	KTIEKL	gadega	gadega
3u90_1	-LMKAI	-LEKAI	-adega	-adega
3u90_1	AIEKLN	AIMKLL	gadega	gadega
3u90_2	-LMKAI	-LEKAI	-adega	-adega
3u90_2	AIEKLN	AIMKLL	gadega	gadega
3u90_3	-LMKAI	-LEKAI	-adega	-adega
3u90_3	AIEKLN	AIMKLL	gadega	gadega
3u90_4	-LMKAI	-LEKAI	-adega	-adega
3u90_4	AIEKLN	AIMKLL	gadega	gadega
3u90_5	-LMKAI	-LEKAI	-adega	-adega
3u90_5	AIEKLN	AIMKLL	gadega	gadega
3u90_6	-LMKAI	-LEKAI	-adega	-adega
3u90_6	AIEKLN	AIMKLL	gadega	gadega
3u90_7	-LMKAI	-LEKAI	-adega	-adega
3u90_7	AIEKLN	AIMKLL	gadega	gadega
3u90_8	-LMKAI	-LEKAI	-adega	-adega
3u90_8	AIEKLN	AIMKLL	gadega	gadega
3u90_9	-LMKAI	-LEKAI	-adega	-adega
3u90_9	AIEKLN	AIMKLL	gadega	gadega
3u90_10	-LMKAI	-LEKAI	-adega	-adega
3u90_10	AIEKLN	AIMKLL	gadega	gadega
3u90_11	-LMKAI	-LEKAI	-adega	-adega
3u90_11	AIEKLN	AIMKLL	gadega	gadega
3u90_12	-LMKAI	-LEKAI	-adega	-adega
3u90_12	AIEKLN	AIMKLL	gadega	gadega
3u90_13	-LMKAI	-LEKAI	-adega	-adega
3u90_13	AIEKLN	AIMKLL	gadega	gadega
3u90_14	-LMKAI	-LEKAI	-adega	-adega
3u90_14	AIEKLN	AIMKLL	gadega	gadega
3u90_15	-LMKAI	-LEKAI	-adega	-adega
3u90_15	AIEKLN	AIMKLL	gadega	gadega
3u90_16	-LMKAI	-LEKAI	-adega	-adega
3u90_16	AIEKLN	AIMKLL	gadega	gadega
3u90_17	-LMKAI	-LEKAI	-adega	-adega
3u90_17	AIEKLN	AIMKLL	gadega	gadega
3u90_18	-LMKAI	-LEKAI	-adega	-adega
3u90_18	AIEKLN	AIMKLL	gadega	gadega
3u90_19	-LMKAI	-LEKAI	-adega	-adega
3u90_19	AIEKLN	AIMKLL	gadega	gadega
3u90_20	-LMKAI	-LEKAI	-adega	-adega
3u90_20	AIEKLN	AIMKLL	gadega	gadega
3u90_21	-LMKAI	-LEKAI	-adega	-adega
3u90_21	AIEKLN	AIMKLL	gadega	gadega
3u90_22	-LMKAI	-LEKAI	-adega	-adega
3u90_22	AIEKLN	AIMKLL	gadega	gadega
3u90_23	-LMKAI	-LEKAI	-adega	-adega
3u90_23	AIEKLN	AIMKLL	gadega	gadega
3vbb_0	-RIDAI	-LADAW	-adega	-adega
3vbb_0	AICDER	AWCDEA	gadega	gadega
3vbb_0	ERLEER	EALEEK	gadega	gadega
3vkg_2	TEVKLQ	TILKLI	gadega	gadega
3vkg_2	LQLAKN	LIYAKY	gadega	gadega
3vkg_2	KNLDKN	KYLDKT	gadega	gadega
3vkg_2	KNANKL	KTINKS	gadega	gadega
3vkg_2	KLMVDQ	KSVVDV	gadega	gadega
3vkg_2	DQAEKQ	DVSEKL	gadega	gadega
3vkg_2	KQARLQ	KLLRLR	gadega	gadega
3vkg_4	-VTLTL	-LLLTL	-adega	-adega
3vkh_0	-DLNVR	-FLNVL	-adega	-adega
3vkh_3	-RLEEQ	-SVEEV	-adega	-adega
3vkh_3	EQLNGL	EVSNGL	gadega	gadega
3vkh_3	GLLRTE	GLLRTR	gadega	gadega
3vkh_3	TEVKLQ	TRWKLS	gadega	gadega
3vkh_3	LQLAKN	LSFAKM	gadega	gadega
3vv9_1	AVYTVM	ARETVR	gadega	gadega
3vxd_3	AMMLSL	AVILSL	gadega	gadega
3whj_1	NVLKDL	NLYKDL	gadega	gadega
3wj8_0	-KLDLN	-NIDLT	-adega	-adega
3wj8_0	LNNPYL	LTIPYK	gadega	gadega
3zdl_1	-LSMTV	-IAMTR	-adega	-adega
3zdl_1	TVLLVL	TRTLVM	gadega	gadega
3zdl_1	VLAMIF	VMEMII	gadega	gadega
3zev_1	-TNVSL	-VYVSL	-adega	-adega
4a1s_8	-IHNHL	-EANHL	-adega	-adega
4a2q_1	HLYNAL	HMTNAM	gadega	gadega
4akv_1	MLLSYQ	MKSSYD	gadega	gadega
4akv_1	YQLSFP	YDVSFS	gadega	gadega
4akv_1	FPIHQK	FSAHQV	gadega	gadega
4ayx_1	HVLAKE	HLLAKT	gadega	gadega
4ayx_1	KEARGF	KTSRGA	gadega	gadega
4bjn_1	KRYELL	KAAELA	gadega	gadega
4bxh_2	RMSNYF	RRLNYR	gadega	gadega
4bxh_2	YFIELM	YRSELL	gadega	gadega
4bxh_13	ALEIAA	AICIAL	gadega	gadega
4bxh_14	RMSNYF	RRLNYR	gadega	gadega
4bxh_14	YFIELM	YRSELL	gadega	gadega
4bxh_17	CQTLRI	CLTLRI	gadega	gadega
4bxh_19	ALEIAA	AICIAL	gadega	gadega
4bxh_20	RMSNYF	RRLNYR	gadega	gadega
4bxh_20	YFIELM	YRSELL	gadega	gadega
4bxh_23	CQTLRI	CLTLRI	gadega	gadega
4cdr_6	AIYRAL	ALCRAV	gadega	gadega
4cgk_4	-NMLQQ	-VILQV	-adega	-adega
4cgk_4	QQDKAI	QVIKAQ	gadega	gadega
4cgk_4	AIKQAN	AQLQAN	gadega	gadega
4cgk_4	ANAITV	ANLITS	gadega	gadega
4cgk_4	TVNQKL	TSLQKI	gadega	gadega
4cgk_4	KLDAAL	KILAAI	gadega	gadega
4cgk_4	ALKQEL	AIRQEL	gadega	gadega
4cz9_6	-VNDLA	-FVDLG	-adega	-adega
4cz9_6	LAATFI	LGITFT	gadega	gadega
4dci_1	-EISGI	-RLSGK	-adega	-adega
4dci_1	GIADQL	GKLDQQ	gadega	gadega
4dji_3	LLVLEI	LVALEI	gadega	gadega
4djk_1	-FMLFV	-LVLFI	-adega	-adega
4dkf_3	SLTEVQ	SELEVQ	gadega	gadega
4dvq_2	EHAWCI	EMSWCL	gadega	gadega
4dyl_6	TLVTEL	TLATEL	gadega	gadega
4dyl_6	ELATMV	ELATMQ	gadega	gadega
4dyl_6	MVRQMV	MQLQMQ	gadega	gadega
4dyl_6	MVLQEL	MQLQEL	gadega	gadega
4e40_1	VAALHV	VLDLHV	gadega	gadega
4e40_1	HVEVIV	HVRVIL	gadega	gadega
4e40_1	IVKVEI	ILAVEA	gadega	gadega
4e40_1	EILTGA	EAQTGA	gadega	gadega
4e40_1	GAHAGA	GAAAGA	gadega	gadega
4e40_3	VAALHV	VLDLHV	gadega	gadega
4e40_3	HVEVIV	HVRVIL	gadega	gadega
4e40_3	IVKVEI	ILAVEA	gadega	gadega
4e40_3	EILTGA	EAQTGA	gadega	gadega
4e40_3	GAHAGA	GAAAGA	gadega	gadega
4eeb_1	VYTIIA	VAIIIR	gadega	gadega
4eeb_1	IAVEFR	IRLEFY	gadega	gadega
4f7r_2	-WVSIE	-IISIR	-adega	-adega
4fyg_1	-LLKQV	-IKKQL	-adega	-adega
4fyg_1	QVYESI	QLVESY	gadega	gadega
4fyg_1	SIQEAI	SYAEAY	gadega	gadega
4g63_2	QIVDQI	QIADQK	gadega	gadega
4g63_2	QILLEQ	QKLLEY	gadega	gadega
4g63_3	QIVDQI	QIADQK	gadega	gadega
4g63_3	QILLEQ	QKLLEY	gadega	gadega
4gam_0	LEEYAI	LTCYAN	gadega	gadega
4gam_3	-ELEKV	-LAEKL	-adega	-adega
4gbr_1	-DCVAS	-TFVAL	-adega	-adega
4gbr_1	ASTLVI	ALALVM	gadega	gadega
4gpk_0	-VKLEW	-VILEL	-adega	-adega
4gpk_22	-LTLNM	-LYLNL	-adega	-adega
4gz5_1	AVYRAL	ALVRAQ	gadega	gadega
4gz5_8	AVYRAL	ALVRAQ	gadega	gadega
4gz5_15	AVYRAL	ALVRAQ	gadega	gadega
4gz5_22	AVYRAL	ALVRAQ	gadega	gadega
4gz5_43	AVYRAL	ALVRAQ	gadega	gadega
4gz5_64	AVYRAL	ALVRAQ	gadega	gadega
4gz6_1	AVYRAL	ALVRAQ	gadega	gadega
4h73_0	-ALYML	-EIYMA	-adega	-adega
4h73_2	MLFRMK	MEIRMA	gadega	gadega
4h8s_5	-YQNMC	-NHNMA	-adega	-adega
4h9r_1	LLYVEI	LLLVEL	gadega	gadega
4hvs_1	SYAKMA	SVIKMI	gadega	gadega
4i0u_15	-KLVLR	-YTVLA	-adega	-adega
4i0u_15	LRIWLR	LAVWLR	gadega	gadega
4i1a_5	-SLIAL	-LTIAL	-adega	-adega
4i1a_11	-LFLSL	-ISLSI	-adega	-adega
4i1a_12	-SLIAL	-LTIAL	-adega	-adega
4i1m_0	-ITLII	-VNLIL	-adega	-adega
4ii4_2	-IARHL	-YDRHV	-adega	-adega
4ii4_5	-IARHL	-YDRHV	-adega	-adega
4iu9_2	-LYICV	-LFICA	-adega	-adega
4iwf_1	-LITTL	-ECTTI	-adega	-adega
4j2c_0	ELNLSI	EVALSA	gadega	gadega
4j2c_0	SIDLDL	SALLDW	gadega	gadega
4j41_2	-SLKIA	-PLKIA	-adega	-adega
4j5l_0	-RLSLA	-FVSLL	-adega	-adega
4j5l_0	LAIYQL	LLTYQL	gadega	gadega
4j8d_2	-ADCRA	-AYCRA	-adega	-adega
4j8e_4	-AKKAA	-ALKAA	-adega	-adega
4j8e_6	-ADCRA	-AYCRA	-adega	-adega
4j8f_7	MLVQRA	MALQRC	gadega	gadega
4j96_1	-KVSTY	-VLSTL	-adega	-adega
4j97_1	TYARME	TVLRML	gadega	gadega
4j98_1	TYARME	TVLRML	gadega	gadega
4jeh_1	ELLMDI	EIFMDI	gadega	gadega
4jeh_1	DITAKV	DINAKV	gadega	gadega
4jeh_1	KVKLSI	KVKLSI	gadega	gadega
4jt5_2	-ACIKA	-HAIKA	-adega	-adega
4jt5_5	LMCFKL	LVMFKA	gadega	gadega
4jxy_5	-YYLTA	-AALTA	-adega	-adega
4jxy_7	-YYLTA	-AALTA	-adega	-adega
4jxy_9	-YYLTA	-AALTA	-adega	-adega
4jxy_11	-YYLTA	-AALTA	-adega	-adega
4jyx_1	-YYLTA	-AALTA	-adega	-adega
4k1p_2	-QVQIQ	-ILQIL	-adega	-adega
4k1p_2	IQMEDL	ILWEDN	gadega	gadega
4k1p_3	RIKQEL	RIIQEI	gadega	gadega
4k1p_3	ELLIKL	EIEIKI	gadega	gadega
4kcf_1	-VLAEI	-IRAEL	-adega	-adega
4kcf_2	-VLAEI	-IRAEL	-adega	-adega
4kcf_3	-VLAEI	-IRAEL	-adega	-adega
4kjs_1	TILAYM	TLAAYV	gadega	gadega
4kjs_1	YMATSL	YVITSL	gadega	gadega
4l0r_0	ELLVRM	ELLVRF	gadega	gadega
4l0r_0	RMKAQI	RFMAQH	gadega	gadega
4l0r_0	QIVRYQ	QHLRYI	gadega	gadega
4l2c_1	-VNAQI	-HYAQL	-adega	-adega
4l87_0	-LADEW	-VIDER	-adega	-adega
4l87_0	EWCRRA	ERIRRI	gadega	gadega
4l87_0	RALNLK	RICNLR	gadega	gadega
4l87_0	LKCSTI	LRLSTR	gadega	gadega
4lfe_1	EIIILA	ELSILA	gadega	gadega
4lfe_1	LAVRDI	LAIRDL	gadega	gadega
4li5_1	CVAKMN	CIFKMA	gadega	gadega
4mbq_0	-AKLLA	-AILLV	-adega	-adega
4mbq_2	-AKLLA	-AILLV	-adega	-adega
4mbq_3	-AKLLA	-AILLV	-adega	-adega
4mh6_0	RELKRV	RNIKRL	gadega	gadega
4mh6_0	RVVKTL	RLKKTA	gadega	gadega
4mh6_0	TLERLL	TAARLV	gadega	gadega
4mh6_0	LLKQEA	LVQQEV	gadega	gadega
4mh6_0	EAAHTK	EVVHTL	gadega	gadega
4mh6_0	TKFVLQ	TLAVLV	gadega	gadega
4mh6_0	LQEIEQ	LVYIER	gadega	gadega
4moa_1	-SLRTA	-YVRTN	-adega	-adega
4moa_2	-SLRTA	-YVRTN	-adega	-adega
4mt0_0	-VAYNE	-YAYNR	-adega	-adega
4mt0_0	NEAEAM	NRAEAL	gadega	gadega
4mt4_7	-TTYNL	-YAYNK	-adega	-adega
4mt4_7	NLAYNE	NKYYNL	gadega	gadega
4myc_2	-YARGS	-ALRGA	-adega	-adega
4myc_2	GSFGLR	GALGLV	gadega	gadega
4myh_1	-YSQKV	-RFQKA	-adega	-adega
4myh_4	-YSQKV	-RFQKA	-adega	-adega
4n2x_2	-KLDLN	-NIDLT	-adega	-adega
4n2x_2	LNNPYL	LTIPYK	gadega	gadega
4nqi_6	-FKEEL	-LREEV	-adega	-adega
4ofz_1	-TLEDL	-VLEDY	-adega	-adega
4ohf_0	KIAMIK	KIVMII	gadega	gadega
4ohf_0	IKLEKY	IILEKQ	gadega	gadega
4ohf_1	KIAMIK	KIVMII	gadega	gadega
4ohf_1	IKLEKY	IILEKQ	gadega	gadega
4ojj_1	-LIINK	-ALINE	-adega	-adega
4on9_0	HLYNAL	HMTNAA	gadega	gadega
4on9_3	-FTSLR	-EISLQ	-adega	-adega
4phq_2	-ILDGI	-SVDGN	-adega	-adega
4phq_2	GILNAQ	GNINAK	gadega	gadega
4phq_2	AQLLSS	AKLLSI	gadega	gadega
4phq_2	SSFNAS	SIINAK	gadega	gadega
4pk7_0	-MLVVA	-LLVVR	-adega	-adega
4pk7_0	VALSNM	VRLSNQ	gadega	gadega
4pk7_0	NMTQQY	NQIQQM	gadega	gadega
4po5_3	-AFDII	-VVDIK	-adega	-adega
4po5_4	-AFDII	-VVDIK	-adega	-adega
4po5_5	-AFDII	-VVDIK	-adega	-adega
4po5_6	-AFDII	-VVDIK	-adega	-adega
4po5_7	-AFDII	-VVDIK	-adega	-adega
4po5_8	-AFDII	-VVDIK	-adega	-adega
4po5_9	-AFDII	-VVDIK	-adega	-adega
4po5_10	-AFDII	-VVDIK	-adega	-adega
4po5_11	-AFDII	-VVDIK	-adega	-adega
4po5_12	-AFDII	-VVDIK	-adega	-adega
4po5_13	-AFDII	-VVDIK	-adega	-adega
4po5_14	-AFDII	-VVDIK	-adega	-adega
4po5_15	-AFDII	-VVDIK	-adega	-adega
4po5_16	-AFDII	-VVDIK	-adega	-adega
4po5_17	-AFDII	-VVDIK	-adega	-adega
4po5_18	-AFDII	-VVDIK	-adega	-adega
4po5_19	-AFDII	-VVDIK	-adega	-adega
4po5_20	-AFDII	-VVDIK	-adega	-adega
4po5_21	-AFDII	-VVDIK	-adega	-adega
4po5_22	-AFDII	-VVDIK	-adega	-adega
4po5_23	-AFDII	-VVDIK	-adega	-adega
4q4h_0	LMVAIG	LAFAIE	gadega	gadega
4q4h_0	IGGGGC	IECGGQ	gadega	gadega
4q4h_0	GCFAYA	GQLAYI	gadega	gadega
4q50_3	-LITTL	-ECTTI	-adega	-adega
4q50_6	-LITTL	-ECTTI	-adega	-adega
4qnh_1	-VHQKF	-VEQKI	-adega	-adega
4qq5_1	AYARMQ	AVLRML	gadega	gadega
4qq5_2	AYARMQ	AVLRML	gadega	gadega
4r42_5	LLEIHT	LIEIHR	gadega	gadega
4r42_5	HTFMAL	HRYMAI	gadega	gadega
4rsi_2	-IKKHK	-ELKHI	-adega	-adega
4rsi_2	HKLQLI	HIAQLA	gadega	gadega
4rsi_2	LILKKL	LALKKL	gadega	gadega
4ryj_1	-ALIYF	-TCIYA	-adega	-adega
4ryj_1	YFSAAT	YATAAI	gadega	gadega
4tma_1	ELARRA	EILRRL	gadega	gadega
4tma_3	ELARRA	EYLRRI	gadega	gadega
4tma_3	RALELA	RILELL	gadega	gadega
4u0q_0	-MEYLF	-IIYLM	-adega	-adega
4u0q_0	LFSDLR	LMIDLI	gadega	gadega
4u0q_0	LRLYTF	LIHYTI	gadega	gadega
4u0q_0	TFKEHL	TIKEHI	gadega	gadega
4u4w_3	LYTFSF	LFAFSS	gadega	gadega
4u4w_3	SFFSGF	SSTSGI	gadega	gadega
4w6v_2	FVILAA	FSLLAA	gadega	gadega
4w6v_2	AAFAMM	AALAMI	gadega	gadega
4w8p_3	-MSAGL	-LHAGV	-adega	-adega
4w8p_6	-MSAGL	-LHAGV	-adega	-adega
4whe_0	-AALEK	-IMLEL	-adega	-adega
4whe_0	EKLTLI	ELVTLS	gadega	gadega
4whe_0	LILEEV	LSAEEK	gadega	gadega
4whe_0	EVVDTL	EKLDTI	gadega	gadega
4whe_0	TLMKEI	TIAKEE	gadega	gadega
4whe_0	EILEKL	EEWEKA	gadega	gadega
4wjg_3	LFETAV	LVTTAG	gadega	gadega
4wjg_3	AVARHV	AGHRHV	gadega	gadega
4wjg_3	HVHRAA	HVVRAL	gadega	gadega
4wl1_2	-TMKQV	-YNKQL	-adega	-adega
4wl1_5	-TMKQV	-YNKQL	-adega	-adega
4wl1_7	-TMKQV	-YNKQL	-adega	-adega
4wlp_1	-VNQLI	-KYQLI	-adega	-adega
4wqt_0	RLVRFL	RELRFM	gadega	gadega
4xlx_4	ELHTML	EILTML	gadega	gadega
4xoi_0	LLATKR	LIQTKI	gadega	gadega
4xoi_0	KRLIEL	KIAIEL	gadega	gadega
4xpx_0	-IQLAL	-AQLAI	-adega	-adega
4xpx_0	ALYVMH	AIMVML	gadega	gadega
4yjw_0	-ELSAL	-LNSAL	-adega	-adega
4yjw_0	ALYKVI	ALSKVF	gadega	gadega
4z2c_1	DKAERA	DYLERI	gadega	gadega
4z2c_1	RALELL	RILELL	gadega	gadega
5azo_0	-LAYQL	-LTYQV	-adega	-adega
5azo_0	QLAQRE	QVLQRA	gadega	gadega
5azo_0	REALNL	RAALNI	gadega	gadega
5azs_7	-VAYSY	-VAYSQ	-adega	-adega
5azs_7	SYALRL	SQNLRK	gadega	gadega
5azs_7	RLTRTL	RKARTL	gadega	gadega
5c21_1	-VQEKY	-LKEKR	-adega	-adega
5c21_1	KYAAEL	KRIAEI	gadega	gadega
5c21_1	ELYKQL	EIYKQS	gadega	gadega
5c21_1	QLIEEI	QSEEEL	gadega	gadega
5c22_4	KLTTNI	KLTTNQ	gadega	gadega
5c22_4	NILTEL	NQYTES	gadega	gadega
5c5b_4	-YQNLS	-SINLS	-adega	-adega
5c5b_4	LSTHTS	LSHHTS	gadega	gadega
5duo_5	ALVMMW	ALAMMT	gadega	gadega
5duo_5	MWVATM	MTNATM	gadega	gadega
5ero_4	-ICLRL	-MLLRL	-adega	-adega
5ero_4	RLLLRC	RLELRI	gadega	gadega
5frg_0	-RLQRI	-ITQRI	-adega	-adega
5frg_0	RILSEL	RILSEI	gadega	gadega
5frg_0	ELEMQK	EINMQL	gadega	gadega
5gap_6	-IANIL	-IINII	-adega	-adega
5gap_6	ILLWLQ	IIMWLL	gadega	gadega
5gip_0	TILYIR	TAAYIM	gadega	gadega
5gip_0	IRLNYL	IMINYI	gadega	gadega
5gip_0	YLVMEV	YIFMEL	gadega	gadega
5h69_0	ELLSKL	ELASKR	gadega	gadega
5h69_0	KLMDTI	KRTDTQ	gadega	gadega
5h69_0	TILEAV	TQLEAQ	gadega	gadega
5hkk_1	KYTLYS	KIVLYR	gadega	gadega
5hkk_1	YSLDKA	YRTDKK	gadega	gadega
5hkk_1	KAFGRM	KKAGRL	gadega	gadega
5hkk_1	RMMGAT	RLAGAA	gadega	gadega
5hkk_1	ATATML	AAATMA	gadega	gadega
5hkk_1	MLLTQF	MAITQI	gadega	gadega
5i6r_2	-QTEFY	-CLEFL	-adega	-adega
5i6r_2	FYKMEY	FLLMEN	gadega	gadega
5i6r_2	EYGRLI	ENVRLM	gadega	gadega
5i6r_2	LILQKH	LMTQKI	gadega	gadega
5ic1_1	-ISATM	-LHATV	-adega	-adega
5ic1_1	TMSAGL	TVSAGL	gadega	gadega
5ic1_3	QMAVEI	QMYVEL	gadega	gadega
5ic1_3	EILIPL	ELAIPA	gadega	gadega
5ir6_2	ALTMTA	AMAMTA	gadega	gadega
5ir6_2	TAFSAS	TAASAL	gadega	gadega
5j1i_4	VRELQL	VCFLQY	gadega	gadega
5j1i_4	QLQLYY	QYALYY	gadega	gadega
5j1i_4	YYSAPL	YYQAPY	gadega	gadega
5j9t_2	EISLKC	ELELKY	gadega	gadega
5j9t_2	KCLQEK	KYKQEI	gadega	gadega
5knd_0	-HLKKQ	-LKKKL	-adega	-adega
5knd_0	KQLMQF	KLVMQC	gadega	gadega
5knd_0	QFLIKN	QCMIKI	gadega	gadega
5knd_0	KNLRAI	KITRAV	gadega	gadega
5koy_4	-SFSLF	-NLSLF	-adega	-adega
5koy_4	LFLGIS	LFIGIV	gadega	gadega
5krw_2	-AIKTL	-VYKTF	-adega	-adega
5krw_2	TLEQLK	TFLQLM	gadega	gadega
5krw_2	LKLQRL	LMLQRS	gadega	gadega
5krw_2	RLLSLI	RSLSLF	gadega	gadega
5l0g_1	-LNANL	-LVANI	-adega	-adega
5l0g_1	NLSVET	NIIVEL	gadega	gadega
5lb7_2	VWINEA	VMYNEL	gadega	gadega
5lb7_2	EAVKIM	ELMKIL	gadega	gadega
5lhg_0	-ITQEL	-LLQEY	-adega	-adega
5lhg_0	ELLLKM	EYLLKQ	gadega	gadega
5lhg_0	KMLKKI	KQLKKL	gadega	gadega
5lm1_2	-YLKYL	-LIKYV	-adega	-adega
5lm1_2	YLNLAQ	YVMLAR	gadega	gadega
5lm1_2	AQVLAL	ARLLAL	gadega	gadega
5m4y_3	-INLRY	-LYLRA	-adega	-adega
5m4y_3	RYIIQI	RALIQL	gadega	gadega
5me8_1	-IAYKC	-LNYKM	-adega	-adega
5me8_1	KCYSDK	KMLSDT	gadega	gadega
5me8_1	DKLAQT	DTKAQI	gadega	gadega
5mk0_11	-KVQKI	-ASQKV	-adega	-adega
5mk0_11	KIFAVA	KVYAVC	gadega	gadega
5n72_1	LKIENL	LLIENI	gadega	gadega
5n72_1	NLAESK	NIAESI	gadega	gadega
5n72_1	SKLEKL	SIIEKL	gadega	gadega
5n9y_6	IALGGL	IRMGGR	gadega	gadega
5n9y_6	GLIDCI	GRYDCA	gadega	gadega
5nen_2	QLTQDA	QVLQDY	gadega	gadega
5nen_2	DAFRKL	DYTRKE	gadega	gadega
5nen_2	KLADDL	KELDDR	gadega	gadega
5nen_3	-YVQQF	-MIQQL	-adega	-adega
5nen_3	QFVNSI	QLLNSR	gadega	gadega
5nen_3	SITVRI	SRKVRL	gadega	gadega
5nen_3	RILQQL	RLLQQM	gadega	gadega
5nfd_1	-CLLQR	-VILQM	-adega	-adega
5nfd_1	QRLTRR	QMLTRI	gadega	gadega
5nfd_1	RRLSRR	RIISRI	gadega	gadega
5ng5_28	-TAYNV	-YVYNE	-adega	-adega
5ng5_28	NVAIVL	NEAIVL	gadega	gadega
5ng5_28	VLTQQK	VLAQQL	gadega	gadega
5o66_16	NISISI	NLAISL	gadega	gadega
5o66_16	SIYKAV	SLAKAY	gadega	gadega
5o66_16	AVAQSL	AYNQSI	gadega	gadega
5och_10	-SLSHL	-AVSHI	-adega	-adega
5och_10	HLLYVQ	HILYVL	gadega	gadega
5odw_1	-AYKQI	-AIKQK	-adega	-adega
5odw_1	QILKTS	QKVKTM	gadega	gadega
5odw_1	TSLEKA	TMKEKL	gadega	gadega
5oo6_9	-DLEQI	-VIEQL	-adega	-adega
5oo6_9	QILQKV	QLAQKL	gadega	gadega
5ot4_9	ELVRDL	ESCRDV	gadega	gadega
5ot4_9	DLYKIQ	DVLKIV	gadega	gadega
5ot4_9	IQLEIV	IVLEIL	gadega	gadega
5ouw_1	-TLDLI	-AMDLF	-adega	-adega
5ouw_1	LIQISE	LFEIST	gadega	gadega
5ouw_1	SEFALL	STIALY	gadega	gadega
5owv_2	-LCELE	-NLELK	-adega	-adega
5owv_2	LENQFV	LKLQFR	gadega	gadega
5owv_2	FVFDLL	FRIDLR	gadega	gadega
5sx9_0	NYLKRI	NLYKRF	gadega	gadega
5sx9_0	RIIISR	RFKISY	gadega	gadega
5sx9_0	SRLEDL	SYLEDY	gadega	gadega
5sx9_0	DLQAEY	DYTAEI	gadega	gadega
5sx9_0	EYIDRM	EIKDRI	gadega	gadega
5sx9_0	RMIKDL	RIFKDI	gadega	gadega
5sx9_0	DLLRTR	DIFRTC	gadega	gadega
5sx9_0	TRYLWL	TCQLWS	gadega	gadega
5szj_1	-EIMQE	-EVMQL	-adega	-adega
5szj_1	QELEHQ	QLVEHR	gadega	gadega
5szj_1	HQLEKL	HRLEKL	gadega	gadega
5t8n_0	-KIELL	-ILELI	-adega	-adega
5t8n_0	LLVETM	LILETQ	gadega	gadega
5t8n_0	TMMEQL	TQLEQI	gadega	gadega
5u1a_9	-FLQYV	-TFQYY	-adega	-adega
5u1a_9	YVQHEE	YYEHES	gadega	gadega
5u1a_9	EEFKIL	ESIKIV	gadega	gadega
5uz7_1	FHMMCN	FMTMCN	gadega	gadega
5uz7_1	CNWMCE	CNIMCH	gadega	gadega
5v5s_20	-YALDA	-YALDL	-adega	-adega
5v5s_20	DAANAV	DLANAA	gadega	gadega
5v5s_20	AVAKAV	AAAKAV	gadega	gadega
5vxj_10	-IHSQI	-LTSQI	-adega	-adega
5vxj_10	QIDVKS	QITVKL	gadega	gadega
5w3s_2	-MDAVI	-IDAVI	-adega	-adega
5w3s_2	VICLSL	VISLSM	gadega	gadega
5wjt_25	-SMRQI	-LVRQI	-adega	-adega
5wjt_25	QILEAS	QIVEAR	gadega	gadega
5wjt_25	ASSQGI	ARLQGQ	gadega	gadega
5wjt_25	GIIQAE	GQLQAI	gadega	gadega
5wjt_25	AELTTH	AILTTG	gadega	gadega
5wjt_25	THLQVR	TGLQVE	gadega	gadega
5x11_5	-SFTQL	-YLTQL	-adega	-adega
5x11_5	QLRKKL	QLEKKV	gadega	gadega
5x11_5	KLLQSY	KVLQSL	gadega	gadega
5xbj_0	VNNELY	VLAELL	gadega	gadega
5xbj_0	LYVYEY	LLTYEA	gadega	gadega
5xei_1	KKALEL	KFVLEY	gadega	gadega
5xei_1	ELAENL	EYLENR	gadega	gadega
5xei_1	NLVDLI	NRLDLK	gadega	gadega
5xei_1	LIVKQL	LKIKQI	gadega	gadega
5xei_1	QLLEER	QIIEEK	gadega	gadega
5xg2_0	-FVVEL	-LLVEL	-adega	-adega
5xg2_0	ELARSL	ELARSL	gadega	gadega
5xg2_0	SLGERI	SLVERE	gadega	gadega
5xg2_0	RIAEEK	REVEEI	gadega	gadega
5xg2_0	EKLKEI	EIAKEI	gadega	gadega
5xg2_0	EIGERL	EILERI	gadega	gadega
5xg2_0	RLLRRA	RIERRL	gadega	gadega
5xg2_0	RALRLV	RLLRLI	gadega	gadega
5xg2_0	LVKREI	LILRER	gadega	gadega
5xsj_4	AAIAYC	ALTAYY	gadega	gadega
5xsj_4	YCYATL	YYSATT	gadega	gadega
5xu0_0	AYASAV	ALASAR	gadega	gadega
5xu0_0	AVADHI	ARADHL	gadega	gadega
5xu0_0	HILNAR	HLANAL	gadega	gadega
5xub_2	YLLGLL	YEIGLN	gadega	gadega
5xub_2	LLQRSL	LNVRSV	gadega	gadega
5y05_1	RQLEQL	RRVEQL	gadega	gadega
5y05_1	QLVMRR	QLLMRL	gadega	gadega
5y05_1	RRLMER	RLLMEV	gadega	gadega
5y05_1	ERELRV	EVYLRI	gadega	gadega
5y05_1	RVLQEL	RIVQEE	gadega	gadega
5yw8_16	LLWTAF	LVYTAL	gadega	gadega
5yw8_16	AFKTKF	ALETKI	gadega	gadega
5yx5_2	-VCLKL	-LFLKF	-adega	-adega
5yx5_2	KLLCIC	KFHCIL	gadega	gadega
5ziy_0	SKLTTE	STVTTM	gadega	gadega
5ziy_0	TELQVL	TMMQVK	gadega	gadega
6b87_1	-VLLEI	-LSLEQ	-adega	-adega
6b87_1	EILVNI	EQLVNL	gadega	gadega
6b87_1	NILVII	NLLVIL	gadega	gadega
6b87_1	IILVVI	ILLVVL	gadega	gadega
6b87_1	VILATQ	VLLATL	gadega	gadega
6bmm_1	LFSAFF	LLCAFA	gadega	gadega
6bmm_1	FFVLLF	FAVLLF	gadega	gadega
6bqt_19	VVRRAW	VRVRAL	gadega	gadega
6bqt_19	AWISIE	ALISIV	gadega	gadega
6bw6_1	SLMIFF	SLSIFI	gadega	gadega
6bw6_1	FFTLLL	FINLLL	gadega	gadega
6c48_1	-FQVRL	-YIVRL	-adega	-adega
6c48_1	RLILIK	RLLLIL	gadega	gadega
6c48_1	IKHIKL	ILVIKV	gadega	gadega
6cno_7	-DYTEM	-AHTEL	-adega	-adega
6cno_7	EMSARV	ELAARF	gadega	gadega
6cno_7	RVEAMF	RFVAMH	gadega	gadega
6d3r_0	MMYRKR	MILRKE	gadega	gadega
6d3r_0	KRKIER	KELIEA	gadega	gadega
6d3r_0	ERITEI	EAVTEN	gadega	gadega
6d7k_1	LEEYAI	LVEYAT	gadega	gadega
6d7k_1	AISALW	ATCALN	gadega	gadega
6djl_6	QLLKTV	QLSKTI	gadega	gadega
6djl_6	TVLQKL	TIRQKL	gadega	gadega
6djl_6	KLAKEY	KLAKEF	gadega	gadega
6djl_6	EYALNL	EFVLNA	gadega	gadega
6djl_7	-YARVA	-LARVV	-adega	-adega
6djl_7	VAAQEA	VVAQEK	gadega	gadega
6djl_7	EAATDF	EKSTDH	gadega	gadega
6djl_7	DFATVL	DHTTVY	gadega	gadega
6djl_7	VLAKTI	VYAKTM	gadega	gadega
6ehs_0	-CLQIL	-NYQII	-adega	-adega
6ehs_0	ILQYAL	IIAYAT	gadega	gadega
6ewy_0	-LTRKF	-VARKL	-adega	-adega
6ewy_0	KFQREV	KLLREV	gadega	gadega
6fws_1	LATELR	LLFELS	gadega	gadega
6fws_1	LRAEFL	LSWEFS	gadega	gadega
6gka_0	HIERAS	HAERAA	gadega	gadega
6gka_0	ASYLMS	AAFLML	gadega	gadega
6gy6_32	KAARQK	KILRQI	gadega	gadega
6gy6_32	QKLIEV	QIKIEI	gadega	gadega
6gy6_32	EVLQQV	EIFQQY	gadega	gadega
6gy6_32	QVKSLQ	QYYSLA	gadega	gadega
6gy7_1	-YLAAR	-VTAAK	-adega	-adega
6gy7_1	ARLSQI	AKLSQI	gadega	gadega
6gy7_1	QILIET	QIKIER	gadega	gadega
6gy7_1	ETLKKI	ERLKKR	gadega	gadega
6gy7_1	KIVERL	KRIERQ	gadega	gadega
6gy8_4	-ELNLD	-QTNLK	-adega	-adega
6gy8_4	LDWNML	LKVNMK	gadega	gadega
6h2d_8	TLTQKV	TNIQKN	gadega	gadega
6h2d_8	KVLEQV	KNLEQG	gadega	gadega
6h2d_8	QVIEQI	QGLEQI	gadega	gadega
6h2d_8	QIQQFL	QILQFL	gadega	gadega
6h2d_8	FLTTFS	FLATFL	gadega	gadega
6h2d_8	FSFGLI	FLLGLK	gadega	gadega
6h2f_19	IKATYQ	IRLTYR	gadega	gadega
6h2f_19	YQSSTR	YRLSTV	gadega	gadega
6h2f_19	TRIVLN	TVAVLG	gadega	gadega
6h2f_19	LNLIDS	LGYIDQ	gadega	gadega
6h2f_19	DSFQIV	DQAQIV	gadega	gadega
6h2f_19	IVLNKV	IVANKS	gadega	gadega
6h2f_19	KVDNVL	KSWNVT	gadega	gadega
6h2f_19	VLLNDI	VTLNDI	gadega	gadega
6h2f_19	DIVNAI	DILNAI	gadega	gadega
6h2x_0	-AQQKI	-NLQKL	-adega	-adega
6h2x_0	KIYEDL	KLAEDR	gadega	gadega
6h2x_0	DLLQRL	DRAQRL	gadega	gadega
6h2x_0	RLQNVV	RLHNVL	gadega	gadega
6h2x_0	VVAIRQ	VLYIRL	gadega	gadega
6h2x_0	RQNERA	RLLERY	gadega	gadega
6h2x_0	RAAEEV	RYKEEL	gadega	gadega
6h2x_0	EVLKQL	ELLKQL	gadega	gadega
6hgc_1	-ALQLL	-LLQLQ	-adega	-adega
6hgc_1	LLLDEI	LQVDEL	gadega	gadega
6i1r_2	MVNLST	MLLLSQ	gadega	gadega
6i1r_2	STLVWL	SQLVWS	gadega	gadega
6i8a_1	MIYDLQ	MRFDLA	gadega	gadega
6i8a_1	LQHKIL	LAWKIL	gadega	gadega
6jbj_0	LNLKFD	LLLKFE	gadega	gadega
6jbj_0	FDTCLL	FEVCLV	gadega	gadega
6jbj_2	RTRLRL	RQLLRF	gadega	gadega
6jbj_2	RLTQEL	RFKQEI	gadega	gadega
6jfk_0	AKAEVR	AILEVQ	gadega	gadega
6jfk_0	VRMDLH	VQADLR	gadega	gadega
6jfk_0	LHARQQ	LRARQD	gadega	gadega
6jfk_0	QQCEMR	QDLEMT	gadega	gadega
6kk1_1	LMCVAN	LLSVAR	gadega	gadega
6kk1_1	ANWLVE	ARSLVK	gadega	gadega
6kk8_0	LLGGHA	LFEGHR	gadega	gadega
6kk8_0	HAYGAL	HRKGAY	gadega	gadega
6kkt_1	-MLMYL	-WSMYM	-adega	-adega
6kkt_1	YLNLCA	YMCLCM	gadega	gadega
6n9h_0	KLLVQL	KNIVQV	gadega	gadega
6n9h_0	QLALEL	QVILEL	gadega	gadega
6n9h_0	ELSLEL	ELALEL	gadega	gadega
6nq7_0	-MSVGT	-LDVGL	-adega	-adega
6nq7_0	GTFSYI	GLNSYF	gadega	gadega
6nrb_14	-QLENL	-ELENK	-adega	-adega
6nrb_14	NLATNL	NKLTNI	gadega	gadega
6nrb_14	NLLEDL	NIIEDL	gadega	gadega
6nrb_16	-KLDEV	-KFDEI	-adega	-adega
6nrb_16	EVLSSI	EILSSM	gadega	gadega
6nrb_16	SILKVQ	SMIKVL	gadega	gadega
6nrb_16	VQYVAK	VLKVAK	gadega	gadega
6nrc_0	-FLQKV	-ILQKK	-adega	-adega
6nrc_0	KVTQKV	KKLQKV	gadega	gadega
6nrc_0	KVADQI	KVADQI	gadega	gadega
6nrc_5	RLITEI	RLSTER	gadega	gadega
6nrc_5	EIYEQL	ERLEQL	gadega	gadega
6nrc_5	QLLEQS	QLNEQK	gadega	gadega
6nrd_16	AKLQEI	AFNQEI	gadega	gadega
6nrd_16	EILERV	EILERI	gadega	gadega
6nrd_16	RVIQVL	RIKQVL	gadega	gadega
6nrd_16	VLLKQL	VLLKQC	gadega	gadega
6o2p_2	-ITLWA	-LTLWF	-adega	-adega
6o2p_2	WASSDV	WFLSDV	gadega	gadega
6ogd_2	EVVEQI	ELLEQK	gadega	gadega
6ogd_2	QIQNQI	QKANQY	gadega	gadega
6oit_0	-YAEKM	-SLEKL	-adega	-adega
6oit_0	KMLKKK	KLMKKI	gadega	gadega
6oit_0	KKTLDI	KIHLDL	gadega	gadega
6oit_0	DIEQLR	DLLQLK	gadega	gadega
6oit_0	LRAVNF	LKMVNI	gadega	gadega
6oit_0	NFKKEF	NILKEM	gadega	gadega
6pfv_1	-DLHAM	-LLHAR	-adega	-adega
6pfv_1	AMLAYE	ARAAYE	gadega	gadega
6pfv_1	YEISRR	YELSRR	gadega	gadega
6pfv_1	RRLQTA	RRLQTI	gadega	gadega
6pfv_1	TACSEI	TILSEL	gadega	gadega
6pzi_3	-QVAKL	-ESAKF	-adega	-adega
6pzi_3	KLAQTT	KFYQTS	gadega	gadega
6quz_2	ILIYLT	IVFYLS	gadega	gadega
6quz_2	LTLFLQ	LSLFLS	gadega	gadega
6quz_2	LQIMTL	LSLMTT	gadega	gadega
6quz_3	-TYFEN	-FVFEL	-adega	-adega
6quz_3	ENVLQL	ELVLQA	gadega	gadega
6r9t_3	DLSTAV	DVGTAL	gadega	gadega
6r9t_3	AVAIQL	ALAIQV	gadega	gadega
6raf_4	-FLNLY	-IRNLA	-adega	-adega
6raf_4	LYKSAL	LAVSAI	gadega	gadega
6ran_2	-FYAAI	-SFAAT	-adega	-adega
6ran_2	AISALS	ATFALA	gadega	gadega
6rko_2	TAAAVT	TVGAVT	gadega	gadega
6rko_2	VTCFLA	VTAFLQ	gadega	gadega
6rw6_3	-RAEEL	-AQEEA	-adega	-adega
6rw6_3	ELIDQL	EAIDQL	gadega	gadega
6rw6_3	QLLARR	QLQARI	gadega	gadega
6rw6_3	RRAVQK	RILVQK	gadega	gadega
6rw6_3	QKLKQQ	QKLKQK	gadega	gadega
6rw6_3	QQTQQL	QKAQQF	gadega	gadega
6rw6_14	-FMLNA	-RLLNY	-adega	-adega
6rw6_14	NAMVQL	NYFVQA	gadega	gadega
6rw6_14	QLFGTL	QARGTA	gadega	gadega
6rwb_3	NILQNL	NALQNY	gadega	gadega
6rwb_3	NLTNLK	NYVNLL	gadega	gadega
6rwb_3	LKAKRS	LLAKRR	gadega	gadega
6rx4_3	SFAAFG	SVAAFL	gadega	gadega
6rx4_3	FGAVSV	FLSVSM	gadega	gadega
6tdy_0	RIVEQL	RLYEQH	gadega	gadega
6tdy_0	QLITLM	QHVTLK	gadega	gadega
6tdy_0	LMADTY	LKTDTY	gadega	gadega
6ud8_4	-AYMSL	-QAMSL	-adega	-adega
6ud8_4	SLCALI	SLYALF	gadega	gadega
6ud8_4	LIAIHI	LFYIHM	gadega	gadega
1b3q_1	NLLMEL	NLVMEI	gadega	gadega
1ii8_1	EILEAK	EYLEAK	gadega	gadega
1ii8_1	AKTELI	AKIELI	gadega	gadega
1ii8_1	LIVKYK	LIYKYL	gadega	gadega
1ory_6	-INLTI	-AMLTT	-adega	-adega
1yc9_2	-RKTQA	-AATQA	-adega	-adega
2ch7_3	-IRISI	-IAISI	-adega	-adega
2ch7_3	SISVET	SIMVEI	gadega	gadega
2ch7_3	ETGSEI	EIASEQ	gadega	gadega
2ch7_3	EIATNI	EQATNI	gadega	gadega
2ch7_3	NISAQA	NIAAQN	gadega	gadega
2ch7_3	QAFAQS	QNNAQI	gadega	gadega
2hsq_3	-VAVNL	-IKVNV	-adega	-adega
2hsq_6	-VAVNL	-IKVNV	-adega	-adega
2hsq_9	-VAVNL	-IKVNV	-adega	-adega
2hsq_12	-VAVNL	-IKVNV	-adega	-adega
2hsq_15	-VAVNL	-IKVNV	-adega	-adega
2jee_0	QRLEEN	QVAEEI	gadega	gadega
2jee_0	ENLKQQ	EILKQI	gadega	gadega
2jee_0	QQWQRL	QILQRN	gadega	gadega
2jee_0	RLLLRM	RNLLRV	gadega	gadega
2jee_1	KVAITI	KQWITL	gadega	gadega
2jee_1	TILQEI	TLLQEM	gadega	gadega
2nvy_2	-KCNII	-VINIQ	-adega	-adega
2nvy_2	IILGLK	IQVGLL	gadega	gadega
2nvy_5	-KCNII	-VINIQ	-adega	-adega
2nvy_5	IILGLK	IQVGLL	gadega	gadega
2oto_1	LELEKK	LKLEKI	gadega	gadega
2oto_1	KKLEAI	KIAEAY	gadega	gadega
2oto_1	AIASDY	AYASDE	gadega	gadega
2oto_1	DYANLE	DELNLK	gadega	gadega
2oto_2	LELEKK	LKLEKI	gadega	gadega
2oto_2	KKLEAI	KIAEAY	gadega	gadega
2oto_2	AIASDY	AYASDE	gadega	gadega
2oto_2	DYANLE	DELNLK	gadega	gadega
2quf_0	-FIEYR	-LMEYF	-adega	-adega
2quf_0	YRLMKI	YFAMKL	gadega	gadega
2x7r_0	LILIES	LAAIEL	gadega	gadega
3aqb_0	ILCFEF	IVAFEK	gadega	gadega
3fpp_10	-QNQKE	-TAQKR	-adega	-adega
3fpp_10	KEATME	KRATMT	gadega	gadega
3htk_0	-ILLKQ	-KLLKV	-adega	-adega
3htk_0	KQLLKM	KVLLKC	gadega	gadega
3htk_0	KMSMSL	KCKMSF	gadega	gadega
3htk_0	SLCQEL	SFAQEI	gadega	gadega
3htk_0	ELTQLQ	EIIQLL	gadega	gadega
3htk_0	LQAQMD	LLIQMV	gadega	gadega
3n24_1	LQALGI	LISLGR	gadega	gadega
3thf_3	-ILNKI	-ALNKI	-adega	-adega
3thf_3	KILKEQ	KISKEL	gadega	gadega
3thf_5	-ILNKI	-ALNKI	-adega	-adega
3thf_5	KILKEQ	KISKEL	gadega	gadega
4b7y_2	-QCLQI	-QILQC	-adega	-adega
4b7y_2	QILQDL	QCKQDY	gadega	gadega
4d10_12	-ALQWC	-HIQWH	-adega	-adega
4d10_12	WCCEVL	WHVEVL	gadega	gadega
4iyl_1	QVLTRI	QRLTRL	gadega	gadega
4k7r_4	DIIRQQ	DMLRQE	gadega	gadega
4k7r_4	QQVNEQ	QEANEL	gadega	gadega
4kp4_0	-ASHLR	-NIHLN	-adega	-adega
4kp4_0	LRLTIR	LNITII	gadega	gadega
4mt4_3	LQNAAS	LAEAAL	gadega	gadega
4mt4_3	ASSYRI	ALNYRL	gadega	gadega
4qjv_0	-EAQIF	-SLQIM	-adega	-adega
4qjv_0	IFARVL	IMSRVI	gadega	gadega
4wfd_1	KLINYA	KSSNYL	gadega	gadega
4y1k_3	EQAQDL	ETEQDA	gadega	gadega
4y1k_3	DLASEY	DAASER	gadega	gadega
4yv4_0	NALVMQ	NRIVMT	gadega	gadega
4yv4_0	MQMSFF	MTRSFL	gadega	gadega
5azp_7	-RSLRQ	-LLLRA	-adega	-adega
5azp_7	RQASAA	RAASAA	gadega	gadega
5gna_1	QFLDMM	QLEDMK	gadega	gadega
5gna_1	MMLNTS	MKLNTL	gadega	gadega
5gna_1	TSLTQF	TLLTQI	gadega	gadega
5ic9_0	-RLRQK	-KTRQY	-adega	-adega
5ic9_0	QKMGNI	QYIGNV	gadega	gadega
5j9w_7	LHLKAK	LQQKAC	gadega	gadega
5j9w_7	AKALVA	ACALVL	gadega	gadega
5j9w_7	VAENSL	VLINSL	gadega	gadega
5j9w_7	SLINEL	SLLNEI	gadega	gadega
5mg8_1	-VKEQL	-SLEQI	-adega	-adega
5mg8_1	QLQLQL	QILLQI	gadega	gadega
5mg8_1	QLLQEE	QILQER	gadega	gadega
5mg8_1	EELQKV	ERLQKL	gadega	gadega
5mg8_1	KVHELL	KLMELL	gadega	gadega
5n5z_2	LMCDVE	LKADVK	gadega	gadega
5ng5_6	-QAATA	-TAATS	-adega	-adega
5ng5_6	TAAAET	TSGAEK	gadega	gadega
5nl1_3	-IASKV	-LASKL	-adega	-adega
5nl1_3	KVSLNL	KLALNL	gadega	gadega
5o66_0	KQYNVG	KKANVA	gadega	gadega
5o66_0	VGEQES	VAEQEE	gadega	gadega
5oqm_4	AMSSAL	ARLSAT	gadega	gadega
5oqm_4	ALVSLL	ATLSLR	gadega	gadega
5wwl_2	-QIQLE	-LLQLQ	-adega	-adega
5yfp_1	IKLLEK	INKLEM	gadega	gadega
5yfp_1	EKVEQL	EMVEQI	gadega	gadega
5zfp_1	IALLTA	IMFLTA	gadega	gadega
6c5r_5	-TMRRL	-WLRRA	-adega	-adega
6c5r_5	RLMSEI	RALSEI	gadega	gadega
6epe_11	LNLLIR	LKLLIC	gadega	gadega
6epe_11	IRLEVA	ICVEVE	gadega	gadega
6ezn_1	VMLIIY	VIAIIA	gadega	gadega
6kw4_2	ISYIES	IILIEL	gadega	gadega
6kw4_2	ESIIEL	ELSIEY	gadega	gadega
6kw4_2	ELLTEK	EYFTES	gadega	gadega
6nin_14	-VLTLS	-FATLL	-adega	-adega
6nyx_13	-ADTKA	-IDTKS	-adega	-adega
6nyx_13	KASVSS	KSWVSS	gadega	gadega
6r7f_12	-VLHWC	-HIHWH	-adega	-adega
6r7f_12	WCCEVL	WHVEVL	gadega	gadega
6rw6_6	-QAQKS	-LTQKI	-adega	-adega
6rw6_6	KSVREA	KIKREE	gadega	gadega
6rw6_6	EALQTS	EEAQTV	gadega	gadega
6rwb_5	-QHQTS	-INQTV	-adega	-adega
6rwb_5	TSEQNM	TVAQNA	gadega	gadega
6rx3_5	-NTMKA	-VNMKL	-adega	-adega
6v00_3	LYFLLI	LFTLLL	gadega	gadega
