3mlg_0	LLLLLE	LLLLLE	degade	degade
5cwf_1	EMKVAL	AMKLAL	degade	degade
5cwi_2	EAEAK-	AAESA-	degad-	degad-
5mfi_7	VWIAA-	EWIAN-	degad-	degad-
1at3_1	THLLA-	THLLA-	degad-	degad-
1c94_0	KLAVEL	LLAELL	degade	degade
1c94_0	ELYNLL	LLYKLL	degade	degade
1c94_0	LLEVE-	LLEKL-	degad-	degad-
1ce9_1	LEKVLL	LEKVLL	degade	degade
1ce9_1	LLKNLE	LLKNLE	degade	degade
1ce9_1	LEEVL-	LEEVL-	degad-	degad-
1d7m_0	MARLLE	MARLLE	degade	degade
1d7m_0	LESLEK	LESLEK	degade	degade
1d7m_0	EKSRLI	EKSRLI	degade	degade
1d7m_0	LIQKLN	LIQKLN	degade	degade
1d7m_0	LNLLLE	LNLLLE	degade	degade
1d7m_0	LEEGRE	LEEGRE	degade	degade
1d7m_0	RERLLE	RERLLE	degade	degade
1d7m_0	LEKLTL	LEKLTL	degade	degade
1d7m_0	TLNLEK	TLNLEK	degade	degade
1d7m_0	EKARLE	EKARLE	degade	degade
1d7m_0	LERLTE	LERLTE	degade	degade
1d7m_0	TEDRLE	TEDRLE	degade	degade
1d7m_0	LEKLAI	LEKLAI	degade	degade
1d7m_1	MARLLE	MARLLE	degade	degade
1d7m_1	LESLEK	LESLEK	degade	degade
1d7m_1	EKSRLI	EKSRLI	degade	degade
1d7m_1	LIQKLN	LIQKLN	degade	degade
1d7m_1	LNLLLE	LNLLLE	degade	degade
1d7m_1	LEEGRE	LEEGRE	degade	degade
1d7m_1	RERLLE	RERLLE	degade	degade
1d7m_1	LEKLTL	LEKLTL	degade	degade
1d7m_1	TLNLEK	TLNLEK	degade	degade
1d7m_1	EKARLE	EKARLE	degade	degade
1d7m_1	LERLTE	LERLTE	degade	degade
1d7m_1	TEDRLE	TEDRLE	degade	degade
1d7m_1	LEKLAI	LEKLAI	degade	degade
1ft9_0	AWLILG	AWLILG	degade	degade
1ft9_0	LGALCM	LGALCM	degade	degade
1h88_0	TQKVLT	TQKVLT	degade	degade
1h88_0	LTENLQ	LTENLQ	degade	degade
1h88_0	LQKVLS	LQKVLS	degade	degade
1h88_0	LSELLR	LSELLR	degade	degade
1ik9_0	IRLIAL	IRLIAL	degade	degade
1ik9_0	ALTINQ	ALTINQ	degade	degade
1ik9_0	NQKNLQ	NQKNLQ	degade	degade
1ik9_0	LQENLL	LQENLL	degade	degade
1ik9_0	LLDWVQ	LLDWVQ	degade	degade
1ik9_0	VQRFAV	VQRFAV	degade	degade
1jcc_1	AQANAD	DQAAKD	degade	degade
1jcc_1	ADASAN	KDAADN	degade	degade
1jcc_1	ANARAQ	DNAADQ	degade	degade
1jcc_1	AQAKAA	DQAADA	degade	degade
1l5z_1	LVENL-	LVENL-	degad-	degad-
1noh_1	FVEYLT	FVEYLT	degade	degade
1noh_1	LTSHLA	LTSHLA	degade	degade
1noh_1	LAEKLI	LAEKLI	degade	degade
1noh_1	LISNL-	LISNL-	degad-	degad-
1pl5_0	KEQLAN	KEQLAN	degade	degade
1pl5_0	ANIILS	ANIILS	degade	degade
1pl5_0	LSEVNE	LSEVNE	degade	degade
1pl5_0	NERILQ	NERILQ	degade	degade
1pl5_0	LQDLTK	LQDLTK	degade	degade
1pl5_0	TKCLAR	TKCLAR	degade	degade
1pl5_0	ARQIK-	ARQIK-	degad-	degad-
1syq_3	AASNRV	AASNRV	degade	degade
1syq_6	AASNRV	AASNRV	degade	degade
1tu3_0	LQELSE	LQELSE	degade	degade
1tu3_0	SEVQFV	SEVQFV	degade	degade
1tu3_0	FVLSLQ	FVLSLQ	degade	degade
1u9g_0	KLHIE-	LLHEL-	degad-	degad-
1u9g_1	KLHIE-	LLHEL-	degad-	degad-
1u9g_2	KLHIE-	LLHEL-	degad-	degad-
1uix_0	STDVLA	STDVLA	degade	degade
1uix_0	LAEKLN	LAEKLN	degade	degade
1uix_0	LNKLAQ	LNKLAQ	degade	degade
1uix_0	AQQLLK	AQQLLK	degade	degade
1uix_0	LKEEAA	LKEEAA	degade	degade
1uix_0	AAIKFE	AAIKFE	degade	degade
1uix_0	FEQLER	FEQLER	degade	degade
1uix_0	ERLKAV	ERLKAV	degade	degade
1xio_1	STIVTS	STIVTS	degade	degade
1xio_1	TSLIL-	TSLIL-	degad-	degad-
2c9l_0	FKLLYR	FKLLYR	degade	degade
2c9l_0	YRVAKS	YRVAKS	degade	degade
2c9l_0	KSENLR	KSENLR	degade	degade
2gau_0	CRFLLA	CRFLLA	degade	degade
2gau_0	LAELAE	LAELAE	degade	degade
2gau_0	AERTL-	AERTL-	degad-	degad-
2h6b_4	YLKVY-	YLKVY-	degad-	degad-
2h6b_6	YLKVY-	YLKVY-	degad-	degad-
2m59_0	EIILTA	EIILTA	degade	degade
2m59_0	TAIAFW	TAIAFW	degade	degade
2m59_0	FWLLIL	FWLLIL	degade	degade
2no2_0	LKELSQ	LKELSQ	degade	degade
2no2_0	SQELLQ	SQELLQ	degade	degade
2no2_0	LQSLSA	LQSLSA	degade	degade
2no2_0	SASEWA	SASEWA	degade	degade
2no2_0	WAEFL-	WAEFL-	degad-	degad-
2oqq_1	LERVLE	LERVLE	degade	degade
2oqq_1	LEKNLE	LEKNLE	degade	degade
2oqq_1	LERLLQ	LERLLQ	degade	degade
2oqq_1	LQENL-	LQENL-	degad-	degad-
2q6q_0	LNKLKQ	LNKLKQ	degade	degade
2q6q_0	KQEILK	KQEILK	degade	degade
2q6q_0	LKIALR	LKIALR	degade	degade
2q6q_0	LRKLYV	LRKLYV	degade	degade
2q6q_0	YVITLE	YVITLE	degade	degade
2q6q_0	LEQNLQ	LEQNLQ	degade	degade
2q6q_0	LQKIL-	LQKIL-	degad-	degad-
2w83_0	LIENLL	LIENLL	degade	degade
2w83_0	LLTKLN	LLTKLN	degade	degade
2w83_0	LNVKLI	LNVKLI	degade	degade
2w83_0	LIKVLT	LIKVLT	degade	degade
2w83_0	LTEKLQ	LTEKLQ	degade	degade
2w83_0	LQELV-	LQELV-	degad-	degad-
3a7p_0	LLTLLQ	LLTLLQ	degade	degade
3a7p_0	LQELKE	LQELKE	degade	degade
3a7p_0	KEEILK	KEEILK	degade	degade
3a7p_0	LKVIKN	LKVIKN	degade	degade
3a7p_0	KNNTLN	KNNTLN	degade	degade
3a7p_0	LNALGT	LNALGT	degade	degade
3a7p_0	GTENLQ	GTENLQ	degade	degade
3a7p_0	LQKLLK	LQKLLK	degade	degade
3b02_0	LHVALA	LHVALA	degade	degade
3b02_0	LAQMVQ	LAQMVQ	degade	degade
3b02_0	VQYEL-	VQYEL-	degad-	degad-
3cl3_0	VEALER	VEALER	degade	degade
3cl3_0	ERAAEK	ERAAEK	degade	degade
3cl3_0	EKKLLQ	EKKLLQ	degade	degade
3cl3_0	LQAYLF	LQAYLF	degade	degade
3l1c_0	LSEVLR	LSEVLR	degade	degade
3l1c_0	LRRTLL	LRRTLL	degade	degade
3l1c_0	LLCNQA	LLCNQA	degade	degade
3l1c_0	QAELCK	QAELCK	degade	degade
3l1c_0	CKQLSN	CKQLSN	degade	degade
3l1c_0	SNERLH	SNERLH	degade	degade
3l1c_0	LHTVL-	LHTVL-	degad-	degad-
3mud_0	CLTTNE	CLTTNE	degade	degade
3mud_0	NESILE	NESILE	degade	degade
3mud_0	LEKVAK	LEKVAK	degade	degade
3mud_0	AKENM-	AKENM-	degad-	degad-
3n4x_0	LVENLS	LVENLS	degade	degade
3n4x_0	LSKLKA	LSKLKA	degade	degade
3n4x_0	KAEILQ	KAEILQ	degade	degade
3n4x_0	LQQILN	LQQILN	degade	degade
3n4x_0	LNQVLK	LNQVLK	degade	degade
3n4x_0	LKQTQA	LKQTQA	degade	degade
3ni0_0	CRTTLQ	CRTTLQ	degade	degade
3ni0_0	LQQLTQ	LQQLTQ	degade	degade
3ni0_0	TQSLAE	TQSLAE	degade	degade
3ni0_0	AEQACN	AEQACN	degade	degade
3ni0_0	CNTVLQ	CNTVLQ	degade	degade
3ni0_0	LQSLKV	LQSLKV	degade	degade
3ni0_0	KVQAQQ	KVQAQQ	degade	degade
3ni0_0	QQRILE	QQRILE	degade	degade
3ni0_0	LEEVLN	LEEVLN	degade	degade
3nmd_0	LQALKI	LQALKI	degade	degade
3nmd_0	KIELRD	KIELRD	degade	degade
3nmd_0	RDLILE	RDLILE	degade	degade
3nmd_0	LEELKD	LEELKD	degade	degade
3nmd_0	KDLILQ	KDLILQ	degade	degade
3nmd_0	LQELY-	LQELY-	degad-	degad-
3q0x_0	LARLVK	LARLVK	degade	degade
3q0x_0	VKTCLS	VKTCLS	degade	degade
3q0x_0	LSDLTR	LSDLTR	degade	degade
3q0x_0	TRDRMV	TRDRMV	degade	degade
3q0x_0	MVQLCR	MVQLCR	degade	degade
3q0x_0	CRQLL-	CRQLL-	degad-	degad-
3q15_9	FEAAYR	FEAAYR	degade	degade
3qh9_0	KQKALL	KQKALL	degade	degade
3qh9_0	LLELLK	LLELLK	degade	degade
3qh9_0	LKKVLE	LKKVLE	degade	degade
3qh9_0	LEERYE	LEERYE	degade	degade
3qh9_0	YEKLTK	YEKLTK	degade	degade
3qh9_0	TKEVLQ	TKEVLQ	degade	degade
3qh9_0	LQQVKD	LQQVKD	degade	degade
3qh9_0	KDEILH	KDEILH	degade	degade
3s9g_0	LIEYLE	LIEYLE	degade	degade
3s9g_0	LESLME	LESLME	degade	degade
3s9g_0	MEENLR	MEENLR	degade	degade
3s9g_0	LRESLD	LRESLD	degade	degade
3s9g_0	LDRVLE	LDRVLE	degade	degade
3s9g_0	LEELLR	LEELLR	degade	degade
3s9g_0	LRENL-	LRENL-	degad-	degad-
3sr2_2	LMMSLQ	LMMSLQ	degade	degade
3sr2_2	LQQVLA	LQQVLA	degade	degade
3sr2_2	LALLKD	LALLKD	degade	degade
3sr2_2	KDEIY-	KDEIY-	degad-	degad-
3v5b_0	KEEMMR	KEEMMR	degade	degade
3v5b_0	MRRMQL	MRRMQL	degade	degade
3v5b_0	QLEYLL	QLEYLL	degade	degade
3v5b_0	LLIKLD	LLIKLD	degade	degade
3v5b_0	LDEIYR	LDEIYR	degade	degade
3vmz_0	SEQILK	SEQILK	degade	degade
3vmz_0	LKINLA	LKINLA	degade	degade
3vmz_0	LAKILE	LAKILE	degade	degade
3vmz_0	LESCKE	LESCKE	degade	degade
3vmz_0	KEEILN	KEEILN	degade	degade
3wuu_3	MEQLAL	MEQLAL	degade	degade
3wuu_3	ALKNWL	ALKNWL	degade	degade
3wuu_3	WLYDRE	WLYDRE	degade	degade
3wuu_3	REYVLL	REYVLL	degade	degade
3wuu_3	LLKIL-	LLKIL-	degad-	degad-
4b86_1	LKILQL	LKILQL	degade	degade
4b86_1	QLLIQQ	QLLIQQ	degade	degade
4b86_1	QQQLKE	QQQLKE	degade	degade
4b86_1	KEEIL-	KEEIL-	degad-	degad-
4bwd_0	LIQVLQ	LIQVLQ	degade	degade
4bwd_0	LQTLLS	LQTLLS	degade	degade
4bwd_0	LSRVVK	LSRVVK	degade	degade
4bwd_0	VKENLK	VKENLK	degade	degade
4bwd_0	LKENL-	LKENL-	degad-	degad-
4e61_1	IQELSQ	IQELSQ	degade	degade
4e61_1	SQTILN	SQTILN	degade	degade
4e61_1	LNEIYK	LNEIYK	degade	degade
4e61_1	YKTVL-	YKTVL-	degad-	degad-
4gkw_0	NQELVG	NQELVG	degade	degade
4gkw_0	VGMLEQ	VGMLEQ	degade	degade
4gkw_0	EQKVLQ	EQKVLQ	degade	degade
4gkw_0	LQRNHQ	LQRNHQ	degade	degade
4gkw_0	HQEILR	HQEILR	degade	degade
4gkw_0	LRELA-	LRELA-	degad-	degad-
4gkw_1	KDMVLT	KDMVLT	degade	degade
4gkw_1	LTTILR	LTTILR	degade	degade
4gkw_1	LRELEK	LRELEK	degade	degade
4gkw_1	EKKANM	EKKANM	degade	degade
4gkw_1	NMSFLS	NMSFLS	degade	degade
4gkw_1	LSENLK	LSENLK	degade	degade
4h22_0	AMSNLD	AMSNLD	degade	degade
4h22_0	LDEKFM	LDEKFM	degade	degade
4h22_0	FMQVLK	FMQVLK	degade	degade
4h22_0	LKMLLE	LKMLLE	degade	degade
4h22_0	LEQLSR	LEQLSR	degade	degade
4h22_0	SRQYKN	SRQYKN	degade	degade
4h22_0	KNEFEK	KNEFEK	degade	degade
4h22_0	EKAHLQ	EKAHLQ	degade	degade
4h22_0	LQQFV-	LQQFV-	degad-	degad-
4i1a_7	LMSNYR	LMSNYR	degade	degade
4iff_1	QQTNLK	QQTNLK	degade	degade
4iff_1	LKRNLF	LKRNLF	degade	degade
4j8e_3	WEAALA	WEAALA	degade	degade
4jpp_4	SKQQEI	EKQLQI	degade	degade
4jpp_4	EIRQTQ	QIRSMQ	degade	degade
4jpp_4	TQQTQY	MQQLAY	degade	degade
4jpp_4	QYTNIK	AYTGFK	degade	degade
4jpp_4	IKMTVS	FKMQES	degade	degade
4jpp_4	VSEVVH	ESEKAH	degade	degade
4jpp_4	VHQTQ-	AHQLQ-	degad-	degad-
4om3_1	LQQYLK	LQQYLK	degade	degade
4om3_1	LKECLA	LKECLA	degade	degade
4om3_1	LAEKMQ	LAEKMQ	degade	degade
4om3_1	MQHYYY	MQHYYY	degade	degade
4om3_1	YYMSLN	YYMSLN	degade	degade
4om3_1	LNEMQT	LNEMQT	degade	degade
4om3_1	QTIALN	QTIALN	degade	degade
4om3_1	LNICV-	LNICV-	degad-	degad-
4orh_0	HWLMLN	HWLMLN	degade	degade
4orh_0	LNSKFE	LNSKFE	degade	degade
4orh_0	FEIIKN	FEIIKN	degade	degade
4orh_0	KNELTK	KNELTK	degade	degade
4orh_0	TKEKMQ	TKEKMQ	degade	degade
4rfx_1	LTRNLE	LTRNLE	degade	degade
4rfx_1	LEKVLR	LEKVLR	degade	degade
4rfx_1	LRTVLE	LRTVLE	degade	degade
4rfx_1	LEMNND	LEMNND	degade	degade
4rfx_1	NDLQAR	NDLQAR	degade	degade
4rfx_1	ARTELR	ARTELR	degade	degade
4rfx_1	LRQLAA	LRQLAA	degade	degade
4rfx_1	AARVAE	AARVAE	degade	degade
4rfx_1	AERVAQ	AERVAQ	degade	degade
4rfx_1	AQTVYQ	AQTVYQ	degade	degade
4rfx_1	YQTIYR	YQTIYR	degade	degade
4rfx_1	YRLTLQ	YRLTLQ	degade	degade
5ajs_0	LLKLQR	LLKLQR	degade	degade
5ajs_0	QRILME	QRILME	degade	degade
5ajs_0	MEKMMK	MEKMMK	degade	degade
5ajs_0	MKSILR	MKSILR	degade	degade
5ajs_0	LRTELR	LRTELR	degade	degade
5ajs_0	LRELKD	LRELKD	degade	degade
5c9n_0	EEQLQL	EEQLQL	degade	degade
5c9n_0	QLRNLQ	QLRNLQ	degade	degade
5c9n_0	LQTLKE	LQTLKE	degade	degade
5c9n_0	KEELLH	KEELLH	degade	degade
5c9n_0	LHENLR	LHENLR	degade	degade
5cj0_0	ANMAAQ	ANMAAQ	degade	degade
5cj0_0	AQQVLQ	AQQVLQ	degade	degade
5cj0_0	LQLLTQ	LQLLTQ	degade	degade
5cj0_0	TQQLAV	TQQLAV	degade	degade
5cj0_0	AVANLK	AVANLK	degade	degade
5cj0_0	LKNIVE	LKNIVE	degade	degade
5cj0_0	VERNL-	VERNL-	degad-	degad-
5cj1_3	FVEYLT	FVEYLT	degade	degade
5cj1_3	LTSHLE	LTSHLE	degade	degade
5cj1_3	LEVRLE	LEVRLE	degade	degade
5cj1_3	LEEKLQ	LEEKLQ	degade	degade
5cj1_3	LQALAE	LQALAE	degade	degade
5cj1_3	AESLE-	AESLE-	degad-	degad-
5d5y_0	IALSLQ	QALLSQ	degade	degade
5d5y_0	LQTQLQ	SQTTQQ	degade	degade
5d5y_0	LQLQCY	QQLLQY	degade	degade
5d5y_0	CYLENR	QYLLTR	degade	degade
5d5y_0	NRLVVM	TRLLEM	degade	degade
5fcm_0	LVDLTT	LVDLTT	degade	degade
5fcm_0	TTSYVK	TTSYVK	degade	degade
5fcm_0	VKQCQA	VKQCQA	degade	degade
5fcm_0	QAEIF-	QAEIF-	degad-	degad-
5fcn_0	SDHVLK	SDHVLK	degade	degade
5fcn_0	LKSLCA	LKSLCA	degade	degade
5fcn_0	CAETLK	CAETLK	degade	degade
5fcn_0	LKLNYA	LKLNYA	degade	degade
5fcn_0	YAKLL-	YAKLL-	degad-	degad-
5h07_0	VKELSR	VKELSR	degade	degade
5h07_0	SRARAL	SRARAL	degade	degade
5h07_0	ALRVLE	ALRVLE	degade	degade
5h07_0	LEQIYK	LEQIYK	degade	degade
5h07_0	YKDFER	YKDFER	degade	degade
5h07_0	ERDRAQ	ERDRAQ	degade	degade
5h07_0	AQRILE	AQRILE	degade	degade
5jvm_0	KDLLFQ	KDLLFQ	degade	degade
5jvm_0	FQEILK	FQEILK	degade	degade
5jvm_0	LKQLKG	LKQLKG	degade	degade
5jvm_0	KGLVLE	KGLVLE	degade	degade
5jvm_0	LEERYF	LEERYF	degade	degade
5jvp_0	YREILK	YREILK	degade	degade
5jvp_0	LKQLVS	LKQLVS	degade	degade
5jvp_0	VSETQA	VSETQA	degade	degade
5jvp_0	QAEKLE	QAEKLE	degade	degade
5jvp_0	LEERYF	LEERYF	degade	degade
5jvp_0	YFKLI-	YFKLI-	degad-	degad-
5llx_1	RDLIDS	RDLIDS	degade	degade
5llx_1	DSQLLN	DSQLLN	degade	degade
5llx_1	LNQLAN	LNQLAN	degade	degade
5m88_0	LVETTR	LVETTR	degade	degade
5m88_0	TRQLVR	TRQLVR	degade	degade
5m88_0	VRELAL	VRELAL	degade	degade
5m88_0	ALQHAV	ALQHAV	degade	degade
5m88_0	AVVIL-	AVVIL-	degad-	degad-
5mw9_0	VDENLR	VDENLR	degade	degade
5mw9_0	LRKLTK	LRKLTK	degade	degade
5mw9_0	TKAFTY	TKAFTY	degade	degade
5mw9_0	TYKLAN	TYKLAN	degade	degade
5mw9_3	NSVILR	NSVILR	degade	degade
5mw9_3	LRELAR	LRELAR	degade	degade
5mw9_3	AREVAD	AREVAD	degade	degade
5mw9_3	ADWRCI	ADWRCI	degade	degade
5mw9_3	CIVCLT	CIVCLT	degade	degade
5mw9_3	LTRLEA	LTRLEA	degade	degade
5oi7_0	LQIVQQ	LQIVQQ	degade	degade
5oi7_0	QQKMLR	QQKMLR	degade	degade
5oi7_0	LRQVLE	LRQVLE	degade	degade
5oi7_0	LEEVEE	LEEVEE	degade	degade
5oi7_0	EETSLR	EETSLR	degade	degade
5oi7_0	LREARD	LREARD	degade	degade
5oi7_0	RDALLR	RDALLR	degade	degade
5oi7_0	LRAVLS	LRAVLS	degade	degade
5oi7_0	LSQNLI	LSQNLI	degade	degade
5oi7_0	LIKNL-	LIKNL-	degad-	degad-
5wjb_0	FVEYLT	FVEYLT	degade	degade
5wjb_0	LTDLLQ	LTDLLQ	degade	degade
5wjb_0	LQEVAV	LQEVAV	degade	degade
5wjb_0	AVECAE	AVECAE	degade	degade
5wjb_0	AEKAAI	AEKAAI	degade	degade
5wjb_0	AIDAMA	AIDAMA	degade	degade
5wjb_0	MAELEQ	MAELEQ	degade	degade
5wjb_0	EQTSLE	EQTSLE	degade	degade
5wjb_0	LEMKME	LEMKME	degade	degade
5wjb_0	METIL-	METIL-	degad-	degad-
5wlz_0	IRLIAL	IRLIAL	degade	degade
5wlz_0	ALRNLQ	ALRNLQ	degade	degade
5wlz_0	LQELLR	LQELLR	degade	degade
5wlz_0	LRVVTE	LRVVTE	degade	degade
5wlz_0	TESRAE	TESRAE	degade	degade
5wlz_0	AEELTS	AEELTS	degade	degade
5wlz_0	TSRVLH	TSRVLH	degade	degade
5wlz_0	LHQNLI	LHQNLI	degade	degade
5wlz_0	LIQKMD	LIQKMD	degade	degade
5wlz_0	MDDLLQ	MDDLLQ	degade	degade
6a9p_5	YQELLR	YQELLR	degade	degade
6a9p_5	LRRLLT	LRRLLT	degade	degade
6a9p_5	LTNSLE	LTNSLE	degade	degade
6a9p_5	LEERLA	LEERLA	degade	degade
6a9p_5	LADLVR	LADLVR	degade	degade
6a9p_5	VRKLET	VRKLET	degade	degade
6a9p_5	ETLRAE	ETLRAE	degade	degade
6a9p_5	AENLYR	AENLYR	degade	degade
6a9p_5	YREAAT	YREAAT	degade	degade
6a9p_5	ATARLE	ATARLE	degade	degade
6a9p_5	LEKILE	LEKILE	degade	degade
6a9p_5	LEEIL-	LEEIL-	degad-	degad-
6akl_0	LQENLW	LQENLW	degade	degade
6akl_0	LWSLHQ	LWSLHQ	degade	degade
6akl_0	HQALIM	HQALIM	degade	degade
6akl_0	IMKYQM	IMKYQM	degade	degade
6akl_0	QMQLA-	QMQLA-	degad-	degad-
6bw6_0	HHFVIG	HHFVIG	degade	degade
6bw6_0	IGLLCC	IGLLCC	degade	degade
6bw6_0	CCIFFA	CCIFFA	degade	degade
6cpb_0	SLMVLG	SLMVLG	degade	degade
6cpb_0	LGLLSL	LGLLSL	degade	degade
6cpb_0	SLIILV	SLIILV	degade	degade
6f62_0	TEELKE	TEELKE	degade	degade
6f62_0	KEKLNR	KEKLNR	degade	degade
6f62_0	NRIIQR	NRIIQR	degade	degade
6f62_0	QRAILQ	QRAILQ	degade	degade
6f62_0	LQGNVS	LQGNVS	degade	degade
6f62_0	VSKLGI	VSKLGI	degade	degade
6f62_0	GIENLI	GIENLI	degade	degade
6f62_0	LIENTR	LIENTR	degade	degade
6f62_0	TRLCLK	TRLCLK	degade	degade
6f62_0	LKTCSA	LKTCSA	degade	degade
6fx5_2	SVYILQ	SVYILQ	degade	degade
6fx5_2	LQRALE	LQRALE	degade	degade
6fx5_2	LERQLE	LERQLE	degade	degade
6fx5_2	LEANLL	LEANLL	degade	degade
6fx5_2	LLRVLE	LLRVLE	degade	degade
6iur_1	LQRILQ	LQRILQ	degade	degade
6iur_1	LQERQE	LQERQE	degade	degade
6iur_1	QELKLV	QELKLV	degade	degade
6iur_1	LVRILE	LVRILE	degade	degade
6j6h_12	LRTLLT	LRTLLT	degade	degade
6j6h_12	LTKLVM	LTKLVM	degade	degade
6j6h_12	VMERAK	VMERAK	degade	degade
6j6h_12	AKVALL	AKVALL	degade	degade
6j6h_12	LLEKD-	LLEKD-	degad-	degad-
6n6s_0	LVQNLK	LVQNLK	degade	degade
6n6s_0	LKQVFE	LKQVFE	degade	degade
6n6s_0	FEDFER	FEDFER	degade	degade
6n6s_0	ERDRMN	ERDRMN	degade	degade
6n6s_0	MNEKLK	MNEKLK	degade	degade
6n6s_0	LKQVLQ	LKQVLQ	degade	degade
6n6s_0	LQQVTN	LQQVTN	degade	degade
6n6s_0	TNQLL-	TNQLL-	degad-	degad-
6ofp_1	YIQLMQ	YIQLMQ	degade	degade
6ofp_1	MQQLAE	MQQLAE	degade	degade
6ofp_1	AEEKLN	AEEKLN	degade	degade
6ofp_1	LNLLAI	LNLLAI	degade	degade
6ofp_1	AIQKLT	AIQKLT	degade	degade
6ofp_1	LTRLL-	LTRLL-	degad-	degad-
6su3_1	AIGVSM	AIGVSM	degade	degade
6su3_1	SMLFL-	SMLFL-	degad-	degad-
1gvn_0	EIIILS	LIIHWS	degade	degade
1gvn_0	LSSVR-	WSSNS-	degad-	degad-
1ls4_0	AALQI-	TALAE-	degad-	degad-
1o6o_2	IEWSC-	AEWCL-	degad-	degad-
1oa0_0	LQALV-	LQAVT-	degad-	degad-
1phz_0	SFQFEI	FFQKVI	degade	degade
1z8l_1	VQAAL-	AQAFI-	degad-	degad-
1zee_5	LFEVLH	LFEKLH	degade	degade
1zee_7	LFEVLH	LFEKLH	degade	degade
2b2h_0	ILSTVM	LLSYMM	degade	degade
2b39_1	YALAA-	AALYA-	degad-	degad-
2bap_4	EIRCA-	LIRRL-	degad-	degad-
2c1t_1	CWISS-	PWIAN-	degad-	degad-
2c2x_0	IFDLR-	AFDTV-	degad-	degad-
2fup_1	FADIAN	RADLLN	degade	degade
2hn2_13	YSIDV-	YSIVH-	degad-	degad-
2hn2_19	YSIDV-	YSIVH-	degad-	degad-
2hn2_22	YSIDV-	YSIVH-	degad-	degad-
2hn2_28	YSIDV-	YSIVH-	degad-	degad-
2iak_3	ATELLN	YTEMQN	degade	degade
2iak_5	ATELLN	YTEMQN	degade	degade
2jkr_4	LRINV-	ERIIR-	degad-	degad-
2jkt_3	LRINV-	ERIIR-	degad-	degad-
2nox_1	KFDLAF	LFDSMF	degade	degade
2nwb_3	LFEVLH	LFEKLH	degade	degade
2nwb_3	LHQTQ-	LHQIN-	degad-	degad-
2o7e_1	ILILC-	ALIIL-	degad-	degad-
2o7e_4	ILILC-	ALIIL-	degad-	degad-
2vx2_0	TCKVH-	LCKQI-	degad-	degad-
2xs1_7	LKGTYN	LKGLLN	degade	degade
2xs1_7	YNLTLV	LNLNIV	degade	degade
2xs1_7	LVFQC-	IVFSL-	degad-	degad-
2y02_3	IELCAI	PELMVI	degade	degade
2yin_3	KLHLLI	LLHIMI	degade	degade
3anw_2	KLNLKL	TLNIIL	degade	degade
3bct_8	ITLHL-	ITLCI-	degad-	degad-
3bct_9	TDLQA-	TDLVV-	degad-	degad-
3etv_5	LVVIK-	LVVEC-	degad-	degad-
3fex_3	EAWAN-	TAWST-	degad-	degad-
3gjx_1	KLMIQ-	LLMEI-	degad-	degad-
3gq2_1	VRLKS-	YRLTN-	degad-	degad-
3gq2_4	LMQLV-	LMQQL-	degad-	degad-
3gq2_5	INVSI-	ANVCC-	degad-	degad-
3now_15	VAQCA-	IAQLI-	degad-	degad-
3now_23	VAQCA-	IAQLI-	degad-	degad-
3o4x_6	LELRL-	EELCA-	degad-	degad-
3o4x_11	MHNML-	IHNTC-	degad-	degad-
3o4x_13	IVVTC-	MVVML-	degad-	degad-
3odn_2	EWNFA-	LWNIL-	degad-	degad-
3s4w_7	YSLTV-	ASLYF-	degad-	degad-
3unv_3	QLNLVF	LLNMAF	degade	degade
3unv_3	VFFEC-	AFFIF-	degad-	degad-
3w5k_6	LEYTV-	CEYLD-	degad-	degad-
3zyk_0	YSYLK-	LSYHM-	degad-	degad-
4a0c_6	LTLMR-	FTLYL-	degad-	degad-
4aki_0	NWEVYW	LWEILW	degade	degade
4aki_0	YWDLI-	LWDKL-	degad-	degad-
4db9_2	LWLSA-	EWLAK-	degad-	degad-
4gmn_0	LVDISL	IVDAWL	degade	degade
4hzk_0	MILRS-	AILTR-	degad-	degad-
4hzk_2	LDWLV-	TDWCY-	degad-	degad-
4hzk_3	EFNLA-	LFNTI-	degad-	degad-
4hzk_5	LNCLIN	TNCLRN	degade	degade
4ifq_0	FLREI-	FLRQL-	degad-	degad-
4ifq_12	LAKIK-	LAKYL-	degad-	degad-
4k1o_2	MNVVV-	ENVLE-	degad-	degad-
4kf7_2	ADLIIS	PDLASS	degade	degade
4l38_10	KIKSWL	LIKISL	degade	degade
4l38_10	WLKML-	SLKVL-	degad-	degad-
4l6y_4	LISICQ	IISELQ	degade	degade
4mfu_8	NLDSS-	SLDAL-	degad-	degad-
4nsr_1	NQELLQ	IQEISQ	degade	degade
4nsr_1	LQLDI-	SQLIN-	degad-	degad-
4q85_4	NERVLS	TERFLS	degade	degade
4q86_3	KALALG	LALIFG	degade	degade
4rid_4	ATMLI-	ITMIR-	degad-	degad-
4rid_7	ATMLI-	ITMIR-	degad-	degad-
4rid_10	ATMLI-	ITMIR-	degad-	degad-
4ry3_1	ATMLI-	ITMIR-	degad-	degad-
4ry3_2	ATMLI-	ITMIR-	degad-	degad-
4tf4_1	ETAAA-	ATATA-	degad-	degad-
4uqv_1	KALALA	VALCLA	degade	degade
5cof_1	VSLLNA	LSLLVA	degade	degade
5cof_1	NAVVI-	VAVIL-	degad-	degad-
5cog_0	LSQLV-	QSQLA-	degad-	degad-
5cwi_0	IKASAE	LKAAEE	degade	degade
5cwi_0	AEASA-	EEAAK-	degad-	degad-
5cy5_1	MLNIM-	LLNSM-	degad-	degad-
5d92_1	LILASV	LILCLV	degade	degade
5d92_1	SVTIR-	LVTVS-	degad-	degad-
5e57_2	RRELA-	VRELA-	degad-	degad-
5ebz_11	AMSLYN	LMSKIN	degade	degade
5ebz_11	YNNLMK	INNLVK	degade	degade
5ebz_11	MKTLA-	VKTLI-	degad-	degad-
5h41_2	LAQTLL	FAQKSL	degade	degade
5j1g_4	ELLTK-	LLLRL-	degad-	degad-
5liz_0	LKVIAK	LKVAIK	degade	degade
5liz_0	AKLQL-	IKLNL-	degad-	degad-
5nm4_1	PLLMVY	ILLLAY	degade	degade
5ti9_1	VPQLSL	MPQVML	degade	degade
5udc_1	ELKYA-	FLKNL-	degad-	degad-
5ufl_9	CEIAI-	LEIVK-	degad-	degad-
5xa0_0	DTLKEI	NTLFVI	degade	degade
5yck_0	LLLSL-	WLLVS-	degad-	degad-
6aj4_3	HHKLCF	IHKIMF	degade	degade
6aj4_3	CFDFRC	MFDTLC	degade	degade
6ar7_4	VRRALR	WRRVAR	degade	degade
6azv_3	AYACAL	LYAALL	degade	degade
6azv_3	ALSLY-	LLSLF-	degad-	degad-
6c8t_2	IEEAA-	LEERS-	degad-	degad-
6d74_0	MNFKLE	NNFILE	degade	degade
6duw_0	IQAKMN	QQAFEN	degade	degade
6duw_0	MNVVV-	ENVLE-	degad-	degad-
6ey4_0	FGMNFE	IGMASE	degade	degade
6f38_2	QMKFQH	WMKMYH	degade	degade
6idp_0	WWASTG	AWAIFG	degade	degade
6idp_0	TGMLY-	FGMIV-	degad-	degad-
6rfr_4	IEVVAH	PEVLLH	degade	degade
6rlb_0	LHIDVT	LHIWFT	degade	degade
1ci6_0	LTECLE	TTEVLE	degade	degade
1ci6_0	LEKNLK	LEKNLK	degade	degade
1ci6_0	LKRALA	LKRVLA	degade	degade
1ci6_0	LAEIL-	LAELL-	degad-	degad-
1l4a_2	IQQCVT	AQQLIT	degade	degade
1l4a_2	VTDSST	ITDHIT	degade	degade
1l4a_2	STRMM-	ITREI-	degad-	degad-
1yke_4	LQKLV-	LQKLK-	degad-	degad-
1ytz_1	LRKALW	LRKSLW	degade	degade
1ytz_1	LWWLLQ	LWWIVQ	degade	degade
1ytz_1	LQEKFA	VQERTA	degade	degade
1ytz_1	FAQIKK	TAQLTK	degade	degade
1z9c_1	LLASE-	LLALL-	degad-	degad-
2aze_0	LEERRL	LEELLL	degade	degade
2aze_0	RLRIKQ	LLRELQ	degade	degade
2aze_0	KQQLL-	LQQMC-	degad-	degad-
2cly_1	VQNNMA	LQNNLA	degade	degade
2ql2_1	AVVILE	AVVILE	degade	degade
3brv_0	IRSNLR	LRSALR	degade	degade
3brv_0	LRRCLL	LRRLAL	degade	degade
3crp_0	LEAVLL	LEAVLL	degade	degade
3crp_0	LLANLE	LLANLE	degade	degade
3crp_0	LEAVL-	LEAVL-	degad-	degad-
3crp_1	LAKVLL	LAKVLL	degade	degade
3crp_1	LLKNLA	LLKNLA	degade	degade
3crp_1	LAEVL-	LAEVL-	degad-	degad-
3eab_1	RARLKM	TARSQM	degade	degade
3eab_1	KMTNM-	QMTSL-	degad-	degad-
3he4_1	LKYILE	LKYVLE	degade	degade
3he4_1	LERNLK	LERNLK	degade	degade
3he4_1	LKLKLK	LKLILK	degade	degade
3he4_1	LKAKL-	LKAIL-	degad-	degad-
3he4_2	LKYILE	LKYVLE	degade	degade
3he4_2	LERNLK	LERNLK	degade	degade
3he4_2	LKLKLK	LKLILK	degade	degade
3he4_2	LKAKL-	LKAIL-	degad-	degad-
3he4_3	LKYILE	LKYVLE	degade	degade
3he4_3	LERNLK	LERNLK	degade	degade
3he4_3	LKLKLK	LKLILK	degade	degade
3he4_3	LKAKL-	LKAIL-	degad-	degad-
3he4_4	LKYILE	LKYVLE	degade	degade
3he4_4	LERNLK	LERNLK	degade	degade
3he4_4	LKLKLK	LKLILK	degade	degade
3he4_4	LKAKL-	LKAIL-	degad-	degad-
3he4_5	LKYILE	LKYVLE	degade	degade
3he4_5	LERNLK	LERNLK	degade	degade
3he4_5	LKLKLK	LKLILK	degade	degade
3he4_5	LKAKL-	LKAIL-	degad-	degad-
3he5_0	LRKILK	LRKVLK	degade	degade
3he5_0	LKDNLE	LKDNLE	degade	degade
3he5_0	LEDELE	LEDNKE	degade	degade
3he5_0	LEIILR	KEIILR	degade	degade
3he5_0	LREIL-	LREIL-	degad-	degad-
3jck_10	TKMVAE	SKMLQE	degade	degade
3jck_10	AEYSI-	QEYVQ-	degad-	degad-
3nkz_6	KLAIN-	YLALS-	degad-	degad-
3nkz_7	KLAIN-	YLALS-	degad-	degad-
3oja_1	QQVQAI	KQVTRI	degade	degade
3oja_1	AIDWYQ	RIDAKQ	degade	degade
3oja_1	YQKELA	KQKTLA	degade	degade
3oja_1	LAENLK	LAENLK	degade	degade
3oja_1	LKLNAD	LKLLKD	degade	degade
3oja_1	ADALAN	KDAQLN	degade	degade
3oja_1	ANTLLV	LNTTKV	degade	degade
3oja_1	LVREL-	KVRVL-	degad-	degad-
3opc_1	LWALNA	LWANVA	degade	degade
3opc_1	NAQAHN	VAQLLN	degade	degade
3rko_2	LSIMVI	SSIVLI	degade	degade
3tq7_0	LKTVLE	LKTVLE	degade	degade
3tq7_0	LEERYF	LEERYF	degade	degade
3viq_1	LLTYIR	LLTIWR	degade	degade
3viq_1	IRIAM-	WRIAA-	degad-	degad-
4bry_0	WKVARR	WKVANR	degade	degade
4bry_0	RRALAL	NRALAL	degade	degade
4bry_0	ALENLH	ALENLH	degade	degade
4bry_0	LHEIKD	LHELKD	degade	degade
4bry_0	KDEILK	KDEILK	degade	degade
4c7n_0	YIKLEQ	YIKIIQ	degade	degade
4c7n_0	EQRALE	IQRVLE	degade	degade
4c7n_0	LERQLE	LERLLE	degade	degade
4c7n_0	LEANLL	LEANLL	degade	degade
4c7n_0	LLRIL-	LLRAL-	degad-	degad-
4etp_0	LKKILK	LKKILK	degade	degade
4etp_0	LKKILK	LKKILK	degade	degade
4etp_0	LKKITE	LKKIQE	degade	degade
4etp_0	TEGMLN	QEGYTN	degade	degade
4etp_0	LNILEE	TNIVEE	degade	degade
4etp_0	EEVRLH	EEVSLH	degade	degade
4g1e_1	LEENL-	LEENL-	degad-	degad-
4hbl_0	SANVLF	FANELF	degade	degade
4iyh_4	AAEAQI	LAESLI	degade	degade
4iyh_4	QIRLD-	LIRAF-	degad-	degad-
4j42_2	MQFILE	IQFFAE	degade	degade
4j42_2	LEISL-	AEIAQ-	degad-	degad-
4o9b_0	AESLLQ	EESAEQ	degade	degade
4o9b_0	LQRLA-	EQRLL-	degad-	degad-
4pas_0	LQENLR	LQENLR	degade	degade
4pas_0	LRKILD	LRKIKD	degade	degade
4pas_0	LDDLV-	KDDVL-	degad-	degad-
4wy4_2	AETATS	YETINS	degade	degade
4wy4_2	TSSLMY	NSSLGY	degade	degade
4wy4_2	MYSEGV	GYSLIV	degade	degade
4wy4_2	GVSSLA	IVSMEA	degade	degade
4wy4_2	LAQRLE	EAQQIE	degade	degade
4wy4_2	LETEV-	IETLK-	degad-	degad-
4y66_0	ARELLQ	VREILQ	degade	degade
4y66_0	LQALQT	LQAVLT	degade	degade
4y66_0	QTFIAT	LTFGLT	degade	degade
5cw3_0	AEHLLI	TEHVFI	degade	degade
5cw3_0	LIKVSD	FIKIND	degade	degade
5cw3_0	SDEVLE	NDEALE	degade	degade
5low_2	VESKGI	IESLMI	degade	degade
5low_2	GITLLD	MITMED	degade	degade
5low_2	LDQGLD	EDQQQD	degade	degade
5low_2	LDVEM-	QDVIK-	degad-	degad-
5lsj_0	FLQRLR	LLQILR	degade	degade
5lsj_0	LRHVQE	LRHYEE	degade	degade
5lsj_0	QEENLA	EEEKLA	degade	degade
5lsj_0	LAAVGR	LAALQR	degade	degade
5lsj_0	GRQVLQ	QRQQLQ	degade	degade
5lsj_0	LQQVQ-	LQQLF-	degad-	degad-
5n9j_7	LEQLEE	LEQIKE	degade	degade
5n9j_7	EEQVLR	KEQRLR	degade	degade
5n9j_7	LRHNM-	LRHNL-	degad-	degad-
5vpe_0	LEKVLK	LEKTLK	degade	degade
5vpe_0	LKQNLA	LKQKLA	degade	degade
5vpe_0	LATALR	LATILR	degade	degade
5vpe_0	LRQVL-	LRQKL-	degad-	degad-
5wwl_0	KRLLLN	MRLIAN	degade	degade
5wwl_0	LNDLID	ANDLKD	degade	degade
5wwl_0	IDENLS	KDERLS	degade	degade
5wwl_0	LSQIEE	LSQLKE	degade	degade
5wwl_0	EEATCI	KEAKII	degade	degade
5wwl_0	CIRML-	IIRLI-	degad-	degad-
5x60_1	KDQIWK	LDQLVK	degade	degade
5x60_1	WKIVQE	VKIIIE	degade	degade
5x60_1	QELKL-	IELNL-	degad-	degad-
5x9x_0	LVENLQ	VVENFQ	degade	degade
5x9x_0	LQLIKE	FQLLKE	degade	degade
5x9x_0	KEKIL-	KEKLL-	degad-	degad-
6cfz_1	EQITLQ	HQIQLQ	degade	degade
6cfz_1	LQIDFA	LQIINA	degade	degade
6cfz_1	FAAHVT	NAALAT	degade	degade
6cko_1	LVAQIT	MVALLT	degade	degade
6cko_1	ITHNLR	LTHNLR	degade	degade
6cko_1	LRQTLE	LRQILE	degade	degade
6cko_1	LEDMLR	LEDKLR	degade	degade
6cko_1	LRQSL-	LRQNL-	degad-	degad-
6e2j_0	FEFILR	YEFILR	degade	degade
6e2j_0	LRRVLK	LRRILK	degade	degade
6e2j_0	LKDQLD	LKDNID	degade	degade
6e2j_0	LDELMQ	IDEIAQ	degade	degade
6e2j_0	MQMVYR	AQMAFR	degade	degade
6e2j_0	YRKYEI	FRKYEI	degade	degade
6e2j_0	EIKRAE	EIKRVE	degade	degade
6e2j_0	AEEFIK	VEEILK	degade	degade
6e2j_0	IKDVAY	LKDLLY	degade	degade
6e2j_0	AYTKLQ	LYTKLQ	degade	degade
6e2j_0	LQKLLQ	LQKILQ	degade	degade
6e2j_0	LQEIL-	LQELL-	degad-	degad-
6epd_17	KLEHID	LLEIMD	degade	degade
6epd_17	IDRLLR	MDRVVR	degade	degade
6epd_17	LRQLLT	VRQLMT	degade	degade
6epd_17	LTQYSE	MTQINE	degade	degade
6epe_12	KSNLLQ	LSNEIQ	degade	degade
6epe_12	LQQRLN	IQQQLN	degade	degade
6epe_12	LNKVLR	LNKFAR	degade	degade
6epf_7	YEALIQ	QEATKQ	degade	degade
6epf_7	IQMSVD	KQMLRD	degade	degade
6g6l_2	VQEELI	MQENHI	degade	degade
6g6l_2	LIEELR	HIEILR	degade	degade
6g6l_2	LRRRLK	LRRNLK	degade	degade
6h3c_2	LQKVVC	SQKLLC	degade	degade
6h3c_2	VCDVSE	LCDLNE	degade	degade
6h3c_2	SEVVCQ	NEVLLQ	degade	degade
6h3c_2	CQEVLR	LQEKLR	degade	degade
6id1_3	EARAM-	QARIL-	degad-	degad-
6id1_4	LMQLLW	LMQIAW	degade	degade
6id1_4	LWQIA-	AWQLL-	degad-	degad-
6j6n_1	KVSILQ	LVSDLQ	degade	degade
6j6n_1	LQKLVQ	LQKELQ	degade	degade
6j6n_1	VQLENN	LQLLTN	degade	degade
6j6n_1	NNMCLC	TNMQIC	degade	degade
6jt2_0	QDLKLG	EDLTLG	degade	degade
6jt2_0	LGLKLE	LGLTLE	degade	degade
6jt2_0	LEAHLE	LEALLE	degade	degade
6jt2_0	LEEKT-	LEEKT-	degad-	degad-
6jxr_0	VLATYE	QLAVFE	degade	degade
6jxr_0	YELLAT	FELLVT	degade	degade
6qld_1	MNQSQK	SNQQLK	degade	degade
6qld_1	QKMLQN	LKMLSN	degade	degade
6qle_2	INSNLC	INSRIC	degade	degade
6qle_2	LCQLVL	ICQYEL	degade	degade
6qle_2	VLRKLN	ELRNLN	degade	degade
6qle_2	LNQIVR	LNQLER	degade	degade
6qle_6	LRDLKC	LRDNLC	degade	degade
6qle_6	KCALGE	LCALLE	degade	degade
6qle_6	GEKLIL	LEKIKL	degade	degade
1yo7_1	MAFIQT	MAFIQT	degade	degade
1yo7_1	QTTLK-	QTTLK-	degad-	degad-
1ecm_0	LRKILD	LRKILD	degade	degade
1ecm_0	LDKLLL	LDKLLL	degade	degade
1ecm_0	LLERLA	LLERLA	degade	degade
1ecm_0	LAEVA-	LAEVA-	degad-	degad-
1ecm_1	LRKILD	LRKILD	degade	degade
1ecm_1	LDKLLL	LDKLLL	degade	degade
1ecm_1	LLERLA	LLERLA	degade	degade
1ecm_1	LAEVA-	LAEVA-	degad-	degad-
1few_2	TAGLMA	TAGLMA	degade	degade
1few_2	MAEAQ-	MAEAQ-	degad-	degad-
1gmj_0	HAEILQ	HAEILQ	degade	degade
1gmj_0	LQEIHK	LQEIHK	degade	degade
1gmj_0	HKSIL-	HKSIL-	degad-	degad-
1hvv_2	SIELMF	SIELMF	degade	degade
1hvv_2	MFDMLV	MFDMLV	degade	degade
1hvv_2	LVSQMI	LVSQMI	degade	degade
1ixe_1	SFRTSE	SFRTSE	degade	degade
1q09_0	VQRLVE	VQRLVE	degade	degade
1q09_0	VERILQ	VERILQ	degade	degade
1q09_0	LQMQLQ	LQMQLQ	degade	degade
1sfk_2	LLFKLG	LLFKLG	degade	degade
1sfk_2	LGLTI-	LGLTI-	degad-	degad-
1sfk_3	LLFKLG	LLFKLG	degade	degade
1sfk_3	LGLTI-	LGLTI-	degad-	degad-
1t3j_0	LEEILS	LEEILS	degade	degade
1t3j_0	LSEILE	LSEILE	degade	degade
1t3j_0	LEMQSK	LEMQSK	degade	degade
1t3j_0	SKLRAV	SKLRAV	degade	degade
1t3j_0	AVLEL-	AVLEL-	degad-	degad-
1wmi_0	LELKI-	IELEL-	degad-	degad-
1ykd_0	SSSFAT	SSSFAT	degade	degade
1ykd_0	ATKQAA	ATKQAA	degade	degade
1zke_4	FEIRLA	FEIRLA	degade	degade
1zke_4	LAIEQN	LAIEQN	degade	degade
1zke_7	FEIRLA	FEIRLA	degade	degade
1zke_7	LAIEQN	LAIEQN	degade	degade
1zuo_1	MKLRY-	MKLRY-	degad-	degad-
1zuo_2	MKLRY-	MKLRY-	degad-	degad-
1zuo_3	MKLRY-	MKLRY-	degad-	degad-
1zw0_2	ITQLA-	ITQLA-	degad-	degad-
1zw0_6	ITQLA-	ITQLA-	degad-	degad-
1zww_2	VQQLHK	VQQSVK	degade	degade
1zww_2	HKAVLQ	VKALHQ	degade	degade
1zww_2	LQVTLE	HQVVLE	degade	degade
1zww_5	VQQLHK	VQQSVK	degade	degade
1zww_5	HKAVLQ	VKALHQ	degade	degade
1zww_5	LQVTLE	HQVVLE	degade	degade
2a1f_1	LAVML-	LAVML-	degad-	degad-
2a1f_2	LAVML-	LAVML-	degad-	degad-
2bni_1	LEILGH	LEILGH	degade	degade
2bni_1	GHICLA	GHICLA	degade	degade
2bni_1	LAIKL-	LAIKL-	degad-	degad-
2c08_1	VSLSVQ	VSLSVQ	degade	degade
2c08_1	VQQLHK	VQQLHK	degade	degade
2c08_1	HKAVLQ	HKAVLQ	degade	degade
2c08_1	LQVTLE	LQVTLE	degade	degade
2gn9_1	ATLCK-	ATLCK-	degad-	degad-
2gn9_2	ATLCK-	ATLCK-	degad-	degad-
2hh7_1	CVVMIS	CVVMIS	degade	degade
2hh7_1	ISVQLE	ISVQLE	degade	degade
2hh7_1	LEANML	LEANML	degade	degade
2htm_1	AMEALA	AMEALA	degade	degade
2htm_1	LAEAKA	LAEAKA	degade	degade
2n9b_0	QESLAS	QESLAS	degade	degade
2n9b_0	ASQKLE	ASQKLE	degade	degade
2n9b_0	LEKVL-	LEKVL-	degad-	degad-
2p4w_0	LAFLLN	LAFIIN	degade	degade
2p4w_0	LNRIII	INRKLI	degade	degade
2p4w_0	IIEKLE	LIERIE	degade	degade
2r26_1	AMMAAA	AMMAAA	degade	degade
2wm9_0	FELAYD	FELAYD	degade	degade
2wm9_0	YDLHYS	YDLHYS	degade	degade
2yfd_1	LALLTY	LALLTY	degade	degade
2yq8_0	IHEKVT	IHEKVT	degade	degade
2yq8_0	VTLKIK	VTLKIK	degade	degade
2yq8_0	IKEELE	IKEELE	degade	degade
2yq8_0	LEIKAE	LEIKAE	degade	degade
2yq8_0	AELDTS	AELDTS	degade	degade
3df8_0	KGNVSL	KGNVSL	degade	degade
3df8_0	SLPLYI	SLPLYI	degade	degade
3g9g_2	QTFSLL	QTFSLL	degade	degade
3g9g_2	LLTTCE	LLTTCE	degade	degade
3g9g_2	CEVMF-	CEVMF-	degad-	degad-
3gp4_0	LKRIMQ	LKRRLQ	degade	degade
3gp4_0	MQALLD	LQAIMD	degade	degade
3gp4_0	LDKIY-	MDKLL-	degad-	degad-
3gp4_1	LKRIMQ	LKRRLQ	degade	degade
3gp4_1	MQALLD	LQAIMD	degade	degade
3gp4_1	LDKIY-	MDKLL-	degad-	degad-
3gp4_2	LKRIMQ	LKRRLQ	degade	degade
3gp4_2	MQALLD	LQAIMD	degade	degade
3gp4_2	LDKIY-	MDKLL-	degad-	degad-
3gt0_1	AQVLAK	AQVLAK	degade	degade
3h01_0	INYTIH	SNYQLH	degade	degade
3h01_0	IHLISQ	LHLLLQ	degade	degade
3n96_0	EFALSL	EFALSL	degade	degade
3n96_0	SLEASL	SLEASL	degade	degade
3n96_0	SLLALL	SLLALL	degade	degade
3ok8_3	SNFLLG	SNFLLG	degade	degade
3ok8_3	LGARLQ	LGARLQ	degade	degade
3q8t_0	LQELLA	LQELLA	degade	degade
3q8t_0	LAEELI	LAEELI	degade	degade
3q8t_0	LIELVE	LIELVE	degade	degade
3q8t_0	VENRVA	VENRVA	degade	degade
3q8t_0	VANLVQ	VANLVQ	degade	degade
3q8t_0	VQEALD	VQEALD	degade	degade
3q8t_0	LDEEYQ	LDEEYQ	degade	degade
3q8t_0	YQEYFK	YQEYFK	degade	degade
3q8t_0	FKQQLD	FKQQLD	degade	degade
3q8t_0	LDELVE	LDELVE	degade	degade
3q8t_0	VEQMAQ	VEQMAQ	degade	degade
3q8t_0	AQQLL-	AQQLL-	degad-	degad-
3rmi_0	LRSIFD	LRSIFD	degade	degade
3rmi_0	FDTLIL	FDTLIL	degade	degade
3rmi_0	ILERCT	ILERCT	degade	degade
3rmi_0	CTAIL-	CTAIL-	degad-	degad-
3slg_1	CSQLR-	CSQLR-	degad-	degad-
3slg_2	CSQLR-	CSQLR-	degad-	degad-
3thf_1	ITLLLS	ITLLLS	degade	degade
3thf_1	LSRLTE	LSRLTE	degade	degade
3thf_1	TESLRQ	TESLRQ	degade	degade
3thf_1	RQERLE	RQERLE	degade	degade
3thf_1	LEKRLY	LEKRLY	degade	degade
3thf_1	LYQMAQ	LYQMAQ	degade	degade
3thf_4	ITLLLS	ITLLLS	degade	degade
3thf_4	LSRLTE	LSRLTE	degade	degade
3thf_4	TESLRQ	TESLRQ	degade	degade
3thf_4	RQERLE	RQERLE	degade	degade
3thf_4	LEKRLY	LEKRLY	degade	degade
3thf_4	LYQMAQ	LYQMAQ	degade	degade
3u1c_0	LKDKAL	LKDKAL	degade	degade
3u1c_0	ALRAAE	ALRAAE	degade	degade
3u1c_0	AEDKAE	AEDKAE	degade	degade
3u1c_0	AERSLE	AERSLE	degade	degade
3u1c_0	LEDILE	LEDILE	degade	degade
3u1c_0	LEQLTE	LEQLTE	degade	degade
3u1c_0	TESRVL	TESRVL	degade	degade
3u1c_0	VLELSE	VLELSE	degade	degade
3u1c_0	SESLAE	SESLAE	degade	degade
3u1c_0	AENAAE	AENAAE	degade	degade
3u1c_0	AEEVLN	AEEVLN	degade	degade
3uux_2	LKFSLV	LKFSLV	degade	degade
3uux_2	LVSLLN	LVSLLN	degade	degade
3uux_2	LNQKTL	LNQKTL	degade	degade
3uux_2	TLEIIE	TLEIIE	degade	degade
3uux_2	IEEVLR	IEEVLR	degade	degade
3uux_2	LRKKLL	LRKKLL	degade	degade
3uux_2	LLKIIE	LLKIIE	degade	degade
3uux_2	IENQLE	IENQLE	degade	degade
3uux_2	LENLID	LENLID	degade	degade
4c1a_0	LEELVE	LEELVE	degade	degade
4c1a_0	VEQILV	VEQILV	degade	degade
4c1a_0	LVRRLR	LVRRLR	degade	degade
4fin_0	LEKDLA	LEKDLA	degade	degade
4fin_0	LAEAEA	LAEAEA	degade	degade
4fin_0	EARRIE	EARRIE	degade	degade
4fla_0	VDACLA	VDACLA	degade	degade
4fla_0	LAYNLA	LAYNLA	degade	degade
4fla_0	LAELRR	LAELRR	degade	degade
4fla_0	RRLALV	RRLALV	degade	degade
4fla_0	LVYTQK	LVYTQK	degade	degade
4fla_0	QKVLKE	QKVLKE	degade	degade
4fla_0	KEKLYK	KEKLYK	degade	degade
4fla_0	YKKLVT	YKKLVT	degade	degade
4h8s_1	AQEMA-	AQEMA-	degad-	degad-
4j41_1	EFQSAM	EFQSAM	degade	degade
4j41_1	AMQYIL	AMQYIL	degade	degade
4j7k_1	QFQSAM	QFQSAM	degade	degade
4j7k_1	AMQYIL	AMQYIL	degade	degade
4jnu_1	LRIKLK	LRIKLK	degade	degade
4jnu_1	LKQQLS	LKQQLS	degade	degade
4jnu_1	LSLIIK	LSLIIK	degade	degade
4jpb_1	NISILI	LISIII	degade	degade
4jpb_1	LINIIA	IINTLA	degade	degade
4jpb_1	IAETLA	LAEAEA	degade	degade
4jpb_1	LANAEA	EANAAA	degade	degade
4jpb_1	EARAAG	AARFVG	degade	degade
4jpb_1	AGGFVA	VGGVLA	degade	degade
4jpb_1	VAEVLS	LAETVS	degade	degade
4jpb_1	LSETVT	VSEIKT	degade	degade
4jpb_1	VTQIK-	KTQIS-	degad-	degad-
4jq5_1	LQYRIE	LQYRIE	degade	degade
4mbq_1	DLRAD-	DLRAD-	degad-	degad-
4pxj_0	LNVKLI	LNVKLI	degade	degade
4pxj_0	LIKVLS	LIKVLS	degade	degade
4pxj_0	LSEQLR	LSEQLR	degade	degade
4pxj_0	LRELAK	LRELAK	degade	degade
4pxj_0	AKAKLE	AKAKLE	degade	degade
4pxj_0	LERILE	LERILE	degade	degade
4u6s_1	DSLCLN	DSLCLN	degade	degade
4wpy_0	ELVALS	ELVALS	degade	degade
4wpy_0	LSLGML	LSLGML	degade	degade
4wpy_0	MLVSD-	MLVSD-	degad-	degad-
5c1f_3	TLISCF	TLISCF	degade	degade
5c1f_3	CFDDCE	CFDDCE	degade	degade
5c1f_3	CEIRL-	CEIRL-	degad-	degad-
5c9e_1	FEKVSS	FEKVSS	degade	degade
5c9e_1	SSISCR	SSISCR	degade	degade
5crl_0	AEKLVR	AEKLVR	degade	degade
5crl_0	VRKMLA	VRKMLA	degade	degade
5crl_0	LAMELS	LAMELS	degade	degade
5crl_0	LSLVC-	LSLVC-	degad-	degad-
5d3a_0	MEDMLL	MEDMLL	degade	degade
5d3a_0	LLQRLT	LLQRLT	degade	degade
5d3a_0	LTRRLS	LTRRLS	degade	degade
5d3a_0	LSRRIV	LSRRIV	degade	degade
5d3a_0	IVENGD	IVENGD	degade	degade
5d3a_0	GDNVIN	GDNVIN	degade	degade
5d3a_0	INEMLT	INEMLT	degade	degade
5d3a_0	LTNIIN	LTNIIN	degade	degade
5d3a_0	INSICQ	INSICQ	degade	degade
5d90_1	IERLFE	IERLFE	degade	degade
5d90_1	FEQTVK	FEQTVK	degade	degade
5d90_1	VKQILK	VKQILK	degade	degade
5d90_1	LKYLLE	LKYLLE	degade	degade
5d90_1	LEKLYQ	LEKLYQ	degade	degade
5ded_2	RLRAAA	RLRAAA	degade	degade
5ded_2	AARLEM	AARLEM	degade	degade
5ded_2	EMEIE-	EMEIE-	degad-	degad-
5dol_0	VILEIG	VILEIG	degade	degade
5dol_0	IGLYLG	IGLYLG	degade	degade
5dol_0	LGLKI-	LGLKI-	degad-	degad-
5eon_0	LKIAFK	LKIAFK	degade	degade
5eon_0	FKIAFK	FKIAFK	degade	degade
5eon_0	FKIAFK	FKIAFK	degade	degade
5lcy_1	CLILIA	CLILIA	degade	degade
5lcy_1	IAVRSN	IAVRSN	degade	degade
5lcy_1	SNLMMV	SNLMMV	degade	degade
5n5e_10	EEMERL	EEMERL	degade	degade
5n5e_10	RLIILD	RLIILD	degade	degade
5n5e_10	LDINEQ	LDINEQ	degade	degade
5z0v_0	IKFKLA	IKFKLA	degade	degade
5z0v_0	LAMLI-	LAMLI-	degad-	degad-
6adz_1	LSKVCH	LSKVCH	degade	degade
6adz_1	CHEALR	CHEALR	degade	degade
6adz_1	LRAAKE	LRAAKE	degade	degade
6adz_1	KEEMV-	KEEMV-	degad-	degad-
6f6p_3	LKELAQ	LKELAQ	degade	degade
6f6p_3	AQELKD	AQELKD	degade	degade
6f6p_3	KDECLS	KDECLS	degade	degade
6f6p_3	LSVRLG	LSVRLG	degade	degade
6f6p_3	LGELL-	LGELL-	degad-	degad-
6jgv_0	IDHIVQ	IDHIVQ	degade	degade
6jgv_0	VQRILV	VQRILV	degade	degade
6jgv_0	LVLQLV	LVLQLV	degade	degade
6jgv_0	LVLRC-	LVLRC-	degad-	degad-
1a22_3	LFNARA	LFNLRA	degade	degade
1a22_5	IQLML-	LQLLI-	degad-	degad-
1ax8_2	DLNLL-	LLNIR-	degad-	degad-
1ax8_4	DLNLL-	LLNIR-	degad-	degad-
1b71_2	EEHEFL	LEHAEL	degade	degade
1b71_3	EEHEFL	LEHAEL	degade	degade
1ca1_1	YLEAY-	FLEAE-	degad-	degad-
1cii_0	AGRLAI	QGRLAI	degade	degade
1cii_0	AIARDE	AIAEFE	degade	degade
1cii_2	ARNLRT	LRNQNT	degade	degade
1cii_2	RTEQAN	NTEIAN	degade	degade
1cii_2	ANALLL	ANALVL	degade	degade
1cii_2	LLEKIR	VLELAR	degade	degade
1cii_2	IRQLI-	ARQLA-	degad-	degad-
1cnt_1	ARIRLT	LRISTT	degade	degade
1cnt_1	LTLTY-	TTLIL-	degad-	degad-
1cnt_3	QVAFQ-	LVAID-	degad-	degad-
1cnt_4	LQLSTV	AQLRLV	degade	degade
1cnt_4	TVSIL-	LVSTY-	degad-	degad-
1cxz_0	LREIEL	SRELLL	degade	degade
1cxz_0	ELLKA-	LLLLL-	degad-	degad-
1dce_3	LQELCK	CQEILK	degade	degade
1dvb_2	EEHEFL	LEHAEL	degade	degade
1dvb_3	EEHEFL	LEHAEL	degade	degade
1exz_2	IDLVVD	VDLSLD	degade	degade
1exz_3	IDLVVD	VDLSLD	degade	degade
1fch_1	ELAILR	ALALSR	degade	degade
1few_3	TTALAI	VTAIAI	degade	degade
1few_3	AIEYAV	AIEMKV	degade	degade
1few_3	AVTLLY	KVTYLY	degade	degade
1few_3	LYQYL-	LYQWA-	degad-	degad-
1fiy_11	LNLQLL	VNLLTL	degade	degade
1fxk_5	IKQKLE	IKQLYE	degade	degade
1fxk_5	LETLMG	YETVIG	degade	degade
1fxk_5	MGNLIT	IGNMVT	degade	degade
1fxk_5	ITIMLS	VTIILS	degade	degade
1fxk_5	LSQAL-	LSQEL-	degad-	degad-
1gto_3	TLLLL-	CLLHA-	degad-	degad-
1h6g_1	TAAIR-	DAACA-	degad-	degad-
1hiw_0	IALYH-	CALLL-	degad-	degad-
1hiw_1	IALYH-	CALLL-	degad-	degad-
1i50_2	AELLHV	KELIAV	degade	degade
1i6z_1	VQFLCD	VQFIFD	degade	degade
1i6z_1	CDVEI-	FDVLI-	degad-	degad-
1iw1_0	QEAWY-	LEALL-	degad-	degad-
1jm0_0	ELAIY-	ELAIL-	degad-	degad-
1jm0_1	ELAIY-	ELAIL-	degad-	degad-
1jqo_8	ANYII-	LNYRA-	degad-	degad-
1jqo_11	LNFQTL	LNFLTL	degade	degade
1jqo_12	LLRMAN	LLRRAN	degade	degade
1jqo_15	LNFQTL	LNFLTL	degade	degade
1kt0_2	FLLAY-	CLLAL-	degad-	degad-
1l2j_1	VTALV-	CTAML-	degad-	degad-
1l2j_2	VTALV-	CTAML-	degad-	degad-
1l7c_2	LASEI-	IASRV-	degad-	degad-
1l8d_0	YHDLSK	IHDRIK	degade	degade
1l8d_0	SKTLLI	IKTILI	degade	degade
1l8d_0	LIRKLE	LIRILE	degade	degade
1l8d_0	LEELI-	LEEIL-	degad-	degad-
1l8w_0	LDLVV-	LDLKL-	degad-	degad-
1l9h_2	NFTLT-	AFTLV-	degad-	degad-
1lkp_2	EEHEFL	LEHAEL	degade	degade
1lkp_3	EEHEFL	LEHAEL	degade	degade
1n4q_0	LQEMII	VQERLI	degade	degade
1n4r_0	LQEMII	VQERLI	degade	degade
1nt2_2	VEEIV-	LEELI-	degad-	degad-
1nt2_3	VEEIV-	LEELI-	degad-	degad-
1orj_0	LQILLK	LQIIYK	degade	degade
1orj_0	LKLRWE	YKLILE	degade	degade
1orj_2	NIRVII	LIRACI	degade	degade
1orj_3	LQILLK	LQIIYK	degade	degade
1orj_3	LKLRWE	YKLILE	degade	degade
1orj_5	NIRVII	LIRACI	degade	degade
1orj_6	YDAIL-	LDARW-	degad-	degad-
1orj_9	YDAIL-	LDARW-	degad-	degad-
1orj_11	LQILLK	LQIIYK	degade	degade
1orj_11	LKLRWE	YKLILE	degade	degade
1orj_13	NIRVII	LIRACI	degade	degade
1orj_14	LQILLK	LQIIYK	degade	degade
1orj_14	LKLRWE	YKLILE	degade	degade
1orj_16	NIRVII	LIRACI	degade	degade
1orj_17	YDAIL-	LDARW-	degad-	degad-
1orj_20	YDAIL-	LDARW-	degad-	degad-
1ory_4	LQILLK	YQIILK	degade	degade
1prc_6	FMLSS-	FMLAI-	degad-	degad-
1pvh_0	LVLYVV	LVLALV	degade	degade
1pvh_0	VVLGLG	LVLLVG	degade	degade
1py2_1	LELLLQ	LELICQ	degade	degade
1q5n_6	LAVQVQ	LAVAFQ	degade	degade
1q5n_6	VQCYAL	FQCLIL	degade	degade
1qvn_0	LELLLQ	LELICQ	degade	degade
1qvn_2	QLHLDL	LLHIIL	degade	degade
1r2c_7	FMLSS-	FMLAI-	degad-	degad-
1rzz_1	AHIAFF	LHIAFF	degade	degade
1syq_1	CKILL-	IKIIL-	degad-	degad-
1syq_4	CKILL-	IKIIL-	degad-	degad-
1syq_7	CKILL-	IKIIL-	degad-	degad-
1syq_9	CKILL-	IKIIL-	degad-	degad-
1syq_11	CKILL-	IKIIL-	degad-	degad-
1syq_13	CKILL-	IKIIL-	degad-	degad-
1t6p_7	VLLLT-	YLLLL-	degad-	degad-
1tae_1	LRQLY-	LRQLI-	degad-	degad-
1tj7_3	NRLQL-	LRLEL-	degad-	degad-
1tj7_4	NRLQL-	LRLEL-	degad-	degad-
1tjl_0	LEWRLR	EEWRER	degade	degade
1tjl_0	LREVTV	EREIIV	degade	degade
1tjl_0	TVHME-	IVHLV-	degad-	degad-
1tjl_1	LEWRLR	EEWRER	degade	degade
1tjl_1	LREVTV	EREIIV	degade	degade
1tjl_1	TVHME-	IVHLV-	degad-	degad-
1tnb_1	LQEMII	VQERLI	degade	degade
1tno_0	LQEMII	VQERLI	degade	degade
1tnz_1	LQEMII	VQERLI	degade	degade
1twg_2	AELLH-	AELLL-	degad-	degad-
1u6i_6	LAEAL-	KAEAI-	degad-	degad-
1v7n_0	LGLSVR	AGLLVR	degade	degade
1v7n_0	VRLLLQ	VRLLVQ	degade	degade
1vei_14	LQQLYN	VQQAVN	degade	degade
1vei_14	YNLHL-	VNLIL-	degad-	degad-
1vrn_7	FMLSS-	FMLAI-	degad-	degad-
1wdg_0	FDTNL-	IDTIL-	degad-	degad-
1wdg_4	FDTNL-	IDTIL-	degad-	degad-
1wfd_0	LRKIYM	YRKLYM	degade	degade
1wfd_0	YMRAIK	YMRILK	degade	degade
1x4t_0	LNEILL	ANERIL	degade	degade
1x4t_0	LLEKWE	ILEIKE	degade	degade
1x8z_0	YRCVYE	LRCQAE	degade	degade
1x8z_0	YEAILE	AEALLE	degade	degade
1x8z_1	TLSTR-	LLSAI-	degad-	degad-
1x8z_2	VSALA-	CSALS-	degad-	degad-
1x8z_3	YRCVYE	LRCQAE	degade	degade
1x8z_3	YEAILE	AEALLE	degade	degade
1x8z_4	TLSTR-	LLSAI-	degad-	degad-
1xcb_2	LIYLLE	VIYKLE	degade	degade
1xcb_4	LIYLLE	VIYKLE	degade	degade
1xcb_7	LIYLLE	VIYKLE	degade	degade
1xwm_3	LAQIMD	PAQMLD	degade	degade
1xwm_3	MDRVQY	LDRMTY	degade	degade
1xwo_4	LSISLL	LSISLL	degade	degade
1xwo_4	LLLIL-	LLLKI-	degad-	degad-
1xzp_4	LIVLI-	LIVLL-	degad-	degad-
1xzp_5	LEIKL-	LEIIL-	degad-	degad-
1xzq_2	VDLRLI	VDLSLI	degade	degade
1xzq_2	LIVLIR	LIVLLR	degade	degade
1xzq_3	LEVKLE	LEVKLE	degade	degade
1ya0_1	YTLLL-	CTLLI-	degad-	degad-
1yc9_9	AYELLY	VYELIY	degade	degade
1yc9_9	LYNQVH	IYNIQH	degade	degade
1yc9_9	VHALR-	QHALL-	degad-	degad-
1yke_3	LLSLN-	ILSIL-	degad-	degad-
1yke_5	KTQIL-	CTQMQ-	degad-	degad-
1yo7_0	CELHA-	TELLL-	degad-	degad-
1yo7_2	HAELS-	IAELH-	degad-	degad-
1yo7_3	TLLLL-	CLLHA-	degad-	degad-
1yv1_0	LKAIET	FKAAET	degade	degade
1yv1_0	ETAHYT	ETAIET	degade	degade
1yv1_0	YTFAA-	ETFVM-	degad-	degad-
1z4a_16	LNQLEI	MNQAEI	degade	degade
1z4a_16	EISSYL	EISAFL	degade	degade
1z4a_17	QVEEVR	FVELER	degade	degade
1z4a_18	LNQLEI	MNQAEI	degade	degade
1z4a_18	EISSYL	EISAFL	degade	degade
1z4a_19	LKFVQV	FKFLEV	degade	degade
1z4a_19	QVEEVR	EVETIR	degade	degade
1z4a_20	LNQLEI	MNQAEI	degade	degade
1z4a_20	EISSYL	EISAFL	degade	degade
1z4a_21	QVEEVR	FVELER	degade	degade
1z4a_22	LNQLEI	MNQAEI	degade	degade
1z4a_22	EISSYL	EISAFL	degade	degade
1z4a_23	LKFVQV	FKFLEV	degade	degade
1z4a_23	QVEEVR	EVETIR	degade	degade
1z4a_24	LNQLEI	MNQAEI	degade	degade
1z4a_24	EISSYL	EISAFL	degade	degade
1z4a_25	QVEEVR	FVELER	degade	degade
1z4a_26	LNQLEI	MNQAEI	degade	degade
1z4a_26	EISSYL	EISAFL	degade	degade
1z4a_27	QVEEVR	FVELER	degade	degade
1z4a_28	LNQLEI	MNQAEI	degade	degade
1z4a_28	EISSYL	EISAFL	degade	degade
1z4a_29	QVEEVR	FVELER	degade	degade
1z4a_30	LNQLEI	MNQAEI	degade	degade
1z4a_30	EISSYL	EISAFL	degade	degade
1z4a_31	QVEEVR	FVELER	degade	degade
1z4a_32	LNQLEI	MNQAEI	degade	degade
1z4a_32	EISSYL	EISAFL	degade	degade
1z4a_33	QVEEVR	FVELER	degade	degade
1z4a_34	LNQLEI	MNQAEI	degade	degade
1z4a_34	EISSYL	EISAFL	degade	degade
1z4a_35	LKFVQV	FKFLEV	degade	degade
1z4a_35	QVEEVR	EVETIR	degade	degade
1z4a_36	LNQLEI	MNQAEI	degade	degade
1z4a_36	EISSYL	EISAFL	degade	degade
1z4a_37	QVEEVR	FVELER	degade	degade
1z4a_38	LNQLEI	MNQAEI	degade	degade
1z4a_38	EISSYL	EISAFL	degade	degade
1z4a_39	LKFVQV	FKFLEV	degade	degade
1z4a_39	QVEEVR	EVETIR	degade	degade
1z4a_40	LNQLEI	MNQAEI	degade	degade
1z4a_40	EISSYL	EISAFL	degade	degade
1z4a_41	QVEEVR	FVELER	degade	degade
1z4a_42	LNQLEI	MNQAEI	degade	degade
1z4a_42	EISSYL	EISAFL	degade	degade
1z4a_43	QVEEVR	FVELER	degade	degade
1z4a_44	LNQLEI	MNQAEI	degade	degade
1z4a_44	EISSYL	EISAFL	degade	degade
1z4a_45	QVEEVR	FVELER	degade	degade
1z4a_46	LNQLEI	MNQAEI	degade	degade
1z4a_46	EISSYL	EISAFL	degade	degade
1z4a_47	QVEEVR	FVELER	degade	degade
1za0_1	IDIAEV	LDIAEV	degade	degade
1za0_1	EVHEFA	EVHACA	degade	degade
1za0_3	IDIAEV	LDIAEV	degade	degade
1za0_3	EVHEFA	EVHACA	degade	degade
1zb1_0	PSLSNL	LSLKTL	degade	degade
1zb1_0	NLYYLE	TLYIIE	degade	degade
1zke_3	ILDISQ	ELDLLQ	degade	degade
1zke_3	SQEIL-	LQELI-	degad-	degad-
1zke_5	ILDIS-	LLDLI-	degad-	degad-
1zke_6	ILDISQ	ELDLLQ	degade	degade
1zke_6	SQEIL-	LQELI-	degad-	degad-
1zke_8	ILDIS-	LLDLI-	degad-	degad-
1zw0_1	TMLELT	LMLIIT	degade	degade
1zw0_5	TMLELT	LMLIIT	degade	degade
2a03_2	NAQIH-	YAQLL-	degad-	degad-
2a03_3	NAQIH-	YAQLL-	degad-	degad-
2a3q_2	ELDVY-	ELDLL-	degad-	degad-
2a3q_3	ELDVY-	ELDLL-	degad-	degad-
2b05_7	ISIET-	VSIRI-	degad-	degad-
2b05_20	YSAHS-	LSAYF-	degad-	degad-
2b05_25	YSAHS-	LSAYF-	degad-	degad-
2b5u_0	AGKAAQ	AGKVNQ	degade	degade
2b5u_0	AQDVKQ	NQDQAQ	degade	degade
2b5u_0	KQAFAA	AQAYRA	degade	degade
2b5u_0	AAEKAD	RAELAD	degade	degade
2b5u_0	ADALAM	ADALAM	degade	degade
2bbj_15	LVLRIW	TVLAVW	degade	degade
2bbj_15	IWLRL-	VWLRV-	degad-	degad-
2cw0_0	ARRLVR	LRRELR	degade	degade
2d4c_3	FKMEV-	LKMLL-	degad-	degad-
2d4x_1	VSEELS	LSELVS	degade	degade
2d4x_1	LSVTIQ	VSVRLQ	degade	degade
2d4x_1	IQAQI-	LQALL-	degad-	degad-
2d4y_0	VGKTLK	AGKSLK	degade	degade
2d4y_0	LKSSQA	LKSYMA	degade	degade
2d4y_1	YAQIL-	LAQLI-	degad-	degad-
2dfk_2	ERYILK	IRYYQK	degade	degade
2dt5_3	LIYLLE	VIYKLE	degade	degade
2etn_1	AKEKIE	EKELAE	degade	degade
2etn_1	IERIL-	AERLL-	degad-	degad-
2f66_1	LENTLD	IENYRD	degade	degade
2f66_2	LVQDL-	VVQII-	degad-	degad-
2fb5_0	MIIAE-	MIIVL-	degad-	degad-
2fb5_4	MIIAE-	MIIVL-	degad-	degad-
2fb5_5	MIIAE-	MIIVL-	degad-	degad-
2fjc_36	LRHVLG	LRHYVG	degade	degade
2fjc_36	LGLYLH	VGLFIH	degade	degade
2fjc_38	FELSFS	IELLLS	degade	degade
2fjc_38	FSTQA-	LSTIL-	degad-	degad-
2fjc_39	LRHVLG	LRHYVG	degade	degade
2fjc_39	LGLYLH	VGLFIH	degade	degade
2fjc_40	AIAIQL	RIATLL	degade	degade
2fjc_41	FELSFS	IELLLS	degade	degade
2fjc_41	FSTQA-	LSTIL-	degad-	degad-
2fjc_42	LRHVLG	LRHYVG	degade	degade
2fjc_42	LGLYLH	VGLFIH	degade	degade
2fjc_44	FELSFS	IELLLS	degade	degade
2fjc_44	FSTQA-	LSTIL-	degad-	degad-
2fjc_45	LRHVLG	LRHYVG	degade	degade
2fjc_45	LGLYLH	VGLFIH	degade	degade
2fjc_46	AIAIQL	RIATLL	degade	degade
2fjc_47	FELSFS	IELLLS	degade	degade
2fjc_47	FSTQA-	LSTIL-	degad-	degad-
2fjc_48	LRHVLG	LRHYVG	degade	degade
2fjc_48	LGLYLH	VGLFIH	degade	degade
2fjc_49	AIAIQL	RIATLL	degade	degade
2fjc_50	FELSFS	IELLLS	degade	degade
2fjc_50	FSTQA-	LSTIL-	degad-	degad-
2fjc_51	LRHVLG	LRHYVG	degade	degade
2fjc_51	LGLYLH	VGLFIH	degade	degade
2fjc_53	FELSFS	IELLLS	degade	degade
2fjc_53	FSTQA-	LSTIL-	degad-	degad-
2fjc_54	LRHVLG	LRHYVG	degade	degade
2fjc_54	LGLYLH	VGLFIH	degade	degade
2fjc_56	FELSFS	IELLLS	degade	degade
2fjc_56	FSTQA-	LSTIL-	degad-	degad-
2fjc_57	LRHVLG	LRHYVG	degade	degade
2fjc_57	LGLYLH	VGLFIH	degade	degade
2fjc_58	AIAIQL	RIATLL	degade	degade
2fjc_59	FELSFS	IELLLS	degade	degade
2fjc_59	FSTQA-	LSTIL-	degad-	degad-
2fjc_60	LRHVLG	LRHYVG	degade	degade
2fjc_60	LGLYLH	VGLFIH	degade	degade
2fjc_61	AIAIQL	RIATLL	degade	degade
2fjc_62	FELSFS	IELLLS	degade	degade
2fjc_62	FSTQA-	LSTIL-	degad-	degad-
2fjc_63	LRHVLG	LRHYVG	degade	degade
2fjc_63	LGLYLH	VGLFIH	degade	degade
2fjc_64	AIAIQL	RIATLL	degade	degade
2fjc_65	FELSFS	IELLLS	degade	degade
2fjc_65	FSTQA-	LSTIL-	degad-	degad-
2fjc_66	LRHVLG	LRHYVG	degade	degade
2fjc_66	LGLYLH	VGLFIH	degade	degade
2fjc_67	AIAIQL	RIATLL	degade	degade
2fjc_68	FELSFS	IELLLS	degade	degade
2fjc_68	FSTQA-	LSTIL-	degad-	degad-
2fjc_69	LRHVLG	LRHYVG	degade	degade
2fjc_69	LGLYLH	VGLFIH	degade	degade
2fjc_70	AIAIQL	RIATLL	degade	degade
2fjc_71	FELSFS	IELLLS	degade	degade
2fjc_71	FSTQA-	LSTIL-	degad-	degad-
2fjc_72	LRHVLG	LRHYVG	degade	degade
2fjc_72	LGLYLH	VGLFIH	degade	degade
2fjc_74	FELSFS	IELLLS	degade	degade
2fjc_74	FSTQA-	LSTIL-	degad-	degad-
2fjc_75	LRHVLG	LRHYVG	degade	degade
2fjc_75	LGLYLH	VGLFIH	degade	degade
2fjc_76	AIAIQL	RIATLL	degade	degade
2fjc_77	FELSFS	IELLLS	degade	degade
2fjc_77	FSTQA-	LSTIL-	degad-	degad-
2fjc_78	LRHVLG	LRHYVG	degade	degade
2fjc_78	LGLYLH	VGLFIH	degade	degade
2fjc_80	FELSFS	IELLLS	degade	degade
2fjc_80	FSTQA-	LSTIL-	degad-	degad-
2fjc_81	LRHVLG	LRHYVG	degade	degade
2fjc_81	LGLYLH	VGLFIH	degade	degade
2fjc_82	AIAIQL	RIATLL	degade	degade
2fjc_83	FELSFS	IELLLS	degade	degade
2fjc_83	FSTQA-	LSTIL-	degad-	degad-
2fjc_84	LRHVLG	LRHYVG	degade	degade
2fjc_84	LGLYLH	VGLFIH	degade	degade
2fjc_85	AIAIQL	RIATLL	degade	degade
2fjc_86	FELSFS	IELLLS	degade	degade
2fjc_86	FSTQA-	LSTIL-	degad-	degad-
2fjc_87	LRHVLG	LRHYVG	degade	degade
2fjc_87	LGLYLH	VGLFIH	degade	degade
2fjc_89	FELSFS	IELLLS	degade	degade
2fjc_89	FSTQA-	LSTIL-	degad-	degad-
2fjc_90	LRHVLG	LRHYVG	degade	degade
2fjc_90	LGLYLH	VGLFIH	degade	degade
2fjc_92	FELSFS	IELLLS	degade	degade
2fjc_92	FSTQA-	LSTIL-	degad-	degad-
2fjc_93	LRHVLG	LRHYVG	degade	degade
2fjc_93	LGLYLH	VGLFIH	degade	degade
2fjc_94	AIAIQL	RIATLL	degade	degade
2fjc_95	FELSFS	IELLLS	degade	degade
2fjc_95	FSTQA-	LSTIL-	degad-	degad-
2fjc_96	LRHVLG	LRHYVG	degade	degade
2fjc_96	LGLYLH	VGLFIH	degade	degade
2fjc_97	AIAIQL	RIATLL	degade	degade
2fjc_98	FELSFS	IELLLS	degade	degade
2fjc_98	FSTQA-	LSTIL-	degad-	degad-
2fjc_99	LRHVLG	LRHYVG	degade	degade
2fjc_99	LGLYLH	VGLFIH	degade	degade
2fjc_100	AIAIQL	RIATLL	degade	degade
2fjc_101	FELSFS	IELLLS	degade	degade
2fjc_101	FSTQA-	LSTIL-	degad-	degad-
2fjc_102	LRHVLG	LRHYVG	degade	degade
2fjc_102	LGLYLH	VGLFIH	degade	degade
2fjc_103	AIAIQL	RIATLL	degade	degade
2fjc_104	FELSFS	IELLLS	degade	degade
2fjc_104	FSTQA-	LSTIL-	degad-	degad-
2fjc_105	LRHVLG	LRHYVG	degade	degade
2fjc_105	LGLYLH	VGLFIH	degade	degade
2fjc_106	AIAIQL	RIATLL	degade	degade
2fjc_107	FELSFS	IELLLS	degade	degade
2fjc_107	FSTQA-	LSTIL-	degad-	degad-
2fjc_108	LRHVLG	LRHYVG	degade	degade
2fjc_108	LGLYLH	VGLFIH	degade	degade
2fjc_110	FELSFS	IELLLS	degade	degade
2fjc_110	FSTQA-	LSTIL-	degad-	degad-
2fjc_111	LRHVLG	LRHYVG	degade	degade
2fjc_111	LGLYLH	VGLFIH	degade	degade
2fjc_112	AIAIQL	RIATLL	degade	degade
2fjc_113	FELSFS	IELLLS	degade	degade
2fjc_113	FSTQA-	LSTIL-	degad-	degad-
2fjc_114	LRHVLG	LRHYVG	degade	degade
2fjc_114	LGLYLH	VGLFIH	degade	degade
2fjc_116	FELSFS	IELLLS	degade	degade
2fjc_116	FSTQA-	LSTIL-	degad-	degad-
2fjc_117	LRHVLG	LRHYVG	degade	degade
2fjc_117	LGLYLH	VGLFIH	degade	degade
2fjc_118	AIAIQL	RIATLL	degade	degade
2fjc_119	FELSFS	IELLLS	degade	degade
2fjc_119	FSTQA-	LSTIL-	degad-	degad-
2fjc_120	LRHVLG	LRHYVG	degade	degade
2fjc_120	LGLYLH	VGLFIH	degade	degade
2fjc_121	AIAIQL	RIATLL	degade	degade
2fjc_122	FELSFS	IELLLS	degade	degade
2fjc_122	FSTQA-	LSTIL-	degad-	degad-
2fjc_123	LRHVLG	LRHYVG	degade	degade
2fjc_123	LGLYLH	VGLFIH	degade	degade
2fjc_125	FELSFS	IELLLS	degade	degade
2fjc_125	FSTQA-	LSTIL-	degad-	degad-
2fjc_126	LRHVLG	LRHYVG	degade	degade
2fjc_126	LGLYLH	VGLFIH	degade	degade
2fjc_128	FELSFS	IELLLS	degade	degade
2fjc_128	FSTQA-	LSTIL-	degad-	degad-
2fjc_129	LRHVLG	LRHYVG	degade	degade
2fjc_129	LGLYLH	VGLFIH	degade	degade
2fjc_130	AIAIQL	RIATLL	degade	degade
2fjc_131	FELSFS	IELLLS	degade	degade
2fjc_131	FSTQA-	LSTIL-	degad-	degad-
2fjc_132	LRHVLG	LRHYVG	degade	degade
2fjc_132	LGLYLH	VGLFIH	degade	degade
2fjc_133	AIAIQL	RIATLL	degade	degade
2fjc_134	FELSFS	IELLLS	degade	degade
2fjc_134	FSTQA-	LSTIL-	degad-	degad-
2fjc_135	LRHVLG	LRHYVG	degade	degade
2fjc_135	LGLYLH	VGLFIH	degade	degade
2fjc_136	AIAIQL	RIATLL	degade	degade
2fjc_137	FELSFS	IELLLS	degade	degade
2fjc_137	FSTQA-	LSTIL-	degad-	degad-
2fjc_138	LRHVLG	LRHYVG	degade	degade
2fjc_138	LGLYLH	VGLFIH	degade	degade
2fjc_139	AIAIQL	RIATLL	degade	degade
2fjc_140	FELSFS	IELLLS	degade	degade
2fjc_140	FSTQA-	LSTIL-	degad-	degad-
2fjc_141	LRHVLG	LRHYVG	degade	degade
2fjc_141	LGLYLH	VGLFIH	degade	degade
2fjc_142	AIAIQL	RIATLL	degade	degade
2fjc_143	FELSFS	IELLLS	degade	degade
2fjc_143	FSTQA-	LSTIL-	degad-	degad-
2fsz_2	VTALV-	CTAML-	degad-	degad-
2fsz_3	VTALV-	CTAML-	degad-	degad-
2fsz_4	VTALV-	CTAML-	degad-	degad-
2fsz_5	VTALV-	CTAML-	degad-	degad-
2fsz_6	VTALV-	CTAML-	degad-	degad-
2fsz_7	VTALV-	CTAML-	degad-	degad-
2fzf_1	MRLAER	IRLMER	degade	degade
2fzf_1	ERHYLR	ERHAYR	degade	degade
2gl7_4	AIALL-	LIAVA-	degad-	degad-
2gl7_6	LVLLA-	CVLLL-	degad-	degad-
2gsc_8	LSARLS	DSARVS	degade	degade
2gsc_8	LSLDVQ	VSLFLQ	degade	degade
2gww_3	CKILL-	IKIIL-	degad-	degad-
2gww_5	CKILL-	IKIIL-	degad-	degad-
2gww_7	CKILL-	IKIIL-	degad-	degad-
2gww_9	CKILL-	IKIIL-	degad-	degad-
2gww_11	CKILL-	IKIIL-	degad-	degad-
2hjm_1	YGLELT	IGLLVT	degade	degade
2hr5_4	YLFAA-	FLFAE-	degad-	degad-
2hr5_5	EKHAYR	LKHIER	degade	degade
2hr5_6	YLFAA-	FLFAE-	degad-	degad-
2hr5_7	EKHAYR	LKHIER	degade	degade
2hsb_1	TAYAHA	RAYALA	degade	degade
2hsb_1	HAKAL-	LAKAE-	degad-	degad-
2hsq_4	CKILL-	IKIIL-	degad-	degad-
2hsq_7	CKILL-	IKIIL-	degad-	degad-
2hsq_10	CKILL-	IKIIL-	degad-	degad-
2hsq_13	CKILL-	IKIIL-	degad-	degad-
2hsq_16	CKILL-	IKIIL-	degad-	degad-
2i05_0	HIHILK	TIHMEK	degade	degade
2i05_0	LKTFI-	EKTFH-	degad-	degad-
2ijj_3	TLLLL-	CLLHA-	degad-	degad-
2j0n_0	MKNLLV	YKNVYV	degade	degade
2j0n_0	LVKYA-	YVKYF-	degad-	degad-
2j5c_2	TWMME-	AWMIL-	degad-	degad-
2kc3_0	LSELAQ	LSELDQ	degade	degade
2kc3_0	AQRLDM	DQRLRM	degade	degade
2lw1_0	VLDMAE	LLDLLE	degade	degade
2lw1_0	AEELAF	LEELLF	degade	degade
2lw1_0	AFRWLE	LFRLLE	degade	degade
2nnu_2	HMLEI-	CMLIH-	degad-	degad-
2nov_1	SRDKAE	LRDELE	degade	degade
2nov_1	AERLVE	LERILE	degade	degade
2p4v_1	NKRLI-	VKRVA-	degad-	degad-
2ppb_1	RNRLL-	ENRLA-	degad-	degad-
2psm_0	TVNVL-	DVNIL-	degad-	degad-
2q0o_4	LELAAI	LELYRI	degade	degade
2q0o_4	AIEHLL	RIESQL	degade	degade
2q0o_4	LLADVY	QLALIY	degade	degade
2r6t_4	LHARTK	IHASFK	degade	degade
2r6t_4	TKAEI-	FKAAA-	degad-	degad-
2rcc_1	EVHNY-	DVHTS-	degad-	degad-
2rmk_0	AQMLSK	LQMLEK	degade	degade
2rmk_0	SKKIIR	EKKKAR	degade	degade
2rmk_0	IRQLA-	ARQIY-	degad-	degad-
2uw1_1	CGIAEK	FGISEK	degade	degade
2uw1_1	EKHAYT	EKHFHT	degade	degade
2ux1_12	MDYMID	LDYVLD	degade	degade
2ux1_12	IDYLMS	LDYHLS	degade	degade
2v0o_2	TELAHL	VELAEL	degade	degade
2v0o_2	HLLVLQ	ELLSMQ	degade	degade
2v0o_2	LQLIV-	MQLAA-	degad-	degad-
2vf8_0	AALVLD	LALSLD	degade	degade
2vgx_5	VSMLI-	LSMQI-	degad-	degad-
2vko_1	ASYLCR	YSYLFR	degade	degade
2xs1_4	LAKHMQ	AAKAFQ	degade	degade
2xs1_4	MQNAH-	FQNFC-	degad-	degad-
2y02_2	TLVID-	FLVLA-	degad-	degad-
2y4t_0	DLKVL-	YLKAF-	degad-	degad-
2y4t_4	YTAILD	LTARCD	degade	degade
2y4u_16	LISAL-	KISVT-	degad-	degad-
2y4u_26	LISAL-	KISVT-	degad-	degad-
2yfb_6	LLELTI	ALEFAI	degade	degade
2yfb_6	TIAYSL	AIAISL	degade	degade
2yfb_6	SLKMGY	SLKMQY	degade	degade
2yfb_6	GYATAR	QYAIRR	degade	degade
2yfb_6	ARSMS-	RRSLI-	degad-	degad-
2yw6_19	LALDYN	LALALN	degade	degade
2yw6_19	YNVITR	LNVQVR	degade	degade
2z3q_1	KVAMFL	FVAFIL	degade	degade
2zqm_2	LKKILE	MKKLYE	degade	degade
2zqm_2	LERLLE	YERLVE	degade	degade
2zqm_2	LEQELN	VEQKVN	degade	degade
2zqm_2	LNKLLT	VNKLAT	degade	degade
2zqm_2	LTQIA-	ATQLI-	degad-	degad-
3a8q_0	IEQIWE	LEQTLE	degade	degade
3a8q_0	WENLFH	LENIDH	degade	degade
3a8q_0	FHDLMR	DHDKAR	degade	degade
3ajw_1	LEAIHR	AEALMR	degade	degade
3ajw_1	HRQLWT	MRQCAT	degade	degade
3ajw_1	WTKVAL	ATKLLL	degade	degade
3aoh_1	RNRLL-	ENRLA-	degad-	degad-
3aoi_2	LMQLER	AMQKIR	degade	degade
3aoi_2	ERRLAT	IRRILT	degade	degade
3aqb_3	CIMSI-	YIMAH-	degad-	degad-
3ayf_5	AKYHL-	FKYLY-	degad-	degad-
3ayf_9	MFIAL-	FFITW-	degad-	degad-
3ayg_5	AKYHL-	FKYLY-	degad-	degad-
3ayg_9	MFIAL-	FFITW-	degad-	degad-
3b2t_2	VSTYA-	LSTLT-	degad-	degad-
3b2t_3	VSTYAR	FSTVLR	degade	degade
3bct_13	AIALL-	LIAVA-	degad-	degad-
3c23_1	AITLYK	KITLIK	degade	degade
3c23_2	AITLYK	KITLIK	degade	degade
3c23_3	AITLYK	KITLIK	degade	degade
3c23_4	AITLYK	KITLIK	degade	degade
3c23_5	AITLYK	KITLIK	degade	degade
3c23_6	AITLYK	KITLIK	degade	degade
3c23_7	AITLYK	KITLIK	degade	degade
3c4f_1	VSAYAR	FSAVLR	degade	degade
3ck6_0	ITINIE	LTIKIE	degade	degade
3ck6_0	IEYLV-	IEYQI-	degad-	degad-
3ck7_0	IRLRHY	LRLIYY	degade	degade
3ck7_4	AYTRAI	YYTEAI	degade	degade
3cu7_3	IVALE-	LVAAL-	degad-	degad-
3d0i_1	LYEYL-	IYEMI-	degad-	degad-
3d19_12	NAVQAT	VAVSAT	degade	degade
3d19_12	ATIWKR	ATIRLR	degade	degade
3d48_2	LSIVLR	ASIETR	degade	degade
3d48_2	LRWNLY	TRWLMY	degade	degade
3ddl_2	LALML-	PALII-	degad-	degad-
3e0s_2	LTQML-	LTQRV-	degad-	degad-
3ehn_1	YRMLLS	ARMMIS	degade	degade
3etv_0	LAELLD	VAERLD	degade	degade
3etv_0	LDLKL-	LDLLL-	degad-	degad-
3etz_0	ARALNE	YRALLE	degade	degade
3etz_0	NEVYLS	LEVMQS	degade	degade
3fd9_2	VACQTQ	WACLLQ	degade	degade
3fd9_2	TQQVLA	LQQSLA	degade	degade
3ffl_3	YRAVYT	VRALCT	degade	degade
3foo_1	IDALA-	LDARA-	degad-	degad-
3ggz_0	LKCILR	RKCLDR	degade	degade
3ggz_0	LRAQQQ	DRAILQ	degade	degade
3ggz_0	QQIASR	LQIECR	degade	degade
3gm1_1	DANLA-	TANLD-	degad-	degad-
3gop_1	LNCVAK	FNCIFK	degade	degade
3h2u_1	NANLS-	IANLL-	degad-	degad-
3hmh_1	MQAFI-	LQAIA-	degad-	degad-
3hym_1	AWAYSF	NWARLF	degade	degade
3i9w_0	QGMLQS	MGMLAS	degade	degade
3i9w_0	QSKILL	ASKEAL	degade	degade
3i9w_2	QEEISL	LEEDIL	degade	degade
3i9w_2	SLQQLV	ILQLLV	degade	degade
3i9w_2	LVQRLR	LVQNQR	degade	degade
3i9w_2	LRQQL-	QRQFE-	degad-	degad-
3ieg_7	LISAL-	KISVT-	degad-	degad-
3ifq_6	LVLLA-	CVLLL-	degad-	degad-
3ika_1	LNCVAK	FNCIFK	degade	degade
3iqc_3	FSQAC-	YSQVI-	degad-	degad-
3iqc_4	YEILSS	IEILAS	degade	degade
3iqc_4	SSAKI-	ASALW-	degad-	degad-
3iqf_4	LAEAL-	KAEAI-	degad-	degad-
3iqf_5	LAEAL-	KAEAI-	degad-	degad-
3j9e_0	VTYNLT	VTYNIT	degade	degade
3j9e_0	LTEDMR	ITEHLR	degade	degade
3j9t_6	VNNLLY	MNNTIY	degade	degade
3j9t_6	LYVLTS	IYVKLS	degade	degade
3k6t_1	LDEIV-	LDEKL-	degad-	degad-
3k8v_3	IDALIN	LDAQAN	degade	degade
3k8v_3	INARLG	ANAIAG	degade	degade
3k8v_3	LGVQFT	AGVELT	degade	degade
3k8v_3	FTTVLQ	LTTSLQ	degade	degade
3k8v_3	LQMTL-	LQMRA-	degad-	degad-
3kdy_3	VGALAQ	VGARLQ	degade	degade
3kdy_4	VGALAQ	VGARLQ	degade	degade
3kra_3	CILLV-	LILAQ-	degad-	degad-
3krc_2	CILLV-	LILAQ-	degad-	degad-
3krf_2	CILLV-	LILAQ-	degad-	degad-
3kro_4	YQTLM-	LQTAE-	degad-	degad-
3kro_5	CILLV-	LILAQ-	degad-	degad-
3ksy_2	IRYILN	IRYHSN	degade	degade
3l9f_0	IREIKE	YREKLE	degade	degade
3lnn_2	ADRLL-	ADRAA-	degad-	degad-
3lsq_0	ADKWTQ	LDKVLQ	degade	degade
3lsq_0	TQLTSK	LQLALK	degade	degade
3lsq_0	SKLIC-	LKLRL-	degad-	degad-
3msv_6	QEVLYT	WEVSTT	degade	degade
3msv_6	YTFAY-	TTFIL-	degad-	degad-
3mxz_0	TINLKT	QINLST	degade	degade
3mxz_0	KTTCIV	STTICV	degade	degade
3mxz_0	IVELYE	CVELAE	degade	degade
3mxz_0	YEEVEA	AEELTA	degade	degade
3n1z_2	ISIQE-	FSIAA-	degad-	degad-
3n24_4	LLDQI-	SLDFV-	degad-	degad-
3na7_0	LNEEAK	ANEKKK	degade	degade
3na7_0	AKRSAN	KKRILN	degade	degade
3na7_0	ANEILQ	LNEKLQ	degade	degade
3na7_0	LQEIKS	LQEVNS	degade	degade
3na7_0	KSKQLK	NSKLTK	degade	degade
3na7_0	LKEMLE	TKEIIE	degade	degade
3nmu_1	LYLRL-	VYLIL-	degad-	degad-
3o10_1	LAIAY-	WAIAN-	degad-	degad-
3o1i_3	LLALNV	ILAQNV	degade	degade
3o1i_3	NVNVNL	NVNSLL	degade	degade
3o1i_3	NLELTV	LLETLV	degade	degade
3o1i_3	TVRKLA	LVRLTA	degade	degade
3oac_4	YQTLM-	LQTAE-	degad-	degad-
3oac_5	CILLV-	LILAQ-	degad-	degad-
3odm_1	WIRMV-	LIRTI-	degad-	degad-
3oll_1	VTALV-	CTAML-	degad-	degad-
3omo_1	VTALV-	CTAML-	degad-	degad-
3omp_1	VTALV-	CTAML-	degad-	degad-
3oxf_3	LRAFM-	LRALC-	degad-	degad-
3p4p_0	LNAEAH	MNAILH	degade	degade
3pdu_2	LKMQLR	AKMNFR	degade	degade
3pdu_3	LKMQLR	AKMNFR	degade	degade
3pe3_13	IPAIYR	APALCR	degade	degade
3pe3_20	IPAIYR	APALCR	degade	degade
3pef_0	LKMQLR	SKMNFR	degade	degade
3pef_1	LKMQLR	SKMNFR	degade	degade
3pik_11	ALLRLN	ALLLTN	degade	degade
3pik_11	LNQIQQ	TNQLLQ	degade	degade
3pik_11	QQYLLQ	LQYRNQ	degade	degade
3pik_11	LQTLA-	NQTLA-	degad-	degad-
3pla_2	IATILY	AATMIY	degade	degade
3pla_2	LYIRLN	IYIIFN	degade	degade
3pvt_2	ARHLS-	DRHVF-	degad-	degad-
3pvt_5	ARHLS-	DRHVF-	degad-	degad-
3pvy_2	ARHLS-	DRHVF-	degad-	degad-
3pvy_5	ARHLS-	DRHVF-	degad-	degad-
3pw1_2	ARHLS-	DRHVF-	degad-	degad-
3pw1_5	ARHLS-	DRHVF-	degad-	degad-
3pw8_4	SAAIAR	IAAYDR	degade	degade
3pw8_4	ARHLSR	DRHVFR	degade	degade
3q0k_5	LQKICK	KQKVAK	degade	degade
3q0k_5	CKDVTK	AKDHAK	degade	degade
3q0k_5	TKKYSL	AKKEAL	degade	degade
3q15_1	LTLLYS	DTLYLS	degade	degade
3q15_10	KIEWM-	LIEVD-	degad-	degad-
3q15_11	LTLLYS	DTLYLS	degade	degade
3q15_18	FYKVA-	AYKAF-	degad-	degad-
3q5m_6	ATRLLK	ATRFFK	degade	degade
3q5m_14	VMMRTN	LMMQIN	degade	degade
3q5m_15	ATRLLK	ATRFFK	degade	degade
3qaz_1	LELLLQ	LELICQ	degade	degade
3qb7_0	FLRLNL	TLRITL	degade	degade
3qf7_1	LKKMLE	MKKYLE	degade	degade
3rav_3	MKAIEK	EKAIMK	degade	degade
3rav_3	EKLNL-	MKLLI-	degad-	degad-
3rd0_3	MKAIEK	EKAIMK	degade	degade
3rd0_3	EKLNL-	MKLLI-	degad-	degad-
3rd0_5	MKAIEK	EKAIMK	degade	degade
3rd0_5	EKLNL-	MKLLI-	degad-	degad-
3rd0_7	MKAIEK	EKAIMK	degade	degade
3rd0_7	EKLNL-	MKLLI-	degad-	degad-
3rdh_2	RRSWV-	IRSLI-	degad-	degad-
3rdh_9	YQAFS-	LQAFF-	degad-	degad-
3s28_2	LRAEL-	IRALL-	degad-	degad-
3s28_4	LRAEL-	IRALL-	degad-	degad-
3s28_7	LRAEL-	IRALL-	degad-	degad-
3s90_0	CKILL-	IKIIL-	degad-	degad-
3s9v_4	VYVMAL	LYVTLL	degade	degade
3scj_1	LYEYL-	IYEMI-	degad-	degad-
3sgh_1	VLQKA-	FLQEL-	degad-	degad-
3sja_0	LNLKV-	LNLLF-	degad-	degad-
3smt_1	LEAVAA	WEAEAA	degade	degade
3t49_2	AKALIY	YKAINY	degade	degade
3t9j_12	TEIYFA	LEIQAA	degade	degade
3t9j_12	FAMFLA	AAMFVA	degade	degade
3tgo_12	ATRLLK	ATRFFK	degade	degade
3tz0_1	IARIF-	YARFL-	degad-	degad-
3u0c_0	LTDYQI	LTDKAI	degade	degade
3u0c_0	QIKLAD	AIKRID	degade	degade
3u0c_0	ADKILE	IDKTIE	degade	degade
3u0c_0	LEKII-	IEKLK-	degad-	degad-
3u90_1	MKAIEK	EKAIMK	degade	degade
3u90_1	EKLNL-	MKLLI-	degad-	degad-
3u90_2	MKAIEK	EKAIMK	degade	degade
3u90_2	EKLNL-	MKLLI-	degad-	degad-
3u90_3	MKAIEK	EKAIMK	degade	degade
3u90_3	EKLNL-	MKLLI-	degad-	degad-
3u90_4	MKAIEK	EKAIMK	degade	degade
3u90_4	EKLNL-	MKLLI-	degad-	degad-
3u90_5	MKAIEK	EKAIMK	degade	degade
3u90_5	EKLNL-	MKLLI-	degad-	degad-
3u90_6	MKAIEK	EKAIMK	degade	degade
3u90_6	EKLNL-	MKLLI-	degad-	degad-
3u90_7	MKAIEK	EKAIMK	degade	degade
3u90_7	EKLNL-	MKLLI-	degad-	degad-
3u90_8	MKAIEK	EKAIMK	degade	degade
3u90_8	EKLNL-	MKLLI-	degad-	degad-
3u90_9	MKAIEK	EKAIMK	degade	degade
3u90_9	EKLNL-	MKLLI-	degad-	degad-
3u90_10	MKAIEK	EKAIMK	degade	degade
3u90_10	EKLNL-	MKLLI-	degad-	degad-
3u90_11	MKAIEK	EKAIMK	degade	degade
3u90_11	EKLNL-	MKLLI-	degad-	degad-
3u90_12	MKAIEK	EKAIMK	degade	degade
3u90_12	EKLNL-	MKLLI-	degad-	degad-
3u90_13	MKAIEK	EKAIMK	degade	degade
3u90_13	EKLNL-	MKLLI-	degad-	degad-
3u90_14	MKAIEK	EKAIMK	degade	degade
3u90_14	EKLNL-	MKLLI-	degad-	degad-
3u90_15	MKAIEK	EKAIMK	degade	degade
3u90_15	EKLNL-	MKLLI-	degad-	degad-
3u90_16	MKAIEK	EKAIMK	degade	degade
3u90_16	EKLNL-	MKLLI-	degad-	degad-
3u90_17	MKAIEK	EKAIMK	degade	degade
3u90_17	EKLNL-	MKLLI-	degad-	degad-
3u90_18	MKAIEK	EKAIMK	degade	degade
3u90_18	EKLNL-	MKLLI-	degad-	degad-
3u90_19	MKAIEK	EKAIMK	degade	degade
3u90_19	EKLNL-	MKLLI-	degad-	degad-
3u90_20	MKAIEK	EKAIMK	degade	degade
3u90_20	EKLNL-	MKLLI-	degad-	degad-
3u90_21	MKAIEK	EKAIMK	degade	degade
3u90_21	EKLNL-	MKLLI-	degad-	degad-
3u90_22	MKAIEK	EKAIMK	degade	degade
3u90_22	EKLNL-	MKLLI-	degad-	degad-
3u90_23	MKAIEK	EKAIMK	degade	degade
3u90_23	EKLNL-	MKLLI-	degad-	degad-
3vbb_0	IDAICD	ADAWCD	degade	degade
3vbb_0	CDERLE	CDEALE	degade	degade
3vbb_0	LEERN-	LEEKC-	degad-	degad-
3vkg_2	LRTEVK	IRTILK	degade	degade
3vkg_2	VKLQLA	LKLIYA	degade	degade
3vkg_2	LAKNLD	YAKYLD	degade	degade
3vkg_2	LDKNAN	LDKTIN	degade	degade
3vkg_2	ANKLMV	INKSVV	degade	degade
3vkg_2	MVDQAE	VVDVSE	degade	degade
3vkg_2	AEKQAR	SEKLLR	degade	degade
3vkg_4	TLTLE-	LLTLA-	degad-	degad-
3vkh_0	LNVRL-	LNVLI-	degad-	degad-
3vkh_3	LEEQLN	VEEVSN	degade	degade
3vkh_3	LNGLLR	SNGLLR	degade	degade
3vkh_3	LRTEVK	LRTRWK	degade	degade
3vkh_3	VKLQLA	WKLSFA	degade	degade
3vkh_3	LAKNL-	FAKMV-	degad-	degad-
3vv9_1	EEAVYT	IEARET	degade	degade
3vxd_3	YKAMML	TKAVIL	degade	degade
3whj_1	IRNVLK	IRNLYK	degade	degade
3wj8_0	LDLNNP	IDLTIP	degade	degade
3wj8_0	NPYLI-	IPYKF-	degad-	degad-
3zdl_1	SMTVLL	AMTRTL	degade	degade
3zdl_1	LLVLAM	TLVMEM	degade	degade
3zdl_1	AMIFT-	EMIIV-	degad-	degad-
3zev_1	NVSLE-	YVSLS-	degad-	degad-
4a1s_8	HNHLA-	ANHLA-	degad-	degad-
4a2q_1	CTHLYN	ITHMTN	degade	degade
4akv_1	LFMLLS	VFMKSS	degade	degade
4akv_1	LSYQLS	SSYDVS	degade	degade
4akv_1	LSFPIH	VSFSAH	degade	degade
4ayx_1	KVHVLA	YVHLLA	degade	degade
4ayx_1	LAKEAR	LAKTSR	degade	degade
4bjn_1	NNKRYE	RNKAAE	degade	degade
4bxh_2	LLRMSN	LLRRLN	degade	degade
4bxh_2	SNYFIE	LNYRSE	degade	degade
4bxh_13	LDALEI	KDAICI	degade	degade
4bxh_14	LLRMSN	LLRRLN	degade	degade
4bxh_14	SNYFIE	LNYRSE	degade	degade
4bxh_17	LNCQTL	LNCLTL	degade	degade
4bxh_19	LDALEI	KDAICI	degade	degade
4bxh_20	LLRMSN	LLRRLN	degade	degade
4bxh_20	SNYFIE	LNYRSE	degade	degade
4bxh_23	LNCQTL	LNCLTL	degade	degade
4cdr_6	IPAIYR	APALCR	degade	degade
4cgk_4	MLQQDK	ILQVIK	degade	degade
4cgk_4	DKAIKQ	IKAQLQ	degade	degade
4cgk_4	KQANAI	LQANLI	degade	degade
4cgk_4	AITVNQ	LITSLQ	degade	degade
4cgk_4	NQKLDA	LQKILA	degade	degade
4cgk_4	DAALKQ	LAAIRQ	degade	degade
4cgk_4	KQELA-	RQELQ-	degad-	degad-
4cz9_6	NDLAAT	VDLGIT	degade	degade
4cz9_6	ATFIL-	ITFTH-	degad-	degad-
4dci_1	ISGIAD	LSGKLD	degade	degade
4dci_1	ADQLL-	LDQQV-	degad-	degad-
4dji_3	SALLVL	MALVAL	degade	degade
4djk_1	MLFVA-	VLFIW-	degad-	degad-
4dkf_3	VLSLTE	LLSELE	degade	degade
4dvq_2	VWEHAW	AWEMSW	degade	degade
4dyl_6	VQTLVT	KQTLAT	degade	degade
4dyl_6	VTELAT	ATELAT	degade	degade
4dyl_6	ATMVRQ	ATMQLQ	degade	degade
4dyl_6	RQMVLQ	LQMQLQ	degade	degade
4e40_1	AAVAAL	SAVLDL	degade	degade
4e40_1	ALHVEV	DLHVRV	degade	degade
4e40_1	EVIVKV	RVILAV	degade	degade
4e40_1	KVEILT	AVEAQT	degade	degade
4e40_1	LTGAHA	QTGAAA	degade	degade
4e40_3	AAVAAL	SAVLDL	degade	degade
4e40_3	ALHVEV	DLHVRV	degade	degade
4e40_3	EVIVKV	RVILAV	degade	degade
4e40_3	KVEILT	AVEAQT	degade	degade
4e40_3	LTGAHA	QTGAAA	degade	degade
4eeb_1	FRVYTI	LRVAII	degade	degade
4eeb_1	TIIAVE	IIIRLE	degade	degade
4f7r_2	VSIEE-	ISIRI-	degad-	degad-
4fyg_1	LKQVYE	KKQLVE	degade	degade
4fyg_1	YESIQE	VESYAE	degade	degade
4fyg_1	QEAIL-	AEAYE-	degad-	degad-
4g63_2	LQQIVD	IQQIAD	degade	degade
4g63_2	VDQILL	ADQKLL	degade	degade
4g63_3	LQQIVD	IQQIAD	degade	degade
4g63_3	VDQILL	ADQKLL	degade	degade
4gam_0	SNLEEY	ENLTCY	degade	degade
4gam_3	LEKVL-	AEKLF-	degad-	degad-
4gbr_1	CVASTL	FVALAL	degade	degade
4gbr_1	TLVID-	ALVMA-	degad-	degad-
4gpk_0	KLEWA-	ILELE-	degad-	degad-
4gpk_22	TLNMI-	YLNLA-	degad-	degad-
4gz5_1	IEAVYR	AEALVR	degade	degade
4gz5_8	IEAVYR	AEALVR	degade	degade
4gz5_15	IEAVYR	AEALVR	degade	degade
4gz5_22	IEAVYR	AEALVR	degade	degade
4gz5_43	IEAVYR	AEALVR	degade	degade
4gz5_64	IEAVYR	AEALVR	degade	degade
4gz6_1	IEAVYR	AEALVR	degade	degade
4h73_0	LYMLF-	IYMAA-	degad-	degad-
4h73_2	LYMLFR	VYMEIR	degade	degade
4h8s_5	QNMCT-	HNMAL-	degad-	degad-
4h9r_1	LELLYV	LELLLV	degade	degade
4hvs_1	LSSYAK	FSSVIK	degade	degade
4i0u_15	LVLRIW	TVLAVW	degade	degade
4i0u_15	IWLRL-	VWLRV-	degad-	degad-
4i1a_5	LIALF-	TIALV-	degad-	degad-
4i1a_11	FLSLS-	SLSIC-	degad-	degad-
4i1a_12	LIALF-	TIALV-	degad-	degad-
4i1m_0	TLIIA-	NLILQ-	degad-	degad-
4ii4_2	ARHLS-	DRHVF-	degad-	degad-
4ii4_5	ARHLS-	DRHVF-	degad-	degad-
4iu9_2	YICVT-	FICAS-	degad-	degad-
4iwf_1	ITTLL-	CTTIL-	degad-	degad-
4j2c_0	TTELNL	VTEVAL	degade	degade
4j2c_0	NLSIDL	ALSALL	degade	degade
4j41_2	LKIAF-	LKIAF-	degad-	degad-
4j5l_0	LSLAIY	VSLLTY	degade	degade
4j5l_0	IYQLV-	TYQLL-	degad-	degad-
4j8d_2	DCRAI-	YCRAF-	degad-	degad-
4j8e_4	KKAAA-	LKAAL-	degad-	degad-
4j8e_6	DCRAI-	YCRAF-	degad-	degad-
4j8f_7	ASMLVQ	WSMALQ	degade	degade
4j96_1	VSTYA-	LSTLT-	degad-	degad-
4j97_1	VSTYAR	FSTVLR	degade	degade
4j98_1	VSTYAR	FSTVLR	degade	degade
4jeh_1	TKELLM	QKEIFM	degade	degade
4jeh_1	LMDITA	FMDINA	degade	degade
4jeh_1	TAKVKL	NAKVKL	degade	degade
4jt5_2	CIKAL-	AIKAA-	degad-	degad-
4jt5_5	LHLMCF	MHLVMF	degade	degade
4jxy_5	YLTAL-	ALTAA-	degad-	degad-
4jxy_7	YLTAL-	ALTAA-	degad-	degad-
4jxy_9	YLTAL-	ALTAA-	degad-	degad-
4jxy_11	YLTAL-	ALTAA-	degad-	degad-
4jyx_1	YLTAL-	ALTAA-	degad-	degad-
4k1p_2	VQIQME	LQILWE	degade	degade
4k1p_2	MEDLL-	WEDNM-	degad-	degad-
4k1p_3	AARIKQ	LARIIQ	degade	degade
4k1p_3	KQELLI	IQEIEI	degade	degade
4kcf_1	LAEID-	RAELT-	degad-	degad-
4kcf_2	LAEID-	RAELT-	degad-	degad-
4kcf_3	LAEID-	RAELT-	degad-	degad-
4kjs_1	YCTILA	ACTLAA	degade	degade
4kjs_1	LAYMAT	AAYVIT	degade	degade
4l0r_0	LEELLV	LEELLV	degade	degade
4l0r_0	LVRMKA	LVRFMA	degade	degade
4l0r_0	KAQIVR	MAQHLR	degade	degade
4l2c_1	NAQIH-	YAQLL-	degad-	degad-
4l87_0	ADEWCR	IDERIR	degade	degade
4l87_0	CRRALN	IRRICN	degade	degade
4l87_0	LNLKCS	CNLRLS	degade	degade
4l87_0	CSTIK-	LSTRN-	degad-	degad-
4lfe_1	TFEIII	SFELSI	degade	degade
4lfe_1	IILAVR	SILAIR	degade	degade
4li5_1	LNCVAK	FNCIFK	degade	degade
4mbq_0	KLLAY-	ILLVE-	degad-	degad-
4mbq_2	KLLAY-	ILLVE-	degad-	degad-
4mbq_3	KLLAY-	ILLVE-	degad-	degad-
4mh6_0	LRRELK	YRRNIK	degade	degade
4mh6_0	LKRVVK	IKRLKK	degade	degade
4mh6_0	VKTLER	KKTAAR	degade	degade
4mh6_0	ERLLKQ	ARLVQQ	degade	degade
4mh6_0	KQEAAH	QQEVVH	degade	degade
4mh6_0	AHTKFV	VHTLAV	degade	degade
4mh6_0	FVLQEI	AVLVYI	degade	degade
4moa_1	LRTAF-	VRTNL-	degad-	degad-
4moa_2	LRTAF-	VRTNL-	degad-	degad-
4mt0_0	AYNEAE	AYNRAE	degade	degade
4mt0_0	AEAMA-	AEALL-	degad-	degad-
4mt4_7	TYNLAY	AYNKYY	degade	degade
4mt4_7	AYNEL-	YYNLL-	degad-	degad-
4myc_2	ARGSFG	LRGALG	degade	degade
4myc_2	FGLRV-	LGLVF-	degad-	degad-
4myh_1	SQKVS-	FQKAA-	degad-	degad-
4myh_4	SQKVS-	FQKAA-	degad-	degad-
4n2x_2	LDLNNP	IDLTIP	degade	degade
4n2x_2	NPYLI-	IPYKF-	degad-	degad-
4nqi_6	KEELD-	REEVV-	degad-	degad-
4ofz_1	LEDLL-	LEDYL-	degad-	degad-
4ohf_0	IEKIAM	LEKIVM	degade	degade
4ohf_0	AMIKLE	VMIILE	degade	degade
4ohf_1	IEKIAM	LEKIVM	degade	degade
4ohf_1	AMIKLE	VMIILE	degade	degade
4ojj_1	IINKL-	LINEL-	degad-	degad-
4on9_0	YTHLYN	ITHMTN	degade	degade
4on9_3	TSLRN-	ISLQC-	degad-	degad-
4phq_2	LDGILN	VDGNIN	degade	degade
4phq_2	LNAQLL	INAKLL	degade	degade
4phq_2	LLSSFN	LLSIIN	degade	degade
4phq_2	FNASL-	INAKT-	degad-	degad-
4pk7_0	LVVALS	LVVRLS	degade	degade
4pk7_0	LSNMTQ	LSNQIQ	degade	degade
4pk7_0	TQQYE-	IQQMI-	degad-	degad-
4po5_3	FDIIM-	VDIKA-	degad-	degad-
4po5_4	FDIIM-	VDIKA-	degad-	degad-
4po5_5	FDIIM-	VDIKA-	degad-	degad-
4po5_6	FDIIM-	VDIKA-	degad-	degad-
4po5_7	FDIIM-	VDIKA-	degad-	degad-
4po5_8	FDIIM-	VDIKA-	degad-	degad-
4po5_9	FDIIM-	VDIKA-	degad-	degad-
4po5_10	FDIIM-	VDIKA-	degad-	degad-
4po5_11	FDIIM-	VDIKA-	degad-	degad-
4po5_12	FDIIM-	VDIKA-	degad-	degad-
4po5_13	FDIIM-	VDIKA-	degad-	degad-
4po5_14	FDIIM-	VDIKA-	degad-	degad-
4po5_15	FDIIM-	VDIKA-	degad-	degad-
4po5_16	FDIIM-	VDIKA-	degad-	degad-
4po5_17	FDIIM-	VDIKA-	degad-	degad-
4po5_18	FDIIM-	VDIKA-	degad-	degad-
4po5_19	FDIIM-	VDIKA-	degad-	degad-
4po5_20	FDIIM-	VDIKA-	degad-	degad-
4po5_21	FDIIM-	VDIKA-	degad-	degad-
4po5_22	FDIIM-	VDIKA-	degad-	degad-
4po5_23	FDIIM-	VDIKA-	degad-	degad-
4q4h_0	TGLMVA	FGLAFA	degade	degade
4q4h_0	VAIGGG	FAIECG	degade	degade
4q4h_0	GGGCFA	CGGQLA	degade	degade
4q50_3	ITTLL-	CTTIL-	degad-	degad-
4q50_6	ITTLL-	CTTIL-	degad-	degad-
4qnh_1	HQKFA-	EQKIN-	degad-	degad-
4qq5_1	VSAYAR	FSAVLR	degade	degade
4qq5_2	VSAYAR	FSAVLR	degade	degade
4r42_5	LVLLEI	LVLIEI	degade	degade
4r42_5	EIHTFM	EIHRYM	degade	degade
4rsi_2	KKHKLQ	LKHIAQ	degade	degade
4rsi_2	LQLILK	AQLALK	degade	degade
4rsi_2	LKKLL-	LKKLA-	degad-	degad-
4ryj_1	LIYFSA	CIYATA	degade	degade
4ryj_1	SAATS-	TAAIS-	degad-	degad-
4tma_1	TIELAR	LIEILR	degade	degade
4tma_3	TIELAR	LIEYLR	degade	degade
4tma_3	ARRALE	LRRILE	degade	degade
4u0q_0	EYLFSD	IYLMID	degade	degade
4u0q_0	SDLRLY	IDLIHY	degade	degade
4u0q_0	LYTFKE	HYTIKE	degade	degade
4u0q_0	KEHLI-	KEHIK-	degad-	degad-
4u4w_3	MSLYTF	FSLFAF	degade	degade
4u4w_3	TFSFFS	AFSSTS	degade	degade
4w6v_2	ITFVIL	FTFSLL	degade	degade
4w6v_2	ILAAFA	LLAALA	degade	degade
4w8p_3	SAGLT-	HAGVS-	degad-	degad-
4w8p_6	SAGLT-	HAGVS-	degad-	degad-
4whe_0	ALEKLT	MLELVT	degade	degade
4whe_0	LTLILE	VTLSAE	degade	degade
4whe_0	LEEVVD	AEEKLD	degade	degade
4whe_0	VDTLMK	LDTIAK	degade	degade
4whe_0	MKEILE	AKEEWE	degade	degade
4whe_0	LEKLT-	WEKAA-	degad-	degad-
4wjg_3	NLLFET	SLLVTT	degade	degade
4wjg_3	ETAVAR	TTAGHR	degade	degade
4wjg_3	ARHVHR	HRHVVR	degade	degade
4wl1_2	MKQVQ-	NKQLL-	degad-	degad-
4wl1_5	MKQVQ-	NKQLL-	degad-	degad-
4wl1_7	MKQVQ-	NKQLL-	degad-	degad-
4wlp_1	NQLIE-	YQLIL-	degad-	degad-
4wqt_0	ARRLVR	LRRELR	degade	degade
4xlx_4	LNELHT	LNEILT	degade	degade
4xoi_0	AELLAT	LELIQT	degade	degade
4xoi_0	ATKRLI	QTKIAI	degade	degade
4xpx_0	QLALYV	QLAIMV	degade	degade
4xpx_0	YVMHS-	MVMLT-	degad-	degad-
4yjw_0	LSALYK	NSALSK	degade	degade
4yjw_0	YKVII-	SKVFN-	degad-	degad-
4z2c_1	TRDKAE	IRDYLE	degade	degade
4z2c_1	AERALE	LERILE	degade	degade
5azo_0	AYQLAQ	TYQVLQ	degade	degade
5azo_0	AQREAL	LQRAAL	degade	degade
5azo_0	ALNLQ-	ALNIL-	degad-	degad-
5azs_7	AYSYAL	AYSQNL	degade	degade
5azs_7	ALRLTR	NLRKAR	degade	degade
5azs_7	TRTLR-	ARTLL-	degad-	degad-
5c21_1	QEKYAA	KEKRIA	degade	degade
5c21_1	AAELYK	IAEIYK	degade	degade
5c21_1	YKQLIE	YKQSEE	degade	degade
5c21_1	IEEIA-	EEELF-	degad-	degad-
5c22_4	ILKLTT	TLKLTT	degade	degade
5c22_4	TTNILT	TTNQYT	degade	degade
5c5b_4	QNLSTH	INLSHH	degade	degade
5c5b_4	THTSL-	HHTSL-	degad-	degad-
5duo_5	MAALVM	FAALAM	degade	degade
5duo_5	VMMWVA	AMMTNA	degade	degade
5ero_4	CLRLLL	LLRLEL	degade	degade
5ero_4	LLRCI-	ELRIL-	degad-	degad-
5frg_0	LQRILS	TQRILS	degade	degade
5frg_0	LSELEM	LSEINM	degade	degade
5frg_0	EMQKL-	NMQLV-	degad-	degad-
5gap_6	ANILLW	INIIMW	degade	degade
5gap_6	LWLQI-	MWLLL-	degad-	degad-
5gip_0	IATILY	RATAAY	degade	degade
5gip_0	LYIRLN	AYIMIN	degade	degade
5gip_0	LNYLVM	INYIFM	degade	degade
5h69_0	RNELLS	HNELAS	degade	degade
5h69_0	LSKLMD	ASKRTD	degade	degade
5h69_0	MDTILE	TDTQLE	degade	degade
5hkk_1	LLKYTL	ILKIVL	degade	degade
5hkk_1	TLYSLD	VLYRTD	degade	degade
5hkk_1	LDKAFG	TDKKAG	degade	degade
5hkk_1	FGRMMG	AGRLAG	degade	degade
5hkk_1	MGATAT	AGAAAT	degade	degade
5hkk_1	ATMLLT	ATMAIT	degade	degade
5i6r_2	TEFYKM	LEFLLM	degade	degade
5i6r_2	KMEYGR	LMENVR	degade	degade
5i6r_2	GRLILQ	VRLMTQ	degade	degade
5i6r_2	LQKHL-	TQKII-	degad-	degad-
5ic1_1	SATMSA	HATVSA	degade	degade
5ic1_1	SAGLT-	SAGLS-	degad-	degad-
5ic1_3	LHQMAV	KHQMYV	degade	degade
5ic1_3	AVEILI	YVELAI	degade	degade
5ir6_2	HRALTM	ARAMAM	degade	degade
5ir6_2	TMTAFS	AMTAAS	degade	degade
5j1i_4	QTVREL	KTVCFL	degade	degade
5j1i_4	ELQLQL	FLQYAL	degade	degade
5j1i_4	QLYYSA	ALYYQA	degade	degade
5j9t_2	LDEISL	NDELEL	degade	degade
5j9t_2	SLKCLQ	ELKYKQ	degade	degade
5knd_0	LKKQLM	KKKLVM	degade	degade
5knd_0	LMQFLI	VMQCMI	degade	degade
5knd_0	LIKNLR	MIKITR	degade	degade
5knd_0	LRAIE-	TRAVL-	degad-	degad-
5koy_4	FSLFLG	LSLFIG	degade	degade
5koy_4	LGIST-	IGIVV-	degad-	degad-
5krw_2	IKTLEQ	YKTFLQ	degade	degade
5krw_2	EQLKLQ	LQLMLQ	degade	degade
5krw_2	LQRLLS	LQRSLS	degade	degade
5krw_2	LSLIV-	LSLFM-	degad-	degad-
5l0g_1	NANLSV	VANIIV	degade	degade
5l0g_1	SVETE-	IVELL-	degad-	degad-
5lb7_2	WQVWIN	YQVMYN	degade	degade
5lb7_2	INEAVK	YNELMK	degade	degade
5lhg_0	TQELLL	LQEYLL	degade	degade
5lhg_0	LLKMLK	LLKQLK	degade	degade
5lhg_0	LKKIL-	LKKLL-	degad-	degad-
5lm1_2	LKYLNL	IKYVML	degade	degade
5lm1_2	NLAQVL	MLARLL	degade	degade
5lm1_2	VLALA-	LLALL-	degad-	degad-
5m4y_3	NLRYII	YLRALI	degade	degade
5m4y_3	IIQIQ-	LIQLD-	degad-	degad-
5me8_1	AYKCYS	NYKMLS	degade	degade
5me8_1	YSDKLA	LSDTKA	degade	degade
5me8_1	LAQTM-	KAQIL-	degad-	degad-
5mk0_11	VQKIFA	SQKVYA	degade	degade
5mk0_11	FAVAH-	YAVCL-	degad-	degad-
5n72_1	LLLKIE	ILLLIE	degade	degade
5n72_1	IENLAE	IENIAE	degade	degade
5n72_1	AESKLE	AESIIE	degade	degade
5n9y_6	MQIALG	LQIRMG	degade	degade
5n9y_6	LGGLID	MGGRYD	degade	degade
5nen_2	VRQLTQ	ARQVLQ	degade	degade
5nen_2	TQDAFR	LQDYTR	degade	degade
5nen_2	FRKLAD	TRKELD	degade	degade
5nen_3	VQQFVN	IQQLLN	degade	degade
5nen_3	VNSITV	LNSRKV	degade	degade
5nen_3	TVRILQ	KVRLLQ	degade	degade
5nen_3	LQQLS-	LQQMM-	degad-	degad-
5nfd_1	LLQRLT	ILQMLT	degade	degade
5nfd_1	LTRRLS	LTRIIS	degade	degade
5nfd_1	LSRRI-	ISRIC-	degad-	degad-
5ng5_28	AYNVAI	VYNEAI	degade	degade
5ng5_28	AIVLTQ	AIVLAQ	degade	degade
5ng5_28	TQQKI-	AQQLI-	degad-	degad-
5o66_16	SFNISI	AFNLAI	degade	degade
5o66_16	SISIYK	AISLAK	degade	degade
5o66_16	YKAVAQ	AKAYNQ	degade	degade
5och_10	LSHLLY	VSHILY	degade	degade
5och_10	LYVQL-	LYVLV-	degad-	degad-
5odw_1	YKQILK	IKQKVK	degade	degade
5odw_1	LKTSLE	VKTMKE	degade	degade
5odw_1	LEKAL-	KEKLI-	degad-	degad-
5oo6_9	LEQILQ	IEQLAQ	degade	degade
5oo6_9	LQKVA-	AQKLQ-	degad-	degad-
5ot4_9	LEELVR	YEESCR	degade	degade
5ot4_9	VRDLYK	CRDVLK	degade	degade
5ot4_9	YKIQLE	LKIVLE	degade	degade
5ouw_1	LDLIQI	MDLFEI	degade	degade
5ouw_1	QISEFA	EISTIA	degade	degade
5ouw_1	FALLV-	IALYA-	degad-	degad-
5owv_2	CELENQ	LELKLQ	degade	degade
5owv_2	NQFVFD	LQFRID	degade	degade
5owv_2	FDLLF-	IDLRI-	degad-	degad-
5sx9_0	IMNYLK	VMNLYK	degade	degade
5sx9_0	LKRIII	YKRFKI	degade	degade
5sx9_0	IISRLE	KISYLE	degade	degade
5sx9_0	LEDLQA	LEDYTA	degade	degade
5sx9_0	QAEYID	TAEIKD	degade	degade
5sx9_0	IDRMIK	KDRIFK	degade	degade
5sx9_0	IKDLLR	FKDIFR	degade	degade
5sx9_0	LRTRYL	FRTCQL	degade	degade
5szj_1	IMQELE	VMQLVE	degade	degade
5szj_1	LEHQLE	VEHRLE	degade	degade
5szj_1	LEKLK-	LEKLQ-	degad-	degad-
5t8n_0	IELLVE	LELILE	degade	degade
5t8n_0	VETMME	LETQLE	degade	degade
5t8n_0	MEQLI-	LEQIQ-	degad-	degad-
5u1a_9	LQYVQH	FQYYEH	degade	degade
5u1a_9	QHEEFK	EHESIK	degade	degade
5u1a_9	FKILI-	IKIVA-	degad-	degad-
5uz7_1	LHFHMM	LHFMTM	degade	degade
5uz7_1	MMCNWM	TMCNIM	degade	degade
5v5s_20	ALDAAN	ALDLAN	degade	degade
5v5s_20	ANAVAK	ANAAAK	degade	degade
5v5s_20	AKAVA-	AKAVY-	degad-	degad-
5vxj_10	HSQIDV	TSQITV	degade	degade
5vxj_10	DVKSL-	TVKLE-	degad-	degad-
5w3s_2	DAVICL	DAVISL	degade	degade
5w3s_2	CLSLC-	SLSMQ-	degad-	degad-
5wjt_25	MRQILE	VRQIVE	degade	degade
5wjt_25	LEASSQ	VEARLQ	degade	degade
5wjt_25	SQGIIQ	LQGQLQ	degade	degade
5wjt_25	IQAELT	LQAILT	degade	degade
5wjt_25	LTTHLQ	LTTGLQ	degade	degade
5wjt_25	LQVRV-	LQVEI-	degad-	degad-
5x11_5	FTQLRK	LTQLEK	degade	degade
5x11_5	RKKLLQ	EKKVLQ	degade	degade
5x11_5	LQSYL-	LQSLI-	degad-	degad-
5xbj_0	NNVNNE	SNVLAE	degade	degade
5xbj_0	NELYVY	AELLTY	degade	degade
5xei_1	YDKKAL	ADKFVL	degade	degade
5xei_1	ALELAE	VLEYLE	degade	degade
5xei_1	AENLVD	LENRLD	degade	degade
5xei_1	VDLIVK	LDLKIK	degade	degade
5xei_1	VKQLLE	IKQIIE	degade	degade
5xg2_0	VVELAR	LVELAR	degade	degade
5xg2_0	ARSLGE	ARSLVE	degade	degade
5xg2_0	GERIAE	VEREVE	degade	degade
5xg2_0	AEEKLK	VEEIAK	degade	degade
5xg2_0	LKEIGE	AKEILE	degade	degade
5xg2_0	GERLLR	LERIER	degade	degade
5xg2_0	LRRALR	ERRLLR	degade	degade
5xg2_0	LRLVKR	LRLILR	degade	degade
5xg2_0	KREIL-	LRERL-	degad-	degad-
5xsj_4	DFAAIA	IFALTA	degade	degade
5xsj_4	IAYCYA	TAYYSA	degade	degade
5xu0_0	AQAYAS	IQALAS	degade	degade
5xu0_0	ASAVAD	ASARAD	degade	degade
5xu0_0	ADHILN	ADHLAN	degade	degade
5xub_2	AQYLLG	PQYEIG	degade	degade
5xub_2	LGLLQR	IGLNVR	degade	degade
5y05_1	LQRQLE	LQRRVE	degade	degade
5y05_1	LEQLVM	VEQLLM	degade	degade
5y05_1	VMRRLM	LMRLLM	degade	degade
5y05_1	LMEREL	LMEVYL	degade	degade
5y05_1	ELRVLQ	YLRIVQ	degade	degade
5yw8_16	LILLWT	TILVYT	degade	degade
5yw8_16	WTAFKT	YTALET	degade	degade
5yx5_2	CLKLLC	FLKFHC	degade	degade
5yx5_2	LCICL-	HCILI-	degad-	degad-
5ziy_0	IASKLT	IASTVT	degade	degade
5ziy_0	LTTELQ	VTTMMQ	degade	degade
6b87_1	LLEILV	SLEQLV	degade	degade
6b87_1	LVNILV	LVNLLV	degade	degade
6b87_1	LVIILV	LVILLV	degade	degade
6b87_1	LVVILA	LVVLLA	degade	degade
6b87_1	LATQL-	LATLL-	degad-	degad-
6bmm_1	VLLFSA	LLLLCA	degade	degade
6bmm_1	SAFFVL	CAFAVL	degade	degade
6bqt_19	YKVVRR	IKVRVR	degade	degade
6bqt_19	RRAWIS	VRALIS	degade	degade
6bw6_1	HVSLMI	AVSLSI	degade	degade
6bw6_1	MIFFTL	SIFINL	degade	degade
6c48_1	QVRLIL	IVRLLL	degade	degade
6c48_1	ILIKHI	LLILVI	degade	degade
6c48_1	HIKLM-	VIKVY-	degad-	degad-
6cno_7	YTEMSA	HTELAA	degade	degade
6cno_7	SARVEA	AARFVA	degade	degade
6cno_7	EAMFH-	VAMHL-	degad-	degad-
6d3r_0	LGMMYR	MGMILR	degade	degade
6d3r_0	YRKRKI	LRKELI	degade	degade
6d3r_0	KIERIT	LIEAVT	degade	degade
6d7k_1	SNLEEY	YNLVEY	degade	degade
6d7k_1	EYAISA	EYATCA	degade	degade
6djl_6	YYQLLK	EYQLSK	degade	degade
6djl_6	LKTVLQ	SKTIRQ	degade	degade
6djl_6	LQKLAK	RQKLAK	degade	degade
6djl_6	AKEYAL	AKEFVL	degade	degade
6djl_7	ARVAAQ	ARVVAQ	degade	degade
6djl_7	AQEAAT	AQEKST	degade	degade
6djl_7	ATDFAT	STDHTT	degade	degade
6djl_7	ATVLAK	TTVYAK	degade	degade
6djl_7	AKTIA-	AKTML-	degad-	degad-
6ehs_0	LQILQY	YQIIAY	degade	degade
6ehs_0	QYALN-	AYATH-	degad-	degad-
6ewy_0	TRKFQR	ARKLLR	degade	degade
6ewy_0	QREVL-	LREVE-	degad-	degad-
6fws_1	CQLATE	MQLLFE	degade	degade
6fws_1	TELRAE	FELSWE	degade	degade
6gka_0	IQHIER	FQHAER	degade	degade
6gka_0	ERASYL	ERAAFL	degade	degade
6gy6_32	FGKAAR	LGKILR	degade	degade
6gy6_32	ARQKLI	LRQIKI	degade	degade
6gy6_32	LIEVLQ	KIEIFQ	degade	degade
6gy6_32	LQQVKS	FQQYYS	degade	degade
6gy7_1	LAARLS	TAAKLS	degade	degade
6gy7_1	LSQILI	LSQIKI	degade	degade
6gy7_1	LIETLK	KIERLK	degade	degade
6gy7_1	LKKIVE	LKKRIE	degade	degade
6gy7_1	VERLL-	IERQI-	degad-	degad-
6gy8_4	LNLDWN	TNLKVN	degade	degade
6gy8_4	WNMLI-	VNMKL-	degad-	degad-
6h2d_8	LATLTQ	SATNIQ	degade	degade
6h2d_8	TQKVLE	IQKNLE	degade	degade
6h2d_8	LEQVIE	LEQGLE	degade	degade
6h2d_8	IEQIQQ	LEQILQ	degade	degade
6h2d_8	QQFLTT	LQFLAT	degade	degade
6h2d_8	TTFSFG	ATFLLG	degade	degade
6h2f_19	LSIKAT	SSIRLT	degade	degade
6h2f_19	ATYQSS	LTYRLS	degade	degade
6h2f_19	SSTRIV	LSTVAV	degade	degade
6h2f_19	IVLNLI	AVLGYI	degade	degade
6h2f_19	LIDSFQ	YIDQAQ	degade	degade
6h2f_19	FQIVLN	AQIVAN	degade	degade
6h2f_19	LNKVDN	ANKSWN	degade	degade
6h2f_19	DNVLLN	WNVTLN	degade	degade
6h2f_19	LNDIVN	LNDILN	degade	degade
6h2x_0	QQKIYE	LQKLAE	degade	degade
6h2x_0	YEDLLQ	AEDRAQ	degade	degade
6h2x_0	LQRLQN	AQRLHN	degade	degade
6h2x_0	QNVVAI	HNVLYI	degade	degade
6h2x_0	AIRQNE	YIRLLE	degade	degade
6h2x_0	NERAAE	LERYKE	degade	degade
6h2x_0	AEEVLK	KEELLK	degade	degade
6h2x_0	LKQLY-	LKQLI-	degad-	degad-
6hgc_1	LQLLLD	LQLQVD	degade	degade
6hgc_1	LDEIN-	VDELL-	degad-	degad-
6i1r_2	TTMVNL	VTMLLL	degade	degade
6i1r_2	NLSTLV	LLSQLV	degade	degade
6i8a_1	AKMIYD	FKMRFD	degade	degade
6i8a_1	YDLQHK	FDLAWK	degade	degade
6jbj_0	LILNLK	MILLLK	degade	degade
6jbj_0	LKFDTC	LKFEVC	degade	degade
6jbj_2	EHRTRL	KHRQLL	degade	degade
6jbj_2	RLRLTQ	LLRFKQ	degade	degade
6jfk_0	TVAKAE	MVAILE	degade	degade
6jfk_0	AEVRMD	LEVQAD	degade	degade
6jfk_0	MDLHAR	ADLRAR	degade	degade
6jfk_0	ARQQCE	ARQDLE	degade	degade
6kk1_1	VFLMCV	IFLLSV	degade	degade
6kk1_1	CVANWL	SVARSL	degade	degade
6kk8_0	IGLLGG	LGLFEG	degade	degade
6kk8_0	GGHAYG	EGHRKG	degade	degade
6kkt_1	LMYLNL	SMYMCL	degade	degade
6kkt_1	NLCAT-	CLCMS-	degad-	degad-
6n9h_0	AQKLLV	LQKNIV	degade	degade
6n9h_0	LVQLAL	IVQVIL	degade	degade
6n9h_0	ALELSL	ILELAL	degade	degade
6nq7_0	SVGTFS	DVGLNS	degade	degade
6nq7_0	FSYID-	NSYFI-	degad-	degad-
6nrb_14	LENLAT	LENKLT	degade	degade
6nrb_14	ATNLLE	LTNIIE	degade	degade
6nrb_14	LEDLL-	IEDLL-	degad-	degad-
6nrb_16	LDEVLS	FDEILS	degade	degade
6nrb_16	LSSILK	LSSMIK	degade	degade
6nrb_16	LKVQYV	IKVLKV	degade	degade
6nrb_16	YVAKL-	KVAKV-	degad-	degad-
6nrc_0	LQKVTQ	LQKKLQ	degade	degade
6nrc_0	TQKVAD	LQKVAD	degade	degade
6nrc_0	ADQIL-	ADQIM-	degad-	degad-
6nrc_5	VGRLIT	LGRLST	degade	degade
6nrc_5	ITEIYE	STERLE	degade	degade
6nrc_5	YEQLLE	LEQLNE	degade	degade
6nrd_16	LEAKLQ	KEAFNQ	degade	degade
6nrd_16	LQEILE	NQEILE	degade	degade
6nrd_16	LERVIQ	LERIKQ	degade	degade
6nrd_16	IQVLLK	KQVLLK	degade	degade
6o2p_2	TLWASS	TLWFLS	degade	degade
6o2p_2	SSDVL-	LSDVA-	degad-	degad-
6ogd_2	AEEVVE	NEELLE	degade	degade
6ogd_2	VEQIQN	LEQKAN	degade	degade
6oit_0	AEKMLK	LEKLMK	degade	degade
6oit_0	LKKKTL	MKKIHL	degade	degade
6oit_0	TLDIEQ	HLDLLQ	degade	degade
6oit_0	EQLRAV	LQLKMV	degade	degade
6oit_0	AVNFKK	MVNILK	degade	degade
6oit_0	KKEFC-	LKEML-	degad-	degad-
6pfv_1	LHAMLA	LHARAA	degade	degade
6pfv_1	LAYEIS	AAYELS	degade	degade
6pfv_1	ISRRLQ	LSRRLQ	degade	degade
6pfv_1	LQTACS	LQTILS	degade	degade
6pfv_1	CSEIR-	LSELR-	degad-	degad-
6pzi_3	VAKLAQ	SAKFYQ	degade	degade
6pzi_3	AQTTH-	YQTSM-	degad-	degad-
6quz_2	YMILIY	TMIVFY	degade	degade
6quz_2	IYLTLF	FYLSLF	degade	degade
6quz_2	LFLQIM	LFLSLM	degade	degade
6quz_3	YFENVL	VFELVL	degade	degade
6quz_3	VLQLI-	VLQAF-	degad-	degad-
6r9t_3	CTDLST	ATDVGT	degade	degade
6r9t_3	STAVAI	GTALAI	degade	degade
6raf_4	LNLYKS	RNLAVS	degade	degade
6raf_4	KSALV-	VSAIL-	degad-	degad-
6ran_2	YAAISA	FAATFA	degade	degade
6ran_2	SALSL-	FALAA-	degad-	degad-
6rko_2	TRTAAA	LRTVGA	degade	degade
6rko_2	AAVTCF	GAVTAF	degade	degade
6rw6_3	AEELID	QEEAID	degade	degade
6rw6_3	IDQLLA	IDQLQA	degade	degade
6rw6_3	LARRAV	QARILV	degade	degade
6rw6_3	AVQKLK	LVQKLK	degade	degade
6rw6_3	LKQQTQ	LKQKAQ	degade	degade
6rw6_3	TQQLL-	AQQFY-	degad-	degad-
6rw6_14	MLNAMV	LLNYFV	degade	degade
6rw6_14	MVQLFG	FVQARG	degade	degade
6rw6_14	FGTLI-	RGTAA-	degad-	degad-
6rwb_3	QNNILQ	ANNALQ	degade	degade
6rwb_3	LQNLTN	LQNYVN	degade	degade
6rwb_3	TNLKAK	VNLLAK	degade	degade
6rx4_3	AKSFAA	AKSVAA	degade	degade
6rx4_3	AAFGAV	AAFLSV	degade	degade
6tdy_0	YARIVE	WARLYE	degade	degade
6tdy_0	VEQLIT	YEQHVT	degade	degade
6tdy_0	ITLMAD	VTLKTD	degade	degade
6ud8_4	YMSLCA	AMSLYA	degade	degade
6ud8_4	CALIAI	YALFYI	degade	degade
6ud8_4	AIHIF-	YIHMT-	degad-	degad-
1b3q_1	KLNLLM	ILNLVM	degade	degade
1ii8_1	VKEILE	FKEYLE	degade	degade
1ii8_1	LEAKTE	LEAKIE	degade	degade
1ii8_1	TELIVK	IELIYK	degade	degade
1ory_6	NLTII-	MLTTQ-	degad-	degad-
1yc9_2	KTQAQ-	ATQAL-	degad-	degad-
2ch7_3	RISISV	AISIMV	degade	degade
2ch7_3	SVETGS	MVEIAS	degade	degade
2ch7_3	GSEIAT	ASEQAT	degade	degade
2ch7_3	ATNISA	ATNIAA	degade	degade
2ch7_3	SAQAFA	AAQNNA	degade	degade
2ch7_3	FAQSL-	NAQIS-	degad-	degad-
2hsq_3	AVNLV-	KVNVA-	degad-	degad-
2hsq_6	AVNLV-	KVNVA-	degad-	degad-
2hsq_9	AVNLV-	KVNVA-	degad-	degad-
2hsq_12	AVNLV-	KVNVA-	degad-	degad-
2hsq_15	AVNLV-	KVNVA-	degad-	degad-
2jee_0	AQQRLE	LQQVAE	degade	degade
2jee_0	LEENLK	AEEILK	degade	degade
2jee_0	LKQQWQ	LKQILQ	degade	degade
2jee_0	WQRLLL	LQRNLL	degade	degade
2jee_1	LEKVAI	LEKQWI	degade	degade
2jee_1	AITILQ	WITLLQ	degade	degade
2nvy_2	CNIILG	INIQVG	degade	degade
2nvy_2	LGLKF-	VGLLL-	degad-	degad-
2nvy_5	CNIILG	INIQVG	degade	degade
2nvy_5	LGLKF-	VGLLL-	degad-	degad-
2oto_1	ATLELE	LTLKLE	degade	degade
2oto_1	LEKKLE	LEKIAE	degade	degade
2oto_1	LEAIAS	AEAYAS	degade	degade
2oto_1	ASDYAN	ASDELN	degade	degade
2oto_2	ATLELE	LTLKLE	degade	degade
2oto_2	LEKKLE	LEKIAE	degade	degade
2oto_2	LEAIAS	AEAYAS	degade	degade
2oto_2	ASDYAN	ASDELN	degade	degade
2quf_0	IEYRLM	MEYFAM	degade	degade
2quf_0	LMKIA-	AMKLV-	degad-	degad-
2x7r_0	YTLILI	NTLAAI	degade	degade
3aqb_0	SKILCF	LKIVAF	degade	degade
3fpp_10	NQKEAT	AQKRAT	degade	degade
3fpp_10	ATMEA-	ATMTT-	degad-	degad-
3htk_0	LLKQLL	LLKVLL	degade	degade
3htk_0	LLKMSM	LLKCKM	degade	degade
3htk_0	SMSLCQ	KMSFAQ	degade	degade
3htk_0	CQELTQ	AQEIIQ	degade	degade
3htk_0	TQLQAQ	IQLLIQ	degade	degade
3htk_0	AQMDM-	IQMVK-	degad-	degad-
3n24_1	LQLQAL	HQLISL	degade	degade
3thf_3	LNKILK	LNKISK	degade	degade
3thf_3	LKEQI-	SKELL-	degad-	degad-
3thf_5	LNKILK	LNKISK	degade	degade
3thf_5	LKEQI-	SKELL-	degad-	degad-
4b7y_2	CLQILQ	ILQCKQ	degade	degade
4b7y_2	LQDLQ-	KQDYQ-	degad-	degad-
4d10_12	LQWCCE	IQWHVE	degade	degade
4d10_12	CEVLI-	VEVLV-	degad-	degad-
4iyl_1	TEQVLT	LEQRLT	degade	degade
4k7r_4	ANDIIR	RNDMLR	degade	degade
4k7r_4	IRQQVN	LRQEAN	degade	degade
4kp4_0	SHLRLT	IHLNIT	degade	degade
4kp4_0	LTIRA-	ITIIL-	degad-	degad-
4mt4_3	TILQNA	AILAEA	degade	degade
4mt4_3	NAASSY	EAALNY	degade	degade
4qjv_0	AQIFAR	LQIMSR	degade	degade
4qjv_0	ARVLW-	SRVIL-	degad-	degad-
4wfd_1	ERKLIN	LRKSSN	degade	degade
4y1k_3	TFEQAQ	RFETEQ	degade	degade
4y1k_3	AQDLAS	EQDAAS	degade	degade
4yv4_0	EENALV	LENRIV	degade	degade
4yv4_0	LVMQMS	IVMTRS	degade	degade
5azp_7	SLRQAS	LLRAAS	degade	degade
5azp_7	ASAAQ-	ASAAP-	degad-	degad-
5gna_1	YKQFLD	IKQLED	degade	degade
5gna_1	LDMMLN	EDMKLN	degade	degade
5gna_1	LNTSLT	LNTLLT	degade	degade
5ic9_0	LRQKMG	TRQYIG	degade	degade
5ic9_0	MGNIL-	IGNVS-	degad-	degad-
5j9w_7	LRLHLK	LRLQQK	degade	degade
5j9w_7	LKAKAL	QKACAL	degade	degade
5j9w_7	ALVAEN	ALVLIN	degade	degade
5j9w_7	ENSLIN	INSLLN	degade	degade
5mg8_1	KEQLQL	LEQILL	degade	degade
5mg8_1	QLQLLQ	LLQILQ	degade	degade
5mg8_1	LQEELQ	LQERLQ	degade	degade
5mg8_1	LQKVHE	LQKLME	degade	degade
5mg8_1	HELLT-	MELLL-	degad-	degad-
5n5z_2	LKLMCD	VKLKAD	degade	degade
5ng5_6	AATAAA	AATSGA	degade	degade
5ng5_6	AAETI-	GAEKA-	degad-	degad-
5nl1_3	ASKVSL	ASKLAL	degade	degade
5nl1_3	SLNLL-	ALNLS-	degad-	degad-
5o66_0	SQKQYN	PQKKAN	degade	degade
5o66_0	YNVGEQ	ANVAEQ	degade	degade
5oqm_4	INAMSS	LNARLS	degade	degade
5oqm_4	SSALVS	LSATLS	degade	degade
5wwl_2	IQLEV-	LQLQV-	degad-	degad-
5yfp_1	VRIKLL	ERINKL	degade	degade
5yfp_1	LLEKVE	KLEMVE	degade	degade
5zfp_1	APIALL	VPIMFL	degade	degade
6c5r_5	MRRLMS	LRRALS	degade	degade
6c5r_5	MSEIM-	LSEIA-	degad-	degad-
6epe_11	LKLNLL	IKLKLL	degade	degade
6epe_11	LLIRLE	LLICVE	degade	degade
6ezn_1	FGVMLI	LGVIAI	degade	degade
6kw4_2	SRISYI	KRIILI	degade	degade
6kw4_2	YIESII	LIELSI	degade	degade
6kw4_2	IIELLT	SIEYFT	degade	degade
6nin_14	LTLSL-	ATLLF-	degad-	degad-
6nyx_13	DTKASV	DTKSWV	degade	degade
6nyx_13	SVSSN-	WVSSK-	degad-	degad-
6r7f_12	LHWCCE	IHWHVE	degade	degade
6r7f_12	CEVLI-	VEVLV-	degad-	degad-
6rw6_6	AQKSVR	TQKIKR	degade	degade
6rw6_6	VREALQ	KREEAQ	degade	degade
6rw6_6	LQTST-	AQTVK-	degad-	degad-
6rwb_5	HQTSEQ	NQTVAQ	degade	degade
6rwb_5	EQNMK-	AQNAS-	degad-	degad-
6rx3_5	TMKAT-	NMKLQ-	degad-	degad-
6v00_3	ITLYFL	VTLFTL	degade	degade
