IQRVRTEEREQI	defgabcdefga	EKVTMQNLNDRL	defgabcdefga	161-172-115-126
IQRVRTEEREQI	defgabcdefga	LNDRLASYLDKV	defgabcdefga	161-172-122-133
IQRVRTEEREQI	defgabcdefga	YLDKVRALEEAN	defgabcdefga	161-172-129-140
IQRVRTEEREQI	defgabcdefga	LEEANADLEVKI	defgabcdefga	161-172-136-147
IQRVRTEEREQI	defgabcdefga	YFKTIEDLRNKI	defgabcdefga	161-172-165-176
IQRVRTEEREQI	defgabcdefga	LRNKILTATVDN	defgabcdefga	161-172-172-183
IQRVRTEEREQI	defgabcdefga	ATVDNANVLLQI	defgabcdefga	161-172-179-190
IQRVRTEEREQI	defgabcdefga	VLLQIDNARLAA	defgabcdefga	161-172-186-197
IQRVRTEEREQI	defgabcdefga	ARLAADDFRTKY	defgabcdefga	161-172-193-204
IQRVRTEEREQI	defgabcdefga	FRTKYETELNLR	defgabcdefga	161-172-200-211
IQRVRTEEREQI	defgabcdefga	ELNLRMSVEADI	defgabcdefga	161-172-207-218
IQRVRTEEREQI	defgabcdefga	VEADINGLRRVL	defgabcdefga	161-172-214-225
IQRVRTEEREQI	defgabcdefga	LRRVLDELTLAR	defgabcdefga	161-172-221-232
IQRVRTEEREQI	defgabcdefga	LTLARADLEMQI	defgabcdefga	161-172-228-239
IQRVRTEEREQI	defgabcdefga	LEMQIESLKEEL	defgabcdefga	161-172-235-246
IQRVRTEEREQI	defgabcdefga	LKEELAYLKKNH	defgabcdefga	161-172-242-253
IQRVRTEEREQI	defgabcdefga	LKKNHEEEMNAL	defgabcdefga	161-172-249-260
IQRVRTEEREQI	defgabcdefga	LSRILNEMRDQY	defgabcdefga	161-172-280-291
IQRVRTEEREQI	defgabcdefga	MRDQYEKMAEKN	defgabcdefga	161-172-287-298
IQRVRTEEREQI	defgabcdefga	GKSEISELRRTM	defgabcdefga	161-172-327-338
IQRVRTEEREQI	defgabcdefga	LRRTMQNLEIEL	defgabcdefga	161-172-334-345
IQRVRTEEREQI	defgabcdefga	LEIELQSQLSMK	defgabcdefga	161-172-341-352
IQRVRTEEREQI	defgabcdefga	QLSMKASLENSL	defgabcdefga	161-172-348-359
IQRVRTEEREQI	defgabcdefga	LENSLEETKGRY	defgabcdefga	161-172-355-366
IQRVRTEEREQI	defgabcdefga	IQEMIGSVEEQL	defgabcdefga	161-172-373-384
IQRVRTEEREQI	defgabcdefga	VEEQLAQLRCEM	defgabcdefga	161-172-380-391
IQRVRTEEREQI	defgabcdefga	LRCEMEQQNQEY	defgabcdefga	161-172-387-398
IQRVRTEEREQI	defgabcdefga	QNQEYKILLDVK	defgabcdefga	161-172-394-405
IQRVRTEEREQI	defgabcdefga	LLDVKTRLEQEI	defgabcdefga	161-172-401-412
IQRVRTEEREQI	defgabcdefga	LEQEIATYRRLL	defgabcdefga	161-172-408-419
IQRVRTEEREQI	defgabcdefga	YRRLLEGEDAHL	defgabcdefga	161-172-415-426
EREQIKTLNNKF	defgabcdefga	EKVTMQNLNDRL	defgabcdefga	168-179-115-126
EREQIKTLNNKF	defgabcdefga	LNDRLASYLDKV	defgabcdefga	168-179-122-133
EREQIKTLNNKF	defgabcdefga	YLDKVRALEEAN	defgabcdefga	168-179-129-140
EREQIKTLNNKF	defgabcdefga	LEEANADLEVKI	defgabcdefga	168-179-136-147
EREQIKTLNNKF	defgabcdefga	YFKTIEDLRNKI	defgabcdefga	168-179-165-176
EREQIKTLNNKF	defgabcdefga	LRNKILTATVDN	defgabcdefga	168-179-172-183
EREQIKTLNNKF	defgabcdefga	ATVDNANVLLQI	defgabcdefga	168-179-179-190
EREQIKTLNNKF	defgabcdefga	VLLQIDNARLAA	defgabcdefga	168-179-186-197
EREQIKTLNNKF	defgabcdefga	ARLAADDFRTKY	defgabcdefga	168-179-193-204
EREQIKTLNNKF	defgabcdefga	FRTKYETELNLR	defgabcdefga	168-179-200-211
EREQIKTLNNKF	defgabcdefga	ELNLRMSVEADI	defgabcdefga	168-179-207-218
EREQIKTLNNKF	defgabcdefga	VEADINGLRRVL	defgabcdefga	168-179-214-225
EREQIKTLNNKF	defgabcdefga	LRRVLDELTLAR	defgabcdefga	168-179-221-232
EREQIKTLNNKF	defgabcdefga	LTLARADLEMQI	defgabcdefga	168-179-228-239
EREQIKTLNNKF	defgabcdefga	LEMQIESLKEEL	defgabcdefga	168-179-235-246
EREQIKTLNNKF	defgabcdefga	LKEELAYLKKNH	defgabcdefga	168-179-242-253
EREQIKTLNNKF	defgabcdefga	LKKNHEEEMNAL	defgabcdefga	168-179-249-260
EREQIKTLNNKF	defgabcdefga	LSRILNEMRDQY	defgabcdefga	168-179-280-291
EREQIKTLNNKF	defgabcdefga	MRDQYEKMAEKN	defgabcdefga	168-179-287-298
EREQIKTLNNKF	defgabcdefga	GKSEISELRRTM	defgabcdefga	168-179-327-338
EREQIKTLNNKF	defgabcdefga	LRRTMQNLEIEL	defgabcdefga	168-179-334-345
EREQIKTLNNKF	defgabcdefga	LEIELQSQLSMK	defgabcdefga	168-179-341-352
EREQIKTLNNKF	defgabcdefga	QLSMKASLENSL	defgabcdefga	168-179-348-359
EREQIKTLNNKF	defgabcdefga	LENSLEETKGRY	defgabcdefga	168-179-355-366
EREQIKTLNNKF	defgabcdefga	IQEMIGSVEEQL	defgabcdefga	168-179-373-384
EREQIKTLNNKF	defgabcdefga	VEEQLAQLRCEM	defgabcdefga	168-179-380-391
EREQIKTLNNKF	defgabcdefga	LRCEMEQQNQEY	defgabcdefga	168-179-387-398
EREQIKTLNNKF	defgabcdefga	QNQEYKILLDVK	defgabcdefga	168-179-394-405
EREQIKTLNNKF	defgabcdefga	LLDVKTRLEQEI	defgabcdefga	168-179-401-412
EREQIKTLNNKF	defgabcdefga	LEQEIATYRRLL	defgabcdefga	168-179-408-419
EREQIKTLNNKF	defgabcdefga	YRRLLEGEDAHL	defgabcdefga	168-179-415-426
LNNKFASFIDKV	defgabcdefga	EKVTMQNLNDRL	defgabcdefga	175-186-115-126
LNNKFASFIDKV	defgabcdefga	LNDRLASYLDKV	defgabcdefga	175-186-122-133
LNNKFASFIDKV	defgabcdefga	YLDKVRALEEAN	defgabcdefga	175-186-129-140
LNNKFASFIDKV	defgabcdefga	LEEANADLEVKI	defgabcdefga	175-186-136-147
LNNKFASFIDKV	defgabcdefga	YFKTIEDLRNKI	defgabcdefga	175-186-165-176
LNNKFASFIDKV	defgabcdefga	LRNKILTATVDN	defgabcdefga	175-186-172-183
LNNKFASFIDKV	defgabcdefga	ATVDNANVLLQI	defgabcdefga	175-186-179-190
LNNKFASFIDKV	defgabcdefga	VLLQIDNARLAA	defgabcdefga	175-186-186-197
LNNKFASFIDKV	defgabcdefga	ARLAADDFRTKY	defgabcdefga	175-186-193-204
LNNKFASFIDKV	defgabcdefga	FRTKYETELNLR	defgabcdefga	175-186-200-211
LNNKFASFIDKV	defgabcdefga	ELNLRMSVEADI	defgabcdefga	175-186-207-218
LNNKFASFIDKV	defgabcdefga	VEADINGLRRVL	defgabcdefga	175-186-214-225
LNNKFASFIDKV	defgabcdefga	LRRVLDELTLAR	defgabcdefga	175-186-221-232
LNNKFASFIDKV	defgabcdefga	LTLARADLEMQI	defgabcdefga	175-186-228-239
LNNKFASFIDKV	defgabcdefga	LEMQIESLKEEL	defgabcdefga	175-186-235-246
LNNKFASFIDKV	defgabcdefga	LKEELAYLKKNH	defgabcdefga	175-186-242-253
LNNKFASFIDKV	defgabcdefga	LKKNHEEEMNAL	defgabcdefga	175-186-249-260
LNNKFASFIDKV	defgabcdefga	LSRILNEMRDQY	defgabcdefga	175-186-280-291
LNNKFASFIDKV	defgabcdefga	MRDQYEKMAEKN	defgabcdefga	175-186-287-298
LNNKFASFIDKV	defgabcdefga	GKSEISELRRTM	defgabcdefga	175-186-327-338
LNNKFASFIDKV	defgabcdefga	LRRTMQNLEIEL	defgabcdefga	175-186-334-345
LNNKFASFIDKV	defgabcdefga	LEIELQSQLSMK	defgabcdefga	175-186-341-352
LNNKFASFIDKV	defgabcdefga	QLSMKASLENSL	defgabcdefga	175-186-348-359
LNNKFASFIDKV	defgabcdefga	LENSLEETKGRY	defgabcdefga	175-186-355-366
LNNKFASFIDKV	defgabcdefga	IQEMIGSVEEQL	defgabcdefga	175-186-373-384
LNNKFASFIDKV	defgabcdefga	VEEQLAQLRCEM	defgabcdefga	175-186-380-391
LNNKFASFIDKV	defgabcdefga	LRCEMEQQNQEY	defgabcdefga	175-186-387-398
LNNKFASFIDKV	defgabcdefga	QNQEYKILLDVK	defgabcdefga	175-186-394-405
LNNKFASFIDKV	defgabcdefga	LLDVKTRLEQEI	defgabcdefga	175-186-401-412
LNNKFASFIDKV	defgabcdefga	LEQEIATYRRLL	defgabcdefga	175-186-408-419
LNNKFASFIDKV	defgabcdefga	YRRLLEGEDAHL	defgabcdefga	175-186-415-426
FIDKVRFLEQQN	defgabcdefga	EKVTMQNLNDRL	defgabcdefga	182-193-115-126
FIDKVRFLEQQN	defgabcdefga	LNDRLASYLDKV	defgabcdefga	182-193-122-133
FIDKVRFLEQQN	defgabcdefga	YLDKVRALEEAN	defgabcdefga	182-193-129-140
FIDKVRFLEQQN	defgabcdefga	LEEANADLEVKI	defgabcdefga	182-193-136-147
FIDKVRFLEQQN	defgabcdefga	YFKTIEDLRNKI	defgabcdefga	182-193-165-176
FIDKVRFLEQQN	defgabcdefga	LRNKILTATVDN	defgabcdefga	182-193-172-183
FIDKVRFLEQQN	defgabcdefga	ATVDNANVLLQI	defgabcdefga	182-193-179-190
FIDKVRFLEQQN	defgabcdefga	VLLQIDNARLAA	defgabcdefga	182-193-186-197
FIDKVRFLEQQN	defgabcdefga	ARLAADDFRTKY	defgabcdefga	182-193-193-204
FIDKVRFLEQQN	defgabcdefga	FRTKYETELNLR	defgabcdefga	182-193-200-211
FIDKVRFLEQQN	defgabcdefga	ELNLRMSVEADI	defgabcdefga	182-193-207-218
FIDKVRFLEQQN	defgabcdefga	VEADINGLRRVL	defgabcdefga	182-193-214-225
FIDKVRFLEQQN	defgabcdefga	LRRVLDELTLAR	defgabcdefga	182-193-221-232
FIDKVRFLEQQN	defgabcdefga	LTLARADLEMQI	defgabcdefga	182-193-228-239
FIDKVRFLEQQN	defgabcdefga	LEMQIESLKEEL	defgabcdefga	182-193-235-246
FIDKVRFLEQQN	defgabcdefga	LKEELAYLKKNH	defgabcdefga	182-193-242-253
FIDKVRFLEQQN	defgabcdefga	LKKNHEEEMNAL	defgabcdefga	182-193-249-260
FIDKVRFLEQQN	defgabcdefga	LSRILNEMRDQY	defgabcdefga	182-193-280-291
FIDKVRFLEQQN	defgabcdefga	MRDQYEKMAEKN	defgabcdefga	182-193-287-298
FIDKVRFLEQQN	defgabcdefga	GKSEISELRRTM	defgabcdefga	182-193-327-338
FIDKVRFLEQQN	defgabcdefga	LRRTMQNLEIEL	defgabcdefga	182-193-334-345
FIDKVRFLEQQN	defgabcdefga	LEIELQSQLSMK	defgabcdefga	182-193-341-352
FIDKVRFLEQQN	defgabcdefga	QLSMKASLENSL	defgabcdefga	182-193-348-359
FIDKVRFLEQQN	defgabcdefga	LENSLEETKGRY	defgabcdefga	182-193-355-366
FIDKVRFLEQQN	defgabcdefga	IQEMIGSVEEQL	defgabcdefga	182-193-373-384
FIDKVRFLEQQN	defgabcdefga	VEEQLAQLRCEM	defgabcdefga	182-193-380-391
FIDKVRFLEQQN	defgabcdefga	LRCEMEQQNQEY	defgabcdefga	182-193-387-398
FIDKVRFLEQQN	defgabcdefga	QNQEYKILLDVK	defgabcdefga	182-193-394-405
FIDKVRFLEQQN	defgabcdefga	LLDVKTRLEQEI	defgabcdefga	182-193-401-412
FIDKVRFLEQQN	defgabcdefga	LEQEIATYRRLL	defgabcdefga	182-193-408-419
FIDKVRFLEQQN	defgabcdefga	YRRLLEGEDAHL	defgabcdefga	182-193-415-426
LEQQNKVLDTKW	defgabcdefga	EKVTMQNLNDRL	defgabcdefga	189-200-115-126
LEQQNKVLDTKW	defgabcdefga	LNDRLASYLDKV	defgabcdefga	189-200-122-133
LEQQNKVLDTKW	defgabcdefga	YLDKVRALEEAN	defgabcdefga	189-200-129-140
LEQQNKVLDTKW	defgabcdefga	LEEANADLEVKI	defgabcdefga	189-200-136-147
LEQQNKVLDTKW	defgabcdefga	YFKTIEDLRNKI	defgabcdefga	189-200-165-176
LEQQNKVLDTKW	defgabcdefga	LRNKILTATVDN	defgabcdefga	189-200-172-183
LEQQNKVLDTKW	defgabcdefga	ATVDNANVLLQI	defgabcdefga	189-200-179-190
LEQQNKVLDTKW	defgabcdefga	VLLQIDNARLAA	defgabcdefga	189-200-186-197
LEQQNKVLDTKW	defgabcdefga	ARLAADDFRTKY	defgabcdefga	189-200-193-204
LEQQNKVLDTKW	defgabcdefga	FRTKYETELNLR	defgabcdefga	189-200-200-211
LEQQNKVLDTKW	defgabcdefga	ELNLRMSVEADI	defgabcdefga	189-200-207-218
LEQQNKVLDTKW	defgabcdefga	VEADINGLRRVL	defgabcdefga	189-200-214-225
LEQQNKVLDTKW	defgabcdefga	LRRVLDELTLAR	defgabcdefga	189-200-221-232
LEQQNKVLDTKW	defgabcdefga	LTLARADLEMQI	defgabcdefga	189-200-228-239
LEQQNKVLDTKW	defgabcdefga	LEMQIESLKEEL	defgabcdefga	189-200-235-246
LEQQNKVLDTKW	defgabcdefga	LKEELAYLKKNH	defgabcdefga	189-200-242-253
LEQQNKVLDTKW	defgabcdefga	LKKNHEEEMNAL	defgabcdefga	189-200-249-260
LEQQNKVLDTKW	defgabcdefga	LSRILNEMRDQY	defgabcdefga	189-200-280-291
LEQQNKVLDTKW	defgabcdefga	MRDQYEKMAEKN	defgabcdefga	189-200-287-298
LEQQNKVLDTKW	defgabcdefga	GKSEISELRRTM	defgabcdefga	189-200-327-338
LEQQNKVLDTKW	defgabcdefga	LRRTMQNLEIEL	defgabcdefga	189-200-334-345
LEQQNKVLDTKW	defgabcdefga	LEIELQSQLSMK	defgabcdefga	189-200-341-352
LEQQNKVLDTKW	defgabcdefga	QLSMKASLENSL	defgabcdefga	189-200-348-359
LEQQNKVLDTKW	defgabcdefga	LENSLEETKGRY	defgabcdefga	189-200-355-366
LEQQNKVLDTKW	defgabcdefga	IQEMIGSVEEQL	defgabcdefga	189-200-373-384
LEQQNKVLDTKW	defgabcdefga	VEEQLAQLRCEM	defgabcdefga	189-200-380-391
LEQQNKVLDTKW	defgabcdefga	LRCEMEQQNQEY	defgabcdefga	189-200-387-398
LEQQNKVLDTKW	defgabcdefga	QNQEYKILLDVK	defgabcdefga	189-200-394-405
LEQQNKVLDTKW	defgabcdefga	LLDVKTRLEQEI	defgabcdefga	189-200-401-412
LEQQNKVLDTKW	defgabcdefga	LEQEIATYRRLL	defgabcdefga	189-200-408-419
LEQQNKVLDTKW	defgabcdefga	YRRLLEGEDAHL	defgabcdefga	189-200-415-426
FEQYINNLRRQL	defgabcdefga	EKVTMQNLNDRL	defgabcdefga	219-230-115-126
FEQYINNLRRQL	defgabcdefga	LNDRLASYLDKV	defgabcdefga	219-230-122-133
FEQYINNLRRQL	defgabcdefga	YLDKVRALEEAN	defgabcdefga	219-230-129-140
FEQYINNLRRQL	defgabcdefga	LEEANADLEVKI	defgabcdefga	219-230-136-147
FEQYINNLRRQL	defgabcdefga	YFKTIEDLRNKI	defgabcdefga	219-230-165-176
FEQYINNLRRQL	defgabcdefga	LRNKILTATVDN	defgabcdefga	219-230-172-183
FEQYINNLRRQL	defgabcdefga	ATVDNANVLLQI	defgabcdefga	219-230-179-190
FEQYINNLRRQL	defgabcdefga	VLLQIDNARLAA	defgabcdefga	219-230-186-197
FEQYINNLRRQL	defgabcdefga	ARLAADDFRTKY	defgabcdefga	219-230-193-204
FEQYINNLRRQL	defgabcdefga	FRTKYETELNLR	defgabcdefga	219-230-200-211
FEQYINNLRRQL	defgabcdefga	ELNLRMSVEADI	defgabcdefga	219-230-207-218
FEQYINNLRRQL	defgabcdefga	VEADINGLRRVL	defgabcdefga	219-230-214-225
FEQYINNLRRQL	defgabcdefga	LRRVLDELTLAR	defgabcdefga	219-230-221-232
FEQYINNLRRQL	defgabcdefga	LTLARADLEMQI	defgabcdefga	219-230-228-239
FEQYINNLRRQL	defgabcdefga	LEMQIESLKEEL	defgabcdefga	219-230-235-246
FEQYINNLRRQL	defgabcdefga	LKEELAYLKKNH	defgabcdefga	219-230-242-253
FEQYINNLRRQL	defgabcdefga	LKKNHEEEMNAL	defgabcdefga	219-230-249-260
FEQYINNLRRQL	defgabcdefga	LSRILNEMRDQY	defgabcdefga	219-230-280-291
FEQYINNLRRQL	defgabcdefga	MRDQYEKMAEKN	defgabcdefga	219-230-287-298
FEQYINNLRRQL	defgabcdefga	GKSEISELRRTM	defgabcdefga	219-230-327-338
FEQYINNLRRQL	defgabcdefga	LRRTMQNLEIEL	defgabcdefga	219-230-334-345
FEQYINNLRRQL	defgabcdefga	LEIELQSQLSMK	defgabcdefga	219-230-341-352
FEQYINNLRRQL	defgabcdefga	QLSMKASLENSL	defgabcdefga	219-230-348-359
FEQYINNLRRQL	defgabcdefga	LENSLEETKGRY	defgabcdefga	219-230-355-366
FEQYINNLRRQL	defgabcdefga	IQEMIGSVEEQL	defgabcdefga	219-230-373-384
FEQYINNLRRQL	defgabcdefga	VEEQLAQLRCEM	defgabcdefga	219-230-380-391
FEQYINNLRRQL	defgabcdefga	LRCEMEQQNQEY	defgabcdefga	219-230-387-398
FEQYINNLRRQL	defgabcdefga	QNQEYKILLDVK	defgabcdefga	219-230-394-405
FEQYINNLRRQL	defgabcdefga	LLDVKTRLEQEI	defgabcdefga	219-230-401-412
FEQYINNLRRQL	defgabcdefga	LEQEIATYRRLL	defgabcdefga	219-230-408-419
FEQYINNLRRQL	defgabcdefga	YRRLLEGEDAHL	defgabcdefga	219-230-415-426
LRRQLDSIVGER	defgabcdefga	EKVTMQNLNDRL	defgabcdefga	226-237-115-126
LRRQLDSIVGER	defgabcdefga	LNDRLASYLDKV	defgabcdefga	226-237-122-133
LRRQLDSIVGER	defgabcdefga	YLDKVRALEEAN	defgabcdefga	226-237-129-140
LRRQLDSIVGER	defgabcdefga	LEEANADLEVKI	defgabcdefga	226-237-136-147
LRRQLDSIVGER	defgabcdefga	YFKTIEDLRNKI	defgabcdefga	226-237-165-176
LRRQLDSIVGER	defgabcdefga	LRNKILTATVDN	defgabcdefga	226-237-172-183
LRRQLDSIVGER	defgabcdefga	ATVDNANVLLQI	defgabcdefga	226-237-179-190
LRRQLDSIVGER	defgabcdefga	VLLQIDNARLAA	defgabcdefga	226-237-186-197
LRRQLDSIVGER	defgabcdefga	ARLAADDFRTKY	defgabcdefga	226-237-193-204
LRRQLDSIVGER	defgabcdefga	FRTKYETELNLR	defgabcdefga	226-237-200-211
LRRQLDSIVGER	defgabcdefga	ELNLRMSVEADI	defgabcdefga	226-237-207-218
LRRQLDSIVGER	defgabcdefga	VEADINGLRRVL	defgabcdefga	226-237-214-225
LRRQLDSIVGER	defgabcdefga	LRRVLDELTLAR	defgabcdefga	226-237-221-232
LRRQLDSIVGER	defgabcdefga	LTLARADLEMQI	defgabcdefga	226-237-228-239
LRRQLDSIVGER	defgabcdefga	LEMQIESLKEEL	defgabcdefga	226-237-235-246
LRRQLDSIVGER	defgabcdefga	LKEELAYLKKNH	defgabcdefga	226-237-242-253
LRRQLDSIVGER	defgabcdefga	LKKNHEEEMNAL	defgabcdefga	226-237-249-260
LRRQLDSIVGER	defgabcdefga	LSRILNEMRDQY	defgabcdefga	226-237-280-291
LRRQLDSIVGER	defgabcdefga	MRDQYEKMAEKN	defgabcdefga	226-237-287-298
LRRQLDSIVGER	defgabcdefga	GKSEISELRRTM	defgabcdefga	226-237-327-338
LRRQLDSIVGER	defgabcdefga	LRRTMQNLEIEL	defgabcdefga	226-237-334-345
LRRQLDSIVGER	defgabcdefga	LEIELQSQLSMK	defgabcdefga	226-237-341-352
LRRQLDSIVGER	defgabcdefga	QLSMKASLENSL	defgabcdefga	226-237-348-359
LRRQLDSIVGER	defgabcdefga	LENSLEETKGRY	defgabcdefga	226-237-355-366
LRRQLDSIVGER	defgabcdefga	IQEMIGSVEEQL	defgabcdefga	226-237-373-384
LRRQLDSIVGER	defgabcdefga	VEEQLAQLRCEM	defgabcdefga	226-237-380-391
LRRQLDSIVGER	defgabcdefga	LRCEMEQQNQEY	defgabcdefga	226-237-387-398
LRRQLDSIVGER	defgabcdefga	QNQEYKILLDVK	defgabcdefga	226-237-394-405
LRRQLDSIVGER	defgabcdefga	LLDVKTRLEQEI	defgabcdefga	226-237-401-412
LRRQLDSIVGER	defgabcdefga	LEQEIATYRRLL	defgabcdefga	226-237-408-419
LRRQLDSIVGER	defgabcdefga	YRRLLEGEDAHL	defgabcdefga	226-237-415-426
IVGERGRLDSEL	defgabcdefga	EKVTMQNLNDRL	defgabcdefga	233-244-115-126
IVGERGRLDSEL	defgabcdefga	LNDRLASYLDKV	defgabcdefga	233-244-122-133
IVGERGRLDSEL	defgabcdefga	YLDKVRALEEAN	defgabcdefga	233-244-129-140
IVGERGRLDSEL	defgabcdefga	LEEANADLEVKI	defgabcdefga	233-244-136-147
IVGERGRLDSEL	defgabcdefga	YFKTIEDLRNKI	defgabcdefga	233-244-165-176
IVGERGRLDSEL	defgabcdefga	LRNKILTATVDN	defgabcdefga	233-244-172-183
IVGERGRLDSEL	defgabcdefga	ATVDNANVLLQI	defgabcdefga	233-244-179-190
IVGERGRLDSEL	defgabcdefga	VLLQIDNARLAA	defgabcdefga	233-244-186-197
IVGERGRLDSEL	defgabcdefga	ARLAADDFRTKY	defgabcdefga	233-244-193-204
IVGERGRLDSEL	defgabcdefga	FRTKYETELNLR	defgabcdefga	233-244-200-211
IVGERGRLDSEL	defgabcdefga	ELNLRMSVEADI	defgabcdefga	233-244-207-218
IVGERGRLDSEL	defgabcdefga	VEADINGLRRVL	defgabcdefga	233-244-214-225
IVGERGRLDSEL	defgabcdefga	LRRVLDELTLAR	defgabcdefga	233-244-221-232
IVGERGRLDSEL	defgabcdefga	LTLARADLEMQI	defgabcdefga	233-244-228-239
IVGERGRLDSEL	defgabcdefga	LEMQIESLKEEL	defgabcdefga	233-244-235-246
IVGERGRLDSEL	defgabcdefga	LKEELAYLKKNH	defgabcdefga	233-244-242-253
IVGERGRLDSEL	defgabcdefga	LKKNHEEEMNAL	defgabcdefga	233-244-249-260
IVGERGRLDSEL	defgabcdefga	LSRILNEMRDQY	defgabcdefga	233-244-280-291
IVGERGRLDSEL	defgabcdefga	MRDQYEKMAEKN	defgabcdefga	233-244-287-298
IVGERGRLDSEL	defgabcdefga	GKSEISELRRTM	defgabcdefga	233-244-327-338
IVGERGRLDSEL	defgabcdefga	LRRTMQNLEIEL	defgabcdefga	233-244-334-345
IVGERGRLDSEL	defgabcdefga	LEIELQSQLSMK	defgabcdefga	233-244-341-352
IVGERGRLDSEL	defgabcdefga	QLSMKASLENSL	defgabcdefga	233-244-348-359
IVGERGRLDSEL	defgabcdefga	LENSLEETKGRY	defgabcdefga	233-244-355-366
IVGERGRLDSEL	defgabcdefga	IQEMIGSVEEQL	defgabcdefga	233-244-373-384
IVGERGRLDSEL	defgabcdefga	VEEQLAQLRCEM	defgabcdefga	233-244-380-391
IVGERGRLDSEL	defgabcdefga	LRCEMEQQNQEY	defgabcdefga	233-244-387-398
IVGERGRLDSEL	defgabcdefga	QNQEYKILLDVK	defgabcdefga	233-244-394-405
IVGERGRLDSEL	defgabcdefga	LLDVKTRLEQEI	defgabcdefga	233-244-401-412
IVGERGRLDSEL	defgabcdefga	LEQEIATYRRLL	defgabcdefga	233-244-408-419
IVGERGRLDSEL	defgabcdefga	YRRLLEGEDAHL	defgabcdefga	233-244-415-426
LDSELRNMQDLV	defgabcdefga	EKVTMQNLNDRL	defgabcdefga	240-251-115-126
LDSELRNMQDLV	defgabcdefga	LNDRLASYLDKV	defgabcdefga	240-251-122-133
LDSELRNMQDLV	defgabcdefga	YLDKVRALEEAN	defgabcdefga	240-251-129-140
LDSELRNMQDLV	defgabcdefga	LEEANADLEVKI	defgabcdefga	240-251-136-147
LDSELRNMQDLV	defgabcdefga	YFKTIEDLRNKI	defgabcdefga	240-251-165-176
LDSELRNMQDLV	defgabcdefga	LRNKILTATVDN	defgabcdefga	240-251-172-183
LDSELRNMQDLV	defgabcdefga	ATVDNANVLLQI	defgabcdefga	240-251-179-190
LDSELRNMQDLV	defgabcdefga	VLLQIDNARLAA	defgabcdefga	240-251-186-197
LDSELRNMQDLV	defgabcdefga	ARLAADDFRTKY	defgabcdefga	240-251-193-204
LDSELRNMQDLV	defgabcdefga	FRTKYETELNLR	defgabcdefga	240-251-200-211
LDSELRNMQDLV	defgabcdefga	ELNLRMSVEADI	defgabcdefga	240-251-207-218
LDSELRNMQDLV	defgabcdefga	VEADINGLRRVL	defgabcdefga	240-251-214-225
LDSELRNMQDLV	defgabcdefga	LRRVLDELTLAR	defgabcdefga	240-251-221-232
LDSELRNMQDLV	defgabcdefga	LTLARADLEMQI	defgabcdefga	240-251-228-239
LDSELRNMQDLV	defgabcdefga	LEMQIESLKEEL	defgabcdefga	240-251-235-246
LDSELRNMQDLV	defgabcdefga	LKEELAYLKKNH	defgabcdefga	240-251-242-253
LDSELRNMQDLV	defgabcdefga	LKKNHEEEMNAL	defgabcdefga	240-251-249-260
LDSELRNMQDLV	defgabcdefga	LSRILNEMRDQY	defgabcdefga	240-251-280-291
LDSELRNMQDLV	defgabcdefga	MRDQYEKMAEKN	defgabcdefga	240-251-287-298
LDSELRNMQDLV	defgabcdefga	GKSEISELRRTM	defgabcdefga	240-251-327-338
LDSELRNMQDLV	defgabcdefga	LRRTMQNLEIEL	defgabcdefga	240-251-334-345
LDSELRNMQDLV	defgabcdefga	LEIELQSQLSMK	defgabcdefga	240-251-341-352
LDSELRNMQDLV	defgabcdefga	QLSMKASLENSL	defgabcdefga	240-251-348-359
LDSELRNMQDLV	defgabcdefga	LENSLEETKGRY	defgabcdefga	240-251-355-366
LDSELRNMQDLV	defgabcdefga	IQEMIGSVEEQL	defgabcdefga	240-251-373-384
LDSELRNMQDLV	defgabcdefga	VEEQLAQLRCEM	defgabcdefga	240-251-380-391
LDSELRNMQDLV	defgabcdefga	LRCEMEQQNQEY	defgabcdefga	240-251-387-398
LDSELRNMQDLV	defgabcdefga	QNQEYKILLDVK	defgabcdefga	240-251-394-405
LDSELRNMQDLV	defgabcdefga	LLDVKTRLEQEI	defgabcdefga	240-251-401-412
LDSELRNMQDLV	defgabcdefga	LEQEIATYRRLL	defgabcdefga	240-251-408-419
LDSELRNMQDLV	defgabcdefga	YRRLLEGEDAHL	defgabcdefga	240-251-415-426
MQDLVEDFKNKY	defgabcdefga	EKVTMQNLNDRL	defgabcdefga	247-258-115-126
MQDLVEDFKNKY	defgabcdefga	LNDRLASYLDKV	defgabcdefga	247-258-122-133
MQDLVEDFKNKY	defgabcdefga	YLDKVRALEEAN	defgabcdefga	247-258-129-140
MQDLVEDFKNKY	defgabcdefga	LEEANADLEVKI	defgabcdefga	247-258-136-147
MQDLVEDFKNKY	defgabcdefga	YFKTIEDLRNKI	defgabcdefga	247-258-165-176
MQDLVEDFKNKY	defgabcdefga	LRNKILTATVDN	defgabcdefga	247-258-172-183
MQDLVEDFKNKY	defgabcdefga	ATVDNANVLLQI	defgabcdefga	247-258-179-190
MQDLVEDFKNKY	defgabcdefga	VLLQIDNARLAA	defgabcdefga	247-258-186-197
MQDLVEDFKNKY	defgabcdefga	ARLAADDFRTKY	defgabcdefga	247-258-193-204
MQDLVEDFKNKY	defgabcdefga	FRTKYETELNLR	defgabcdefga	247-258-200-211
MQDLVEDFKNKY	defgabcdefga	ELNLRMSVEADI	defgabcdefga	247-258-207-218
MQDLVEDFKNKY	defgabcdefga	VEADINGLRRVL	defgabcdefga	247-258-214-225
MQDLVEDFKNKY	defgabcdefga	LRRVLDELTLAR	defgabcdefga	247-258-221-232
MQDLVEDFKNKY	defgabcdefga	LTLARADLEMQI	defgabcdefga	247-258-228-239
MQDLVEDFKNKY	defgabcdefga	LEMQIESLKEEL	defgabcdefga	247-258-235-246
MQDLVEDFKNKY	defgabcdefga	LKEELAYLKKNH	defgabcdefga	247-258-242-253
MQDLVEDFKNKY	defgabcdefga	LKKNHEEEMNAL	defgabcdefga	247-258-249-260
MQDLVEDFKNKY	defgabcdefga	LSRILNEMRDQY	defgabcdefga	247-258-280-291
MQDLVEDFKNKY	defgabcdefga	MRDQYEKMAEKN	defgabcdefga	247-258-287-298
MQDLVEDFKNKY	defgabcdefga	GKSEISELRRTM	defgabcdefga	247-258-327-338
MQDLVEDFKNKY	defgabcdefga	LRRTMQNLEIEL	defgabcdefga	247-258-334-345
MQDLVEDFKNKY	defgabcdefga	LEIELQSQLSMK	defgabcdefga	247-258-341-352
MQDLVEDFKNKY	defgabcdefga	QLSMKASLENSL	defgabcdefga	247-258-348-359
MQDLVEDFKNKY	defgabcdefga	LENSLEETKGRY	defgabcdefga	247-258-355-366
MQDLVEDFKNKY	defgabcdefga	IQEMIGSVEEQL	defgabcdefga	247-258-373-384
MQDLVEDFKNKY	defgabcdefga	VEEQLAQLRCEM	defgabcdefga	247-258-380-391
MQDLVEDFKNKY	defgabcdefga	LRCEMEQQNQEY	defgabcdefga	247-258-387-398
MQDLVEDFKNKY	defgabcdefga	QNQEYKILLDVK	defgabcdefga	247-258-394-405
MQDLVEDFKNKY	defgabcdefga	LLDVKTRLEQEI	defgabcdefga	247-258-401-412
MQDLVEDFKNKY	defgabcdefga	LEQEIATYRRLL	defgabcdefga	247-258-408-419
MQDLVEDFKNKY	defgabcdefga	YRRLLEGEDAHL	defgabcdefga	247-258-415-426
FKNKYEDEINKR	defgabcdefga	EKVTMQNLNDRL	defgabcdefga	254-265-115-126
FKNKYEDEINKR	defgabcdefga	LNDRLASYLDKV	defgabcdefga	254-265-122-133
FKNKYEDEINKR	defgabcdefga	YLDKVRALEEAN	defgabcdefga	254-265-129-140
FKNKYEDEINKR	defgabcdefga	LEEANADLEVKI	defgabcdefga	254-265-136-147
FKNKYEDEINKR	defgabcdefga	YFKTIEDLRNKI	defgabcdefga	254-265-165-176
FKNKYEDEINKR	defgabcdefga	LRNKILTATVDN	defgabcdefga	254-265-172-183
FKNKYEDEINKR	defgabcdefga	ATVDNANVLLQI	defgabcdefga	254-265-179-190
FKNKYEDEINKR	defgabcdefga	VLLQIDNARLAA	defgabcdefga	254-265-186-197
FKNKYEDEINKR	defgabcdefga	ARLAADDFRTKY	defgabcdefga	254-265-193-204
FKNKYEDEINKR	defgabcdefga	FRTKYETELNLR	defgabcdefga	254-265-200-211
FKNKYEDEINKR	defgabcdefga	ELNLRMSVEADI	defgabcdefga	254-265-207-218
FKNKYEDEINKR	defgabcdefga	VEADINGLRRVL	defgabcdefga	254-265-214-225
FKNKYEDEINKR	defgabcdefga	LRRVLDELTLAR	defgabcdefga	254-265-221-232
FKNKYEDEINKR	defgabcdefga	LTLARADLEMQI	defgabcdefga	254-265-228-239
FKNKYEDEINKR	defgabcdefga	LEMQIESLKEEL	defgabcdefga	254-265-235-246
FKNKYEDEINKR	defgabcdefga	LKEELAYLKKNH	defgabcdefga	254-265-242-253
FKNKYEDEINKR	defgabcdefga	LKKNHEEEMNAL	defgabcdefga	254-265-249-260
FKNKYEDEINKR	defgabcdefga	LSRILNEMRDQY	defgabcdefga	254-265-280-291
FKNKYEDEINKR	defgabcdefga	MRDQYEKMAEKN	defgabcdefga	254-265-287-298
FKNKYEDEINKR	defgabcdefga	GKSEISELRRTM	defgabcdefga	254-265-327-338
FKNKYEDEINKR	defgabcdefga	LRRTMQNLEIEL	defgabcdefga	254-265-334-345
FKNKYEDEINKR	defgabcdefga	LEIELQSQLSMK	defgabcdefga	254-265-341-352
FKNKYEDEINKR	defgabcdefga	QLSMKASLENSL	defgabcdefga	254-265-348-359
FKNKYEDEINKR	defgabcdefga	LENSLEETKGRY	defgabcdefga	254-265-355-366
FKNKYEDEINKR	defgabcdefga	IQEMIGSVEEQL	defgabcdefga	254-265-373-384
FKNKYEDEINKR	defgabcdefga	VEEQLAQLRCEM	defgabcdefga	254-265-380-391
FKNKYEDEINKR	defgabcdefga	LRCEMEQQNQEY	defgabcdefga	254-265-387-398
FKNKYEDEINKR	defgabcdefga	QNQEYKILLDVK	defgabcdefga	254-265-394-405
FKNKYEDEINKR	defgabcdefga	LLDVKTRLEQEI	defgabcdefga	254-265-401-412
FKNKYEDEINKR	defgabcdefga	LEQEIATYRRLL	defgabcdefga	254-265-408-419
FKNKYEDEINKR	defgabcdefga	YRRLLEGEDAHL	defgabcdefga	254-265-415-426
EINKRTTAENEF	defgabcdefga	EKVTMQNLNDRL	defgabcdefga	261-272-115-126
EINKRTTAENEF	defgabcdefga	LNDRLASYLDKV	defgabcdefga	261-272-122-133
EINKRTTAENEF	defgabcdefga	YLDKVRALEEAN	defgabcdefga	261-272-129-140
EINKRTTAENEF	defgabcdefga	LEEANADLEVKI	defgabcdefga	261-272-136-147
EINKRTTAENEF	defgabcdefga	YFKTIEDLRNKI	defgabcdefga	261-272-165-176
EINKRTTAENEF	defgabcdefga	LRNKILTATVDN	defgabcdefga	261-272-172-183
EINKRTTAENEF	defgabcdefga	ATVDNANVLLQI	defgabcdefga	261-272-179-190
EINKRTTAENEF	defgabcdefga	VLLQIDNARLAA	defgabcdefga	261-272-186-197
EINKRTTAENEF	defgabcdefga	ARLAADDFRTKY	defgabcdefga	261-272-193-204
EINKRTTAENEF	defgabcdefga	FRTKYETELNLR	defgabcdefga	261-272-200-211
EINKRTTAENEF	defgabcdefga	ELNLRMSVEADI	defgabcdefga	261-272-207-218
EINKRTTAENEF	defgabcdefga	VEADINGLRRVL	defgabcdefga	261-272-214-225
EINKRTTAENEF	defgabcdefga	LRRVLDELTLAR	defgabcdefga	261-272-221-232
EINKRTTAENEF	defgabcdefga	LTLARADLEMQI	defgabcdefga	261-272-228-239
EINKRTTAENEF	defgabcdefga	LEMQIESLKEEL	defgabcdefga	261-272-235-246
EINKRTTAENEF	defgabcdefga	LKEELAYLKKNH	defgabcdefga	261-272-242-253
EINKRTTAENEF	defgabcdefga	LKKNHEEEMNAL	defgabcdefga	261-272-249-260
EINKRTTAENEF	defgabcdefga	LSRILNEMRDQY	defgabcdefga	261-272-280-291
EINKRTTAENEF	defgabcdefga	MRDQYEKMAEKN	defgabcdefga	261-272-287-298
EINKRTTAENEF	defgabcdefga	GKSEISELRRTM	defgabcdefga	261-272-327-338
EINKRTTAENEF	defgabcdefga	LRRTMQNLEIEL	defgabcdefga	261-272-334-345
EINKRTTAENEF	defgabcdefga	LEIELQSQLSMK	defgabcdefga	261-272-341-352
EINKRTTAENEF	defgabcdefga	QLSMKASLENSL	defgabcdefga	261-272-348-359
EINKRTTAENEF	defgabcdefga	LENSLEETKGRY	defgabcdefga	261-272-355-366
EINKRTTAENEF	defgabcdefga	IQEMIGSVEEQL	defgabcdefga	261-272-373-384
EINKRTTAENEF	defgabcdefga	VEEQLAQLRCEM	defgabcdefga	261-272-380-391
EINKRTTAENEF	defgabcdefga	LRCEMEQQNQEY	defgabcdefga	261-272-387-398
EINKRTTAENEF	defgabcdefga	QNQEYKILLDVK	defgabcdefga	261-272-394-405
EINKRTTAENEF	defgabcdefga	LLDVKTRLEQEI	defgabcdefga	261-272-401-412
EINKRTTAENEF	defgabcdefga	LEQEIATYRRLL	defgabcdefga	261-272-408-419
EINKRTTAENEF	defgabcdefga	YRRLLEGEDAHL	defgabcdefga	261-272-415-426
AENEFVMLKKDV	defgabcdefga	EKVTMQNLNDRL	defgabcdefga	268-279-115-126
AENEFVMLKKDV	defgabcdefga	LNDRLASYLDKV	defgabcdefga	268-279-122-133
AENEFVMLKKDV	defgabcdefga	YLDKVRALEEAN	defgabcdefga	268-279-129-140
AENEFVMLKKDV	defgabcdefga	LEEANADLEVKI	defgabcdefga	268-279-136-147
AENEFVMLKKDV	defgabcdefga	YFKTIEDLRNKI	defgabcdefga	268-279-165-176
AENEFVMLKKDV	defgabcdefga	LRNKILTATVDN	defgabcdefga	268-279-172-183
AENEFVMLKKDV	defgabcdefga	ATVDNANVLLQI	defgabcdefga	268-279-179-190
AENEFVMLKKDV	defgabcdefga	VLLQIDNARLAA	defgabcdefga	268-279-186-197
AENEFVMLKKDV	defgabcdefga	ARLAADDFRTKY	defgabcdefga	268-279-193-204
AENEFVMLKKDV	defgabcdefga	FRTKYETELNLR	defgabcdefga	268-279-200-211
AENEFVMLKKDV	defgabcdefga	ELNLRMSVEADI	defgabcdefga	268-279-207-218
AENEFVMLKKDV	defgabcdefga	VEADINGLRRVL	defgabcdefga	268-279-214-225
AENEFVMLKKDV	defgabcdefga	LRRVLDELTLAR	defgabcdefga	268-279-221-232
AENEFVMLKKDV	defgabcdefga	LTLARADLEMQI	defgabcdefga	268-279-228-239
AENEFVMLKKDV	defgabcdefga	LEMQIESLKEEL	defgabcdefga	268-279-235-246
AENEFVMLKKDV	defgabcdefga	LKEELAYLKKNH	defgabcdefga	268-279-242-253
AENEFVMLKKDV	defgabcdefga	LKKNHEEEMNAL	defgabcdefga	268-279-249-260
AENEFVMLKKDV	defgabcdefga	LSRILNEMRDQY	defgabcdefga	268-279-280-291
AENEFVMLKKDV	defgabcdefga	MRDQYEKMAEKN	defgabcdefga	268-279-287-298
AENEFVMLKKDV	defgabcdefga	GKSEISELRRTM	defgabcdefga	268-279-327-338
AENEFVMLKKDV	defgabcdefga	LRRTMQNLEIEL	defgabcdefga	268-279-334-345
AENEFVMLKKDV	defgabcdefga	LEIELQSQLSMK	defgabcdefga	268-279-341-352
AENEFVMLKKDV	defgabcdefga	QLSMKASLENSL	defgabcdefga	268-279-348-359
AENEFVMLKKDV	defgabcdefga	LENSLEETKGRY	defgabcdefga	268-279-355-366
AENEFVMLKKDV	defgabcdefga	IQEMIGSVEEQL	defgabcdefga	268-279-373-384
AENEFVMLKKDV	defgabcdefga	VEEQLAQLRCEM	defgabcdefga	268-279-380-391
AENEFVMLKKDV	defgabcdefga	LRCEMEQQNQEY	defgabcdefga	268-279-387-398
AENEFVMLKKDV	defgabcdefga	QNQEYKILLDVK	defgabcdefga	268-279-394-405
AENEFVMLKKDV	defgabcdefga	LLDVKTRLEQEI	defgabcdefga	268-279-401-412
AENEFVMLKKDV	defgabcdefga	LEQEIATYRRLL	defgabcdefga	268-279-408-419
AENEFVMLKKDV	defgabcdefga	YRRLLEGEDAHL	defgabcdefga	268-279-415-426
LKKDVDAAYMNK	defgabcdefga	EKVTMQNLNDRL	defgabcdefga	275-286-115-126
LKKDVDAAYMNK	defgabcdefga	LNDRLASYLDKV	defgabcdefga	275-286-122-133
LKKDVDAAYMNK	defgabcdefga	YLDKVRALEEAN	defgabcdefga	275-286-129-140
LKKDVDAAYMNK	defgabcdefga	LEEANADLEVKI	defgabcdefga	275-286-136-147
LKKDVDAAYMNK	defgabcdefga	YFKTIEDLRNKI	defgabcdefga	275-286-165-176
LKKDVDAAYMNK	defgabcdefga	LRNKILTATVDN	defgabcdefga	275-286-172-183
LKKDVDAAYMNK	defgabcdefga	ATVDNANVLLQI	defgabcdefga	275-286-179-190
LKKDVDAAYMNK	defgabcdefga	VLLQIDNARLAA	defgabcdefga	275-286-186-197
LKKDVDAAYMNK	defgabcdefga	ARLAADDFRTKY	defgabcdefga	275-286-193-204
LKKDVDAAYMNK	defgabcdefga	FRTKYETELNLR	defgabcdefga	275-286-200-211
LKKDVDAAYMNK	defgabcdefga	ELNLRMSVEADI	defgabcdefga	275-286-207-218
LKKDVDAAYMNK	defgabcdefga	VEADINGLRRVL	defgabcdefga	275-286-214-225
LKKDVDAAYMNK	defgabcdefga	LRRVLDELTLAR	defgabcdefga	275-286-221-232
LKKDVDAAYMNK	defgabcdefga	LTLARADLEMQI	defgabcdefga	275-286-228-239
LKKDVDAAYMNK	defgabcdefga	LEMQIESLKEEL	defgabcdefga	275-286-235-246
LKKDVDAAYMNK	defgabcdefga	LKEELAYLKKNH	defgabcdefga	275-286-242-253
LKKDVDAAYMNK	defgabcdefga	LKKNHEEEMNAL	defgabcdefga	275-286-249-260
LKKDVDAAYMNK	defgabcdefga	LSRILNEMRDQY	defgabcdefga	275-286-280-291
LKKDVDAAYMNK	defgabcdefga	MRDQYEKMAEKN	defgabcdefga	275-286-287-298
LKKDVDAAYMNK	defgabcdefga	GKSEISELRRTM	defgabcdefga	275-286-327-338
LKKDVDAAYMNK	defgabcdefga	LRRTMQNLEIEL	defgabcdefga	275-286-334-345
LKKDVDAAYMNK	defgabcdefga	LEIELQSQLSMK	defgabcdefga	275-286-341-352
LKKDVDAAYMNK	defgabcdefga	QLSMKASLENSL	defgabcdefga	275-286-348-359
LKKDVDAAYMNK	defgabcdefga	LENSLEETKGRY	defgabcdefga	275-286-355-366
LKKDVDAAYMNK	defgabcdefga	IQEMIGSVEEQL	defgabcdefga	275-286-373-384
LKKDVDAAYMNK	defgabcdefga	VEEQLAQLRCEM	defgabcdefga	275-286-380-391
LKKDVDAAYMNK	defgabcdefga	LRCEMEQQNQEY	defgabcdefga	275-286-387-398
LKKDVDAAYMNK	defgabcdefga	QNQEYKILLDVK	defgabcdefga	275-286-394-405
LKKDVDAAYMNK	defgabcdefga	LLDVKTRLEQEI	defgabcdefga	275-286-401-412
LKKDVDAAYMNK	defgabcdefga	LEQEIATYRRLL	defgabcdefga	275-286-408-419
LKKDVDAAYMNK	defgabcdefga	YRRLLEGEDAHL	defgabcdefga	275-286-415-426
AYMNKVELEAKV	defgabcdefga	EKVTMQNLNDRL	defgabcdefga	282-293-115-126
AYMNKVELEAKV	defgabcdefga	LNDRLASYLDKV	defgabcdefga	282-293-122-133
AYMNKVELEAKV	defgabcdefga	YLDKVRALEEAN	defgabcdefga	282-293-129-140
AYMNKVELEAKV	defgabcdefga	LEEANADLEVKI	defgabcdefga	282-293-136-147
AYMNKVELEAKV	defgabcdefga	YFKTIEDLRNKI	defgabcdefga	282-293-165-176
AYMNKVELEAKV	defgabcdefga	LRNKILTATVDN	defgabcdefga	282-293-172-183
AYMNKVELEAKV	defgabcdefga	ATVDNANVLLQI	defgabcdefga	282-293-179-190
AYMNKVELEAKV	defgabcdefga	VLLQIDNARLAA	defgabcdefga	282-293-186-197
AYMNKVELEAKV	defgabcdefga	ARLAADDFRTKY	defgabcdefga	282-293-193-204
AYMNKVELEAKV	defgabcdefga	FRTKYETELNLR	defgabcdefga	282-293-200-211
AYMNKVELEAKV	defgabcdefga	ELNLRMSVEADI	defgabcdefga	282-293-207-218
AYMNKVELEAKV	defgabcdefga	VEADINGLRRVL	defgabcdefga	282-293-214-225
AYMNKVELEAKV	defgabcdefga	LRRVLDELTLAR	defgabcdefga	282-293-221-232
AYMNKVELEAKV	defgabcdefga	LTLARADLEMQI	defgabcdefga	282-293-228-239
AYMNKVELEAKV	defgabcdefga	LEMQIESLKEEL	defgabcdefga	282-293-235-246
AYMNKVELEAKV	defgabcdefga	LKEELAYLKKNH	defgabcdefga	282-293-242-253
AYMNKVELEAKV	defgabcdefga	LKKNHEEEMNAL	defgabcdefga	282-293-249-260
AYMNKVELEAKV	defgabcdefga	LSRILNEMRDQY	defgabcdefga	282-293-280-291
AYMNKVELEAKV	defgabcdefga	MRDQYEKMAEKN	defgabcdefga	282-293-287-298
AYMNKVELEAKV	defgabcdefga	GKSEISELRRTM	defgabcdefga	282-293-327-338
AYMNKVELEAKV	defgabcdefga	LRRTMQNLEIEL	defgabcdefga	282-293-334-345
AYMNKVELEAKV	defgabcdefga	LEIELQSQLSMK	defgabcdefga	282-293-341-352
AYMNKVELEAKV	defgabcdefga	QLSMKASLENSL	defgabcdefga	282-293-348-359
AYMNKVELEAKV	defgabcdefga	LENSLEETKGRY	defgabcdefga	282-293-355-366
AYMNKVELEAKV	defgabcdefga	IQEMIGSVEEQL	defgabcdefga	282-293-373-384
AYMNKVELEAKV	defgabcdefga	VEEQLAQLRCEM	defgabcdefga	282-293-380-391
AYMNKVELEAKV	defgabcdefga	LRCEMEQQNQEY	defgabcdefga	282-293-387-398
AYMNKVELEAKV	defgabcdefga	QNQEYKILLDVK	defgabcdefga	282-293-394-405
AYMNKVELEAKV	defgabcdefga	LLDVKTRLEQEI	defgabcdefga	282-293-401-412
AYMNKVELEAKV	defgabcdefga	LEQEIATYRRLL	defgabcdefga	282-293-408-419
AYMNKVELEAKV	defgabcdefga	YRRLLEGEDAHL	defgabcdefga	282-293-415-426
LEAKVDALMDEI	defgabcdefga	EKVTMQNLNDRL	defgabcdefga	289-300-115-126
LEAKVDALMDEI	defgabcdefga	LNDRLASYLDKV	defgabcdefga	289-300-122-133
LEAKVDALMDEI	defgabcdefga	YLDKVRALEEAN	defgabcdefga	289-300-129-140
LEAKVDALMDEI	defgabcdefga	LEEANADLEVKI	defgabcdefga	289-300-136-147
LEAKVDALMDEI	defgabcdefga	YFKTIEDLRNKI	defgabcdefga	289-300-165-176
LEAKVDALMDEI	defgabcdefga	LRNKILTATVDN	defgabcdefga	289-300-172-183
LEAKVDALMDEI	defgabcdefga	ATVDNANVLLQI	defgabcdefga	289-300-179-190
LEAKVDALMDEI	defgabcdefga	VLLQIDNARLAA	defgabcdefga	289-300-186-197
LEAKVDALMDEI	defgabcdefga	ARLAADDFRTKY	defgabcdefga	289-300-193-204
LEAKVDALMDEI	defgabcdefga	FRTKYETELNLR	defgabcdefga	289-300-200-211
LEAKVDALMDEI	defgabcdefga	ELNLRMSVEADI	defgabcdefga	289-300-207-218
LEAKVDALMDEI	defgabcdefga	VEADINGLRRVL	defgabcdefga	289-300-214-225
LEAKVDALMDEI	defgabcdefga	LRRVLDELTLAR	defgabcdefga	289-300-221-232
LEAKVDALMDEI	defgabcdefga	LTLARADLEMQI	defgabcdefga	289-300-228-239
LEAKVDALMDEI	defgabcdefga	LEMQIESLKEEL	defgabcdefga	289-300-235-246
LEAKVDALMDEI	defgabcdefga	LKEELAYLKKNH	defgabcdefga	289-300-242-253
LEAKVDALMDEI	defgabcdefga	LKKNHEEEMNAL	defgabcdefga	289-300-249-260
LEAKVDALMDEI	defgabcdefga	LSRILNEMRDQY	defgabcdefga	289-300-280-291
LEAKVDALMDEI	defgabcdefga	MRDQYEKMAEKN	defgabcdefga	289-300-287-298
LEAKVDALMDEI	defgabcdefga	GKSEISELRRTM	defgabcdefga	289-300-327-338
LEAKVDALMDEI	defgabcdefga	LRRTMQNLEIEL	defgabcdefga	289-300-334-345
LEAKVDALMDEI	defgabcdefga	LEIELQSQLSMK	defgabcdefga	289-300-341-352
LEAKVDALMDEI	defgabcdefga	QLSMKASLENSL	defgabcdefga	289-300-348-359
LEAKVDALMDEI	defgabcdefga	LENSLEETKGRY	defgabcdefga	289-300-355-366
LEAKVDALMDEI	defgabcdefga	IQEMIGSVEEQL	defgabcdefga	289-300-373-384
LEAKVDALMDEI	defgabcdefga	VEEQLAQLRCEM	defgabcdefga	289-300-380-391
LEAKVDALMDEI	defgabcdefga	LRCEMEQQNQEY	defgabcdefga	289-300-387-398
LEAKVDALMDEI	defgabcdefga	QNQEYKILLDVK	defgabcdefga	289-300-394-405
LEAKVDALMDEI	defgabcdefga	LLDVKTRLEQEI	defgabcdefga	289-300-401-412
LEAKVDALMDEI	defgabcdefga	LEQEIATYRRLL	defgabcdefga	289-300-408-419
LEAKVDALMDEI	defgabcdefga	YRRLLEGEDAHL	defgabcdefga	289-300-415-426
LMDEINFMKMFF	defgabcdefga	EKVTMQNLNDRL	defgabcdefga	296-307-115-126
LMDEINFMKMFF	defgabcdefga	LNDRLASYLDKV	defgabcdefga	296-307-122-133
LMDEINFMKMFF	defgabcdefga	YLDKVRALEEAN	defgabcdefga	296-307-129-140
LMDEINFMKMFF	defgabcdefga	LEEANADLEVKI	defgabcdefga	296-307-136-147
LMDEINFMKMFF	defgabcdefga	YFKTIEDLRNKI	defgabcdefga	296-307-165-176
LMDEINFMKMFF	defgabcdefga	LRNKILTATVDN	defgabcdefga	296-307-172-183
LMDEINFMKMFF	defgabcdefga	ATVDNANVLLQI	defgabcdefga	296-307-179-190
LMDEINFMKMFF	defgabcdefga	VLLQIDNARLAA	defgabcdefga	296-307-186-197
LMDEINFMKMFF	defgabcdefga	ARLAADDFRTKY	defgabcdefga	296-307-193-204
LMDEINFMKMFF	defgabcdefga	FRTKYETELNLR	defgabcdefga	296-307-200-211
LMDEINFMKMFF	defgabcdefga	ELNLRMSVEADI	defgabcdefga	296-307-207-218
LMDEINFMKMFF	defgabcdefga	VEADINGLRRVL	defgabcdefga	296-307-214-225
LMDEINFMKMFF	defgabcdefga	LRRVLDELTLAR	defgabcdefga	296-307-221-232
LMDEINFMKMFF	defgabcdefga	LTLARADLEMQI	defgabcdefga	296-307-228-239
LMDEINFMKMFF	defgabcdefga	LEMQIESLKEEL	defgabcdefga	296-307-235-246
LMDEINFMKMFF	defgabcdefga	LKEELAYLKKNH	defgabcdefga	296-307-242-253
LMDEINFMKMFF	defgabcdefga	LKKNHEEEMNAL	defgabcdefga	296-307-249-260
LMDEINFMKMFF	defgabcdefga	LSRILNEMRDQY	defgabcdefga	296-307-280-291
LMDEINFMKMFF	defgabcdefga	MRDQYEKMAEKN	defgabcdefga	296-307-287-298
LMDEINFMKMFF	defgabcdefga	GKSEISELRRTM	defgabcdefga	296-307-327-338
LMDEINFMKMFF	defgabcdefga	LRRTMQNLEIEL	defgabcdefga	296-307-334-345
LMDEINFMKMFF	defgabcdefga	LEIELQSQLSMK	defgabcdefga	296-307-341-352
LMDEINFMKMFF	defgabcdefga	QLSMKASLENSL	defgabcdefga	296-307-348-359
LMDEINFMKMFF	defgabcdefga	LENSLEETKGRY	defgabcdefga	296-307-355-366
LMDEINFMKMFF	defgabcdefga	IQEMIGSVEEQL	defgabcdefga	296-307-373-384
LMDEINFMKMFF	defgabcdefga	VEEQLAQLRCEM	defgabcdefga	296-307-380-391
LMDEINFMKMFF	defgabcdefga	LRCEMEQQNQEY	defgabcdefga	296-307-387-398
LMDEINFMKMFF	defgabcdefga	QNQEYKILLDVK	defgabcdefga	296-307-394-405
LMDEINFMKMFF	defgabcdefga	LLDVKTRLEQEI	defgabcdefga	296-307-401-412
LMDEINFMKMFF	defgabcdefga	LEQEIATYRRLL	defgabcdefga	296-307-408-419
LMDEINFMKMFF	defgabcdefga	YRRLLEGEDAHL	defgabcdefga	296-307-415-426
MKMFFDAELSQM	defgabcdefga	EKVTMQNLNDRL	defgabcdefga	303-314-115-126
MKMFFDAELSQM	defgabcdefga	LNDRLASYLDKV	defgabcdefga	303-314-122-133
MKMFFDAELSQM	defgabcdefga	YLDKVRALEEAN	defgabcdefga	303-314-129-140
MKMFFDAELSQM	defgabcdefga	LEEANADLEVKI	defgabcdefga	303-314-136-147
MKMFFDAELSQM	defgabcdefga	YFKTIEDLRNKI	defgabcdefga	303-314-165-176
MKMFFDAELSQM	defgabcdefga	LRNKILTATVDN	defgabcdefga	303-314-172-183
MKMFFDAELSQM	defgabcdefga	ATVDNANVLLQI	defgabcdefga	303-314-179-190
MKMFFDAELSQM	defgabcdefga	VLLQIDNARLAA	defgabcdefga	303-314-186-197
MKMFFDAELSQM	defgabcdefga	ARLAADDFRTKY	defgabcdefga	303-314-193-204
MKMFFDAELSQM	defgabcdefga	FRTKYETELNLR	defgabcdefga	303-314-200-211
MKMFFDAELSQM	defgabcdefga	ELNLRMSVEADI	defgabcdefga	303-314-207-218
MKMFFDAELSQM	defgabcdefga	VEADINGLRRVL	defgabcdefga	303-314-214-225
MKMFFDAELSQM	defgabcdefga	LRRVLDELTLAR	defgabcdefga	303-314-221-232
MKMFFDAELSQM	defgabcdefga	LTLARADLEMQI	defgabcdefga	303-314-228-239
MKMFFDAELSQM	defgabcdefga	LEMQIESLKEEL	defgabcdefga	303-314-235-246
MKMFFDAELSQM	defgabcdefga	LKEELAYLKKNH	defgabcdefga	303-314-242-253
MKMFFDAELSQM	defgabcdefga	LKKNHEEEMNAL	defgabcdefga	303-314-249-260
MKMFFDAELSQM	defgabcdefga	LSRILNEMRDQY	defgabcdefga	303-314-280-291
MKMFFDAELSQM	defgabcdefga	MRDQYEKMAEKN	defgabcdefga	303-314-287-298
MKMFFDAELSQM	defgabcdefga	GKSEISELRRTM	defgabcdefga	303-314-327-338
MKMFFDAELSQM	defgabcdefga	LRRTMQNLEIEL	defgabcdefga	303-314-334-345
MKMFFDAELSQM	defgabcdefga	LEIELQSQLSMK	defgabcdefga	303-314-341-352
MKMFFDAELSQM	defgabcdefga	QLSMKASLENSL	defgabcdefga	303-314-348-359
MKMFFDAELSQM	defgabcdefga	LENSLEETKGRY	defgabcdefga	303-314-355-366
MKMFFDAELSQM	defgabcdefga	IQEMIGSVEEQL	defgabcdefga	303-314-373-384
MKMFFDAELSQM	defgabcdefga	VEEQLAQLRCEM	defgabcdefga	303-314-380-391
MKMFFDAELSQM	defgabcdefga	LRCEMEQQNQEY	defgabcdefga	303-314-387-398
MKMFFDAELSQM	defgabcdefga	QNQEYKILLDVK	defgabcdefga	303-314-394-405
MKMFFDAELSQM	defgabcdefga	LLDVKTRLEQEI	defgabcdefga	303-314-401-412
MKMFFDAELSQM	defgabcdefga	LEQEIATYRRLL	defgabcdefga	303-314-408-419
MKMFFDAELSQM	defgabcdefga	YRRLLEGEDAHL	defgabcdefga	303-314-415-426
LDSIIAEVKAQY	defgabcdefga	EKVTMQNLNDRL	defgabcdefga	335-346-115-126
LDSIIAEVKAQY	defgabcdefga	LNDRLASYLDKV	defgabcdefga	335-346-122-133
LDSIIAEVKAQY	defgabcdefga	YLDKVRALEEAN	defgabcdefga	335-346-129-140
LDSIIAEVKAQY	defgabcdefga	LEEANADLEVKI	defgabcdefga	335-346-136-147
LDSIIAEVKAQY	defgabcdefga	YFKTIEDLRNKI	defgabcdefga	335-346-165-176
LDSIIAEVKAQY	defgabcdefga	LRNKILTATVDN	defgabcdefga	335-346-172-183
LDSIIAEVKAQY	defgabcdefga	ATVDNANVLLQI	defgabcdefga	335-346-179-190
LDSIIAEVKAQY	defgabcdefga	VLLQIDNARLAA	defgabcdefga	335-346-186-197
LDSIIAEVKAQY	defgabcdefga	ARLAADDFRTKY	defgabcdefga	335-346-193-204
LDSIIAEVKAQY	defgabcdefga	FRTKYETELNLR	defgabcdefga	335-346-200-211
LDSIIAEVKAQY	defgabcdefga	ELNLRMSVEADI	defgabcdefga	335-346-207-218
LDSIIAEVKAQY	defgabcdefga	VEADINGLRRVL	defgabcdefga	335-346-214-225
LDSIIAEVKAQY	defgabcdefga	LRRVLDELTLAR	defgabcdefga	335-346-221-232
LDSIIAEVKAQY	defgabcdefga	LTLARADLEMQI	defgabcdefga	335-346-228-239
LDSIIAEVKAQY	defgabcdefga	LEMQIESLKEEL	defgabcdefga	335-346-235-246
LDSIIAEVKAQY	defgabcdefga	LKEELAYLKKNH	defgabcdefga	335-346-242-253
LDSIIAEVKAQY	defgabcdefga	LKKNHEEEMNAL	defgabcdefga	335-346-249-260
LDSIIAEVKAQY	defgabcdefga	LSRILNEMRDQY	defgabcdefga	335-346-280-291
LDSIIAEVKAQY	defgabcdefga	MRDQYEKMAEKN	defgabcdefga	335-346-287-298
LDSIIAEVKAQY	defgabcdefga	GKSEISELRRTM	defgabcdefga	335-346-327-338
LDSIIAEVKAQY	defgabcdefga	LRRTMQNLEIEL	defgabcdefga	335-346-334-345
LDSIIAEVKAQY	defgabcdefga	LEIELQSQLSMK	defgabcdefga	335-346-341-352
LDSIIAEVKAQY	defgabcdefga	QLSMKASLENSL	defgabcdefga	335-346-348-359
LDSIIAEVKAQY	defgabcdefga	LENSLEETKGRY	defgabcdefga	335-346-355-366
LDSIIAEVKAQY	defgabcdefga	IQEMIGSVEEQL	defgabcdefga	335-346-373-384
LDSIIAEVKAQY	defgabcdefga	VEEQLAQLRCEM	defgabcdefga	335-346-380-391
LDSIIAEVKAQY	defgabcdefga	LRCEMEQQNQEY	defgabcdefga	335-346-387-398
LDSIIAEVKAQY	defgabcdefga	QNQEYKILLDVK	defgabcdefga	335-346-394-405
LDSIIAEVKAQY	defgabcdefga	LLDVKTRLEQEI	defgabcdefga	335-346-401-412
LDSIIAEVKAQY	defgabcdefga	LEQEIATYRRLL	defgabcdefga	335-346-408-419
LDSIIAEVKAQY	defgabcdefga	YRRLLEGEDAHL	defgabcdefga	335-346-415-426
YQTKYEELQQTA	defgabcdefga	EKVTMQNLNDRL	defgabcdefga	361-372-115-126
YQTKYEELQQTA	defgabcdefga	LNDRLASYLDKV	defgabcdefga	361-372-122-133
YQTKYEELQQTA	defgabcdefga	YLDKVRALEEAN	defgabcdefga	361-372-129-140
YQTKYEELQQTA	defgabcdefga	LEEANADLEVKI	defgabcdefga	361-372-136-147
YQTKYEELQQTA	defgabcdefga	YFKTIEDLRNKI	defgabcdefga	361-372-165-176
YQTKYEELQQTA	defgabcdefga	LRNKILTATVDN	defgabcdefga	361-372-172-183
YQTKYEELQQTA	defgabcdefga	ATVDNANVLLQI	defgabcdefga	361-372-179-190
YQTKYEELQQTA	defgabcdefga	VLLQIDNARLAA	defgabcdefga	361-372-186-197
YQTKYEELQQTA	defgabcdefga	ARLAADDFRTKY	defgabcdefga	361-372-193-204
YQTKYEELQQTA	defgabcdefga	FRTKYETELNLR	defgabcdefga	361-372-200-211
YQTKYEELQQTA	defgabcdefga	ELNLRMSVEADI	defgabcdefga	361-372-207-218
YQTKYEELQQTA	defgabcdefga	VEADINGLRRVL	defgabcdefga	361-372-214-225
YQTKYEELQQTA	defgabcdefga	LRRVLDELTLAR	defgabcdefga	361-372-221-232
YQTKYEELQQTA	defgabcdefga	LTLARADLEMQI	defgabcdefga	361-372-228-239
YQTKYEELQQTA	defgabcdefga	LEMQIESLKEEL	defgabcdefga	361-372-235-246
YQTKYEELQQTA	defgabcdefga	LKEELAYLKKNH	defgabcdefga	361-372-242-253
YQTKYEELQQTA	defgabcdefga	LKKNHEEEMNAL	defgabcdefga	361-372-249-260
YQTKYEELQQTA	defgabcdefga	LSRILNEMRDQY	defgabcdefga	361-372-280-291
YQTKYEELQQTA	defgabcdefga	MRDQYEKMAEKN	defgabcdefga	361-372-287-298
YQTKYEELQQTA	defgabcdefga	GKSEISELRRTM	defgabcdefga	361-372-327-338
YQTKYEELQQTA	defgabcdefga	LRRTMQNLEIEL	defgabcdefga	361-372-334-345
YQTKYEELQQTA	defgabcdefga	LEIELQSQLSMK	defgabcdefga	361-372-341-352
YQTKYEELQQTA	defgabcdefga	QLSMKASLENSL	defgabcdefga	361-372-348-359
YQTKYEELQQTA	defgabcdefga	LENSLEETKGRY	defgabcdefga	361-372-355-366
YQTKYEELQQTA	defgabcdefga	IQEMIGSVEEQL	defgabcdefga	361-372-373-384
YQTKYEELQQTA	defgabcdefga	VEEQLAQLRCEM	defgabcdefga	361-372-380-391
YQTKYEELQQTA	defgabcdefga	LRCEMEQQNQEY	defgabcdefga	361-372-387-398
YQTKYEELQQTA	defgabcdefga	QNQEYKILLDVK	defgabcdefga	361-372-394-405
YQTKYEELQQTA	defgabcdefga	LLDVKTRLEQEI	defgabcdefga	361-372-401-412
YQTKYEELQQTA	defgabcdefga	LEQEIATYRRLL	defgabcdefga	361-372-408-419
YQTKYEELQQTA	defgabcdefga	YRRLLEGEDAHL	defgabcdefga	361-372-415-426
LQQTAGRHGDDL	defgabcdefga	EKVTMQNLNDRL	defgabcdefga	368-379-115-126
LQQTAGRHGDDL	defgabcdefga	LNDRLASYLDKV	defgabcdefga	368-379-122-133
LQQTAGRHGDDL	defgabcdefga	YLDKVRALEEAN	defgabcdefga	368-379-129-140
LQQTAGRHGDDL	defgabcdefga	LEEANADLEVKI	defgabcdefga	368-379-136-147
LQQTAGRHGDDL	defgabcdefga	YFKTIEDLRNKI	defgabcdefga	368-379-165-176
LQQTAGRHGDDL	defgabcdefga	LRNKILTATVDN	defgabcdefga	368-379-172-183
LQQTAGRHGDDL	defgabcdefga	ATVDNANVLLQI	defgabcdefga	368-379-179-190
LQQTAGRHGDDL	defgabcdefga	VLLQIDNARLAA	defgabcdefga	368-379-186-197
LQQTAGRHGDDL	defgabcdefga	ARLAADDFRTKY	defgabcdefga	368-379-193-204
LQQTAGRHGDDL	defgabcdefga	FRTKYETELNLR	defgabcdefga	368-379-200-211
LQQTAGRHGDDL	defgabcdefga	ELNLRMSVEADI	defgabcdefga	368-379-207-218
LQQTAGRHGDDL	defgabcdefga	VEADINGLRRVL	defgabcdefga	368-379-214-225
LQQTAGRHGDDL	defgabcdefga	LRRVLDELTLAR	defgabcdefga	368-379-221-232
LQQTAGRHGDDL	defgabcdefga	LTLARADLEMQI	defgabcdefga	368-379-228-239
LQQTAGRHGDDL	defgabcdefga	LEMQIESLKEEL	defgabcdefga	368-379-235-246
LQQTAGRHGDDL	defgabcdefga	LKEELAYLKKNH	defgabcdefga	368-379-242-253
LQQTAGRHGDDL	defgabcdefga	LKKNHEEEMNAL	defgabcdefga	368-379-249-260
LQQTAGRHGDDL	defgabcdefga	LSRILNEMRDQY	defgabcdefga	368-379-280-291
LQQTAGRHGDDL	defgabcdefga	MRDQYEKMAEKN	defgabcdefga	368-379-287-298
LQQTAGRHGDDL	defgabcdefga	GKSEISELRRTM	defgabcdefga	368-379-327-338
LQQTAGRHGDDL	defgabcdefga	LRRTMQNLEIEL	defgabcdefga	368-379-334-345
LQQTAGRHGDDL	defgabcdefga	LEIELQSQLSMK	defgabcdefga	368-379-341-352
LQQTAGRHGDDL	defgabcdefga	QLSMKASLENSL	defgabcdefga	368-379-348-359
LQQTAGRHGDDL	defgabcdefga	LENSLEETKGRY	defgabcdefga	368-379-355-366
LQQTAGRHGDDL	defgabcdefga	IQEMIGSVEEQL	defgabcdefga	368-379-373-384
LQQTAGRHGDDL	defgabcdefga	VEEQLAQLRCEM	defgabcdefga	368-379-380-391
LQQTAGRHGDDL	defgabcdefga	LRCEMEQQNQEY	defgabcdefga	368-379-387-398
LQQTAGRHGDDL	defgabcdefga	QNQEYKILLDVK	defgabcdefga	368-379-394-405
LQQTAGRHGDDL	defgabcdefga	LLDVKTRLEQEI	defgabcdefga	368-379-401-412
LQQTAGRHGDDL	defgabcdefga	LEQEIATYRRLL	defgabcdefga	368-379-408-419
LQQTAGRHGDDL	defgabcdefga	YRRLLEGEDAHL	defgabcdefga	368-379-415-426
HGDDLRNTKHEI	defgabcdefga	EKVTMQNLNDRL	defgabcdefga	375-386-115-126
HGDDLRNTKHEI	defgabcdefga	LNDRLASYLDKV	defgabcdefga	375-386-122-133
HGDDLRNTKHEI	defgabcdefga	YLDKVRALEEAN	defgabcdefga	375-386-129-140
HGDDLRNTKHEI	defgabcdefga	LEEANADLEVKI	defgabcdefga	375-386-136-147
HGDDLRNTKHEI	defgabcdefga	YFKTIEDLRNKI	defgabcdefga	375-386-165-176
HGDDLRNTKHEI	defgabcdefga	LRNKILTATVDN	defgabcdefga	375-386-172-183
HGDDLRNTKHEI	defgabcdefga	ATVDNANVLLQI	defgabcdefga	375-386-179-190
HGDDLRNTKHEI	defgabcdefga	VLLQIDNARLAA	defgabcdefga	375-386-186-197
HGDDLRNTKHEI	defgabcdefga	ARLAADDFRTKY	defgabcdefga	375-386-193-204
HGDDLRNTKHEI	defgabcdefga	FRTKYETELNLR	defgabcdefga	375-386-200-211
HGDDLRNTKHEI	defgabcdefga	ELNLRMSVEADI	defgabcdefga	375-386-207-218
HGDDLRNTKHEI	defgabcdefga	VEADINGLRRVL	defgabcdefga	375-386-214-225
HGDDLRNTKHEI	defgabcdefga	LRRVLDELTLAR	defgabcdefga	375-386-221-232
HGDDLRNTKHEI	defgabcdefga	LTLARADLEMQI	defgabcdefga	375-386-228-239
HGDDLRNTKHEI	defgabcdefga	LEMQIESLKEEL	defgabcdefga	375-386-235-246
HGDDLRNTKHEI	defgabcdefga	LKEELAYLKKNH	defgabcdefga	375-386-242-253
HGDDLRNTKHEI	defgabcdefga	LKKNHEEEMNAL	defgabcdefga	375-386-249-260
HGDDLRNTKHEI	defgabcdefga	LSRILNEMRDQY	defgabcdefga	375-386-280-291
HGDDLRNTKHEI	defgabcdefga	MRDQYEKMAEKN	defgabcdefga	375-386-287-298
HGDDLRNTKHEI	defgabcdefga	GKSEISELRRTM	defgabcdefga	375-386-327-338
HGDDLRNTKHEI	defgabcdefga	LRRTMQNLEIEL	defgabcdefga	375-386-334-345
HGDDLRNTKHEI	defgabcdefga	LEIELQSQLSMK	defgabcdefga	375-386-341-352
HGDDLRNTKHEI	defgabcdefga	QLSMKASLENSL	defgabcdefga	375-386-348-359
HGDDLRNTKHEI	defgabcdefga	LENSLEETKGRY	defgabcdefga	375-386-355-366
HGDDLRNTKHEI	defgabcdefga	IQEMIGSVEEQL	defgabcdefga	375-386-373-384
HGDDLRNTKHEI	defgabcdefga	VEEQLAQLRCEM	defgabcdefga	375-386-380-391
HGDDLRNTKHEI	defgabcdefga	LRCEMEQQNQEY	defgabcdefga	375-386-387-398
HGDDLRNTKHEI	defgabcdefga	QNQEYKILLDVK	defgabcdefga	375-386-394-405
HGDDLRNTKHEI	defgabcdefga	LLDVKTRLEQEI	defgabcdefga	375-386-401-412
HGDDLRNTKHEI	defgabcdefga	LEQEIATYRRLL	defgabcdefga	375-386-408-419
HGDDLRNTKHEI	defgabcdefga	YRRLLEGEDAHL	defgabcdefga	375-386-415-426
TKHEISEMNRMI	defgabcdefga	EKVTMQNLNDRL	defgabcdefga	382-393-115-126
TKHEISEMNRMI	defgabcdefga	LNDRLASYLDKV	defgabcdefga	382-393-122-133
TKHEISEMNRMI	defgabcdefga	YLDKVRALEEAN	defgabcdefga	382-393-129-140
TKHEISEMNRMI	defgabcdefga	LEEANADLEVKI	defgabcdefga	382-393-136-147
TKHEISEMNRMI	defgabcdefga	YFKTIEDLRNKI	defgabcdefga	382-393-165-176
TKHEISEMNRMI	defgabcdefga	LRNKILTATVDN	defgabcdefga	382-393-172-183
TKHEISEMNRMI	defgabcdefga	ATVDNANVLLQI	defgabcdefga	382-393-179-190
TKHEISEMNRMI	defgabcdefga	VLLQIDNARLAA	defgabcdefga	382-393-186-197
TKHEISEMNRMI	defgabcdefga	ARLAADDFRTKY	defgabcdefga	382-393-193-204
TKHEISEMNRMI	defgabcdefga	FRTKYETELNLR	defgabcdefga	382-393-200-211
TKHEISEMNRMI	defgabcdefga	ELNLRMSVEADI	defgabcdefga	382-393-207-218
TKHEISEMNRMI	defgabcdefga	VEADINGLRRVL	defgabcdefga	382-393-214-225
TKHEISEMNRMI	defgabcdefga	LRRVLDELTLAR	defgabcdefga	382-393-221-232
TKHEISEMNRMI	defgabcdefga	LTLARADLEMQI	defgabcdefga	382-393-228-239
TKHEISEMNRMI	defgabcdefga	LEMQIESLKEEL	defgabcdefga	382-393-235-246
TKHEISEMNRMI	defgabcdefga	LKEELAYLKKNH	defgabcdefga	382-393-242-253
TKHEISEMNRMI	defgabcdefga	LKKNHEEEMNAL	defgabcdefga	382-393-249-260
TKHEISEMNRMI	defgabcdefga	LSRILNEMRDQY	defgabcdefga	382-393-280-291
TKHEISEMNRMI	defgabcdefga	MRDQYEKMAEKN	defgabcdefga	382-393-287-298
TKHEISEMNRMI	defgabcdefga	GKSEISELRRTM	defgabcdefga	382-393-327-338
TKHEISEMNRMI	defgabcdefga	LRRTMQNLEIEL	defgabcdefga	382-393-334-345
TKHEISEMNRMI	defgabcdefga	LEIELQSQLSMK	defgabcdefga	382-393-341-352
TKHEISEMNRMI	defgabcdefga	QLSMKASLENSL	defgabcdefga	382-393-348-359
TKHEISEMNRMI	defgabcdefga	LENSLEETKGRY	defgabcdefga	382-393-355-366
TKHEISEMNRMI	defgabcdefga	IQEMIGSVEEQL	defgabcdefga	382-393-373-384
TKHEISEMNRMI	defgabcdefga	VEEQLAQLRCEM	defgabcdefga	382-393-380-391
TKHEISEMNRMI	defgabcdefga	LRCEMEQQNQEY	defgabcdefga	382-393-387-398
TKHEISEMNRMI	defgabcdefga	QNQEYKILLDVK	defgabcdefga	382-393-394-405
TKHEISEMNRMI	defgabcdefga	LLDVKTRLEQEI	defgabcdefga	382-393-401-412
TKHEISEMNRMI	defgabcdefga	LEQEIATYRRLL	defgabcdefga	382-393-408-419
TKHEISEMNRMI	defgabcdefga	YRRLLEGEDAHL	defgabcdefga	382-393-415-426
MNRMIQRLRAEI	defgabcdefga	EKVTMQNLNDRL	defgabcdefga	389-400-115-126
MNRMIQRLRAEI	defgabcdefga	LNDRLASYLDKV	defgabcdefga	389-400-122-133
MNRMIQRLRAEI	defgabcdefga	YLDKVRALEEAN	defgabcdefga	389-400-129-140
MNRMIQRLRAEI	defgabcdefga	LEEANADLEVKI	defgabcdefga	389-400-136-147
MNRMIQRLRAEI	defgabcdefga	YFKTIEDLRNKI	defgabcdefga	389-400-165-176
MNRMIQRLRAEI	defgabcdefga	LRNKILTATVDN	defgabcdefga	389-400-172-183
MNRMIQRLRAEI	defgabcdefga	ATVDNANVLLQI	defgabcdefga	389-400-179-190
MNRMIQRLRAEI	defgabcdefga	VLLQIDNARLAA	defgabcdefga	389-400-186-197
MNRMIQRLRAEI	defgabcdefga	ARLAADDFRTKY	defgabcdefga	389-400-193-204
MNRMIQRLRAEI	defgabcdefga	FRTKYETELNLR	defgabcdefga	389-400-200-211
MNRMIQRLRAEI	defgabcdefga	ELNLRMSVEADI	defgabcdefga	389-400-207-218
MNRMIQRLRAEI	defgabcdefga	VEADINGLRRVL	defgabcdefga	389-400-214-225
MNRMIQRLRAEI	defgabcdefga	LRRVLDELTLAR	defgabcdefga	389-400-221-232
MNRMIQRLRAEI	defgabcdefga	LTLARADLEMQI	defgabcdefga	389-400-228-239
MNRMIQRLRAEI	defgabcdefga	LEMQIESLKEEL	defgabcdefga	389-400-235-246
MNRMIQRLRAEI	defgabcdefga	LKEELAYLKKNH	defgabcdefga	389-400-242-253
MNRMIQRLRAEI	defgabcdefga	LKKNHEEEMNAL	defgabcdefga	389-400-249-260
MNRMIQRLRAEI	defgabcdefga	LSRILNEMRDQY	defgabcdefga	389-400-280-291
MNRMIQRLRAEI	defgabcdefga	MRDQYEKMAEKN	defgabcdefga	389-400-287-298
MNRMIQRLRAEI	defgabcdefga	GKSEISELRRTM	defgabcdefga	389-400-327-338
MNRMIQRLRAEI	defgabcdefga	LRRTMQNLEIEL	defgabcdefga	389-400-334-345
MNRMIQRLRAEI	defgabcdefga	LEIELQSQLSMK	defgabcdefga	389-400-341-352
MNRMIQRLRAEI	defgabcdefga	QLSMKASLENSL	defgabcdefga	389-400-348-359
MNRMIQRLRAEI	defgabcdefga	LENSLEETKGRY	defgabcdefga	389-400-355-366
MNRMIQRLRAEI	defgabcdefga	IQEMIGSVEEQL	defgabcdefga	389-400-373-384
MNRMIQRLRAEI	defgabcdefga	VEEQLAQLRCEM	defgabcdefga	389-400-380-391
MNRMIQRLRAEI	defgabcdefga	LRCEMEQQNQEY	defgabcdefga	389-400-387-398
MNRMIQRLRAEI	defgabcdefga	QNQEYKILLDVK	defgabcdefga	389-400-394-405
MNRMIQRLRAEI	defgabcdefga	LLDVKTRLEQEI	defgabcdefga	389-400-401-412
MNRMIQRLRAEI	defgabcdefga	LEQEIATYRRLL	defgabcdefga	389-400-408-419
MNRMIQRLRAEI	defgabcdefga	YRRLLEGEDAHL	defgabcdefga	389-400-415-426
LRAEIDNVKKQC	defgabcdefga	EKVTMQNLNDRL	defgabcdefga	396-407-115-126
LRAEIDNVKKQC	defgabcdefga	LNDRLASYLDKV	defgabcdefga	396-407-122-133
LRAEIDNVKKQC	defgabcdefga	YLDKVRALEEAN	defgabcdefga	396-407-129-140
LRAEIDNVKKQC	defgabcdefga	LEEANADLEVKI	defgabcdefga	396-407-136-147
LRAEIDNVKKQC	defgabcdefga	YFKTIEDLRNKI	defgabcdefga	396-407-165-176
LRAEIDNVKKQC	defgabcdefga	LRNKILTATVDN	defgabcdefga	396-407-172-183
LRAEIDNVKKQC	defgabcdefga	ATVDNANVLLQI	defgabcdefga	396-407-179-190
LRAEIDNVKKQC	defgabcdefga	VLLQIDNARLAA	defgabcdefga	396-407-186-197
LRAEIDNVKKQC	defgabcdefga	ARLAADDFRTKY	defgabcdefga	396-407-193-204
LRAEIDNVKKQC	defgabcdefga	FRTKYETELNLR	defgabcdefga	396-407-200-211
LRAEIDNVKKQC	defgabcdefga	ELNLRMSVEADI	defgabcdefga	396-407-207-218
LRAEIDNVKKQC	defgabcdefga	VEADINGLRRVL	defgabcdefga	396-407-214-225
LRAEIDNVKKQC	defgabcdefga	LRRVLDELTLAR	defgabcdefga	396-407-221-232
LRAEIDNVKKQC	defgabcdefga	LTLARADLEMQI	defgabcdefga	396-407-228-239
LRAEIDNVKKQC	defgabcdefga	LEMQIESLKEEL	defgabcdefga	396-407-235-246
LRAEIDNVKKQC	defgabcdefga	LKEELAYLKKNH	defgabcdefga	396-407-242-253
LRAEIDNVKKQC	defgabcdefga	LKKNHEEEMNAL	defgabcdefga	396-407-249-260
LRAEIDNVKKQC	defgabcdefga	LSRILNEMRDQY	defgabcdefga	396-407-280-291
LRAEIDNVKKQC	defgabcdefga	MRDQYEKMAEKN	defgabcdefga	396-407-287-298
LRAEIDNVKKQC	defgabcdefga	GKSEISELRRTM	defgabcdefga	396-407-327-338
LRAEIDNVKKQC	defgabcdefga	LRRTMQNLEIEL	defgabcdefga	396-407-334-345
LRAEIDNVKKQC	defgabcdefga	LEIELQSQLSMK	defgabcdefga	396-407-341-352
LRAEIDNVKKQC	defgabcdefga	QLSMKASLENSL	defgabcdefga	396-407-348-359
LRAEIDNVKKQC	defgabcdefga	LENSLEETKGRY	defgabcdefga	396-407-355-366
LRAEIDNVKKQC	defgabcdefga	IQEMIGSVEEQL	defgabcdefga	396-407-373-384
LRAEIDNVKKQC	defgabcdefga	VEEQLAQLRCEM	defgabcdefga	396-407-380-391
LRAEIDNVKKQC	defgabcdefga	LRCEMEQQNQEY	defgabcdefga	396-407-387-398
LRAEIDNVKKQC	defgabcdefga	QNQEYKILLDVK	defgabcdefga	396-407-394-405
LRAEIDNVKKQC	defgabcdefga	LLDVKTRLEQEI	defgabcdefga	396-407-401-412
LRAEIDNVKKQC	defgabcdefga	LEQEIATYRRLL	defgabcdefga	396-407-408-419
LRAEIDNVKKQC	defgabcdefga	YRRLLEGEDAHL	defgabcdefga	396-407-415-426
VKKQCANLQNAI	defgabcdefga	EKVTMQNLNDRL	defgabcdefga	403-414-115-126
VKKQCANLQNAI	defgabcdefga	LNDRLASYLDKV	defgabcdefga	403-414-122-133
VKKQCANLQNAI	defgabcdefga	YLDKVRALEEAN	defgabcdefga	403-414-129-140
VKKQCANLQNAI	defgabcdefga	LEEANADLEVKI	defgabcdefga	403-414-136-147
VKKQCANLQNAI	defgabcdefga	YFKTIEDLRNKI	defgabcdefga	403-414-165-176
VKKQCANLQNAI	defgabcdefga	LRNKILTATVDN	defgabcdefga	403-414-172-183
VKKQCANLQNAI	defgabcdefga	ATVDNANVLLQI	defgabcdefga	403-414-179-190
VKKQCANLQNAI	defgabcdefga	VLLQIDNARLAA	defgabcdefga	403-414-186-197
VKKQCANLQNAI	defgabcdefga	ARLAADDFRTKY	defgabcdefga	403-414-193-204
VKKQCANLQNAI	defgabcdefga	FRTKYETELNLR	defgabcdefga	403-414-200-211
VKKQCANLQNAI	defgabcdefga	ELNLRMSVEADI	defgabcdefga	403-414-207-218
VKKQCANLQNAI	defgabcdefga	VEADINGLRRVL	defgabcdefga	403-414-214-225
VKKQCANLQNAI	defgabcdefga	LRRVLDELTLAR	defgabcdefga	403-414-221-232
VKKQCANLQNAI	defgabcdefga	LTLARADLEMQI	defgabcdefga	403-414-228-239
VKKQCANLQNAI	defgabcdefga	LEMQIESLKEEL	defgabcdefga	403-414-235-246
VKKQCANLQNAI	defgabcdefga	LKEELAYLKKNH	defgabcdefga	403-414-242-253
VKKQCANLQNAI	defgabcdefga	LKKNHEEEMNAL	defgabcdefga	403-414-249-260
VKKQCANLQNAI	defgabcdefga	LSRILNEMRDQY	defgabcdefga	403-414-280-291
VKKQCANLQNAI	defgabcdefga	MRDQYEKMAEKN	defgabcdefga	403-414-287-298
VKKQCANLQNAI	defgabcdefga	GKSEISELRRTM	defgabcdefga	403-414-327-338
VKKQCANLQNAI	defgabcdefga	LRRTMQNLEIEL	defgabcdefga	403-414-334-345
VKKQCANLQNAI	defgabcdefga	LEIELQSQLSMK	defgabcdefga	403-414-341-352
VKKQCANLQNAI	defgabcdefga	QLSMKASLENSL	defgabcdefga	403-414-348-359
VKKQCANLQNAI	defgabcdefga	LENSLEETKGRY	defgabcdefga	403-414-355-366
VKKQCANLQNAI	defgabcdefga	IQEMIGSVEEQL	defgabcdefga	403-414-373-384
VKKQCANLQNAI	defgabcdefga	VEEQLAQLRCEM	defgabcdefga	403-414-380-391
VKKQCANLQNAI	defgabcdefga	LRCEMEQQNQEY	defgabcdefga	403-414-387-398
VKKQCANLQNAI	defgabcdefga	QNQEYKILLDVK	defgabcdefga	403-414-394-405
VKKQCANLQNAI	defgabcdefga	LLDVKTRLEQEI	defgabcdefga	403-414-401-412
VKKQCANLQNAI	defgabcdefga	LEQEIATYRRLL	defgabcdefga	403-414-408-419
VKKQCANLQNAI	defgabcdefga	YRRLLEGEDAHL	defgabcdefga	403-414-415-426
GELALKDARNKL	defgabcdefga	EKVTMQNLNDRL	defgabcdefga	421-432-115-126
GELALKDARNKL	defgabcdefga	LNDRLASYLDKV	defgabcdefga	421-432-122-133
GELALKDARNKL	defgabcdefga	YLDKVRALEEAN	defgabcdefga	421-432-129-140
GELALKDARNKL	defgabcdefga	LEEANADLEVKI	defgabcdefga	421-432-136-147
GELALKDARNKL	defgabcdefga	YFKTIEDLRNKI	defgabcdefga	421-432-165-176
GELALKDARNKL	defgabcdefga	LRNKILTATVDN	defgabcdefga	421-432-172-183
GELALKDARNKL	defgabcdefga	ATVDNANVLLQI	defgabcdefga	421-432-179-190
GELALKDARNKL	defgabcdefga	VLLQIDNARLAA	defgabcdefga	421-432-186-197
GELALKDARNKL	defgabcdefga	ARLAADDFRTKY	defgabcdefga	421-432-193-204
GELALKDARNKL	defgabcdefga	FRTKYETELNLR	defgabcdefga	421-432-200-211
GELALKDARNKL	defgabcdefga	ELNLRMSVEADI	defgabcdefga	421-432-207-218
GELALKDARNKL	defgabcdefga	VEADINGLRRVL	defgabcdefga	421-432-214-225
GELALKDARNKL	defgabcdefga	LRRVLDELTLAR	defgabcdefga	421-432-221-232
GELALKDARNKL	defgabcdefga	LTLARADLEMQI	defgabcdefga	421-432-228-239
GELALKDARNKL	defgabcdefga	LEMQIESLKEEL	defgabcdefga	421-432-235-246
GELALKDARNKL	defgabcdefga	LKEELAYLKKNH	defgabcdefga	421-432-242-253
GELALKDARNKL	defgabcdefga	LKKNHEEEMNAL	defgabcdefga	421-432-249-260
GELALKDARNKL	defgabcdefga	LSRILNEMRDQY	defgabcdefga	421-432-280-291
GELALKDARNKL	defgabcdefga	MRDQYEKMAEKN	defgabcdefga	421-432-287-298
GELALKDARNKL	defgabcdefga	GKSEISELRRTM	defgabcdefga	421-432-327-338
GELALKDARNKL	defgabcdefga	LRRTMQNLEIEL	defgabcdefga	421-432-334-345
GELALKDARNKL	defgabcdefga	LEIELQSQLSMK	defgabcdefga	421-432-341-352
GELALKDARNKL	defgabcdefga	QLSMKASLENSL	defgabcdefga	421-432-348-359
GELALKDARNKL	defgabcdefga	LENSLEETKGRY	defgabcdefga	421-432-355-366
GELALKDARNKL	defgabcdefga	IQEMIGSVEEQL	defgabcdefga	421-432-373-384
GELALKDARNKL	defgabcdefga	VEEQLAQLRCEM	defgabcdefga	421-432-380-391
GELALKDARNKL	defgabcdefga	LRCEMEQQNQEY	defgabcdefga	421-432-387-398
GELALKDARNKL	defgabcdefga	QNQEYKILLDVK	defgabcdefga	421-432-394-405
GELALKDARNKL	defgabcdefga	LLDVKTRLEQEI	defgabcdefga	421-432-401-412
GELALKDARNKL	defgabcdefga	LEQEIATYRRLL	defgabcdefga	421-432-408-419
GELALKDARNKL	defgabcdefga	YRRLLEGEDAHL	defgabcdefga	421-432-415-426
ARNKLAELEEAL	defgabcdefga	EKVTMQNLNDRL	defgabcdefga	428-439-115-126
ARNKLAELEEAL	defgabcdefga	LNDRLASYLDKV	defgabcdefga	428-439-122-133
ARNKLAELEEAL	defgabcdefga	YLDKVRALEEAN	defgabcdefga	428-439-129-140
ARNKLAELEEAL	defgabcdefga	LEEANADLEVKI	defgabcdefga	428-439-136-147
ARNKLAELEEAL	defgabcdefga	YFKTIEDLRNKI	defgabcdefga	428-439-165-176
ARNKLAELEEAL	defgabcdefga	LRNKILTATVDN	defgabcdefga	428-439-172-183
ARNKLAELEEAL	defgabcdefga	ATVDNANVLLQI	defgabcdefga	428-439-179-190
ARNKLAELEEAL	defgabcdefga	VLLQIDNARLAA	defgabcdefga	428-439-186-197
ARNKLAELEEAL	defgabcdefga	ARLAADDFRTKY	defgabcdefga	428-439-193-204
ARNKLAELEEAL	defgabcdefga	FRTKYETELNLR	defgabcdefga	428-439-200-211
ARNKLAELEEAL	defgabcdefga	ELNLRMSVEADI	defgabcdefga	428-439-207-218
ARNKLAELEEAL	defgabcdefga	VEADINGLRRVL	defgabcdefga	428-439-214-225
ARNKLAELEEAL	defgabcdefga	LRRVLDELTLAR	defgabcdefga	428-439-221-232
ARNKLAELEEAL	defgabcdefga	LTLARADLEMQI	defgabcdefga	428-439-228-239
ARNKLAELEEAL	defgabcdefga	LEMQIESLKEEL	defgabcdefga	428-439-235-246
ARNKLAELEEAL	defgabcdefga	LKEELAYLKKNH	defgabcdefga	428-439-242-253
ARNKLAELEEAL	defgabcdefga	LKKNHEEEMNAL	defgabcdefga	428-439-249-260
ARNKLAELEEAL	defgabcdefga	LSRILNEMRDQY	defgabcdefga	428-439-280-291
ARNKLAELEEAL	defgabcdefga	MRDQYEKMAEKN	defgabcdefga	428-439-287-298
ARNKLAELEEAL	defgabcdefga	GKSEISELRRTM	defgabcdefga	428-439-327-338
ARNKLAELEEAL	defgabcdefga	LRRTMQNLEIEL	defgabcdefga	428-439-334-345
ARNKLAELEEAL	defgabcdefga	LEIELQSQLSMK	defgabcdefga	428-439-341-352
ARNKLAELEEAL	defgabcdefga	QLSMKASLENSL	defgabcdefga	428-439-348-359
ARNKLAELEEAL	defgabcdefga	LENSLEETKGRY	defgabcdefga	428-439-355-366
ARNKLAELEEAL	defgabcdefga	IQEMIGSVEEQL	defgabcdefga	428-439-373-384
ARNKLAELEEAL	defgabcdefga	VEEQLAQLRCEM	defgabcdefga	428-439-380-391
ARNKLAELEEAL	defgabcdefga	LRCEMEQQNQEY	defgabcdefga	428-439-387-398
ARNKLAELEEAL	defgabcdefga	QNQEYKILLDVK	defgabcdefga	428-439-394-405
ARNKLAELEEAL	defgabcdefga	LLDVKTRLEQEI	defgabcdefga	428-439-401-412
ARNKLAELEEAL	defgabcdefga	LEQEIATYRRLL	defgabcdefga	428-439-408-419
ARNKLAELEEAL	defgabcdefga	YRRLLEGEDAHL	defgabcdefga	428-439-415-426
LEEALQKAKQDM	defgabcdefga	EKVTMQNLNDRL	defgabcdefga	435-446-115-126
LEEALQKAKQDM	defgabcdefga	LNDRLASYLDKV	defgabcdefga	435-446-122-133
LEEALQKAKQDM	defgabcdefga	YLDKVRALEEAN	defgabcdefga	435-446-129-140
LEEALQKAKQDM	defgabcdefga	LEEANADLEVKI	defgabcdefga	435-446-136-147
LEEALQKAKQDM	defgabcdefga	YFKTIEDLRNKI	defgabcdefga	435-446-165-176
LEEALQKAKQDM	defgabcdefga	LRNKILTATVDN	defgabcdefga	435-446-172-183
LEEALQKAKQDM	defgabcdefga	ATVDNANVLLQI	defgabcdefga	435-446-179-190
LEEALQKAKQDM	defgabcdefga	VLLQIDNARLAA	defgabcdefga	435-446-186-197
LEEALQKAKQDM	defgabcdefga	ARLAADDFRTKY	defgabcdefga	435-446-193-204
LEEALQKAKQDM	defgabcdefga	FRTKYETELNLR	defgabcdefga	435-446-200-211
LEEALQKAKQDM	defgabcdefga	ELNLRMSVEADI	defgabcdefga	435-446-207-218
LEEALQKAKQDM	defgabcdefga	VEADINGLRRVL	defgabcdefga	435-446-214-225
LEEALQKAKQDM	defgabcdefga	LRRVLDELTLAR	defgabcdefga	435-446-221-232
LEEALQKAKQDM	defgabcdefga	LTLARADLEMQI	defgabcdefga	435-446-228-239
LEEALQKAKQDM	defgabcdefga	LEMQIESLKEEL	defgabcdefga	435-446-235-246
LEEALQKAKQDM	defgabcdefga	LKEELAYLKKNH	defgabcdefga	435-446-242-253
LEEALQKAKQDM	defgabcdefga	LKKNHEEEMNAL	defgabcdefga	435-446-249-260
LEEALQKAKQDM	defgabcdefga	LSRILNEMRDQY	defgabcdefga	435-446-280-291
LEEALQKAKQDM	defgabcdefga	MRDQYEKMAEKN	defgabcdefga	435-446-287-298
LEEALQKAKQDM	defgabcdefga	GKSEISELRRTM	defgabcdefga	435-446-327-338
LEEALQKAKQDM	defgabcdefga	LRRTMQNLEIEL	defgabcdefga	435-446-334-345
LEEALQKAKQDM	defgabcdefga	LEIELQSQLSMK	defgabcdefga	435-446-341-352
LEEALQKAKQDM	defgabcdefga	QLSMKASLENSL	defgabcdefga	435-446-348-359
LEEALQKAKQDM	defgabcdefga	LENSLEETKGRY	defgabcdefga	435-446-355-366
LEEALQKAKQDM	defgabcdefga	IQEMIGSVEEQL	defgabcdefga	435-446-373-384
LEEALQKAKQDM	defgabcdefga	VEEQLAQLRCEM	defgabcdefga	435-446-380-391
LEEALQKAKQDM	defgabcdefga	LRCEMEQQNQEY	defgabcdefga	435-446-387-398
LEEALQKAKQDM	defgabcdefga	QNQEYKILLDVK	defgabcdefga	435-446-394-405
LEEALQKAKQDM	defgabcdefga	LLDVKTRLEQEI	defgabcdefga	435-446-401-412
LEEALQKAKQDM	defgabcdefga	LEQEIATYRRLL	defgabcdefga	435-446-408-419
LEEALQKAKQDM	defgabcdefga	YRRLLEGEDAHL	defgabcdefga	435-446-415-426
AKQDMARLLREY	defgabcdefga	EKVTMQNLNDRL	defgabcdefga	442-453-115-126
AKQDMARLLREY	defgabcdefga	LNDRLASYLDKV	defgabcdefga	442-453-122-133
AKQDMARLLREY	defgabcdefga	YLDKVRALEEAN	defgabcdefga	442-453-129-140
AKQDMARLLREY	defgabcdefga	LEEANADLEVKI	defgabcdefga	442-453-136-147
AKQDMARLLREY	defgabcdefga	YFKTIEDLRNKI	defgabcdefga	442-453-165-176
AKQDMARLLREY	defgabcdefga	LRNKILTATVDN	defgabcdefga	442-453-172-183
AKQDMARLLREY	defgabcdefga	ATVDNANVLLQI	defgabcdefga	442-453-179-190
AKQDMARLLREY	defgabcdefga	VLLQIDNARLAA	defgabcdefga	442-453-186-197
AKQDMARLLREY	defgabcdefga	ARLAADDFRTKY	defgabcdefga	442-453-193-204
AKQDMARLLREY	defgabcdefga	FRTKYETELNLR	defgabcdefga	442-453-200-211
AKQDMARLLREY	defgabcdefga	ELNLRMSVEADI	defgabcdefga	442-453-207-218
AKQDMARLLREY	defgabcdefga	VEADINGLRRVL	defgabcdefga	442-453-214-225
AKQDMARLLREY	defgabcdefga	LRRVLDELTLAR	defgabcdefga	442-453-221-232
AKQDMARLLREY	defgabcdefga	LTLARADLEMQI	defgabcdefga	442-453-228-239
AKQDMARLLREY	defgabcdefga	LEMQIESLKEEL	defgabcdefga	442-453-235-246
AKQDMARLLREY	defgabcdefga	LKEELAYLKKNH	defgabcdefga	442-453-242-253
AKQDMARLLREY	defgabcdefga	LKKNHEEEMNAL	defgabcdefga	442-453-249-260
AKQDMARLLREY	defgabcdefga	LSRILNEMRDQY	defgabcdefga	442-453-280-291
AKQDMARLLREY	defgabcdefga	MRDQYEKMAEKN	defgabcdefga	442-453-287-298
AKQDMARLLREY	defgabcdefga	GKSEISELRRTM	defgabcdefga	442-453-327-338
AKQDMARLLREY	defgabcdefga	LRRTMQNLEIEL	defgabcdefga	442-453-334-345
AKQDMARLLREY	defgabcdefga	LEIELQSQLSMK	defgabcdefga	442-453-341-352
AKQDMARLLREY	defgabcdefga	QLSMKASLENSL	defgabcdefga	442-453-348-359
AKQDMARLLREY	defgabcdefga	LENSLEETKGRY	defgabcdefga	442-453-355-366
AKQDMARLLREY	defgabcdefga	IQEMIGSVEEQL	defgabcdefga	442-453-373-384
AKQDMARLLREY	defgabcdefga	VEEQLAQLRCEM	defgabcdefga	442-453-380-391
AKQDMARLLREY	defgabcdefga	LRCEMEQQNQEY	defgabcdefga	442-453-387-398
AKQDMARLLREY	defgabcdefga	QNQEYKILLDVK	defgabcdefga	442-453-394-405
AKQDMARLLREY	defgabcdefga	LLDVKTRLEQEI	defgabcdefga	442-453-401-412
AKQDMARLLREY	defgabcdefga	LEQEIATYRRLL	defgabcdefga	442-453-408-419
AKQDMARLLREY	defgabcdefga	YRRLLEGEDAHL	defgabcdefga	442-453-415-426
LLREYQELMNTK	defgabcdefga	EKVTMQNLNDRL	defgabcdefga	449-460-115-126
LLREYQELMNTK	defgabcdefga	LNDRLASYLDKV	defgabcdefga	449-460-122-133
LLREYQELMNTK	defgabcdefga	YLDKVRALEEAN	defgabcdefga	449-460-129-140
LLREYQELMNTK	defgabcdefga	LEEANADLEVKI	defgabcdefga	449-460-136-147
LLREYQELMNTK	defgabcdefga	YFKTIEDLRNKI	defgabcdefga	449-460-165-176
LLREYQELMNTK	defgabcdefga	LRNKILTATVDN	defgabcdefga	449-460-172-183
LLREYQELMNTK	defgabcdefga	ATVDNANVLLQI	defgabcdefga	449-460-179-190
LLREYQELMNTK	defgabcdefga	VLLQIDNARLAA	defgabcdefga	449-460-186-197
LLREYQELMNTK	defgabcdefga	ARLAADDFRTKY	defgabcdefga	449-460-193-204
LLREYQELMNTK	defgabcdefga	FRTKYETELNLR	defgabcdefga	449-460-200-211
LLREYQELMNTK	defgabcdefga	ELNLRMSVEADI	defgabcdefga	449-460-207-218
LLREYQELMNTK	defgabcdefga	VEADINGLRRVL	defgabcdefga	449-460-214-225
LLREYQELMNTK	defgabcdefga	LRRVLDELTLAR	defgabcdefga	449-460-221-232
LLREYQELMNTK	defgabcdefga	LTLARADLEMQI	defgabcdefga	449-460-228-239
LLREYQELMNTK	defgabcdefga	LEMQIESLKEEL	defgabcdefga	449-460-235-246
LLREYQELMNTK	defgabcdefga	LKEELAYLKKNH	defgabcdefga	449-460-242-253
LLREYQELMNTK	defgabcdefga	LKKNHEEEMNAL	defgabcdefga	449-460-249-260
LLREYQELMNTK	defgabcdefga	LSRILNEMRDQY	defgabcdefga	449-460-280-291
LLREYQELMNTK	defgabcdefga	MRDQYEKMAEKN	defgabcdefga	449-460-287-298
LLREYQELMNTK	defgabcdefga	GKSEISELRRTM	defgabcdefga	449-460-327-338
LLREYQELMNTK	defgabcdefga	LRRTMQNLEIEL	defgabcdefga	449-460-334-345
LLREYQELMNTK	defgabcdefga	LEIELQSQLSMK	defgabcdefga	449-460-341-352
LLREYQELMNTK	defgabcdefga	QLSMKASLENSL	defgabcdefga	449-460-348-359
LLREYQELMNTK	defgabcdefga	LENSLEETKGRY	defgabcdefga	449-460-355-366
LLREYQELMNTK	defgabcdefga	IQEMIGSVEEQL	defgabcdefga	449-460-373-384
LLREYQELMNTK	defgabcdefga	VEEQLAQLRCEM	defgabcdefga	449-460-380-391
LLREYQELMNTK	defgabcdefga	LRCEMEQQNQEY	defgabcdefga	449-460-387-398
LLREYQELMNTK	defgabcdefga	QNQEYKILLDVK	defgabcdefga	449-460-394-405
LLREYQELMNTK	defgabcdefga	LLDVKTRLEQEI	defgabcdefga	449-460-401-412
LLREYQELMNTK	defgabcdefga	LEQEIATYRRLL	defgabcdefga	449-460-408-419
LLREYQELMNTK	defgabcdefga	YRRLLEGEDAHL	defgabcdefga	449-460-415-426
LMNTKLALDVEI	defgabcdefga	EKVTMQNLNDRL	defgabcdefga	456-467-115-126
LMNTKLALDVEI	defgabcdefga	LNDRLASYLDKV	defgabcdefga	456-467-122-133
LMNTKLALDVEI	defgabcdefga	YLDKVRALEEAN	defgabcdefga	456-467-129-140
LMNTKLALDVEI	defgabcdefga	LEEANADLEVKI	defgabcdefga	456-467-136-147
LMNTKLALDVEI	defgabcdefga	YFKTIEDLRNKI	defgabcdefga	456-467-165-176
LMNTKLALDVEI	defgabcdefga	LRNKILTATVDN	defgabcdefga	456-467-172-183
LMNTKLALDVEI	defgabcdefga	ATVDNANVLLQI	defgabcdefga	456-467-179-190
LMNTKLALDVEI	defgabcdefga	VLLQIDNARLAA	defgabcdefga	456-467-186-197
LMNTKLALDVEI	defgabcdefga	ARLAADDFRTKY	defgabcdefga	456-467-193-204
LMNTKLALDVEI	defgabcdefga	FRTKYETELNLR	defgabcdefga	456-467-200-211
LMNTKLALDVEI	defgabcdefga	ELNLRMSVEADI	defgabcdefga	456-467-207-218
LMNTKLALDVEI	defgabcdefga	VEADINGLRRVL	defgabcdefga	456-467-214-225
LMNTKLALDVEI	defgabcdefga	LRRVLDELTLAR	defgabcdefga	456-467-221-232
LMNTKLALDVEI	defgabcdefga	LTLARADLEMQI	defgabcdefga	456-467-228-239
LMNTKLALDVEI	defgabcdefga	LEMQIESLKEEL	defgabcdefga	456-467-235-246
LMNTKLALDVEI	defgabcdefga	LKEELAYLKKNH	defgabcdefga	456-467-242-253
LMNTKLALDVEI	defgabcdefga	LKKNHEEEMNAL	defgabcdefga	456-467-249-260
LMNTKLALDVEI	defgabcdefga	LSRILNEMRDQY	defgabcdefga	456-467-280-291
LMNTKLALDVEI	defgabcdefga	MRDQYEKMAEKN	defgabcdefga	456-467-287-298
LMNTKLALDVEI	defgabcdefga	GKSEISELRRTM	defgabcdefga	456-467-327-338
LMNTKLALDVEI	defgabcdefga	LRRTMQNLEIEL	defgabcdefga	456-467-334-345
LMNTKLALDVEI	defgabcdefga	LEIELQSQLSMK	defgabcdefga	456-467-341-352
LMNTKLALDVEI	defgabcdefga	QLSMKASLENSL	defgabcdefga	456-467-348-359
LMNTKLALDVEI	defgabcdefga	LENSLEETKGRY	defgabcdefga	456-467-355-366
LMNTKLALDVEI	defgabcdefga	IQEMIGSVEEQL	defgabcdefga	456-467-373-384
LMNTKLALDVEI	defgabcdefga	VEEQLAQLRCEM	defgabcdefga	456-467-380-391
LMNTKLALDVEI	defgabcdefga	LRCEMEQQNQEY	defgabcdefga	456-467-387-398
LMNTKLALDVEI	defgabcdefga	QNQEYKILLDVK	defgabcdefga	456-467-394-405
LMNTKLALDVEI	defgabcdefga	LLDVKTRLEQEI	defgabcdefga	456-467-401-412
LMNTKLALDVEI	defgabcdefga	LEQEIATYRRLL	defgabcdefga	456-467-408-419
LMNTKLALDVEI	defgabcdefga	YRRLLEGEDAHL	defgabcdefga	456-467-415-426
LDVEIATYRKLL	defgabcdefga	EKVTMQNLNDRL	defgabcdefga	463-474-115-126
LDVEIATYRKLL	defgabcdefga	LNDRLASYLDKV	defgabcdefga	463-474-122-133
LDVEIATYRKLL	defgabcdefga	YLDKVRALEEAN	defgabcdefga	463-474-129-140
LDVEIATYRKLL	defgabcdefga	LEEANADLEVKI	defgabcdefga	463-474-136-147
LDVEIATYRKLL	defgabcdefga	YFKTIEDLRNKI	defgabcdefga	463-474-165-176
LDVEIATYRKLL	defgabcdefga	LRNKILTATVDN	defgabcdefga	463-474-172-183
LDVEIATYRKLL	defgabcdefga	ATVDNANVLLQI	defgabcdefga	463-474-179-190
LDVEIATYRKLL	defgabcdefga	VLLQIDNARLAA	defgabcdefga	463-474-186-197
LDVEIATYRKLL	defgabcdefga	ARLAADDFRTKY	defgabcdefga	463-474-193-204
LDVEIATYRKLL	defgabcdefga	FRTKYETELNLR	defgabcdefga	463-474-200-211
LDVEIATYRKLL	defgabcdefga	ELNLRMSVEADI	defgabcdefga	463-474-207-218
LDVEIATYRKLL	defgabcdefga	VEADINGLRRVL	defgabcdefga	463-474-214-225
LDVEIATYRKLL	defgabcdefga	LRRVLDELTLAR	defgabcdefga	463-474-221-232
LDVEIATYRKLL	defgabcdefga	LTLARADLEMQI	defgabcdefga	463-474-228-239
LDVEIATYRKLL	defgabcdefga	LEMQIESLKEEL	defgabcdefga	463-474-235-246
LDVEIATYRKLL	defgabcdefga	LKEELAYLKKNH	defgabcdefga	463-474-242-253
LDVEIATYRKLL	defgabcdefga	LKKNHEEEMNAL	defgabcdefga	463-474-249-260
LDVEIATYRKLL	defgabcdefga	LSRILNEMRDQY	defgabcdefga	463-474-280-291
LDVEIATYRKLL	defgabcdefga	MRDQYEKMAEKN	defgabcdefga	463-474-287-298
LDVEIATYRKLL	defgabcdefga	GKSEISELRRTM	defgabcdefga	463-474-327-338
LDVEIATYRKLL	defgabcdefga	LRRTMQNLEIEL	defgabcdefga	463-474-334-345
LDVEIATYRKLL	defgabcdefga	LEIELQSQLSMK	defgabcdefga	463-474-341-352
LDVEIATYRKLL	defgabcdefga	QLSMKASLENSL	defgabcdefga	463-474-348-359
LDVEIATYRKLL	defgabcdefga	LENSLEETKGRY	defgabcdefga	463-474-355-366
LDVEIATYRKLL	defgabcdefga	IQEMIGSVEEQL	defgabcdefga	463-474-373-384
LDVEIATYRKLL	defgabcdefga	VEEQLAQLRCEM	defgabcdefga	463-474-380-391
LDVEIATYRKLL	defgabcdefga	LRCEMEQQNQEY	defgabcdefga	463-474-387-398
LDVEIATYRKLL	defgabcdefga	QNQEYKILLDVK	defgabcdefga	463-474-394-405
LDVEIATYRKLL	defgabcdefga	LLDVKTRLEQEI	defgabcdefga	463-474-401-412
LDVEIATYRKLL	defgabcdefga	LEQEIATYRRLL	defgabcdefga	463-474-408-419
LDVEIATYRKLL	defgabcdefga	YRRLLEGEDAHL	defgabcdefga	463-474-415-426
YRKLLEGEECRL	defgabcdefga	EKVTMQNLNDRL	defgabcdefga	470-481-115-126
YRKLLEGEECRL	defgabcdefga	LNDRLASYLDKV	defgabcdefga	470-481-122-133
YRKLLEGEECRL	defgabcdefga	YLDKVRALEEAN	defgabcdefga	470-481-129-140
YRKLLEGEECRL	defgabcdefga	LEEANADLEVKI	defgabcdefga	470-481-136-147
YRKLLEGEECRL	defgabcdefga	YFKTIEDLRNKI	defgabcdefga	470-481-165-176
YRKLLEGEECRL	defgabcdefga	LRNKILTATVDN	defgabcdefga	470-481-172-183
YRKLLEGEECRL	defgabcdefga	ATVDNANVLLQI	defgabcdefga	470-481-179-190
YRKLLEGEECRL	defgabcdefga	VLLQIDNARLAA	defgabcdefga	470-481-186-197
YRKLLEGEECRL	defgabcdefga	ARLAADDFRTKY	defgabcdefga	470-481-193-204
YRKLLEGEECRL	defgabcdefga	FRTKYETELNLR	defgabcdefga	470-481-200-211
YRKLLEGEECRL	defgabcdefga	ELNLRMSVEADI	defgabcdefga	470-481-207-218
YRKLLEGEECRL	defgabcdefga	VEADINGLRRVL	defgabcdefga	470-481-214-225
YRKLLEGEECRL	defgabcdefga	LRRVLDELTLAR	defgabcdefga	470-481-221-232
YRKLLEGEECRL	defgabcdefga	LTLARADLEMQI	defgabcdefga	470-481-228-239
YRKLLEGEECRL	defgabcdefga	LEMQIESLKEEL	defgabcdefga	470-481-235-246
YRKLLEGEECRL	defgabcdefga	LKEELAYLKKNH	defgabcdefga	470-481-242-253
YRKLLEGEECRL	defgabcdefga	LKKNHEEEMNAL	defgabcdefga	470-481-249-260
YRKLLEGEECRL	defgabcdefga	LSRILNEMRDQY	defgabcdefga	470-481-280-291
YRKLLEGEECRL	defgabcdefga	MRDQYEKMAEKN	defgabcdefga	470-481-287-298
YRKLLEGEECRL	defgabcdefga	GKSEISELRRTM	defgabcdefga	470-481-327-338
YRKLLEGEECRL	defgabcdefga	LRRTMQNLEIEL	defgabcdefga	470-481-334-345
YRKLLEGEECRL	defgabcdefga	LEIELQSQLSMK	defgabcdefga	470-481-341-352
YRKLLEGEECRL	defgabcdefga	QLSMKASLENSL	defgabcdefga	470-481-348-359
YRKLLEGEECRL	defgabcdefga	LENSLEETKGRY	defgabcdefga	470-481-355-366
YRKLLEGEECRL	defgabcdefga	IQEMIGSVEEQL	defgabcdefga	470-481-373-384
YRKLLEGEECRL	defgabcdefga	VEEQLAQLRCEM	defgabcdefga	470-481-380-391
YRKLLEGEECRL	defgabcdefga	LRCEMEQQNQEY	defgabcdefga	470-481-387-398
YRKLLEGEECRL	defgabcdefga	QNQEYKILLDVK	defgabcdefga	470-481-394-405
YRKLLEGEECRL	defgabcdefga	LLDVKTRLEQEI	defgabcdefga	470-481-401-412
YRKLLEGEECRL	defgabcdefga	LEQEIATYRRLL	defgabcdefga	470-481-408-419
YRKLLEGEECRL	defgabcdefga	YRRLLEGEDAHL	defgabcdefga	470-481-415-426
