RTEEREQIKTL	abcdefgabcd	VGSEKVTMQNL	abcdefgabcd	165-175-112-122
RTEEREQIKTL	abcdefgabcd	MQNLNDRLASY	abcdefgabcd	165-175-119-129
RTEEREQIKTL	abcdefgabcd	LASYLDKVRAL	abcdefgabcd	165-175-126-136
RTEEREQIKTL	abcdefgabcd	VRALEEANADL	abcdefgabcd	165-175-133-143
RTEEREQIKTL	abcdefgabcd	NADLEVKIRDW	abcdefgabcd	165-175-140-150
RTEEREQIKTL	abcdefgabcd	IEDLRNKILTA	abcdefgabcd	165-175-169-179
RTEEREQIKTL	abcdefgabcd	ILTATVDNANV	abcdefgabcd	165-175-176-186
RTEEREQIKTL	abcdefgabcd	NANVLLQIDNA	abcdefgabcd	165-175-183-193
RTEEREQIKTL	abcdefgabcd	IDNARLAADDF	abcdefgabcd	165-175-190-200
RTEEREQIKTL	abcdefgabcd	ADDFRTKYETE	abcdefgabcd	165-175-197-207
RTEEREQIKTL	abcdefgabcd	YETELNLRMSV	abcdefgabcd	165-175-204-214
RTEEREQIKTL	abcdefgabcd	RMSVEADINGL	abcdefgabcd	165-175-211-221
RTEEREQIKTL	abcdefgabcd	INGLRRVLDEL	abcdefgabcd	165-175-218-228
RTEEREQIKTL	abcdefgabcd	LDELTLARADL	abcdefgabcd	165-175-225-235
RTEEREQIKTL	abcdefgabcd	RADLEMQIESL	abcdefgabcd	165-175-232-242
RTEEREQIKTL	abcdefgabcd	IESLKEELAYL	abcdefgabcd	165-175-239-249
RTEEREQIKTL	abcdefgabcd	LAYLKKNHEEE	abcdefgabcd	165-175-246-256
RTEEREQIKTL	abcdefgabcd	HEEEMNALRGQ	abcdefgabcd	165-175-253-263
RTEEREQIKTL	abcdefgabcd	LNEMRDQYEKM	abcdefgabcd	165-175-284-294
RTEEREQIKTL	abcdefgabcd	VQSGKSEISEL	abcdefgabcd	165-175-324-334
RTEEREQIKTL	abcdefgabcd	ISELRRTMQNL	abcdefgabcd	165-175-331-341
RTEEREQIKTL	abcdefgabcd	MQNLEIELQSQ	abcdefgabcd	165-175-338-348
RTEEREQIKTL	abcdefgabcd	LQSQLSMKASL	abcdefgabcd	165-175-345-355
RTEEREQIKTL	abcdefgabcd	KASLENSLEET	abcdefgabcd	165-175-352-362
RTEEREQIKTL	abcdefgabcd	LAQIQEMIGSV	abcdefgabcd	165-175-370-380
RTEEREQIKTL	abcdefgabcd	IGSVEEQLAQL	abcdefgabcd	165-175-377-387
RTEEREQIKTL	abcdefgabcd	LAQLRCEMEQQ	abcdefgabcd	165-175-384-394
RTEEREQIKTL	abcdefgabcd	MEQQNQEYKIL	abcdefgabcd	165-175-391-401
RTEEREQIKTL	abcdefgabcd	YKILLDVKTRL	abcdefgabcd	165-175-398-408
RTEEREQIKTL	abcdefgabcd	KTRLEQEIATY	abcdefgabcd	165-175-405-415
RTEEREQIKTL	abcdefgabcd	IATYRRLLEGE	abcdefgabcd	165-175-412-422
RTEEREQIKTL	abcdefgabcd	LEGEDAHLSSS	abcdefgabcd	165-175-419-429
IKTLNNKFASF	abcdefgabcd	VGSEKVTMQNL	abcdefgabcd	172-182-112-122
IKTLNNKFASF	abcdefgabcd	MQNLNDRLASY	abcdefgabcd	172-182-119-129
IKTLNNKFASF	abcdefgabcd	LASYLDKVRAL	abcdefgabcd	172-182-126-136
IKTLNNKFASF	abcdefgabcd	VRALEEANADL	abcdefgabcd	172-182-133-143
IKTLNNKFASF	abcdefgabcd	NADLEVKIRDW	abcdefgabcd	172-182-140-150
IKTLNNKFASF	abcdefgabcd	IEDLRNKILTA	abcdefgabcd	172-182-169-179
IKTLNNKFASF	abcdefgabcd	ILTATVDNANV	abcdefgabcd	172-182-176-186
IKTLNNKFASF	abcdefgabcd	NANVLLQIDNA	abcdefgabcd	172-182-183-193
IKTLNNKFASF	abcdefgabcd	IDNARLAADDF	abcdefgabcd	172-182-190-200
IKTLNNKFASF	abcdefgabcd	ADDFRTKYETE	abcdefgabcd	172-182-197-207
IKTLNNKFASF	abcdefgabcd	YETELNLRMSV	abcdefgabcd	172-182-204-214
IKTLNNKFASF	abcdefgabcd	RMSVEADINGL	abcdefgabcd	172-182-211-221
IKTLNNKFASF	abcdefgabcd	INGLRRVLDEL	abcdefgabcd	172-182-218-228
IKTLNNKFASF	abcdefgabcd	LDELTLARADL	abcdefgabcd	172-182-225-235
IKTLNNKFASF	abcdefgabcd	RADLEMQIESL	abcdefgabcd	172-182-232-242
IKTLNNKFASF	abcdefgabcd	IESLKEELAYL	abcdefgabcd	172-182-239-249
IKTLNNKFASF	abcdefgabcd	LAYLKKNHEEE	abcdefgabcd	172-182-246-256
IKTLNNKFASF	abcdefgabcd	HEEEMNALRGQ	abcdefgabcd	172-182-253-263
IKTLNNKFASF	abcdefgabcd	LNEMRDQYEKM	abcdefgabcd	172-182-284-294
IKTLNNKFASF	abcdefgabcd	VQSGKSEISEL	abcdefgabcd	172-182-324-334
IKTLNNKFASF	abcdefgabcd	ISELRRTMQNL	abcdefgabcd	172-182-331-341
IKTLNNKFASF	abcdefgabcd	MQNLEIELQSQ	abcdefgabcd	172-182-338-348
IKTLNNKFASF	abcdefgabcd	LQSQLSMKASL	abcdefgabcd	172-182-345-355
IKTLNNKFASF	abcdefgabcd	KASLENSLEET	abcdefgabcd	172-182-352-362
IKTLNNKFASF	abcdefgabcd	LAQIQEMIGSV	abcdefgabcd	172-182-370-380
IKTLNNKFASF	abcdefgabcd	IGSVEEQLAQL	abcdefgabcd	172-182-377-387
IKTLNNKFASF	abcdefgabcd	LAQLRCEMEQQ	abcdefgabcd	172-182-384-394
IKTLNNKFASF	abcdefgabcd	MEQQNQEYKIL	abcdefgabcd	172-182-391-401
IKTLNNKFASF	abcdefgabcd	YKILLDVKTRL	abcdefgabcd	172-182-398-408
IKTLNNKFASF	abcdefgabcd	KTRLEQEIATY	abcdefgabcd	172-182-405-415
IKTLNNKFASF	abcdefgabcd	IATYRRLLEGE	abcdefgabcd	172-182-412-422
IKTLNNKFASF	abcdefgabcd	LEGEDAHLSSS	abcdefgabcd	172-182-419-429
FASFIDKVRFL	abcdefgabcd	VGSEKVTMQNL	abcdefgabcd	179-189-112-122
FASFIDKVRFL	abcdefgabcd	MQNLNDRLASY	abcdefgabcd	179-189-119-129
FASFIDKVRFL	abcdefgabcd	LASYLDKVRAL	abcdefgabcd	179-189-126-136
FASFIDKVRFL	abcdefgabcd	VRALEEANADL	abcdefgabcd	179-189-133-143
FASFIDKVRFL	abcdefgabcd	NADLEVKIRDW	abcdefgabcd	179-189-140-150
FASFIDKVRFL	abcdefgabcd	IEDLRNKILTA	abcdefgabcd	179-189-169-179
FASFIDKVRFL	abcdefgabcd	ILTATVDNANV	abcdefgabcd	179-189-176-186
FASFIDKVRFL	abcdefgabcd	NANVLLQIDNA	abcdefgabcd	179-189-183-193
FASFIDKVRFL	abcdefgabcd	IDNARLAADDF	abcdefgabcd	179-189-190-200
FASFIDKVRFL	abcdefgabcd	ADDFRTKYETE	abcdefgabcd	179-189-197-207
FASFIDKVRFL	abcdefgabcd	YETELNLRMSV	abcdefgabcd	179-189-204-214
FASFIDKVRFL	abcdefgabcd	RMSVEADINGL	abcdefgabcd	179-189-211-221
FASFIDKVRFL	abcdefgabcd	INGLRRVLDEL	abcdefgabcd	179-189-218-228
FASFIDKVRFL	abcdefgabcd	LDELTLARADL	abcdefgabcd	179-189-225-235
FASFIDKVRFL	abcdefgabcd	RADLEMQIESL	abcdefgabcd	179-189-232-242
FASFIDKVRFL	abcdefgabcd	IESLKEELAYL	abcdefgabcd	179-189-239-249
FASFIDKVRFL	abcdefgabcd	LAYLKKNHEEE	abcdefgabcd	179-189-246-256
FASFIDKVRFL	abcdefgabcd	HEEEMNALRGQ	abcdefgabcd	179-189-253-263
FASFIDKVRFL	abcdefgabcd	LNEMRDQYEKM	abcdefgabcd	179-189-284-294
FASFIDKVRFL	abcdefgabcd	VQSGKSEISEL	abcdefgabcd	179-189-324-334
FASFIDKVRFL	abcdefgabcd	ISELRRTMQNL	abcdefgabcd	179-189-331-341
FASFIDKVRFL	abcdefgabcd	MQNLEIELQSQ	abcdefgabcd	179-189-338-348
FASFIDKVRFL	abcdefgabcd	LQSQLSMKASL	abcdefgabcd	179-189-345-355
FASFIDKVRFL	abcdefgabcd	KASLENSLEET	abcdefgabcd	179-189-352-362
FASFIDKVRFL	abcdefgabcd	LAQIQEMIGSV	abcdefgabcd	179-189-370-380
FASFIDKVRFL	abcdefgabcd	IGSVEEQLAQL	abcdefgabcd	179-189-377-387
FASFIDKVRFL	abcdefgabcd	LAQLRCEMEQQ	abcdefgabcd	179-189-384-394
FASFIDKVRFL	abcdefgabcd	MEQQNQEYKIL	abcdefgabcd	179-189-391-401
FASFIDKVRFL	abcdefgabcd	YKILLDVKTRL	abcdefgabcd	179-189-398-408
FASFIDKVRFL	abcdefgabcd	KTRLEQEIATY	abcdefgabcd	179-189-405-415
FASFIDKVRFL	abcdefgabcd	IATYRRLLEGE	abcdefgabcd	179-189-412-422
FASFIDKVRFL	abcdefgabcd	LEGEDAHLSSS	abcdefgabcd	179-189-419-429
VRFLEQQNKVL	abcdefgabcd	VGSEKVTMQNL	abcdefgabcd	186-196-112-122
VRFLEQQNKVL	abcdefgabcd	MQNLNDRLASY	abcdefgabcd	186-196-119-129
VRFLEQQNKVL	abcdefgabcd	LASYLDKVRAL	abcdefgabcd	186-196-126-136
VRFLEQQNKVL	abcdefgabcd	VRALEEANADL	abcdefgabcd	186-196-133-143
VRFLEQQNKVL	abcdefgabcd	NADLEVKIRDW	abcdefgabcd	186-196-140-150
VRFLEQQNKVL	abcdefgabcd	IEDLRNKILTA	abcdefgabcd	186-196-169-179
VRFLEQQNKVL	abcdefgabcd	ILTATVDNANV	abcdefgabcd	186-196-176-186
VRFLEQQNKVL	abcdefgabcd	NANVLLQIDNA	abcdefgabcd	186-196-183-193
VRFLEQQNKVL	abcdefgabcd	IDNARLAADDF	abcdefgabcd	186-196-190-200
VRFLEQQNKVL	abcdefgabcd	ADDFRTKYETE	abcdefgabcd	186-196-197-207
VRFLEQQNKVL	abcdefgabcd	YETELNLRMSV	abcdefgabcd	186-196-204-214
VRFLEQQNKVL	abcdefgabcd	RMSVEADINGL	abcdefgabcd	186-196-211-221
VRFLEQQNKVL	abcdefgabcd	INGLRRVLDEL	abcdefgabcd	186-196-218-228
VRFLEQQNKVL	abcdefgabcd	LDELTLARADL	abcdefgabcd	186-196-225-235
VRFLEQQNKVL	abcdefgabcd	RADLEMQIESL	abcdefgabcd	186-196-232-242
VRFLEQQNKVL	abcdefgabcd	IESLKEELAYL	abcdefgabcd	186-196-239-249
VRFLEQQNKVL	abcdefgabcd	LAYLKKNHEEE	abcdefgabcd	186-196-246-256
VRFLEQQNKVL	abcdefgabcd	HEEEMNALRGQ	abcdefgabcd	186-196-253-263
VRFLEQQNKVL	abcdefgabcd	LNEMRDQYEKM	abcdefgabcd	186-196-284-294
VRFLEQQNKVL	abcdefgabcd	VQSGKSEISEL	abcdefgabcd	186-196-324-334
VRFLEQQNKVL	abcdefgabcd	ISELRRTMQNL	abcdefgabcd	186-196-331-341
VRFLEQQNKVL	abcdefgabcd	MQNLEIELQSQ	abcdefgabcd	186-196-338-348
VRFLEQQNKVL	abcdefgabcd	LQSQLSMKASL	abcdefgabcd	186-196-345-355
VRFLEQQNKVL	abcdefgabcd	KASLENSLEET	abcdefgabcd	186-196-352-362
VRFLEQQNKVL	abcdefgabcd	LAQIQEMIGSV	abcdefgabcd	186-196-370-380
VRFLEQQNKVL	abcdefgabcd	IGSVEEQLAQL	abcdefgabcd	186-196-377-387
VRFLEQQNKVL	abcdefgabcd	LAQLRCEMEQQ	abcdefgabcd	186-196-384-394
VRFLEQQNKVL	abcdefgabcd	MEQQNQEYKIL	abcdefgabcd	186-196-391-401
VRFLEQQNKVL	abcdefgabcd	YKILLDVKTRL	abcdefgabcd	186-196-398-408
VRFLEQQNKVL	abcdefgabcd	KTRLEQEIATY	abcdefgabcd	186-196-405-415
VRFLEQQNKVL	abcdefgabcd	IATYRRLLEGE	abcdefgabcd	186-196-412-422
VRFLEQQNKVL	abcdefgabcd	LEGEDAHLSSS	abcdefgabcd	186-196-419-429
NKVLDTKWTLL	abcdefgabcd	VGSEKVTMQNL	abcdefgabcd	193-203-112-122
NKVLDTKWTLL	abcdefgabcd	MQNLNDRLASY	abcdefgabcd	193-203-119-129
NKVLDTKWTLL	abcdefgabcd	LASYLDKVRAL	abcdefgabcd	193-203-126-136
NKVLDTKWTLL	abcdefgabcd	VRALEEANADL	abcdefgabcd	193-203-133-143
NKVLDTKWTLL	abcdefgabcd	NADLEVKIRDW	abcdefgabcd	193-203-140-150
NKVLDTKWTLL	abcdefgabcd	IEDLRNKILTA	abcdefgabcd	193-203-169-179
NKVLDTKWTLL	abcdefgabcd	ILTATVDNANV	abcdefgabcd	193-203-176-186
NKVLDTKWTLL	abcdefgabcd	NANVLLQIDNA	abcdefgabcd	193-203-183-193
NKVLDTKWTLL	abcdefgabcd	IDNARLAADDF	abcdefgabcd	193-203-190-200
NKVLDTKWTLL	abcdefgabcd	ADDFRTKYETE	abcdefgabcd	193-203-197-207
NKVLDTKWTLL	abcdefgabcd	YETELNLRMSV	abcdefgabcd	193-203-204-214
NKVLDTKWTLL	abcdefgabcd	RMSVEADINGL	abcdefgabcd	193-203-211-221
NKVLDTKWTLL	abcdefgabcd	INGLRRVLDEL	abcdefgabcd	193-203-218-228
NKVLDTKWTLL	abcdefgabcd	LDELTLARADL	abcdefgabcd	193-203-225-235
NKVLDTKWTLL	abcdefgabcd	RADLEMQIESL	abcdefgabcd	193-203-232-242
NKVLDTKWTLL	abcdefgabcd	IESLKEELAYL	abcdefgabcd	193-203-239-249
NKVLDTKWTLL	abcdefgabcd	LAYLKKNHEEE	abcdefgabcd	193-203-246-256
NKVLDTKWTLL	abcdefgabcd	HEEEMNALRGQ	abcdefgabcd	193-203-253-263
NKVLDTKWTLL	abcdefgabcd	LNEMRDQYEKM	abcdefgabcd	193-203-284-294
NKVLDTKWTLL	abcdefgabcd	VQSGKSEISEL	abcdefgabcd	193-203-324-334
NKVLDTKWTLL	abcdefgabcd	ISELRRTMQNL	abcdefgabcd	193-203-331-341
NKVLDTKWTLL	abcdefgabcd	MQNLEIELQSQ	abcdefgabcd	193-203-338-348
NKVLDTKWTLL	abcdefgabcd	LQSQLSMKASL	abcdefgabcd	193-203-345-355
NKVLDTKWTLL	abcdefgabcd	KASLENSLEET	abcdefgabcd	193-203-352-362
NKVLDTKWTLL	abcdefgabcd	LAQIQEMIGSV	abcdefgabcd	193-203-370-380
NKVLDTKWTLL	abcdefgabcd	IGSVEEQLAQL	abcdefgabcd	193-203-377-387
NKVLDTKWTLL	abcdefgabcd	LAQLRCEMEQQ	abcdefgabcd	193-203-384-394
NKVLDTKWTLL	abcdefgabcd	MEQQNQEYKIL	abcdefgabcd	193-203-391-401
NKVLDTKWTLL	abcdefgabcd	YKILLDVKTRL	abcdefgabcd	193-203-398-408
NKVLDTKWTLL	abcdefgabcd	KTRLEQEIATY	abcdefgabcd	193-203-405-415
NKVLDTKWTLL	abcdefgabcd	IATYRRLLEGE	abcdefgabcd	193-203-412-422
NKVLDTKWTLL	abcdefgabcd	LEGEDAHLSSS	abcdefgabcd	193-203-419-429
INNLRRQLDSI	abcdefgabcd	VGSEKVTMQNL	abcdefgabcd	223-233-112-122
INNLRRQLDSI	abcdefgabcd	MQNLNDRLASY	abcdefgabcd	223-233-119-129
INNLRRQLDSI	abcdefgabcd	LASYLDKVRAL	abcdefgabcd	223-233-126-136
INNLRRQLDSI	abcdefgabcd	VRALEEANADL	abcdefgabcd	223-233-133-143
INNLRRQLDSI	abcdefgabcd	NADLEVKIRDW	abcdefgabcd	223-233-140-150
INNLRRQLDSI	abcdefgabcd	IEDLRNKILTA	abcdefgabcd	223-233-169-179
INNLRRQLDSI	abcdefgabcd	ILTATVDNANV	abcdefgabcd	223-233-176-186
INNLRRQLDSI	abcdefgabcd	NANVLLQIDNA	abcdefgabcd	223-233-183-193
INNLRRQLDSI	abcdefgabcd	IDNARLAADDF	abcdefgabcd	223-233-190-200
INNLRRQLDSI	abcdefgabcd	ADDFRTKYETE	abcdefgabcd	223-233-197-207
INNLRRQLDSI	abcdefgabcd	YETELNLRMSV	abcdefgabcd	223-233-204-214
INNLRRQLDSI	abcdefgabcd	RMSVEADINGL	abcdefgabcd	223-233-211-221
INNLRRQLDSI	abcdefgabcd	INGLRRVLDEL	abcdefgabcd	223-233-218-228
INNLRRQLDSI	abcdefgabcd	LDELTLARADL	abcdefgabcd	223-233-225-235
INNLRRQLDSI	abcdefgabcd	RADLEMQIESL	abcdefgabcd	223-233-232-242
INNLRRQLDSI	abcdefgabcd	IESLKEELAYL	abcdefgabcd	223-233-239-249
INNLRRQLDSI	abcdefgabcd	LAYLKKNHEEE	abcdefgabcd	223-233-246-256
INNLRRQLDSI	abcdefgabcd	HEEEMNALRGQ	abcdefgabcd	223-233-253-263
INNLRRQLDSI	abcdefgabcd	LNEMRDQYEKM	abcdefgabcd	223-233-284-294
INNLRRQLDSI	abcdefgabcd	VQSGKSEISEL	abcdefgabcd	223-233-324-334
INNLRRQLDSI	abcdefgabcd	ISELRRTMQNL	abcdefgabcd	223-233-331-341
INNLRRQLDSI	abcdefgabcd	MQNLEIELQSQ	abcdefgabcd	223-233-338-348
INNLRRQLDSI	abcdefgabcd	LQSQLSMKASL	abcdefgabcd	223-233-345-355
INNLRRQLDSI	abcdefgabcd	KASLENSLEET	abcdefgabcd	223-233-352-362
INNLRRQLDSI	abcdefgabcd	LAQIQEMIGSV	abcdefgabcd	223-233-370-380
INNLRRQLDSI	abcdefgabcd	IGSVEEQLAQL	abcdefgabcd	223-233-377-387
INNLRRQLDSI	abcdefgabcd	LAQLRCEMEQQ	abcdefgabcd	223-233-384-394
INNLRRQLDSI	abcdefgabcd	MEQQNQEYKIL	abcdefgabcd	223-233-391-401
INNLRRQLDSI	abcdefgabcd	YKILLDVKTRL	abcdefgabcd	223-233-398-408
INNLRRQLDSI	abcdefgabcd	KTRLEQEIATY	abcdefgabcd	223-233-405-415
INNLRRQLDSI	abcdefgabcd	IATYRRLLEGE	abcdefgabcd	223-233-412-422
INNLRRQLDSI	abcdefgabcd	LEGEDAHLSSS	abcdefgabcd	223-233-419-429
LDSIVGERGRL	abcdefgabcd	VGSEKVTMQNL	abcdefgabcd	230-240-112-122
LDSIVGERGRL	abcdefgabcd	MQNLNDRLASY	abcdefgabcd	230-240-119-129
LDSIVGERGRL	abcdefgabcd	LASYLDKVRAL	abcdefgabcd	230-240-126-136
LDSIVGERGRL	abcdefgabcd	VRALEEANADL	abcdefgabcd	230-240-133-143
LDSIVGERGRL	abcdefgabcd	NADLEVKIRDW	abcdefgabcd	230-240-140-150
LDSIVGERGRL	abcdefgabcd	IEDLRNKILTA	abcdefgabcd	230-240-169-179
LDSIVGERGRL	abcdefgabcd	ILTATVDNANV	abcdefgabcd	230-240-176-186
LDSIVGERGRL	abcdefgabcd	NANVLLQIDNA	abcdefgabcd	230-240-183-193
LDSIVGERGRL	abcdefgabcd	IDNARLAADDF	abcdefgabcd	230-240-190-200
LDSIVGERGRL	abcdefgabcd	ADDFRTKYETE	abcdefgabcd	230-240-197-207
LDSIVGERGRL	abcdefgabcd	YETELNLRMSV	abcdefgabcd	230-240-204-214
LDSIVGERGRL	abcdefgabcd	RMSVEADINGL	abcdefgabcd	230-240-211-221
LDSIVGERGRL	abcdefgabcd	INGLRRVLDEL	abcdefgabcd	230-240-218-228
LDSIVGERGRL	abcdefgabcd	LDELTLARADL	abcdefgabcd	230-240-225-235
LDSIVGERGRL	abcdefgabcd	RADLEMQIESL	abcdefgabcd	230-240-232-242
LDSIVGERGRL	abcdefgabcd	IESLKEELAYL	abcdefgabcd	230-240-239-249
LDSIVGERGRL	abcdefgabcd	LAYLKKNHEEE	abcdefgabcd	230-240-246-256
LDSIVGERGRL	abcdefgabcd	HEEEMNALRGQ	abcdefgabcd	230-240-253-263
LDSIVGERGRL	abcdefgabcd	LNEMRDQYEKM	abcdefgabcd	230-240-284-294
LDSIVGERGRL	abcdefgabcd	VQSGKSEISEL	abcdefgabcd	230-240-324-334
LDSIVGERGRL	abcdefgabcd	ISELRRTMQNL	abcdefgabcd	230-240-331-341
LDSIVGERGRL	abcdefgabcd	MQNLEIELQSQ	abcdefgabcd	230-240-338-348
LDSIVGERGRL	abcdefgabcd	LQSQLSMKASL	abcdefgabcd	230-240-345-355
LDSIVGERGRL	abcdefgabcd	KASLENSLEET	abcdefgabcd	230-240-352-362
LDSIVGERGRL	abcdefgabcd	LAQIQEMIGSV	abcdefgabcd	230-240-370-380
LDSIVGERGRL	abcdefgabcd	IGSVEEQLAQL	abcdefgabcd	230-240-377-387
LDSIVGERGRL	abcdefgabcd	LAQLRCEMEQQ	abcdefgabcd	230-240-384-394
LDSIVGERGRL	abcdefgabcd	MEQQNQEYKIL	abcdefgabcd	230-240-391-401
LDSIVGERGRL	abcdefgabcd	YKILLDVKTRL	abcdefgabcd	230-240-398-408
LDSIVGERGRL	abcdefgabcd	KTRLEQEIATY	abcdefgabcd	230-240-405-415
LDSIVGERGRL	abcdefgabcd	IATYRRLLEGE	abcdefgabcd	230-240-412-422
LDSIVGERGRL	abcdefgabcd	LEGEDAHLSSS	abcdefgabcd	230-240-419-429
RGRLDSELRNM	abcdefgabcd	VGSEKVTMQNL	abcdefgabcd	237-247-112-122
RGRLDSELRNM	abcdefgabcd	MQNLNDRLASY	abcdefgabcd	237-247-119-129
RGRLDSELRNM	abcdefgabcd	LASYLDKVRAL	abcdefgabcd	237-247-126-136
RGRLDSELRNM	abcdefgabcd	VRALEEANADL	abcdefgabcd	237-247-133-143
RGRLDSELRNM	abcdefgabcd	NADLEVKIRDW	abcdefgabcd	237-247-140-150
RGRLDSELRNM	abcdefgabcd	IEDLRNKILTA	abcdefgabcd	237-247-169-179
RGRLDSELRNM	abcdefgabcd	ILTATVDNANV	abcdefgabcd	237-247-176-186
RGRLDSELRNM	abcdefgabcd	NANVLLQIDNA	abcdefgabcd	237-247-183-193
RGRLDSELRNM	abcdefgabcd	IDNARLAADDF	abcdefgabcd	237-247-190-200
RGRLDSELRNM	abcdefgabcd	ADDFRTKYETE	abcdefgabcd	237-247-197-207
RGRLDSELRNM	abcdefgabcd	YETELNLRMSV	abcdefgabcd	237-247-204-214
RGRLDSELRNM	abcdefgabcd	RMSVEADINGL	abcdefgabcd	237-247-211-221
RGRLDSELRNM	abcdefgabcd	INGLRRVLDEL	abcdefgabcd	237-247-218-228
RGRLDSELRNM	abcdefgabcd	LDELTLARADL	abcdefgabcd	237-247-225-235
RGRLDSELRNM	abcdefgabcd	RADLEMQIESL	abcdefgabcd	237-247-232-242
RGRLDSELRNM	abcdefgabcd	IESLKEELAYL	abcdefgabcd	237-247-239-249
RGRLDSELRNM	abcdefgabcd	LAYLKKNHEEE	abcdefgabcd	237-247-246-256
RGRLDSELRNM	abcdefgabcd	HEEEMNALRGQ	abcdefgabcd	237-247-253-263
RGRLDSELRNM	abcdefgabcd	LNEMRDQYEKM	abcdefgabcd	237-247-284-294
RGRLDSELRNM	abcdefgabcd	VQSGKSEISEL	abcdefgabcd	237-247-324-334
RGRLDSELRNM	abcdefgabcd	ISELRRTMQNL	abcdefgabcd	237-247-331-341
RGRLDSELRNM	abcdefgabcd	MQNLEIELQSQ	abcdefgabcd	237-247-338-348
RGRLDSELRNM	abcdefgabcd	LQSQLSMKASL	abcdefgabcd	237-247-345-355
RGRLDSELRNM	abcdefgabcd	KASLENSLEET	abcdefgabcd	237-247-352-362
RGRLDSELRNM	abcdefgabcd	LAQIQEMIGSV	abcdefgabcd	237-247-370-380
RGRLDSELRNM	abcdefgabcd	IGSVEEQLAQL	abcdefgabcd	237-247-377-387
RGRLDSELRNM	abcdefgabcd	LAQLRCEMEQQ	abcdefgabcd	237-247-384-394
RGRLDSELRNM	abcdefgabcd	MEQQNQEYKIL	abcdefgabcd	237-247-391-401
RGRLDSELRNM	abcdefgabcd	YKILLDVKTRL	abcdefgabcd	237-247-398-408
RGRLDSELRNM	abcdefgabcd	KTRLEQEIATY	abcdefgabcd	237-247-405-415
RGRLDSELRNM	abcdefgabcd	IATYRRLLEGE	abcdefgabcd	237-247-412-422
RGRLDSELRNM	abcdefgabcd	LEGEDAHLSSS	abcdefgabcd	237-247-419-429
LRNMQDLVEDF	abcdefgabcd	VGSEKVTMQNL	abcdefgabcd	244-254-112-122
LRNMQDLVEDF	abcdefgabcd	MQNLNDRLASY	abcdefgabcd	244-254-119-129
LRNMQDLVEDF	abcdefgabcd	LASYLDKVRAL	abcdefgabcd	244-254-126-136
LRNMQDLVEDF	abcdefgabcd	VRALEEANADL	abcdefgabcd	244-254-133-143
LRNMQDLVEDF	abcdefgabcd	NADLEVKIRDW	abcdefgabcd	244-254-140-150
LRNMQDLVEDF	abcdefgabcd	IEDLRNKILTA	abcdefgabcd	244-254-169-179
LRNMQDLVEDF	abcdefgabcd	ILTATVDNANV	abcdefgabcd	244-254-176-186
LRNMQDLVEDF	abcdefgabcd	NANVLLQIDNA	abcdefgabcd	244-254-183-193
LRNMQDLVEDF	abcdefgabcd	IDNARLAADDF	abcdefgabcd	244-254-190-200
LRNMQDLVEDF	abcdefgabcd	ADDFRTKYETE	abcdefgabcd	244-254-197-207
LRNMQDLVEDF	abcdefgabcd	YETELNLRMSV	abcdefgabcd	244-254-204-214
LRNMQDLVEDF	abcdefgabcd	RMSVEADINGL	abcdefgabcd	244-254-211-221
LRNMQDLVEDF	abcdefgabcd	INGLRRVLDEL	abcdefgabcd	244-254-218-228
LRNMQDLVEDF	abcdefgabcd	LDELTLARADL	abcdefgabcd	244-254-225-235
LRNMQDLVEDF	abcdefgabcd	RADLEMQIESL	abcdefgabcd	244-254-232-242
LRNMQDLVEDF	abcdefgabcd	IESLKEELAYL	abcdefgabcd	244-254-239-249
LRNMQDLVEDF	abcdefgabcd	LAYLKKNHEEE	abcdefgabcd	244-254-246-256
LRNMQDLVEDF	abcdefgabcd	HEEEMNALRGQ	abcdefgabcd	244-254-253-263
LRNMQDLVEDF	abcdefgabcd	LNEMRDQYEKM	abcdefgabcd	244-254-284-294
LRNMQDLVEDF	abcdefgabcd	VQSGKSEISEL	abcdefgabcd	244-254-324-334
LRNMQDLVEDF	abcdefgabcd	ISELRRTMQNL	abcdefgabcd	244-254-331-341
LRNMQDLVEDF	abcdefgabcd	MQNLEIELQSQ	abcdefgabcd	244-254-338-348
LRNMQDLVEDF	abcdefgabcd	LQSQLSMKASL	abcdefgabcd	244-254-345-355
LRNMQDLVEDF	abcdefgabcd	KASLENSLEET	abcdefgabcd	244-254-352-362
LRNMQDLVEDF	abcdefgabcd	LAQIQEMIGSV	abcdefgabcd	244-254-370-380
LRNMQDLVEDF	abcdefgabcd	IGSVEEQLAQL	abcdefgabcd	244-254-377-387
LRNMQDLVEDF	abcdefgabcd	LAQLRCEMEQQ	abcdefgabcd	244-254-384-394
LRNMQDLVEDF	abcdefgabcd	MEQQNQEYKIL	abcdefgabcd	244-254-391-401
LRNMQDLVEDF	abcdefgabcd	YKILLDVKTRL	abcdefgabcd	244-254-398-408
LRNMQDLVEDF	abcdefgabcd	KTRLEQEIATY	abcdefgabcd	244-254-405-415
LRNMQDLVEDF	abcdefgabcd	IATYRRLLEGE	abcdefgabcd	244-254-412-422
LRNMQDLVEDF	abcdefgabcd	LEGEDAHLSSS	abcdefgabcd	244-254-419-429
VEDFKNKYEDE	abcdefgabcd	VGSEKVTMQNL	abcdefgabcd	251-261-112-122
VEDFKNKYEDE	abcdefgabcd	MQNLNDRLASY	abcdefgabcd	251-261-119-129
VEDFKNKYEDE	abcdefgabcd	LASYLDKVRAL	abcdefgabcd	251-261-126-136
VEDFKNKYEDE	abcdefgabcd	VRALEEANADL	abcdefgabcd	251-261-133-143
VEDFKNKYEDE	abcdefgabcd	NADLEVKIRDW	abcdefgabcd	251-261-140-150
VEDFKNKYEDE	abcdefgabcd	IEDLRNKILTA	abcdefgabcd	251-261-169-179
VEDFKNKYEDE	abcdefgabcd	ILTATVDNANV	abcdefgabcd	251-261-176-186
VEDFKNKYEDE	abcdefgabcd	NANVLLQIDNA	abcdefgabcd	251-261-183-193
VEDFKNKYEDE	abcdefgabcd	IDNARLAADDF	abcdefgabcd	251-261-190-200
VEDFKNKYEDE	abcdefgabcd	ADDFRTKYETE	abcdefgabcd	251-261-197-207
VEDFKNKYEDE	abcdefgabcd	YETELNLRMSV	abcdefgabcd	251-261-204-214
VEDFKNKYEDE	abcdefgabcd	RMSVEADINGL	abcdefgabcd	251-261-211-221
VEDFKNKYEDE	abcdefgabcd	INGLRRVLDEL	abcdefgabcd	251-261-218-228
VEDFKNKYEDE	abcdefgabcd	LDELTLARADL	abcdefgabcd	251-261-225-235
VEDFKNKYEDE	abcdefgabcd	RADLEMQIESL	abcdefgabcd	251-261-232-242
VEDFKNKYEDE	abcdefgabcd	IESLKEELAYL	abcdefgabcd	251-261-239-249
VEDFKNKYEDE	abcdefgabcd	LAYLKKNHEEE	abcdefgabcd	251-261-246-256
VEDFKNKYEDE	abcdefgabcd	HEEEMNALRGQ	abcdefgabcd	251-261-253-263
VEDFKNKYEDE	abcdefgabcd	LNEMRDQYEKM	abcdefgabcd	251-261-284-294
VEDFKNKYEDE	abcdefgabcd	VQSGKSEISEL	abcdefgabcd	251-261-324-334
VEDFKNKYEDE	abcdefgabcd	ISELRRTMQNL	abcdefgabcd	251-261-331-341
VEDFKNKYEDE	abcdefgabcd	MQNLEIELQSQ	abcdefgabcd	251-261-338-348
VEDFKNKYEDE	abcdefgabcd	LQSQLSMKASL	abcdefgabcd	251-261-345-355
VEDFKNKYEDE	abcdefgabcd	KASLENSLEET	abcdefgabcd	251-261-352-362
VEDFKNKYEDE	abcdefgabcd	LAQIQEMIGSV	abcdefgabcd	251-261-370-380
VEDFKNKYEDE	abcdefgabcd	IGSVEEQLAQL	abcdefgabcd	251-261-377-387
VEDFKNKYEDE	abcdefgabcd	LAQLRCEMEQQ	abcdefgabcd	251-261-384-394
VEDFKNKYEDE	abcdefgabcd	MEQQNQEYKIL	abcdefgabcd	251-261-391-401
VEDFKNKYEDE	abcdefgabcd	YKILLDVKTRL	abcdefgabcd	251-261-398-408
VEDFKNKYEDE	abcdefgabcd	KTRLEQEIATY	abcdefgabcd	251-261-405-415
VEDFKNKYEDE	abcdefgabcd	IATYRRLLEGE	abcdefgabcd	251-261-412-422
VEDFKNKYEDE	abcdefgabcd	LEGEDAHLSSS	abcdefgabcd	251-261-419-429
YEDEINKRTTA	abcdefgabcd	VGSEKVTMQNL	abcdefgabcd	258-268-112-122
YEDEINKRTTA	abcdefgabcd	MQNLNDRLASY	abcdefgabcd	258-268-119-129
YEDEINKRTTA	abcdefgabcd	LASYLDKVRAL	abcdefgabcd	258-268-126-136
YEDEINKRTTA	abcdefgabcd	VRALEEANADL	abcdefgabcd	258-268-133-143
YEDEINKRTTA	abcdefgabcd	NADLEVKIRDW	abcdefgabcd	258-268-140-150
YEDEINKRTTA	abcdefgabcd	IEDLRNKILTA	abcdefgabcd	258-268-169-179
YEDEINKRTTA	abcdefgabcd	ILTATVDNANV	abcdefgabcd	258-268-176-186
YEDEINKRTTA	abcdefgabcd	NANVLLQIDNA	abcdefgabcd	258-268-183-193
YEDEINKRTTA	abcdefgabcd	IDNARLAADDF	abcdefgabcd	258-268-190-200
YEDEINKRTTA	abcdefgabcd	ADDFRTKYETE	abcdefgabcd	258-268-197-207
YEDEINKRTTA	abcdefgabcd	YETELNLRMSV	abcdefgabcd	258-268-204-214
YEDEINKRTTA	abcdefgabcd	RMSVEADINGL	abcdefgabcd	258-268-211-221
YEDEINKRTTA	abcdefgabcd	INGLRRVLDEL	abcdefgabcd	258-268-218-228
YEDEINKRTTA	abcdefgabcd	LDELTLARADL	abcdefgabcd	258-268-225-235
YEDEINKRTTA	abcdefgabcd	RADLEMQIESL	abcdefgabcd	258-268-232-242
YEDEINKRTTA	abcdefgabcd	IESLKEELAYL	abcdefgabcd	258-268-239-249
YEDEINKRTTA	abcdefgabcd	LAYLKKNHEEE	abcdefgabcd	258-268-246-256
YEDEINKRTTA	abcdefgabcd	HEEEMNALRGQ	abcdefgabcd	258-268-253-263
YEDEINKRTTA	abcdefgabcd	LNEMRDQYEKM	abcdefgabcd	258-268-284-294
YEDEINKRTTA	abcdefgabcd	VQSGKSEISEL	abcdefgabcd	258-268-324-334
YEDEINKRTTA	abcdefgabcd	ISELRRTMQNL	abcdefgabcd	258-268-331-341
YEDEINKRTTA	abcdefgabcd	MQNLEIELQSQ	abcdefgabcd	258-268-338-348
YEDEINKRTTA	abcdefgabcd	LQSQLSMKASL	abcdefgabcd	258-268-345-355
YEDEINKRTTA	abcdefgabcd	KASLENSLEET	abcdefgabcd	258-268-352-362
YEDEINKRTTA	abcdefgabcd	LAQIQEMIGSV	abcdefgabcd	258-268-370-380
YEDEINKRTTA	abcdefgabcd	IGSVEEQLAQL	abcdefgabcd	258-268-377-387
YEDEINKRTTA	abcdefgabcd	LAQLRCEMEQQ	abcdefgabcd	258-268-384-394
YEDEINKRTTA	abcdefgabcd	MEQQNQEYKIL	abcdefgabcd	258-268-391-401
YEDEINKRTTA	abcdefgabcd	YKILLDVKTRL	abcdefgabcd	258-268-398-408
YEDEINKRTTA	abcdefgabcd	KTRLEQEIATY	abcdefgabcd	258-268-405-415
YEDEINKRTTA	abcdefgabcd	IATYRRLLEGE	abcdefgabcd	258-268-412-422
YEDEINKRTTA	abcdefgabcd	LEGEDAHLSSS	abcdefgabcd	258-268-419-429
RTTAENEFVML	abcdefgabcd	VGSEKVTMQNL	abcdefgabcd	265-275-112-122
RTTAENEFVML	abcdefgabcd	MQNLNDRLASY	abcdefgabcd	265-275-119-129
RTTAENEFVML	abcdefgabcd	LASYLDKVRAL	abcdefgabcd	265-275-126-136
RTTAENEFVML	abcdefgabcd	VRALEEANADL	abcdefgabcd	265-275-133-143
RTTAENEFVML	abcdefgabcd	NADLEVKIRDW	abcdefgabcd	265-275-140-150
RTTAENEFVML	abcdefgabcd	IEDLRNKILTA	abcdefgabcd	265-275-169-179
RTTAENEFVML	abcdefgabcd	ILTATVDNANV	abcdefgabcd	265-275-176-186
RTTAENEFVML	abcdefgabcd	NANVLLQIDNA	abcdefgabcd	265-275-183-193
RTTAENEFVML	abcdefgabcd	IDNARLAADDF	abcdefgabcd	265-275-190-200
RTTAENEFVML	abcdefgabcd	ADDFRTKYETE	abcdefgabcd	265-275-197-207
RTTAENEFVML	abcdefgabcd	YETELNLRMSV	abcdefgabcd	265-275-204-214
RTTAENEFVML	abcdefgabcd	RMSVEADINGL	abcdefgabcd	265-275-211-221
RTTAENEFVML	abcdefgabcd	INGLRRVLDEL	abcdefgabcd	265-275-218-228
RTTAENEFVML	abcdefgabcd	LDELTLARADL	abcdefgabcd	265-275-225-235
RTTAENEFVML	abcdefgabcd	RADLEMQIESL	abcdefgabcd	265-275-232-242
RTTAENEFVML	abcdefgabcd	IESLKEELAYL	abcdefgabcd	265-275-239-249
RTTAENEFVML	abcdefgabcd	LAYLKKNHEEE	abcdefgabcd	265-275-246-256
RTTAENEFVML	abcdefgabcd	HEEEMNALRGQ	abcdefgabcd	265-275-253-263
RTTAENEFVML	abcdefgabcd	LNEMRDQYEKM	abcdefgabcd	265-275-284-294
RTTAENEFVML	abcdefgabcd	VQSGKSEISEL	abcdefgabcd	265-275-324-334
RTTAENEFVML	abcdefgabcd	ISELRRTMQNL	abcdefgabcd	265-275-331-341
RTTAENEFVML	abcdefgabcd	MQNLEIELQSQ	abcdefgabcd	265-275-338-348
RTTAENEFVML	abcdefgabcd	LQSQLSMKASL	abcdefgabcd	265-275-345-355
RTTAENEFVML	abcdefgabcd	KASLENSLEET	abcdefgabcd	265-275-352-362
RTTAENEFVML	abcdefgabcd	LAQIQEMIGSV	abcdefgabcd	265-275-370-380
RTTAENEFVML	abcdefgabcd	IGSVEEQLAQL	abcdefgabcd	265-275-377-387
RTTAENEFVML	abcdefgabcd	LAQLRCEMEQQ	abcdefgabcd	265-275-384-394
RTTAENEFVML	abcdefgabcd	MEQQNQEYKIL	abcdefgabcd	265-275-391-401
RTTAENEFVML	abcdefgabcd	YKILLDVKTRL	abcdefgabcd	265-275-398-408
RTTAENEFVML	abcdefgabcd	KTRLEQEIATY	abcdefgabcd	265-275-405-415
RTTAENEFVML	abcdefgabcd	IATYRRLLEGE	abcdefgabcd	265-275-412-422
RTTAENEFVML	abcdefgabcd	LEGEDAHLSSS	abcdefgabcd	265-275-419-429
FVMLKKDVDAA	abcdefgabcd	VGSEKVTMQNL	abcdefgabcd	272-282-112-122
FVMLKKDVDAA	abcdefgabcd	MQNLNDRLASY	abcdefgabcd	272-282-119-129
FVMLKKDVDAA	abcdefgabcd	LASYLDKVRAL	abcdefgabcd	272-282-126-136
FVMLKKDVDAA	abcdefgabcd	VRALEEANADL	abcdefgabcd	272-282-133-143
FVMLKKDVDAA	abcdefgabcd	NADLEVKIRDW	abcdefgabcd	272-282-140-150
FVMLKKDVDAA	abcdefgabcd	IEDLRNKILTA	abcdefgabcd	272-282-169-179
FVMLKKDVDAA	abcdefgabcd	ILTATVDNANV	abcdefgabcd	272-282-176-186
FVMLKKDVDAA	abcdefgabcd	NANVLLQIDNA	abcdefgabcd	272-282-183-193
FVMLKKDVDAA	abcdefgabcd	IDNARLAADDF	abcdefgabcd	272-282-190-200
FVMLKKDVDAA	abcdefgabcd	ADDFRTKYETE	abcdefgabcd	272-282-197-207
FVMLKKDVDAA	abcdefgabcd	YETELNLRMSV	abcdefgabcd	272-282-204-214
FVMLKKDVDAA	abcdefgabcd	RMSVEADINGL	abcdefgabcd	272-282-211-221
FVMLKKDVDAA	abcdefgabcd	INGLRRVLDEL	abcdefgabcd	272-282-218-228
FVMLKKDVDAA	abcdefgabcd	LDELTLARADL	abcdefgabcd	272-282-225-235
FVMLKKDVDAA	abcdefgabcd	RADLEMQIESL	abcdefgabcd	272-282-232-242
FVMLKKDVDAA	abcdefgabcd	IESLKEELAYL	abcdefgabcd	272-282-239-249
FVMLKKDVDAA	abcdefgabcd	LAYLKKNHEEE	abcdefgabcd	272-282-246-256
FVMLKKDVDAA	abcdefgabcd	HEEEMNALRGQ	abcdefgabcd	272-282-253-263
FVMLKKDVDAA	abcdefgabcd	LNEMRDQYEKM	abcdefgabcd	272-282-284-294
FVMLKKDVDAA	abcdefgabcd	VQSGKSEISEL	abcdefgabcd	272-282-324-334
FVMLKKDVDAA	abcdefgabcd	ISELRRTMQNL	abcdefgabcd	272-282-331-341
FVMLKKDVDAA	abcdefgabcd	MQNLEIELQSQ	abcdefgabcd	272-282-338-348
FVMLKKDVDAA	abcdefgabcd	LQSQLSMKASL	abcdefgabcd	272-282-345-355
FVMLKKDVDAA	abcdefgabcd	KASLENSLEET	abcdefgabcd	272-282-352-362
FVMLKKDVDAA	abcdefgabcd	LAQIQEMIGSV	abcdefgabcd	272-282-370-380
FVMLKKDVDAA	abcdefgabcd	IGSVEEQLAQL	abcdefgabcd	272-282-377-387
FVMLKKDVDAA	abcdefgabcd	LAQLRCEMEQQ	abcdefgabcd	272-282-384-394
FVMLKKDVDAA	abcdefgabcd	MEQQNQEYKIL	abcdefgabcd	272-282-391-401
FVMLKKDVDAA	abcdefgabcd	YKILLDVKTRL	abcdefgabcd	272-282-398-408
FVMLKKDVDAA	abcdefgabcd	KTRLEQEIATY	abcdefgabcd	272-282-405-415
FVMLKKDVDAA	abcdefgabcd	IATYRRLLEGE	abcdefgabcd	272-282-412-422
FVMLKKDVDAA	abcdefgabcd	LEGEDAHLSSS	abcdefgabcd	272-282-419-429
VDAAYMNKVEL	abcdefgabcd	VGSEKVTMQNL	abcdefgabcd	279-289-112-122
VDAAYMNKVEL	abcdefgabcd	MQNLNDRLASY	abcdefgabcd	279-289-119-129
VDAAYMNKVEL	abcdefgabcd	LASYLDKVRAL	abcdefgabcd	279-289-126-136
VDAAYMNKVEL	abcdefgabcd	VRALEEANADL	abcdefgabcd	279-289-133-143
VDAAYMNKVEL	abcdefgabcd	NADLEVKIRDW	abcdefgabcd	279-289-140-150
VDAAYMNKVEL	abcdefgabcd	IEDLRNKILTA	abcdefgabcd	279-289-169-179
VDAAYMNKVEL	abcdefgabcd	ILTATVDNANV	abcdefgabcd	279-289-176-186
VDAAYMNKVEL	abcdefgabcd	NANVLLQIDNA	abcdefgabcd	279-289-183-193
VDAAYMNKVEL	abcdefgabcd	IDNARLAADDF	abcdefgabcd	279-289-190-200
VDAAYMNKVEL	abcdefgabcd	ADDFRTKYETE	abcdefgabcd	279-289-197-207
VDAAYMNKVEL	abcdefgabcd	YETELNLRMSV	abcdefgabcd	279-289-204-214
VDAAYMNKVEL	abcdefgabcd	RMSVEADINGL	abcdefgabcd	279-289-211-221
VDAAYMNKVEL	abcdefgabcd	INGLRRVLDEL	abcdefgabcd	279-289-218-228
VDAAYMNKVEL	abcdefgabcd	LDELTLARADL	abcdefgabcd	279-289-225-235
VDAAYMNKVEL	abcdefgabcd	RADLEMQIESL	abcdefgabcd	279-289-232-242
VDAAYMNKVEL	abcdefgabcd	IESLKEELAYL	abcdefgabcd	279-289-239-249
VDAAYMNKVEL	abcdefgabcd	LAYLKKNHEEE	abcdefgabcd	279-289-246-256
VDAAYMNKVEL	abcdefgabcd	HEEEMNALRGQ	abcdefgabcd	279-289-253-263
VDAAYMNKVEL	abcdefgabcd	LNEMRDQYEKM	abcdefgabcd	279-289-284-294
VDAAYMNKVEL	abcdefgabcd	VQSGKSEISEL	abcdefgabcd	279-289-324-334
VDAAYMNKVEL	abcdefgabcd	ISELRRTMQNL	abcdefgabcd	279-289-331-341
VDAAYMNKVEL	abcdefgabcd	MQNLEIELQSQ	abcdefgabcd	279-289-338-348
VDAAYMNKVEL	abcdefgabcd	LQSQLSMKASL	abcdefgabcd	279-289-345-355
VDAAYMNKVEL	abcdefgabcd	KASLENSLEET	abcdefgabcd	279-289-352-362
VDAAYMNKVEL	abcdefgabcd	LAQIQEMIGSV	abcdefgabcd	279-289-370-380
VDAAYMNKVEL	abcdefgabcd	IGSVEEQLAQL	abcdefgabcd	279-289-377-387
VDAAYMNKVEL	abcdefgabcd	LAQLRCEMEQQ	abcdefgabcd	279-289-384-394
VDAAYMNKVEL	abcdefgabcd	MEQQNQEYKIL	abcdefgabcd	279-289-391-401
VDAAYMNKVEL	abcdefgabcd	YKILLDVKTRL	abcdefgabcd	279-289-398-408
VDAAYMNKVEL	abcdefgabcd	KTRLEQEIATY	abcdefgabcd	279-289-405-415
VDAAYMNKVEL	abcdefgabcd	IATYRRLLEGE	abcdefgabcd	279-289-412-422
VDAAYMNKVEL	abcdefgabcd	LEGEDAHLSSS	abcdefgabcd	279-289-419-429
KVELEAKVDAL	abcdefgabcd	VGSEKVTMQNL	abcdefgabcd	286-296-112-122
KVELEAKVDAL	abcdefgabcd	MQNLNDRLASY	abcdefgabcd	286-296-119-129
KVELEAKVDAL	abcdefgabcd	LASYLDKVRAL	abcdefgabcd	286-296-126-136
KVELEAKVDAL	abcdefgabcd	VRALEEANADL	abcdefgabcd	286-296-133-143
KVELEAKVDAL	abcdefgabcd	NADLEVKIRDW	abcdefgabcd	286-296-140-150
KVELEAKVDAL	abcdefgabcd	IEDLRNKILTA	abcdefgabcd	286-296-169-179
KVELEAKVDAL	abcdefgabcd	ILTATVDNANV	abcdefgabcd	286-296-176-186
KVELEAKVDAL	abcdefgabcd	NANVLLQIDNA	abcdefgabcd	286-296-183-193
KVELEAKVDAL	abcdefgabcd	IDNARLAADDF	abcdefgabcd	286-296-190-200
KVELEAKVDAL	abcdefgabcd	ADDFRTKYETE	abcdefgabcd	286-296-197-207
KVELEAKVDAL	abcdefgabcd	YETELNLRMSV	abcdefgabcd	286-296-204-214
KVELEAKVDAL	abcdefgabcd	RMSVEADINGL	abcdefgabcd	286-296-211-221
KVELEAKVDAL	abcdefgabcd	INGLRRVLDEL	abcdefgabcd	286-296-218-228
KVELEAKVDAL	abcdefgabcd	LDELTLARADL	abcdefgabcd	286-296-225-235
KVELEAKVDAL	abcdefgabcd	RADLEMQIESL	abcdefgabcd	286-296-232-242
KVELEAKVDAL	abcdefgabcd	IESLKEELAYL	abcdefgabcd	286-296-239-249
KVELEAKVDAL	abcdefgabcd	LAYLKKNHEEE	abcdefgabcd	286-296-246-256
KVELEAKVDAL	abcdefgabcd	HEEEMNALRGQ	abcdefgabcd	286-296-253-263
KVELEAKVDAL	abcdefgabcd	LNEMRDQYEKM	abcdefgabcd	286-296-284-294
KVELEAKVDAL	abcdefgabcd	VQSGKSEISEL	abcdefgabcd	286-296-324-334
KVELEAKVDAL	abcdefgabcd	ISELRRTMQNL	abcdefgabcd	286-296-331-341
KVELEAKVDAL	abcdefgabcd	MQNLEIELQSQ	abcdefgabcd	286-296-338-348
KVELEAKVDAL	abcdefgabcd	LQSQLSMKASL	abcdefgabcd	286-296-345-355
KVELEAKVDAL	abcdefgabcd	KASLENSLEET	abcdefgabcd	286-296-352-362
KVELEAKVDAL	abcdefgabcd	LAQIQEMIGSV	abcdefgabcd	286-296-370-380
KVELEAKVDAL	abcdefgabcd	IGSVEEQLAQL	abcdefgabcd	286-296-377-387
KVELEAKVDAL	abcdefgabcd	LAQLRCEMEQQ	abcdefgabcd	286-296-384-394
KVELEAKVDAL	abcdefgabcd	MEQQNQEYKIL	abcdefgabcd	286-296-391-401
KVELEAKVDAL	abcdefgabcd	YKILLDVKTRL	abcdefgabcd	286-296-398-408
KVELEAKVDAL	abcdefgabcd	KTRLEQEIATY	abcdefgabcd	286-296-405-415
KVELEAKVDAL	abcdefgabcd	IATYRRLLEGE	abcdefgabcd	286-296-412-422
KVELEAKVDAL	abcdefgabcd	LEGEDAHLSSS	abcdefgabcd	286-296-419-429
VDALMDEINFM	abcdefgabcd	VGSEKVTMQNL	abcdefgabcd	293-303-112-122
VDALMDEINFM	abcdefgabcd	MQNLNDRLASY	abcdefgabcd	293-303-119-129
VDALMDEINFM	abcdefgabcd	LASYLDKVRAL	abcdefgabcd	293-303-126-136
VDALMDEINFM	abcdefgabcd	VRALEEANADL	abcdefgabcd	293-303-133-143
VDALMDEINFM	abcdefgabcd	NADLEVKIRDW	abcdefgabcd	293-303-140-150
VDALMDEINFM	abcdefgabcd	IEDLRNKILTA	abcdefgabcd	293-303-169-179
VDALMDEINFM	abcdefgabcd	ILTATVDNANV	abcdefgabcd	293-303-176-186
VDALMDEINFM	abcdefgabcd	NANVLLQIDNA	abcdefgabcd	293-303-183-193
VDALMDEINFM	abcdefgabcd	IDNARLAADDF	abcdefgabcd	293-303-190-200
VDALMDEINFM	abcdefgabcd	ADDFRTKYETE	abcdefgabcd	293-303-197-207
VDALMDEINFM	abcdefgabcd	YETELNLRMSV	abcdefgabcd	293-303-204-214
VDALMDEINFM	abcdefgabcd	RMSVEADINGL	abcdefgabcd	293-303-211-221
VDALMDEINFM	abcdefgabcd	INGLRRVLDEL	abcdefgabcd	293-303-218-228
VDALMDEINFM	abcdefgabcd	LDELTLARADL	abcdefgabcd	293-303-225-235
VDALMDEINFM	abcdefgabcd	RADLEMQIESL	abcdefgabcd	293-303-232-242
VDALMDEINFM	abcdefgabcd	IESLKEELAYL	abcdefgabcd	293-303-239-249
VDALMDEINFM	abcdefgabcd	LAYLKKNHEEE	abcdefgabcd	293-303-246-256
VDALMDEINFM	abcdefgabcd	HEEEMNALRGQ	abcdefgabcd	293-303-253-263
VDALMDEINFM	abcdefgabcd	LNEMRDQYEKM	abcdefgabcd	293-303-284-294
VDALMDEINFM	abcdefgabcd	VQSGKSEISEL	abcdefgabcd	293-303-324-334
VDALMDEINFM	abcdefgabcd	ISELRRTMQNL	abcdefgabcd	293-303-331-341
VDALMDEINFM	abcdefgabcd	MQNLEIELQSQ	abcdefgabcd	293-303-338-348
VDALMDEINFM	abcdefgabcd	LQSQLSMKASL	abcdefgabcd	293-303-345-355
VDALMDEINFM	abcdefgabcd	KASLENSLEET	abcdefgabcd	293-303-352-362
VDALMDEINFM	abcdefgabcd	LAQIQEMIGSV	abcdefgabcd	293-303-370-380
VDALMDEINFM	abcdefgabcd	IGSVEEQLAQL	abcdefgabcd	293-303-377-387
VDALMDEINFM	abcdefgabcd	LAQLRCEMEQQ	abcdefgabcd	293-303-384-394
VDALMDEINFM	abcdefgabcd	MEQQNQEYKIL	abcdefgabcd	293-303-391-401
VDALMDEINFM	abcdefgabcd	YKILLDVKTRL	abcdefgabcd	293-303-398-408
VDALMDEINFM	abcdefgabcd	KTRLEQEIATY	abcdefgabcd	293-303-405-415
VDALMDEINFM	abcdefgabcd	IATYRRLLEGE	abcdefgabcd	293-303-412-422
VDALMDEINFM	abcdefgabcd	LEGEDAHLSSS	abcdefgabcd	293-303-419-429
INFMKMFFDAE	abcdefgabcd	VGSEKVTMQNL	abcdefgabcd	300-310-112-122
INFMKMFFDAE	abcdefgabcd	MQNLNDRLASY	abcdefgabcd	300-310-119-129
INFMKMFFDAE	abcdefgabcd	LASYLDKVRAL	abcdefgabcd	300-310-126-136
INFMKMFFDAE	abcdefgabcd	VRALEEANADL	abcdefgabcd	300-310-133-143
INFMKMFFDAE	abcdefgabcd	NADLEVKIRDW	abcdefgabcd	300-310-140-150
INFMKMFFDAE	abcdefgabcd	IEDLRNKILTA	abcdefgabcd	300-310-169-179
INFMKMFFDAE	abcdefgabcd	ILTATVDNANV	abcdefgabcd	300-310-176-186
INFMKMFFDAE	abcdefgabcd	NANVLLQIDNA	abcdefgabcd	300-310-183-193
INFMKMFFDAE	abcdefgabcd	IDNARLAADDF	abcdefgabcd	300-310-190-200
INFMKMFFDAE	abcdefgabcd	ADDFRTKYETE	abcdefgabcd	300-310-197-207
INFMKMFFDAE	abcdefgabcd	YETELNLRMSV	abcdefgabcd	300-310-204-214
INFMKMFFDAE	abcdefgabcd	RMSVEADINGL	abcdefgabcd	300-310-211-221
INFMKMFFDAE	abcdefgabcd	INGLRRVLDEL	abcdefgabcd	300-310-218-228
INFMKMFFDAE	abcdefgabcd	LDELTLARADL	abcdefgabcd	300-310-225-235
INFMKMFFDAE	abcdefgabcd	RADLEMQIESL	abcdefgabcd	300-310-232-242
INFMKMFFDAE	abcdefgabcd	IESLKEELAYL	abcdefgabcd	300-310-239-249
INFMKMFFDAE	abcdefgabcd	LAYLKKNHEEE	abcdefgabcd	300-310-246-256
INFMKMFFDAE	abcdefgabcd	HEEEMNALRGQ	abcdefgabcd	300-310-253-263
INFMKMFFDAE	abcdefgabcd	LNEMRDQYEKM	abcdefgabcd	300-310-284-294
INFMKMFFDAE	abcdefgabcd	VQSGKSEISEL	abcdefgabcd	300-310-324-334
INFMKMFFDAE	abcdefgabcd	ISELRRTMQNL	abcdefgabcd	300-310-331-341
INFMKMFFDAE	abcdefgabcd	MQNLEIELQSQ	abcdefgabcd	300-310-338-348
INFMKMFFDAE	abcdefgabcd	LQSQLSMKASL	abcdefgabcd	300-310-345-355
INFMKMFFDAE	abcdefgabcd	KASLENSLEET	abcdefgabcd	300-310-352-362
INFMKMFFDAE	abcdefgabcd	LAQIQEMIGSV	abcdefgabcd	300-310-370-380
INFMKMFFDAE	abcdefgabcd	IGSVEEQLAQL	abcdefgabcd	300-310-377-387
INFMKMFFDAE	abcdefgabcd	LAQLRCEMEQQ	abcdefgabcd	300-310-384-394
INFMKMFFDAE	abcdefgabcd	MEQQNQEYKIL	abcdefgabcd	300-310-391-401
INFMKMFFDAE	abcdefgabcd	YKILLDVKTRL	abcdefgabcd	300-310-398-408
INFMKMFFDAE	abcdefgabcd	KTRLEQEIATY	abcdefgabcd	300-310-405-415
INFMKMFFDAE	abcdefgabcd	IATYRRLLEGE	abcdefgabcd	300-310-412-422
INFMKMFFDAE	abcdefgabcd	LEGEDAHLSSS	abcdefgabcd	300-310-419-429
NLDLDSIIAEV	abcdefgabcd	VGSEKVTMQNL	abcdefgabcd	332-342-112-122
NLDLDSIIAEV	abcdefgabcd	MQNLNDRLASY	abcdefgabcd	332-342-119-129
NLDLDSIIAEV	abcdefgabcd	LASYLDKVRAL	abcdefgabcd	332-342-126-136
NLDLDSIIAEV	abcdefgabcd	VRALEEANADL	abcdefgabcd	332-342-133-143
NLDLDSIIAEV	abcdefgabcd	NADLEVKIRDW	abcdefgabcd	332-342-140-150
NLDLDSIIAEV	abcdefgabcd	IEDLRNKILTA	abcdefgabcd	332-342-169-179
NLDLDSIIAEV	abcdefgabcd	ILTATVDNANV	abcdefgabcd	332-342-176-186
NLDLDSIIAEV	abcdefgabcd	NANVLLQIDNA	abcdefgabcd	332-342-183-193
NLDLDSIIAEV	abcdefgabcd	IDNARLAADDF	abcdefgabcd	332-342-190-200
NLDLDSIIAEV	abcdefgabcd	ADDFRTKYETE	abcdefgabcd	332-342-197-207
NLDLDSIIAEV	abcdefgabcd	YETELNLRMSV	abcdefgabcd	332-342-204-214
NLDLDSIIAEV	abcdefgabcd	RMSVEADINGL	abcdefgabcd	332-342-211-221
NLDLDSIIAEV	abcdefgabcd	INGLRRVLDEL	abcdefgabcd	332-342-218-228
NLDLDSIIAEV	abcdefgabcd	LDELTLARADL	abcdefgabcd	332-342-225-235
NLDLDSIIAEV	abcdefgabcd	RADLEMQIESL	abcdefgabcd	332-342-232-242
NLDLDSIIAEV	abcdefgabcd	IESLKEELAYL	abcdefgabcd	332-342-239-249
NLDLDSIIAEV	abcdefgabcd	LAYLKKNHEEE	abcdefgabcd	332-342-246-256
NLDLDSIIAEV	abcdefgabcd	HEEEMNALRGQ	abcdefgabcd	332-342-253-263
NLDLDSIIAEV	abcdefgabcd	LNEMRDQYEKM	abcdefgabcd	332-342-284-294
NLDLDSIIAEV	abcdefgabcd	VQSGKSEISEL	abcdefgabcd	332-342-324-334
NLDLDSIIAEV	abcdefgabcd	ISELRRTMQNL	abcdefgabcd	332-342-331-341
NLDLDSIIAEV	abcdefgabcd	MQNLEIELQSQ	abcdefgabcd	332-342-338-348
NLDLDSIIAEV	abcdefgabcd	LQSQLSMKASL	abcdefgabcd	332-342-345-355
NLDLDSIIAEV	abcdefgabcd	KASLENSLEET	abcdefgabcd	332-342-352-362
NLDLDSIIAEV	abcdefgabcd	LAQIQEMIGSV	abcdefgabcd	332-342-370-380
NLDLDSIIAEV	abcdefgabcd	IGSVEEQLAQL	abcdefgabcd	332-342-377-387
NLDLDSIIAEV	abcdefgabcd	LAQLRCEMEQQ	abcdefgabcd	332-342-384-394
NLDLDSIIAEV	abcdefgabcd	MEQQNQEYKIL	abcdefgabcd	332-342-391-401
NLDLDSIIAEV	abcdefgabcd	YKILLDVKTRL	abcdefgabcd	332-342-398-408
NLDLDSIIAEV	abcdefgabcd	KTRLEQEIATY	abcdefgabcd	332-342-405-415
NLDLDSIIAEV	abcdefgabcd	IATYRRLLEGE	abcdefgabcd	332-342-412-422
NLDLDSIIAEV	abcdefgabcd	LEGEDAHLSSS	abcdefgabcd	332-342-419-429
IAEVKAQYEEI	abcdefgabcd	VGSEKVTMQNL	abcdefgabcd	339-349-112-122
IAEVKAQYEEI	abcdefgabcd	MQNLNDRLASY	abcdefgabcd	339-349-119-129
IAEVKAQYEEI	abcdefgabcd	LASYLDKVRAL	abcdefgabcd	339-349-126-136
IAEVKAQYEEI	abcdefgabcd	VRALEEANADL	abcdefgabcd	339-349-133-143
IAEVKAQYEEI	abcdefgabcd	NADLEVKIRDW	abcdefgabcd	339-349-140-150
IAEVKAQYEEI	abcdefgabcd	IEDLRNKILTA	abcdefgabcd	339-349-169-179
IAEVKAQYEEI	abcdefgabcd	ILTATVDNANV	abcdefgabcd	339-349-176-186
IAEVKAQYEEI	abcdefgabcd	NANVLLQIDNA	abcdefgabcd	339-349-183-193
IAEVKAQYEEI	abcdefgabcd	IDNARLAADDF	abcdefgabcd	339-349-190-200
IAEVKAQYEEI	abcdefgabcd	ADDFRTKYETE	abcdefgabcd	339-349-197-207
IAEVKAQYEEI	abcdefgabcd	YETELNLRMSV	abcdefgabcd	339-349-204-214
IAEVKAQYEEI	abcdefgabcd	RMSVEADINGL	abcdefgabcd	339-349-211-221
IAEVKAQYEEI	abcdefgabcd	INGLRRVLDEL	abcdefgabcd	339-349-218-228
IAEVKAQYEEI	abcdefgabcd	LDELTLARADL	abcdefgabcd	339-349-225-235
IAEVKAQYEEI	abcdefgabcd	RADLEMQIESL	abcdefgabcd	339-349-232-242
IAEVKAQYEEI	abcdefgabcd	IESLKEELAYL	abcdefgabcd	339-349-239-249
IAEVKAQYEEI	abcdefgabcd	LAYLKKNHEEE	abcdefgabcd	339-349-246-256
IAEVKAQYEEI	abcdefgabcd	HEEEMNALRGQ	abcdefgabcd	339-349-253-263
IAEVKAQYEEI	abcdefgabcd	LNEMRDQYEKM	abcdefgabcd	339-349-284-294
IAEVKAQYEEI	abcdefgabcd	VQSGKSEISEL	abcdefgabcd	339-349-324-334
IAEVKAQYEEI	abcdefgabcd	ISELRRTMQNL	abcdefgabcd	339-349-331-341
IAEVKAQYEEI	abcdefgabcd	MQNLEIELQSQ	abcdefgabcd	339-349-338-348
IAEVKAQYEEI	abcdefgabcd	LQSQLSMKASL	abcdefgabcd	339-349-345-355
IAEVKAQYEEI	abcdefgabcd	KASLENSLEET	abcdefgabcd	339-349-352-362
IAEVKAQYEEI	abcdefgabcd	LAQIQEMIGSV	abcdefgabcd	339-349-370-380
IAEVKAQYEEI	abcdefgabcd	IGSVEEQLAQL	abcdefgabcd	339-349-377-387
IAEVKAQYEEI	abcdefgabcd	LAQLRCEMEQQ	abcdefgabcd	339-349-384-394
IAEVKAQYEEI	abcdefgabcd	MEQQNQEYKIL	abcdefgabcd	339-349-391-401
IAEVKAQYEEI	abcdefgabcd	YKILLDVKTRL	abcdefgabcd	339-349-398-408
IAEVKAQYEEI	abcdefgabcd	KTRLEQEIATY	abcdefgabcd	339-349-405-415
IAEVKAQYEEI	abcdefgabcd	IATYRRLLEGE	abcdefgabcd	339-349-412-422
IAEVKAQYEEI	abcdefgabcd	LEGEDAHLSSS	abcdefgabcd	339-349-419-429
YEELQQTAGRH	abcdefgabcd	VGSEKVTMQNL	abcdefgabcd	365-375-112-122
YEELQQTAGRH	abcdefgabcd	MQNLNDRLASY	abcdefgabcd	365-375-119-129
YEELQQTAGRH	abcdefgabcd	LASYLDKVRAL	abcdefgabcd	365-375-126-136
YEELQQTAGRH	abcdefgabcd	VRALEEANADL	abcdefgabcd	365-375-133-143
YEELQQTAGRH	abcdefgabcd	NADLEVKIRDW	abcdefgabcd	365-375-140-150
YEELQQTAGRH	abcdefgabcd	IEDLRNKILTA	abcdefgabcd	365-375-169-179
YEELQQTAGRH	abcdefgabcd	ILTATVDNANV	abcdefgabcd	365-375-176-186
YEELQQTAGRH	abcdefgabcd	NANVLLQIDNA	abcdefgabcd	365-375-183-193
YEELQQTAGRH	abcdefgabcd	IDNARLAADDF	abcdefgabcd	365-375-190-200
YEELQQTAGRH	abcdefgabcd	ADDFRTKYETE	abcdefgabcd	365-375-197-207
YEELQQTAGRH	abcdefgabcd	YETELNLRMSV	abcdefgabcd	365-375-204-214
YEELQQTAGRH	abcdefgabcd	RMSVEADINGL	abcdefgabcd	365-375-211-221
YEELQQTAGRH	abcdefgabcd	INGLRRVLDEL	abcdefgabcd	365-375-218-228
YEELQQTAGRH	abcdefgabcd	LDELTLARADL	abcdefgabcd	365-375-225-235
YEELQQTAGRH	abcdefgabcd	RADLEMQIESL	abcdefgabcd	365-375-232-242
YEELQQTAGRH	abcdefgabcd	IESLKEELAYL	abcdefgabcd	365-375-239-249
YEELQQTAGRH	abcdefgabcd	LAYLKKNHEEE	abcdefgabcd	365-375-246-256
YEELQQTAGRH	abcdefgabcd	HEEEMNALRGQ	abcdefgabcd	365-375-253-263
YEELQQTAGRH	abcdefgabcd	LNEMRDQYEKM	abcdefgabcd	365-375-284-294
YEELQQTAGRH	abcdefgabcd	VQSGKSEISEL	abcdefgabcd	365-375-324-334
YEELQQTAGRH	abcdefgabcd	ISELRRTMQNL	abcdefgabcd	365-375-331-341
YEELQQTAGRH	abcdefgabcd	MQNLEIELQSQ	abcdefgabcd	365-375-338-348
YEELQQTAGRH	abcdefgabcd	LQSQLSMKASL	abcdefgabcd	365-375-345-355
YEELQQTAGRH	abcdefgabcd	KASLENSLEET	abcdefgabcd	365-375-352-362
YEELQQTAGRH	abcdefgabcd	LAQIQEMIGSV	abcdefgabcd	365-375-370-380
YEELQQTAGRH	abcdefgabcd	IGSVEEQLAQL	abcdefgabcd	365-375-377-387
YEELQQTAGRH	abcdefgabcd	LAQLRCEMEQQ	abcdefgabcd	365-375-384-394
YEELQQTAGRH	abcdefgabcd	MEQQNQEYKIL	abcdefgabcd	365-375-391-401
YEELQQTAGRH	abcdefgabcd	YKILLDVKTRL	abcdefgabcd	365-375-398-408
YEELQQTAGRH	abcdefgabcd	KTRLEQEIATY	abcdefgabcd	365-375-405-415
YEELQQTAGRH	abcdefgabcd	IATYRRLLEGE	abcdefgabcd	365-375-412-422
YEELQQTAGRH	abcdefgabcd	LEGEDAHLSSS	abcdefgabcd	365-375-419-429
AGRHGDDLRNT	abcdefgabcd	VGSEKVTMQNL	abcdefgabcd	372-382-112-122
AGRHGDDLRNT	abcdefgabcd	MQNLNDRLASY	abcdefgabcd	372-382-119-129
AGRHGDDLRNT	abcdefgabcd	LASYLDKVRAL	abcdefgabcd	372-382-126-136
AGRHGDDLRNT	abcdefgabcd	VRALEEANADL	abcdefgabcd	372-382-133-143
AGRHGDDLRNT	abcdefgabcd	NADLEVKIRDW	abcdefgabcd	372-382-140-150
AGRHGDDLRNT	abcdefgabcd	IEDLRNKILTA	abcdefgabcd	372-382-169-179
AGRHGDDLRNT	abcdefgabcd	ILTATVDNANV	abcdefgabcd	372-382-176-186
AGRHGDDLRNT	abcdefgabcd	NANVLLQIDNA	abcdefgabcd	372-382-183-193
AGRHGDDLRNT	abcdefgabcd	IDNARLAADDF	abcdefgabcd	372-382-190-200
AGRHGDDLRNT	abcdefgabcd	ADDFRTKYETE	abcdefgabcd	372-382-197-207
AGRHGDDLRNT	abcdefgabcd	YETELNLRMSV	abcdefgabcd	372-382-204-214
AGRHGDDLRNT	abcdefgabcd	RMSVEADINGL	abcdefgabcd	372-382-211-221
AGRHGDDLRNT	abcdefgabcd	INGLRRVLDEL	abcdefgabcd	372-382-218-228
AGRHGDDLRNT	abcdefgabcd	LDELTLARADL	abcdefgabcd	372-382-225-235
AGRHGDDLRNT	abcdefgabcd	RADLEMQIESL	abcdefgabcd	372-382-232-242
AGRHGDDLRNT	abcdefgabcd	IESLKEELAYL	abcdefgabcd	372-382-239-249
AGRHGDDLRNT	abcdefgabcd	LAYLKKNHEEE	abcdefgabcd	372-382-246-256
AGRHGDDLRNT	abcdefgabcd	HEEEMNALRGQ	abcdefgabcd	372-382-253-263
AGRHGDDLRNT	abcdefgabcd	LNEMRDQYEKM	abcdefgabcd	372-382-284-294
AGRHGDDLRNT	abcdefgabcd	VQSGKSEISEL	abcdefgabcd	372-382-324-334
AGRHGDDLRNT	abcdefgabcd	ISELRRTMQNL	abcdefgabcd	372-382-331-341
AGRHGDDLRNT	abcdefgabcd	MQNLEIELQSQ	abcdefgabcd	372-382-338-348
AGRHGDDLRNT	abcdefgabcd	LQSQLSMKASL	abcdefgabcd	372-382-345-355
AGRHGDDLRNT	abcdefgabcd	KASLENSLEET	abcdefgabcd	372-382-352-362
AGRHGDDLRNT	abcdefgabcd	LAQIQEMIGSV	abcdefgabcd	372-382-370-380
AGRHGDDLRNT	abcdefgabcd	IGSVEEQLAQL	abcdefgabcd	372-382-377-387
AGRHGDDLRNT	abcdefgabcd	LAQLRCEMEQQ	abcdefgabcd	372-382-384-394
AGRHGDDLRNT	abcdefgabcd	MEQQNQEYKIL	abcdefgabcd	372-382-391-401
AGRHGDDLRNT	abcdefgabcd	YKILLDVKTRL	abcdefgabcd	372-382-398-408
AGRHGDDLRNT	abcdefgabcd	KTRLEQEIATY	abcdefgabcd	372-382-405-415
AGRHGDDLRNT	abcdefgabcd	IATYRRLLEGE	abcdefgabcd	372-382-412-422
AGRHGDDLRNT	abcdefgabcd	LEGEDAHLSSS	abcdefgabcd	372-382-419-429
LRNTKHEISEM	abcdefgabcd	VGSEKVTMQNL	abcdefgabcd	379-389-112-122
LRNTKHEISEM	abcdefgabcd	MQNLNDRLASY	abcdefgabcd	379-389-119-129
LRNTKHEISEM	abcdefgabcd	LASYLDKVRAL	abcdefgabcd	379-389-126-136
LRNTKHEISEM	abcdefgabcd	VRALEEANADL	abcdefgabcd	379-389-133-143
LRNTKHEISEM	abcdefgabcd	NADLEVKIRDW	abcdefgabcd	379-389-140-150
LRNTKHEISEM	abcdefgabcd	IEDLRNKILTA	abcdefgabcd	379-389-169-179
LRNTKHEISEM	abcdefgabcd	ILTATVDNANV	abcdefgabcd	379-389-176-186
LRNTKHEISEM	abcdefgabcd	NANVLLQIDNA	abcdefgabcd	379-389-183-193
LRNTKHEISEM	abcdefgabcd	IDNARLAADDF	abcdefgabcd	379-389-190-200
LRNTKHEISEM	abcdefgabcd	ADDFRTKYETE	abcdefgabcd	379-389-197-207
LRNTKHEISEM	abcdefgabcd	YETELNLRMSV	abcdefgabcd	379-389-204-214
LRNTKHEISEM	abcdefgabcd	RMSVEADINGL	abcdefgabcd	379-389-211-221
LRNTKHEISEM	abcdefgabcd	INGLRRVLDEL	abcdefgabcd	379-389-218-228
LRNTKHEISEM	abcdefgabcd	LDELTLARADL	abcdefgabcd	379-389-225-235
LRNTKHEISEM	abcdefgabcd	RADLEMQIESL	abcdefgabcd	379-389-232-242
LRNTKHEISEM	abcdefgabcd	IESLKEELAYL	abcdefgabcd	379-389-239-249
LRNTKHEISEM	abcdefgabcd	LAYLKKNHEEE	abcdefgabcd	379-389-246-256
LRNTKHEISEM	abcdefgabcd	HEEEMNALRGQ	abcdefgabcd	379-389-253-263
LRNTKHEISEM	abcdefgabcd	LNEMRDQYEKM	abcdefgabcd	379-389-284-294
LRNTKHEISEM	abcdefgabcd	VQSGKSEISEL	abcdefgabcd	379-389-324-334
LRNTKHEISEM	abcdefgabcd	ISELRRTMQNL	abcdefgabcd	379-389-331-341
LRNTKHEISEM	abcdefgabcd	MQNLEIELQSQ	abcdefgabcd	379-389-338-348
LRNTKHEISEM	abcdefgabcd	LQSQLSMKASL	abcdefgabcd	379-389-345-355
LRNTKHEISEM	abcdefgabcd	KASLENSLEET	abcdefgabcd	379-389-352-362
LRNTKHEISEM	abcdefgabcd	LAQIQEMIGSV	abcdefgabcd	379-389-370-380
LRNTKHEISEM	abcdefgabcd	IGSVEEQLAQL	abcdefgabcd	379-389-377-387
LRNTKHEISEM	abcdefgabcd	LAQLRCEMEQQ	abcdefgabcd	379-389-384-394
LRNTKHEISEM	abcdefgabcd	MEQQNQEYKIL	abcdefgabcd	379-389-391-401
LRNTKHEISEM	abcdefgabcd	YKILLDVKTRL	abcdefgabcd	379-389-398-408
LRNTKHEISEM	abcdefgabcd	KTRLEQEIATY	abcdefgabcd	379-389-405-415
LRNTKHEISEM	abcdefgabcd	IATYRRLLEGE	abcdefgabcd	379-389-412-422
LRNTKHEISEM	abcdefgabcd	LEGEDAHLSSS	abcdefgabcd	379-389-419-429
ISEMNRMIQRL	abcdefgabcd	VGSEKVTMQNL	abcdefgabcd	386-396-112-122
ISEMNRMIQRL	abcdefgabcd	MQNLNDRLASY	abcdefgabcd	386-396-119-129
ISEMNRMIQRL	abcdefgabcd	LASYLDKVRAL	abcdefgabcd	386-396-126-136
ISEMNRMIQRL	abcdefgabcd	VRALEEANADL	abcdefgabcd	386-396-133-143
ISEMNRMIQRL	abcdefgabcd	NADLEVKIRDW	abcdefgabcd	386-396-140-150
ISEMNRMIQRL	abcdefgabcd	IEDLRNKILTA	abcdefgabcd	386-396-169-179
ISEMNRMIQRL	abcdefgabcd	ILTATVDNANV	abcdefgabcd	386-396-176-186
ISEMNRMIQRL	abcdefgabcd	NANVLLQIDNA	abcdefgabcd	386-396-183-193
ISEMNRMIQRL	abcdefgabcd	IDNARLAADDF	abcdefgabcd	386-396-190-200
ISEMNRMIQRL	abcdefgabcd	ADDFRTKYETE	abcdefgabcd	386-396-197-207
ISEMNRMIQRL	abcdefgabcd	YETELNLRMSV	abcdefgabcd	386-396-204-214
ISEMNRMIQRL	abcdefgabcd	RMSVEADINGL	abcdefgabcd	386-396-211-221
ISEMNRMIQRL	abcdefgabcd	INGLRRVLDEL	abcdefgabcd	386-396-218-228
ISEMNRMIQRL	abcdefgabcd	LDELTLARADL	abcdefgabcd	386-396-225-235
ISEMNRMIQRL	abcdefgabcd	RADLEMQIESL	abcdefgabcd	386-396-232-242
ISEMNRMIQRL	abcdefgabcd	IESLKEELAYL	abcdefgabcd	386-396-239-249
ISEMNRMIQRL	abcdefgabcd	LAYLKKNHEEE	abcdefgabcd	386-396-246-256
ISEMNRMIQRL	abcdefgabcd	HEEEMNALRGQ	abcdefgabcd	386-396-253-263
ISEMNRMIQRL	abcdefgabcd	LNEMRDQYEKM	abcdefgabcd	386-396-284-294
ISEMNRMIQRL	abcdefgabcd	VQSGKSEISEL	abcdefgabcd	386-396-324-334
ISEMNRMIQRL	abcdefgabcd	ISELRRTMQNL	abcdefgabcd	386-396-331-341
ISEMNRMIQRL	abcdefgabcd	MQNLEIELQSQ	abcdefgabcd	386-396-338-348
ISEMNRMIQRL	abcdefgabcd	LQSQLSMKASL	abcdefgabcd	386-396-345-355
ISEMNRMIQRL	abcdefgabcd	KASLENSLEET	abcdefgabcd	386-396-352-362
ISEMNRMIQRL	abcdefgabcd	LAQIQEMIGSV	abcdefgabcd	386-396-370-380
ISEMNRMIQRL	abcdefgabcd	IGSVEEQLAQL	abcdefgabcd	386-396-377-387
ISEMNRMIQRL	abcdefgabcd	LAQLRCEMEQQ	abcdefgabcd	386-396-384-394
ISEMNRMIQRL	abcdefgabcd	MEQQNQEYKIL	abcdefgabcd	386-396-391-401
ISEMNRMIQRL	abcdefgabcd	YKILLDVKTRL	abcdefgabcd	386-396-398-408
ISEMNRMIQRL	abcdefgabcd	KTRLEQEIATY	abcdefgabcd	386-396-405-415
ISEMNRMIQRL	abcdefgabcd	IATYRRLLEGE	abcdefgabcd	386-396-412-422
ISEMNRMIQRL	abcdefgabcd	LEGEDAHLSSS	abcdefgabcd	386-396-419-429
IQRLRAEIDNV	abcdefgabcd	VGSEKVTMQNL	abcdefgabcd	393-403-112-122
IQRLRAEIDNV	abcdefgabcd	MQNLNDRLASY	abcdefgabcd	393-403-119-129
IQRLRAEIDNV	abcdefgabcd	LASYLDKVRAL	abcdefgabcd	393-403-126-136
IQRLRAEIDNV	abcdefgabcd	VRALEEANADL	abcdefgabcd	393-403-133-143
IQRLRAEIDNV	abcdefgabcd	NADLEVKIRDW	abcdefgabcd	393-403-140-150
IQRLRAEIDNV	abcdefgabcd	IEDLRNKILTA	abcdefgabcd	393-403-169-179
IQRLRAEIDNV	abcdefgabcd	ILTATVDNANV	abcdefgabcd	393-403-176-186
IQRLRAEIDNV	abcdefgabcd	NANVLLQIDNA	abcdefgabcd	393-403-183-193
IQRLRAEIDNV	abcdefgabcd	IDNARLAADDF	abcdefgabcd	393-403-190-200
IQRLRAEIDNV	abcdefgabcd	ADDFRTKYETE	abcdefgabcd	393-403-197-207
IQRLRAEIDNV	abcdefgabcd	YETELNLRMSV	abcdefgabcd	393-403-204-214
IQRLRAEIDNV	abcdefgabcd	RMSVEADINGL	abcdefgabcd	393-403-211-221
IQRLRAEIDNV	abcdefgabcd	INGLRRVLDEL	abcdefgabcd	393-403-218-228
IQRLRAEIDNV	abcdefgabcd	LDELTLARADL	abcdefgabcd	393-403-225-235
IQRLRAEIDNV	abcdefgabcd	RADLEMQIESL	abcdefgabcd	393-403-232-242
IQRLRAEIDNV	abcdefgabcd	IESLKEELAYL	abcdefgabcd	393-403-239-249
IQRLRAEIDNV	abcdefgabcd	LAYLKKNHEEE	abcdefgabcd	393-403-246-256
IQRLRAEIDNV	abcdefgabcd	HEEEMNALRGQ	abcdefgabcd	393-403-253-263
IQRLRAEIDNV	abcdefgabcd	LNEMRDQYEKM	abcdefgabcd	393-403-284-294
IQRLRAEIDNV	abcdefgabcd	VQSGKSEISEL	abcdefgabcd	393-403-324-334
IQRLRAEIDNV	abcdefgabcd	ISELRRTMQNL	abcdefgabcd	393-403-331-341
IQRLRAEIDNV	abcdefgabcd	MQNLEIELQSQ	abcdefgabcd	393-403-338-348
IQRLRAEIDNV	abcdefgabcd	LQSQLSMKASL	abcdefgabcd	393-403-345-355
IQRLRAEIDNV	abcdefgabcd	KASLENSLEET	abcdefgabcd	393-403-352-362
IQRLRAEIDNV	abcdefgabcd	LAQIQEMIGSV	abcdefgabcd	393-403-370-380
IQRLRAEIDNV	abcdefgabcd	IGSVEEQLAQL	abcdefgabcd	393-403-377-387
IQRLRAEIDNV	abcdefgabcd	LAQLRCEMEQQ	abcdefgabcd	393-403-384-394
IQRLRAEIDNV	abcdefgabcd	MEQQNQEYKIL	abcdefgabcd	393-403-391-401
IQRLRAEIDNV	abcdefgabcd	YKILLDVKTRL	abcdefgabcd	393-403-398-408
IQRLRAEIDNV	abcdefgabcd	KTRLEQEIATY	abcdefgabcd	393-403-405-415
IQRLRAEIDNV	abcdefgabcd	IATYRRLLEGE	abcdefgabcd	393-403-412-422
IQRLRAEIDNV	abcdefgabcd	LEGEDAHLSSS	abcdefgabcd	393-403-419-429
IDNVKKQCANL	abcdefgabcd	VGSEKVTMQNL	abcdefgabcd	400-410-112-122
IDNVKKQCANL	abcdefgabcd	MQNLNDRLASY	abcdefgabcd	400-410-119-129
IDNVKKQCANL	abcdefgabcd	LASYLDKVRAL	abcdefgabcd	400-410-126-136
IDNVKKQCANL	abcdefgabcd	VRALEEANADL	abcdefgabcd	400-410-133-143
IDNVKKQCANL	abcdefgabcd	NADLEVKIRDW	abcdefgabcd	400-410-140-150
IDNVKKQCANL	abcdefgabcd	IEDLRNKILTA	abcdefgabcd	400-410-169-179
IDNVKKQCANL	abcdefgabcd	ILTATVDNANV	abcdefgabcd	400-410-176-186
IDNVKKQCANL	abcdefgabcd	NANVLLQIDNA	abcdefgabcd	400-410-183-193
IDNVKKQCANL	abcdefgabcd	IDNARLAADDF	abcdefgabcd	400-410-190-200
IDNVKKQCANL	abcdefgabcd	ADDFRTKYETE	abcdefgabcd	400-410-197-207
IDNVKKQCANL	abcdefgabcd	YETELNLRMSV	abcdefgabcd	400-410-204-214
IDNVKKQCANL	abcdefgabcd	RMSVEADINGL	abcdefgabcd	400-410-211-221
IDNVKKQCANL	abcdefgabcd	INGLRRVLDEL	abcdefgabcd	400-410-218-228
IDNVKKQCANL	abcdefgabcd	LDELTLARADL	abcdefgabcd	400-410-225-235
IDNVKKQCANL	abcdefgabcd	RADLEMQIESL	abcdefgabcd	400-410-232-242
IDNVKKQCANL	abcdefgabcd	IESLKEELAYL	abcdefgabcd	400-410-239-249
IDNVKKQCANL	abcdefgabcd	LAYLKKNHEEE	abcdefgabcd	400-410-246-256
IDNVKKQCANL	abcdefgabcd	HEEEMNALRGQ	abcdefgabcd	400-410-253-263
IDNVKKQCANL	abcdefgabcd	LNEMRDQYEKM	abcdefgabcd	400-410-284-294
IDNVKKQCANL	abcdefgabcd	VQSGKSEISEL	abcdefgabcd	400-410-324-334
IDNVKKQCANL	abcdefgabcd	ISELRRTMQNL	abcdefgabcd	400-410-331-341
IDNVKKQCANL	abcdefgabcd	MQNLEIELQSQ	abcdefgabcd	400-410-338-348
IDNVKKQCANL	abcdefgabcd	LQSQLSMKASL	abcdefgabcd	400-410-345-355
IDNVKKQCANL	abcdefgabcd	KASLENSLEET	abcdefgabcd	400-410-352-362
IDNVKKQCANL	abcdefgabcd	LAQIQEMIGSV	abcdefgabcd	400-410-370-380
IDNVKKQCANL	abcdefgabcd	IGSVEEQLAQL	abcdefgabcd	400-410-377-387
IDNVKKQCANL	abcdefgabcd	LAQLRCEMEQQ	abcdefgabcd	400-410-384-394
IDNVKKQCANL	abcdefgabcd	MEQQNQEYKIL	abcdefgabcd	400-410-391-401
IDNVKKQCANL	abcdefgabcd	YKILLDVKTRL	abcdefgabcd	400-410-398-408
IDNVKKQCANL	abcdefgabcd	KTRLEQEIATY	abcdefgabcd	400-410-405-415
IDNVKKQCANL	abcdefgabcd	IATYRRLLEGE	abcdefgabcd	400-410-412-422
IDNVKKQCANL	abcdefgabcd	LEGEDAHLSSS	abcdefgabcd	400-410-419-429
CANLQNAIADA	abcdefgabcd	VGSEKVTMQNL	abcdefgabcd	407-417-112-122
CANLQNAIADA	abcdefgabcd	MQNLNDRLASY	abcdefgabcd	407-417-119-129
CANLQNAIADA	abcdefgabcd	LASYLDKVRAL	abcdefgabcd	407-417-126-136
CANLQNAIADA	abcdefgabcd	VRALEEANADL	abcdefgabcd	407-417-133-143
CANLQNAIADA	abcdefgabcd	NADLEVKIRDW	abcdefgabcd	407-417-140-150
CANLQNAIADA	abcdefgabcd	IEDLRNKILTA	abcdefgabcd	407-417-169-179
CANLQNAIADA	abcdefgabcd	ILTATVDNANV	abcdefgabcd	407-417-176-186
CANLQNAIADA	abcdefgabcd	NANVLLQIDNA	abcdefgabcd	407-417-183-193
CANLQNAIADA	abcdefgabcd	IDNARLAADDF	abcdefgabcd	407-417-190-200
CANLQNAIADA	abcdefgabcd	ADDFRTKYETE	abcdefgabcd	407-417-197-207
CANLQNAIADA	abcdefgabcd	YETELNLRMSV	abcdefgabcd	407-417-204-214
CANLQNAIADA	abcdefgabcd	RMSVEADINGL	abcdefgabcd	407-417-211-221
CANLQNAIADA	abcdefgabcd	INGLRRVLDEL	abcdefgabcd	407-417-218-228
CANLQNAIADA	abcdefgabcd	LDELTLARADL	abcdefgabcd	407-417-225-235
CANLQNAIADA	abcdefgabcd	RADLEMQIESL	abcdefgabcd	407-417-232-242
CANLQNAIADA	abcdefgabcd	IESLKEELAYL	abcdefgabcd	407-417-239-249
CANLQNAIADA	abcdefgabcd	LAYLKKNHEEE	abcdefgabcd	407-417-246-256
CANLQNAIADA	abcdefgabcd	HEEEMNALRGQ	abcdefgabcd	407-417-253-263
CANLQNAIADA	abcdefgabcd	LNEMRDQYEKM	abcdefgabcd	407-417-284-294
CANLQNAIADA	abcdefgabcd	VQSGKSEISEL	abcdefgabcd	407-417-324-334
CANLQNAIADA	abcdefgabcd	ISELRRTMQNL	abcdefgabcd	407-417-331-341
CANLQNAIADA	abcdefgabcd	MQNLEIELQSQ	abcdefgabcd	407-417-338-348
CANLQNAIADA	abcdefgabcd	LQSQLSMKASL	abcdefgabcd	407-417-345-355
CANLQNAIADA	abcdefgabcd	KASLENSLEET	abcdefgabcd	407-417-352-362
CANLQNAIADA	abcdefgabcd	LAQIQEMIGSV	abcdefgabcd	407-417-370-380
CANLQNAIADA	abcdefgabcd	IGSVEEQLAQL	abcdefgabcd	407-417-377-387
CANLQNAIADA	abcdefgabcd	LAQLRCEMEQQ	abcdefgabcd	407-417-384-394
CANLQNAIADA	abcdefgabcd	MEQQNQEYKIL	abcdefgabcd	407-417-391-401
CANLQNAIADA	abcdefgabcd	YKILLDVKTRL	abcdefgabcd	407-417-398-408
CANLQNAIADA	abcdefgabcd	KTRLEQEIATY	abcdefgabcd	407-417-405-415
CANLQNAIADA	abcdefgabcd	IATYRRLLEGE	abcdefgabcd	407-417-412-422
CANLQNAIADA	abcdefgabcd	LEGEDAHLSSS	abcdefgabcd	407-417-419-429
LKDARNKLAEL	abcdefgabcd	VGSEKVTMQNL	abcdefgabcd	425-435-112-122
LKDARNKLAEL	abcdefgabcd	MQNLNDRLASY	abcdefgabcd	425-435-119-129
LKDARNKLAEL	abcdefgabcd	LASYLDKVRAL	abcdefgabcd	425-435-126-136
LKDARNKLAEL	abcdefgabcd	VRALEEANADL	abcdefgabcd	425-435-133-143
LKDARNKLAEL	abcdefgabcd	NADLEVKIRDW	abcdefgabcd	425-435-140-150
LKDARNKLAEL	abcdefgabcd	IEDLRNKILTA	abcdefgabcd	425-435-169-179
LKDARNKLAEL	abcdefgabcd	ILTATVDNANV	abcdefgabcd	425-435-176-186
LKDARNKLAEL	abcdefgabcd	NANVLLQIDNA	abcdefgabcd	425-435-183-193
LKDARNKLAEL	abcdefgabcd	IDNARLAADDF	abcdefgabcd	425-435-190-200
LKDARNKLAEL	abcdefgabcd	ADDFRTKYETE	abcdefgabcd	425-435-197-207
LKDARNKLAEL	abcdefgabcd	YETELNLRMSV	abcdefgabcd	425-435-204-214
LKDARNKLAEL	abcdefgabcd	RMSVEADINGL	abcdefgabcd	425-435-211-221
LKDARNKLAEL	abcdefgabcd	INGLRRVLDEL	abcdefgabcd	425-435-218-228
LKDARNKLAEL	abcdefgabcd	LDELTLARADL	abcdefgabcd	425-435-225-235
LKDARNKLAEL	abcdefgabcd	RADLEMQIESL	abcdefgabcd	425-435-232-242
LKDARNKLAEL	abcdefgabcd	IESLKEELAYL	abcdefgabcd	425-435-239-249
LKDARNKLAEL	abcdefgabcd	LAYLKKNHEEE	abcdefgabcd	425-435-246-256
LKDARNKLAEL	abcdefgabcd	HEEEMNALRGQ	abcdefgabcd	425-435-253-263
LKDARNKLAEL	abcdefgabcd	LNEMRDQYEKM	abcdefgabcd	425-435-284-294
LKDARNKLAEL	abcdefgabcd	VQSGKSEISEL	abcdefgabcd	425-435-324-334
LKDARNKLAEL	abcdefgabcd	ISELRRTMQNL	abcdefgabcd	425-435-331-341
LKDARNKLAEL	abcdefgabcd	MQNLEIELQSQ	abcdefgabcd	425-435-338-348
LKDARNKLAEL	abcdefgabcd	LQSQLSMKASL	abcdefgabcd	425-435-345-355
LKDARNKLAEL	abcdefgabcd	KASLENSLEET	abcdefgabcd	425-435-352-362
LKDARNKLAEL	abcdefgabcd	LAQIQEMIGSV	abcdefgabcd	425-435-370-380
LKDARNKLAEL	abcdefgabcd	IGSVEEQLAQL	abcdefgabcd	425-435-377-387
LKDARNKLAEL	abcdefgabcd	LAQLRCEMEQQ	abcdefgabcd	425-435-384-394
LKDARNKLAEL	abcdefgabcd	MEQQNQEYKIL	abcdefgabcd	425-435-391-401
LKDARNKLAEL	abcdefgabcd	YKILLDVKTRL	abcdefgabcd	425-435-398-408
LKDARNKLAEL	abcdefgabcd	KTRLEQEIATY	abcdefgabcd	425-435-405-415
LKDARNKLAEL	abcdefgabcd	IATYRRLLEGE	abcdefgabcd	425-435-412-422
LKDARNKLAEL	abcdefgabcd	LEGEDAHLSSS	abcdefgabcd	425-435-419-429
LAELEEALQKA	abcdefgabcd	VGSEKVTMQNL	abcdefgabcd	432-442-112-122
LAELEEALQKA	abcdefgabcd	MQNLNDRLASY	abcdefgabcd	432-442-119-129
LAELEEALQKA	abcdefgabcd	LASYLDKVRAL	abcdefgabcd	432-442-126-136
LAELEEALQKA	abcdefgabcd	VRALEEANADL	abcdefgabcd	432-442-133-143
LAELEEALQKA	abcdefgabcd	NADLEVKIRDW	abcdefgabcd	432-442-140-150
LAELEEALQKA	abcdefgabcd	IEDLRNKILTA	abcdefgabcd	432-442-169-179
LAELEEALQKA	abcdefgabcd	ILTATVDNANV	abcdefgabcd	432-442-176-186
LAELEEALQKA	abcdefgabcd	NANVLLQIDNA	abcdefgabcd	432-442-183-193
LAELEEALQKA	abcdefgabcd	IDNARLAADDF	abcdefgabcd	432-442-190-200
LAELEEALQKA	abcdefgabcd	ADDFRTKYETE	abcdefgabcd	432-442-197-207
LAELEEALQKA	abcdefgabcd	YETELNLRMSV	abcdefgabcd	432-442-204-214
LAELEEALQKA	abcdefgabcd	RMSVEADINGL	abcdefgabcd	432-442-211-221
LAELEEALQKA	abcdefgabcd	INGLRRVLDEL	abcdefgabcd	432-442-218-228
LAELEEALQKA	abcdefgabcd	LDELTLARADL	abcdefgabcd	432-442-225-235
LAELEEALQKA	abcdefgabcd	RADLEMQIESL	abcdefgabcd	432-442-232-242
LAELEEALQKA	abcdefgabcd	IESLKEELAYL	abcdefgabcd	432-442-239-249
LAELEEALQKA	abcdefgabcd	LAYLKKNHEEE	abcdefgabcd	432-442-246-256
LAELEEALQKA	abcdefgabcd	HEEEMNALRGQ	abcdefgabcd	432-442-253-263
LAELEEALQKA	abcdefgabcd	LNEMRDQYEKM	abcdefgabcd	432-442-284-294
LAELEEALQKA	abcdefgabcd	VQSGKSEISEL	abcdefgabcd	432-442-324-334
LAELEEALQKA	abcdefgabcd	ISELRRTMQNL	abcdefgabcd	432-442-331-341
LAELEEALQKA	abcdefgabcd	MQNLEIELQSQ	abcdefgabcd	432-442-338-348
LAELEEALQKA	abcdefgabcd	LQSQLSMKASL	abcdefgabcd	432-442-345-355
LAELEEALQKA	abcdefgabcd	KASLENSLEET	abcdefgabcd	432-442-352-362
LAELEEALQKA	abcdefgabcd	LAQIQEMIGSV	abcdefgabcd	432-442-370-380
LAELEEALQKA	abcdefgabcd	IGSVEEQLAQL	abcdefgabcd	432-442-377-387
LAELEEALQKA	abcdefgabcd	LAQLRCEMEQQ	abcdefgabcd	432-442-384-394
LAELEEALQKA	abcdefgabcd	MEQQNQEYKIL	abcdefgabcd	432-442-391-401
LAELEEALQKA	abcdefgabcd	YKILLDVKTRL	abcdefgabcd	432-442-398-408
LAELEEALQKA	abcdefgabcd	KTRLEQEIATY	abcdefgabcd	432-442-405-415
LAELEEALQKA	abcdefgabcd	IATYRRLLEGE	abcdefgabcd	432-442-412-422
LAELEEALQKA	abcdefgabcd	LEGEDAHLSSS	abcdefgabcd	432-442-419-429
LQKAKQDMARL	abcdefgabcd	VGSEKVTMQNL	abcdefgabcd	439-449-112-122
LQKAKQDMARL	abcdefgabcd	MQNLNDRLASY	abcdefgabcd	439-449-119-129
LQKAKQDMARL	abcdefgabcd	LASYLDKVRAL	abcdefgabcd	439-449-126-136
LQKAKQDMARL	abcdefgabcd	VRALEEANADL	abcdefgabcd	439-449-133-143
LQKAKQDMARL	abcdefgabcd	NADLEVKIRDW	abcdefgabcd	439-449-140-150
LQKAKQDMARL	abcdefgabcd	IEDLRNKILTA	abcdefgabcd	439-449-169-179
LQKAKQDMARL	abcdefgabcd	ILTATVDNANV	abcdefgabcd	439-449-176-186
LQKAKQDMARL	abcdefgabcd	NANVLLQIDNA	abcdefgabcd	439-449-183-193
LQKAKQDMARL	abcdefgabcd	IDNARLAADDF	abcdefgabcd	439-449-190-200
LQKAKQDMARL	abcdefgabcd	ADDFRTKYETE	abcdefgabcd	439-449-197-207
LQKAKQDMARL	abcdefgabcd	YETELNLRMSV	abcdefgabcd	439-449-204-214
LQKAKQDMARL	abcdefgabcd	RMSVEADINGL	abcdefgabcd	439-449-211-221
LQKAKQDMARL	abcdefgabcd	INGLRRVLDEL	abcdefgabcd	439-449-218-228
LQKAKQDMARL	abcdefgabcd	LDELTLARADL	abcdefgabcd	439-449-225-235
LQKAKQDMARL	abcdefgabcd	RADLEMQIESL	abcdefgabcd	439-449-232-242
LQKAKQDMARL	abcdefgabcd	IESLKEELAYL	abcdefgabcd	439-449-239-249
LQKAKQDMARL	abcdefgabcd	LAYLKKNHEEE	abcdefgabcd	439-449-246-256
LQKAKQDMARL	abcdefgabcd	HEEEMNALRGQ	abcdefgabcd	439-449-253-263
LQKAKQDMARL	abcdefgabcd	LNEMRDQYEKM	abcdefgabcd	439-449-284-294
LQKAKQDMARL	abcdefgabcd	VQSGKSEISEL	abcdefgabcd	439-449-324-334
LQKAKQDMARL	abcdefgabcd	ISELRRTMQNL	abcdefgabcd	439-449-331-341
LQKAKQDMARL	abcdefgabcd	MQNLEIELQSQ	abcdefgabcd	439-449-338-348
LQKAKQDMARL	abcdefgabcd	LQSQLSMKASL	abcdefgabcd	439-449-345-355
LQKAKQDMARL	abcdefgabcd	KASLENSLEET	abcdefgabcd	439-449-352-362
LQKAKQDMARL	abcdefgabcd	LAQIQEMIGSV	abcdefgabcd	439-449-370-380
LQKAKQDMARL	abcdefgabcd	IGSVEEQLAQL	abcdefgabcd	439-449-377-387
LQKAKQDMARL	abcdefgabcd	LAQLRCEMEQQ	abcdefgabcd	439-449-384-394
LQKAKQDMARL	abcdefgabcd	MEQQNQEYKIL	abcdefgabcd	439-449-391-401
LQKAKQDMARL	abcdefgabcd	YKILLDVKTRL	abcdefgabcd	439-449-398-408
LQKAKQDMARL	abcdefgabcd	KTRLEQEIATY	abcdefgabcd	439-449-405-415
LQKAKQDMARL	abcdefgabcd	IATYRRLLEGE	abcdefgabcd	439-449-412-422
LQKAKQDMARL	abcdefgabcd	LEGEDAHLSSS	abcdefgabcd	439-449-419-429
MARLLREYQEL	abcdefgabcd	VGSEKVTMQNL	abcdefgabcd	446-456-112-122
MARLLREYQEL	abcdefgabcd	MQNLNDRLASY	abcdefgabcd	446-456-119-129
MARLLREYQEL	abcdefgabcd	LASYLDKVRAL	abcdefgabcd	446-456-126-136
MARLLREYQEL	abcdefgabcd	VRALEEANADL	abcdefgabcd	446-456-133-143
MARLLREYQEL	abcdefgabcd	NADLEVKIRDW	abcdefgabcd	446-456-140-150
MARLLREYQEL	abcdefgabcd	IEDLRNKILTA	abcdefgabcd	446-456-169-179
MARLLREYQEL	abcdefgabcd	ILTATVDNANV	abcdefgabcd	446-456-176-186
MARLLREYQEL	abcdefgabcd	NANVLLQIDNA	abcdefgabcd	446-456-183-193
MARLLREYQEL	abcdefgabcd	IDNARLAADDF	abcdefgabcd	446-456-190-200
MARLLREYQEL	abcdefgabcd	ADDFRTKYETE	abcdefgabcd	446-456-197-207
MARLLREYQEL	abcdefgabcd	YETELNLRMSV	abcdefgabcd	446-456-204-214
MARLLREYQEL	abcdefgabcd	RMSVEADINGL	abcdefgabcd	446-456-211-221
MARLLREYQEL	abcdefgabcd	INGLRRVLDEL	abcdefgabcd	446-456-218-228
MARLLREYQEL	abcdefgabcd	LDELTLARADL	abcdefgabcd	446-456-225-235
MARLLREYQEL	abcdefgabcd	RADLEMQIESL	abcdefgabcd	446-456-232-242
MARLLREYQEL	abcdefgabcd	IESLKEELAYL	abcdefgabcd	446-456-239-249
MARLLREYQEL	abcdefgabcd	LAYLKKNHEEE	abcdefgabcd	446-456-246-256
MARLLREYQEL	abcdefgabcd	HEEEMNALRGQ	abcdefgabcd	446-456-253-263
MARLLREYQEL	abcdefgabcd	LNEMRDQYEKM	abcdefgabcd	446-456-284-294
MARLLREYQEL	abcdefgabcd	VQSGKSEISEL	abcdefgabcd	446-456-324-334
MARLLREYQEL	abcdefgabcd	ISELRRTMQNL	abcdefgabcd	446-456-331-341
MARLLREYQEL	abcdefgabcd	MQNLEIELQSQ	abcdefgabcd	446-456-338-348
MARLLREYQEL	abcdefgabcd	LQSQLSMKASL	abcdefgabcd	446-456-345-355
MARLLREYQEL	abcdefgabcd	KASLENSLEET	abcdefgabcd	446-456-352-362
MARLLREYQEL	abcdefgabcd	LAQIQEMIGSV	abcdefgabcd	446-456-370-380
MARLLREYQEL	abcdefgabcd	IGSVEEQLAQL	abcdefgabcd	446-456-377-387
MARLLREYQEL	abcdefgabcd	LAQLRCEMEQQ	abcdefgabcd	446-456-384-394
MARLLREYQEL	abcdefgabcd	MEQQNQEYKIL	abcdefgabcd	446-456-391-401
MARLLREYQEL	abcdefgabcd	YKILLDVKTRL	abcdefgabcd	446-456-398-408
MARLLREYQEL	abcdefgabcd	KTRLEQEIATY	abcdefgabcd	446-456-405-415
MARLLREYQEL	abcdefgabcd	IATYRRLLEGE	abcdefgabcd	446-456-412-422
MARLLREYQEL	abcdefgabcd	LEGEDAHLSSS	abcdefgabcd	446-456-419-429
YQELMNTKLAL	abcdefgabcd	VGSEKVTMQNL	abcdefgabcd	453-463-112-122
YQELMNTKLAL	abcdefgabcd	MQNLNDRLASY	abcdefgabcd	453-463-119-129
YQELMNTKLAL	abcdefgabcd	LASYLDKVRAL	abcdefgabcd	453-463-126-136
YQELMNTKLAL	abcdefgabcd	VRALEEANADL	abcdefgabcd	453-463-133-143
YQELMNTKLAL	abcdefgabcd	NADLEVKIRDW	abcdefgabcd	453-463-140-150
YQELMNTKLAL	abcdefgabcd	IEDLRNKILTA	abcdefgabcd	453-463-169-179
YQELMNTKLAL	abcdefgabcd	ILTATVDNANV	abcdefgabcd	453-463-176-186
YQELMNTKLAL	abcdefgabcd	NANVLLQIDNA	abcdefgabcd	453-463-183-193
YQELMNTKLAL	abcdefgabcd	IDNARLAADDF	abcdefgabcd	453-463-190-200
YQELMNTKLAL	abcdefgabcd	ADDFRTKYETE	abcdefgabcd	453-463-197-207
YQELMNTKLAL	abcdefgabcd	YETELNLRMSV	abcdefgabcd	453-463-204-214
YQELMNTKLAL	abcdefgabcd	RMSVEADINGL	abcdefgabcd	453-463-211-221
YQELMNTKLAL	abcdefgabcd	INGLRRVLDEL	abcdefgabcd	453-463-218-228
YQELMNTKLAL	abcdefgabcd	LDELTLARADL	abcdefgabcd	453-463-225-235
YQELMNTKLAL	abcdefgabcd	RADLEMQIESL	abcdefgabcd	453-463-232-242
YQELMNTKLAL	abcdefgabcd	IESLKEELAYL	abcdefgabcd	453-463-239-249
YQELMNTKLAL	abcdefgabcd	LAYLKKNHEEE	abcdefgabcd	453-463-246-256
YQELMNTKLAL	abcdefgabcd	HEEEMNALRGQ	abcdefgabcd	453-463-253-263
YQELMNTKLAL	abcdefgabcd	LNEMRDQYEKM	abcdefgabcd	453-463-284-294
YQELMNTKLAL	abcdefgabcd	VQSGKSEISEL	abcdefgabcd	453-463-324-334
YQELMNTKLAL	abcdefgabcd	ISELRRTMQNL	abcdefgabcd	453-463-331-341
YQELMNTKLAL	abcdefgabcd	MQNLEIELQSQ	abcdefgabcd	453-463-338-348
YQELMNTKLAL	abcdefgabcd	LQSQLSMKASL	abcdefgabcd	453-463-345-355
YQELMNTKLAL	abcdefgabcd	KASLENSLEET	abcdefgabcd	453-463-352-362
YQELMNTKLAL	abcdefgabcd	LAQIQEMIGSV	abcdefgabcd	453-463-370-380
YQELMNTKLAL	abcdefgabcd	IGSVEEQLAQL	abcdefgabcd	453-463-377-387
YQELMNTKLAL	abcdefgabcd	LAQLRCEMEQQ	abcdefgabcd	453-463-384-394
YQELMNTKLAL	abcdefgabcd	MEQQNQEYKIL	abcdefgabcd	453-463-391-401
YQELMNTKLAL	abcdefgabcd	YKILLDVKTRL	abcdefgabcd	453-463-398-408
YQELMNTKLAL	abcdefgabcd	KTRLEQEIATY	abcdefgabcd	453-463-405-415
YQELMNTKLAL	abcdefgabcd	IATYRRLLEGE	abcdefgabcd	453-463-412-422
YQELMNTKLAL	abcdefgabcd	LEGEDAHLSSS	abcdefgabcd	453-463-419-429
KLALDVEIATY	abcdefgabcd	VGSEKVTMQNL	abcdefgabcd	460-470-112-122
KLALDVEIATY	abcdefgabcd	MQNLNDRLASY	abcdefgabcd	460-470-119-129
KLALDVEIATY	abcdefgabcd	LASYLDKVRAL	abcdefgabcd	460-470-126-136
KLALDVEIATY	abcdefgabcd	VRALEEANADL	abcdefgabcd	460-470-133-143
KLALDVEIATY	abcdefgabcd	NADLEVKIRDW	abcdefgabcd	460-470-140-150
KLALDVEIATY	abcdefgabcd	IEDLRNKILTA	abcdefgabcd	460-470-169-179
KLALDVEIATY	abcdefgabcd	ILTATVDNANV	abcdefgabcd	460-470-176-186
KLALDVEIATY	abcdefgabcd	NANVLLQIDNA	abcdefgabcd	460-470-183-193
KLALDVEIATY	abcdefgabcd	IDNARLAADDF	abcdefgabcd	460-470-190-200
KLALDVEIATY	abcdefgabcd	ADDFRTKYETE	abcdefgabcd	460-470-197-207
KLALDVEIATY	abcdefgabcd	YETELNLRMSV	abcdefgabcd	460-470-204-214
KLALDVEIATY	abcdefgabcd	RMSVEADINGL	abcdefgabcd	460-470-211-221
KLALDVEIATY	abcdefgabcd	INGLRRVLDEL	abcdefgabcd	460-470-218-228
KLALDVEIATY	abcdefgabcd	LDELTLARADL	abcdefgabcd	460-470-225-235
KLALDVEIATY	abcdefgabcd	RADLEMQIESL	abcdefgabcd	460-470-232-242
KLALDVEIATY	abcdefgabcd	IESLKEELAYL	abcdefgabcd	460-470-239-249
KLALDVEIATY	abcdefgabcd	LAYLKKNHEEE	abcdefgabcd	460-470-246-256
KLALDVEIATY	abcdefgabcd	HEEEMNALRGQ	abcdefgabcd	460-470-253-263
KLALDVEIATY	abcdefgabcd	LNEMRDQYEKM	abcdefgabcd	460-470-284-294
KLALDVEIATY	abcdefgabcd	VQSGKSEISEL	abcdefgabcd	460-470-324-334
KLALDVEIATY	abcdefgabcd	ISELRRTMQNL	abcdefgabcd	460-470-331-341
KLALDVEIATY	abcdefgabcd	MQNLEIELQSQ	abcdefgabcd	460-470-338-348
KLALDVEIATY	abcdefgabcd	LQSQLSMKASL	abcdefgabcd	460-470-345-355
KLALDVEIATY	abcdefgabcd	KASLENSLEET	abcdefgabcd	460-470-352-362
KLALDVEIATY	abcdefgabcd	LAQIQEMIGSV	abcdefgabcd	460-470-370-380
KLALDVEIATY	abcdefgabcd	IGSVEEQLAQL	abcdefgabcd	460-470-377-387
KLALDVEIATY	abcdefgabcd	LAQLRCEMEQQ	abcdefgabcd	460-470-384-394
KLALDVEIATY	abcdefgabcd	MEQQNQEYKIL	abcdefgabcd	460-470-391-401
KLALDVEIATY	abcdefgabcd	YKILLDVKTRL	abcdefgabcd	460-470-398-408
KLALDVEIATY	abcdefgabcd	KTRLEQEIATY	abcdefgabcd	460-470-405-415
KLALDVEIATY	abcdefgabcd	IATYRRLLEGE	abcdefgabcd	460-470-412-422
KLALDVEIATY	abcdefgabcd	LEGEDAHLSSS	abcdefgabcd	460-470-419-429
IATYRKLLEGE	abcdefgabcd	VGSEKVTMQNL	abcdefgabcd	467-477-112-122
IATYRKLLEGE	abcdefgabcd	MQNLNDRLASY	abcdefgabcd	467-477-119-129
IATYRKLLEGE	abcdefgabcd	LASYLDKVRAL	abcdefgabcd	467-477-126-136
IATYRKLLEGE	abcdefgabcd	VRALEEANADL	abcdefgabcd	467-477-133-143
IATYRKLLEGE	abcdefgabcd	NADLEVKIRDW	abcdefgabcd	467-477-140-150
IATYRKLLEGE	abcdefgabcd	IEDLRNKILTA	abcdefgabcd	467-477-169-179
IATYRKLLEGE	abcdefgabcd	ILTATVDNANV	abcdefgabcd	467-477-176-186
IATYRKLLEGE	abcdefgabcd	NANVLLQIDNA	abcdefgabcd	467-477-183-193
IATYRKLLEGE	abcdefgabcd	IDNARLAADDF	abcdefgabcd	467-477-190-200
IATYRKLLEGE	abcdefgabcd	ADDFRTKYETE	abcdefgabcd	467-477-197-207
IATYRKLLEGE	abcdefgabcd	YETELNLRMSV	abcdefgabcd	467-477-204-214
IATYRKLLEGE	abcdefgabcd	RMSVEADINGL	abcdefgabcd	467-477-211-221
IATYRKLLEGE	abcdefgabcd	INGLRRVLDEL	abcdefgabcd	467-477-218-228
IATYRKLLEGE	abcdefgabcd	LDELTLARADL	abcdefgabcd	467-477-225-235
IATYRKLLEGE	abcdefgabcd	RADLEMQIESL	abcdefgabcd	467-477-232-242
IATYRKLLEGE	abcdefgabcd	IESLKEELAYL	abcdefgabcd	467-477-239-249
IATYRKLLEGE	abcdefgabcd	LAYLKKNHEEE	abcdefgabcd	467-477-246-256
IATYRKLLEGE	abcdefgabcd	HEEEMNALRGQ	abcdefgabcd	467-477-253-263
IATYRKLLEGE	abcdefgabcd	LNEMRDQYEKM	abcdefgabcd	467-477-284-294
IATYRKLLEGE	abcdefgabcd	VQSGKSEISEL	abcdefgabcd	467-477-324-334
IATYRKLLEGE	abcdefgabcd	ISELRRTMQNL	abcdefgabcd	467-477-331-341
IATYRKLLEGE	abcdefgabcd	MQNLEIELQSQ	abcdefgabcd	467-477-338-348
IATYRKLLEGE	abcdefgabcd	LQSQLSMKASL	abcdefgabcd	467-477-345-355
IATYRKLLEGE	abcdefgabcd	KASLENSLEET	abcdefgabcd	467-477-352-362
IATYRKLLEGE	abcdefgabcd	LAQIQEMIGSV	abcdefgabcd	467-477-370-380
IATYRKLLEGE	abcdefgabcd	IGSVEEQLAQL	abcdefgabcd	467-477-377-387
IATYRKLLEGE	abcdefgabcd	LAQLRCEMEQQ	abcdefgabcd	467-477-384-394
IATYRKLLEGE	abcdefgabcd	MEQQNQEYKIL	abcdefgabcd	467-477-391-401
IATYRKLLEGE	abcdefgabcd	YKILLDVKTRL	abcdefgabcd	467-477-398-408
IATYRKLLEGE	abcdefgabcd	KTRLEQEIATY	abcdefgabcd	467-477-405-415
IATYRKLLEGE	abcdefgabcd	IATYRRLLEGE	abcdefgabcd	467-477-412-422
IATYRKLLEGE	abcdefgabcd	LEGEDAHLSSS	abcdefgabcd	467-477-419-429
