A A 0.010775217000897935
A C 0.000897934750074828
A D 0.004489673750374139
A E 0.007482789583956899
A F 0.00149655791679138
A G 0.014366956001197246
A H 0.001795869500149656
A I 0.016162825501346904
A K 0.008380724334031727
A L 0.020053876085004488
A M 0.0038910505836575876
A N 0.005686920083807243
A P 0.000598623166716552
A Q 0.005986231667165519
A R 0.023346303501945526
A S 0.008081412750673452
A T 0.007482789583956899
A V 0.010176593834181383
A W 5.986231667165519e-33
A Y 0.001795869500149656
C A 0.000897934750074828
C C 2.9931158335827596e-33
C D 5.986231667165519e-33
C E 5.986231667165519e-33
C F 0.000299311583358276
C G 5.986231667165519e-33
C H 5.986231667165519e-33
C I 5.986231667165519e-33
C K 0.001197246333433104
C L 0.001197246333433104
C M 5.986231667165519e-33
C N 0.000598623166716552
C P 5.986231667165519e-33
C Q 5.986231667165519e-33
C R 0.000299311583358276
C S 0.000598623166716552
C T 0.000299311583358276
C V 0.000897934750074828
C W 5.986231667165519e-33
C Y 0.000299311583358276
D A 0.004489673750374139
D C 5.986231667165519e-33
D D 0.0020951810835079317
D E 0.008680035917390003
D F 0.000299311583358276
D G 0.0014965579167913797
D H 0.0020951810835079317
D I 0.002394492666866208
D K 0.009877282250823106
D L 0.0050882969170906915
D M 0.0026938042502244837
D N 0.0038910505836575876
D P 5.986231667165519e-33
D Q 0.0062855432505237955
D R 0.008380724334031727
D S 0.007482789583956899
D T 0.01047590541753966
D V 0.004489673750374139
D W 5.986231667165519e-33
D Y 0.001197246333433104
E A 0.007482789583956899
E C 5.986231667165519e-33
E D 0.008680035917390003
E E 0.02005387608500449
E F 0.0029931158335827594
E G 0.013169709667764143
E H 0.014965579167913799
E I 0.007782101167315175
E K 0.020053876085004488
E L 0.019155941334929663
E M 0.0017958695001496557
E N 0.011373840167614488
E P 0.00149655791679138
E Q 0.027237354085603113
E R 0.03172702783597725
E S 0.013169709667764143
E T 0.011972463334331038
E V 0.010775217000897935
E W 0.001197246333433104
E Y 0.0032924274169410356
F A 0.00149655791679138
F C 0.000299311583358276
F D 0.000299311583358276
F E 0.0029931158335827594
F F 0.000598623166716552
F G 0.001197246333433104
F H 0.000299311583358276
F I 0.001795869500149656
F K 0.001197246333433104
F L 0.012870398084405866
F M 0.001197246333433104
F N 0.000299311583358276
F P 0.000299311583358276
F Q 0.001197246333433104
F R 0.000598623166716552
F S 0.0038910505836575876
F T 0.000598623166716552
F V 0.0026938042502244837
F W 5.986231667165519e-33
F Y 0.000598623166716552
G A 0.014366956001197246
G C 5.986231667165519e-33
G D 0.0014965579167913797
G E 0.013169709667764143
G F 0.001197246333433104
G G 0.002394492666866208
G H 5.986231667165519e-33
G I 0.002394492666866208
G K 0.02065249925172104
G L 0.004788985333732416
G M 0.001795869500149656
G N 0.0014965579167913797
G P 5.986231667165519e-33
G Q 0.004788985333732416
G R 0.001795869500149656
G S 0.013768332834480694
G T 0.012870398084405868
G V 0.001197246333433104
G W 5.986231667165519e-33
G Y 0.0014965579167913797
H A 0.001795869500149656
H C 5.986231667165519e-33
H D 0.0020951810835079317
H E 0.014965579167913799
H F 0.000299311583358276
H G 5.986231667165519e-33
H H 0.000598623166716552
H I 0.001795869500149656
H K 0.0020951810835079317
H L 0.004190362167015863
H M 0.001197246333433104
H N 0.000598623166716552
H P 5.986231667165519e-33
H Q 0.00149655791679138
H R 0.0038910505836575876
H S 0.0014965579167913797
H T 0.011673151750972763
H V 0.0008979347500748278
H W 0.000299311583358276
H Y 5.986231667165519e-33
I A 0.016162825501346904
I C 5.986231667165519e-33
I D 0.002394492666866208
I E 0.007782101167315175
I F 0.001795869500149656
I G 0.002394492666866208
I H 0.001795869500149656
I I 0.0020951810835079317
I K 0.0026938042502244837
I L 0.0236456150853038
I M 0.00149655791679138
I N 0.003591739000299312
I P 0.0008979347500748278
I Q 0.005387608500448967
I R 0.0035917390002993114
I S 0.0020951810835079317
I T 0.0038910505836575876
I V 0.0062855432505237955
I W 0.0026938042502244837
I Y 0.00808141275067345
K A 0.008380724334031727
K C 0.001197246333433104
K D 0.009877282250823106
K E 0.020053876085004488
K F 0.001197246333433104
K G 0.02065249925172104
K H 0.0020951810835079317
K I 0.0026938042502244837
K K 0.011074528584256211
K L 0.009877282250823106
K M 0.001197246333433104
K N 0.010475905417539658
K P 5.986231667165519e-33
K Q 0.015264890751272076
K R 0.012571086501047591
K S 0.007482789583956899
K T 0.007482789583956899
K V 0.011972463334331038
K W 0.000299311583358276
K Y 0.0038910505836575876
L A 0.020053876085004488
L C 0.001197246333433104
L D 0.0050882969170906915
L E 0.019155941334929663
L F 0.012870398084405866
L G 0.004788985333732416
L H 0.004190362167015863
L I 0.0236456150853038
L K 0.009877282250823106
L L 0.01855731816821311
L M 0.006884166417240347
L N 0.004788985333732416
L P 0.0008979347500748278
L Q 0.009278659084106555
L R 0.014965579167913797
L S 0.007482789583956899
L T 0.007183478000598624
L V 0.014067644417838972
L W 0.000598623166716552
L Y 0.0032924274169410356
M A 0.0038910505836575876
M C 5.986231667165519e-33
M D 0.0026938042502244837
M E 0.0017958695001496557
M F 0.001197246333433104
M G 0.001795869500149656
M H 0.001197246333433104
M I 0.00149655791679138
M K 0.001197246333433104
M L 0.006884166417240347
M M 0.000598623166716552
M N 0.002095181083507932
M P 5.986231667165519e-33
M Q 0.0017958695001496557
M R 0.002394492666866208
M S 0.0008979347500748278
M T 0.002394492666866208
M V 0.0026938042502244837
M W 5.986231667165519e-33
M Y 0.000598623166716552
N A 0.005686920083807243
N C 0.000598623166716552
N D 0.0038910505836575876
N E 0.011373840167614488
N F 0.000299311583358276
N G 0.0014965579167913797
N H 0.000598623166716552
N I 0.003591739000299312
N K 0.010475905417539658
N L 0.004788985333732416
N M 0.002095181083507932
N N 0.00299311583358276
N P 0.000299311583358276
N Q 0.011373840167614488
N R 0.005387608500448967
N S 0.004489673750374139
N T 0.0032924274169410356
N V 0.003591739000299312
N W 5.986231667165519e-33
N Y 0.007482789583956899
P A 0.000598623166716552
P C 5.986231667165519e-33
P D 5.986231667165519e-33
P E 0.00149655791679138
P F 0.000299311583358276
P G 5.986231667165519e-33
P H 5.986231667165519e-33
P I 0.0008979347500748278
P K 5.986231667165519e-33
P L 0.0008979347500748278
P M 5.986231667165519e-33
P N 0.000299311583358276
P P 2.9931158335827596e-33
P Q 5.986231667165519e-33
P R 5.986231667165519e-33
P S 5.986231667165519e-33
P T 5.986231667165519e-33
P V 5.986231667165519e-33
P W 5.986231667165519e-33
P Y 5.986231667165519e-33
Q A 0.005986231667165519
Q C 5.986231667165519e-33
Q D 0.0062855432505237955
Q E 0.027237354085603113
Q F 0.001197246333433104
Q G 0.004788985333732416
Q H 0.00149655791679138
Q I 0.005387608500448967
Q K 0.015264890751272076
Q L 0.009278659084106555
Q M 0.0017958695001496557
Q N 0.011373840167614488
Q P 5.986231667165519e-33
Q Q 0.015264890751272074
Q R 0.007782101167315175
Q S 0.007782101167315175
Q T 0.011373840167614488
Q V 0.004489673750374139
Q W 5.986231667165519e-33
Q Y 0.002394492666866208
R A 0.023346303501945526
R C 0.000299311583358276
R D 0.008380724334031727
R E 0.03172702783597725
R F 0.000598623166716552
R G 0.001795869500149656
R H 0.0038910505836575876
R I 0.0035917390002993114
R K 0.012571086501047591
R L 0.014965579167913797
R M 0.002394492666866208
R N 0.005387608500448967
R P 5.986231667165519e-33
R Q 0.007782101167315175
R R 0.005686920083807243
R S 0.0062855432505237955
R T 0.0062855432505237955
R V 0.00598623166716552
R W 5.986231667165519e-33
R Y 0.003591739000299312
S A 0.008081412750673452
S C 0.000598623166716552
S D 0.007482789583956899
S E 0.013169709667764143
S F 0.0038910505836575876
S G 0.013768332834480694
S H 0.0014965579167913797
S I 0.0020951810835079317
S K 0.007482789583956899
S L 0.007482789583956899
S M 0.0008979347500748278
S N 0.004489673750374139
S P 5.986231667165519e-33
S Q 0.007782101167315175
S R 0.0062855432505237955
S S 0.0038910505836575876
S T 0.01556420233463035
S V 0.004190362167015863
S W 0.000598623166716552
S Y 0.0032924274169410356
T A 0.007482789583956899
T C 0.000299311583358276
T D 0.01047590541753966
T E 0.011972463334331038
T F 0.000598623166716552
T G 0.012870398084405868
T H 0.011673151750972763
T I 0.0038910505836575876
T K 0.007482789583956899
T L 0.007183478000598624
T M 0.002394492666866208
T N 0.0032924274169410356
T P 5.986231667165519e-33
T Q 0.011373840167614488
T R 0.0062855432505237955
T S 0.01556420233463035
T T 0.004190362167015863
T V 0.007782101167315175
T W 0.000897934750074828
T Y 0.0014965579167913797
V A 0.010176593834181383
V C 0.000897934750074828
V D 0.004489673750374139
V E 0.010775217000897935
V F 0.0026938042502244837
V G 0.001197246333433104
V H 0.0008979347500748278
V I 0.0062855432505237955
V K 0.011972463334331038
V L 0.014067644417838972
V M 0.0026938042502244837
V N 0.003591739000299312
V P 5.986231667165519e-33
V Q 0.004489673750374139
V R 0.00598623166716552
V S 0.004190362167015863
V T 0.007782101167315175
V V 0.002394492666866208
V W 5.986231667165519e-33
V Y 0.0026938042502244837
W A 5.986231667165519e-33
W C 5.986231667165519e-33
W D 5.986231667165519e-33
W E 0.001197246333433104
W F 5.986231667165519e-33
W G 5.986231667165519e-33
W H 0.000299311583358276
W I 0.0026938042502244837
W K 0.000299311583358276
W L 0.000598623166716552
W M 5.986231667165519e-33
W N 5.986231667165519e-33
W P 5.986231667165519e-33
W Q 5.986231667165519e-33
W R 5.986231667165519e-33
W S 0.000598623166716552
W T 0.000897934750074828
W V 5.986231667165519e-33
W W 2.9931158335827596e-33
W Y 0.000299311583358276
Y A 0.001795869500149656
Y C 0.000299311583358276
Y D 0.001197246333433104
Y E 0.0032924274169410356
Y F 0.000598623166716552
Y G 0.0014965579167913797
Y H 5.986231667165519e-33
Y I 0.00808141275067345
Y K 0.0038910505836575876
Y L 0.0032924274169410356
Y M 0.000598623166716552
Y N 0.007482789583956899
Y P 5.986231667165519e-33
Y Q 0.002394492666866208
Y R 0.003591739000299312
Y S 0.0032924274169410356
Y T 0.0014965579167913797
Y V 0.0026938042502244837
Y W 0.000299311583358276
Y Y 0.000598623166716552
