A A 0.05247524752475247
A C 1.98019801980198e-32
A D 0.0039603960396039604
A E 0.0049504950495049506
A F 1.98019801980198e-32
A G 1.98019801980198e-32
A H 1.98019801980198e-32
A I 0.015841584158415842
A K 0.0049504950495049506
A L 0.020792079207920793
A M 0.0039603960396039604
A N 0.0009900990099009901
A P 0.0009900990099009901
A Q 0.0019801980198019802
A R 0.0009900990099009901
A S 0.0009900990099009901
A T 0.0019801980198019802
A V 0.01089108910891089
A W 0.0009900990099009901
A Y 0.0049504950495049506
C A 1.98019801980198e-32
C C 0.009900990099009901
C D 1.98019801980198e-32
C E 1.98019801980198e-32
C F 0.0009900990099009901
C G 1.98019801980198e-32
C H 1.98019801980198e-32
C I 0.0019801980198019802
C K 0.0009900990099009901
C L 0.01089108910891089
C M 0.0009900990099009901
C N 1.98019801980198e-32
C P 0.0009900990099009901
C Q 0.0009900990099009901
C R 1.98019801980198e-32
C S 1.98019801980198e-32
C T 1.98019801980198e-32
C V 1.98019801980198e-32
C W 1.98019801980198e-32
C Y 1.98019801980198e-32
D A 0.0039603960396039604
D C 1.98019801980198e-32
D D 0.0019801980198019802
D E 1.98019801980198e-32
D F 0.0009900990099009901
D G 1.98019801980198e-32
D H 1.98019801980198e-32
D I 1.98019801980198e-32
D K 1.98019801980198e-32
D L 1.98019801980198e-32
D M 1.98019801980198e-32
D N 0.0009900990099009901
D P 1.98019801980198e-32
D Q 1.98019801980198e-32
D R 1.98019801980198e-32
D S 1.98019801980198e-32
D T 1.98019801980198e-32
D V 0.0009900990099009901
D W 1.98019801980198e-32
D Y 1.98019801980198e-32
E A 0.0049504950495049506
E C 1.98019801980198e-32
E D 1.98019801980198e-32
E E 0.020792079207920793
E F 0.0009900990099009901
E G 1.98019801980198e-32
E H 0.0009900990099009901
E I 0.0019801980198019802
E K 0.0019801980198019802
E L 0.01782178217821782
E M 0.0019801980198019802
E N 1.98019801980198e-32
E P 1.98019801980198e-32
E Q 0.0039603960396039604
E R 1.98019801980198e-32
E S 0.0009900990099009901
E T 0.0009900990099009901
E V 0.008910891089108912
E W 1.98019801980198e-32
E Y 1.98019801980198e-32
F A 1.98019801980198e-32
F C 0.0009900990099009901
F D 0.0009900990099009901
F E 0.0009900990099009901
F F 0.01485148514851485
F G 1.98019801980198e-32
F H 1.98019801980198e-32
F I 0.0019801980198019802
F K 1.98019801980198e-32
F L 0.005940594059405941
F M 1.98019801980198e-32
F N 0.0009900990099009901
F P 1.98019801980198e-32
F Q 0.0009900990099009901
F R 0.0009900990099009901
F S 0.0029702970297029703
F T 0.0019801980198019802
F V 0.0019801980198019802
F W 1.98019801980198e-32
F Y 0.0039603960396039604
G A 1.98019801980198e-32
G C 1.98019801980198e-32
G D 1.98019801980198e-32
G E 1.98019801980198e-32
G F 1.98019801980198e-32
G G 0.0019801980198019802
G H 1.98019801980198e-32
G I 0.0009900990099009901
G K 1.98019801980198e-32
G L 0.0009900990099009901
G M 0.0019801980198019802
G N 1.98019801980198e-32
G P 1.98019801980198e-32
G Q 0.0009900990099009901
G R 1.98019801980198e-32
G S 1.98019801980198e-32
G T 1.98019801980198e-32
G V 1.98019801980198e-32
G W 1.98019801980198e-32
G Y 1.98019801980198e-32
H A 1.98019801980198e-32
H C 1.98019801980198e-32
H D 1.98019801980198e-32
H E 0.0009900990099009901
H F 1.98019801980198e-32
H G 1.98019801980198e-32
H H 0.0039603960396039604
H I 0.0019801980198019802
H K 1.98019801980198e-32
H L 0.0019801980198019802
H M 1.98019801980198e-32
H N 1.98019801980198e-32
H P 1.98019801980198e-32
H Q 1.98019801980198e-32
H R 1.98019801980198e-32
H S 1.98019801980198e-32
H T 1.98019801980198e-32
H V 0.0039603960396039604
H W 1.98019801980198e-32
H Y 1.98019801980198e-32
I A 0.015841584158415842
I C 0.0019801980198019802
I D 1.98019801980198e-32
I E 0.0019801980198019802
I F 0.0019801980198019802
I G 0.0009900990099009901
I H 0.0019801980198019802
I I 0.00891089108910891
I K 0.0049504950495049506
I L 0.0198019801980198
I M 0.0049504950495049506
I N 0.0019801980198019802
I P 0.0029702970297029703
I Q 0.0049504950495049506
I R 0.005940594059405941
I S 0.0019801980198019802
I T 1.98019801980198e-32
I V 0.0039603960396039604
I W 0.0009900990099009901
I Y 0.0009900990099009901
K A 0.0049504950495049506
K C 0.0009900990099009901
K D 1.98019801980198e-32
K E 0.0019801980198019802
K F 1.98019801980198e-32
K G 1.98019801980198e-32
K H 1.98019801980198e-32
K I 0.0049504950495049506
K K 0.02574257425742574
K L 0.019801980198019802
K M 0.0029702970297029703
K N 1.98019801980198e-32
K P 1.98019801980198e-32
K Q 0.0019801980198019802
K R 1.98019801980198e-32
K S 1.98019801980198e-32
K T 0.0019801980198019802
K V 0.0029702970297029703
K W 1.98019801980198e-32
K Y 0.0029702970297029703
L A 0.020792079207920793
L C 0.01089108910891089
L D 1.98019801980198e-32
L E 0.01782178217821782
L F 0.005940594059405941
L G 0.0009900990099009901
L H 0.0019801980198019802
L I 0.0198019801980198
L K 0.019801980198019802
L L 0.3584158415841584
L M 0.007920792079207921
L N 0.0009900990099009901
L P 1.98019801980198e-32
L Q 0.009900990099009901
L R 0.0029702970297029703
L S 0.007920792079207921
L T 0.0049504950495049506
L V 0.009900990099009901
L W 0.0019801980198019802
L Y 0.0029702970297029703
M A 0.0039603960396039604
M C 0.0009900990099009901
M D 1.98019801980198e-32
M E 0.0019801980198019802
M F 1.98019801980198e-32
M G 0.0019801980198019802
M H 1.98019801980198e-32
M I 0.0049504950495049506
M K 0.0029702970297029703
M L 0.007920792079207921
M M 0.016831683168316833
M N 0.0009900990099009901
M P 1.98019801980198e-32
M Q 1.98019801980198e-32
M R 1.98019801980198e-32
M S 0.0019801980198019802
M T 0.0009900990099009901
M V 0.0039603960396039604
M W 1.98019801980198e-32
M Y 1.98019801980198e-32
N A 0.0009900990099009901
N C 1.98019801980198e-32
N D 0.0009900990099009901
N E 1.98019801980198e-32
N F 0.0009900990099009901
N G 1.98019801980198e-32
N H 1.98019801980198e-32
N I 0.0019801980198019802
N K 1.98019801980198e-32
N L 0.0009900990099009901
N M 0.0009900990099009901
N N 0.007920792079207921
N P 1.98019801980198e-32
N Q 0.0009900990099009901
N R 0.0009900990099009901
N S 0.007920792079207921
N T 0.0049504950495049506
N V 0.0019801980198019802
N W 1.98019801980198e-32
N Y 1.98019801980198e-32
P A 0.0009900990099009901
P C 0.0009900990099009901
P D 1.98019801980198e-32
P E 1.98019801980198e-32
P F 1.98019801980198e-32
P G 1.98019801980198e-32
P H 1.98019801980198e-32
P I 0.0029702970297029703
P K 1.98019801980198e-32
P L 1.98019801980198e-32
P M 1.98019801980198e-32
P N 1.98019801980198e-32
P P 9.9009900990099e-33
P Q 1.98019801980198e-32
P R 1.98019801980198e-32
P S 1.98019801980198e-32
P T 1.98019801980198e-32
P V 1.98019801980198e-32
P W 1.98019801980198e-32
P Y 1.98019801980198e-32
Q A 0.0019801980198019802
Q C 0.0009900990099009901
Q D 1.98019801980198e-32
Q E 0.0039603960396039604
Q F 0.0009900990099009901
Q G 0.0009900990099009901
Q H 1.98019801980198e-32
Q I 0.0049504950495049506
Q K 0.0019801980198019802
Q L 0.009900990099009901
Q M 1.98019801980198e-32
Q N 0.0009900990099009901
Q P 1.98019801980198e-32
Q Q 0.016831683168316833
Q R 1.98019801980198e-32
Q S 0.0009900990099009901
Q T 0.0009900990099009901
Q V 0.0009900990099009901
Q W 0.0009900990099009901
Q Y 0.0019801980198019802
R A 0.0009900990099009901
R C 1.98019801980198e-32
R D 1.98019801980198e-32
R E 1.98019801980198e-32
R F 0.0009900990099009901
R G 1.98019801980198e-32
R H 1.98019801980198e-32
R I 0.005940594059405941
R K 1.98019801980198e-32
R L 0.0029702970297029703
R M 1.98019801980198e-32
R N 0.0009900990099009901
R P 1.98019801980198e-32
R Q 1.98019801980198e-32
R R 0.007920792079207921
R S 0.0029702970297029703
R T 0.0009900990099009901
R V 0.0049504950495049506
R W 1.98019801980198e-32
R Y 1.98019801980198e-32
S A 0.0009900990099009901
S C 1.98019801980198e-32
S D 1.98019801980198e-32
S E 0.0009900990099009901
S F 0.0029702970297029703
S G 1.98019801980198e-32
S H 1.98019801980198e-32
S I 0.0019801980198019802
S K 1.98019801980198e-32
S L 0.007920792079207921
S M 0.0019801980198019802
S N 0.007920792079207921
S P 1.98019801980198e-32
S Q 0.0009900990099009901
S R 0.0029702970297029703
S S 0.015841584158415842
S T 0.0009900990099009901
S V 1.98019801980198e-32
S W 0.0019801980198019802
S Y 1.98019801980198e-32
T A 0.0019801980198019802
T C 1.98019801980198e-32
T D 1.98019801980198e-32
T E 0.0009900990099009901
T F 0.0019801980198019802
T G 1.98019801980198e-32
T H 1.98019801980198e-32
T I 1.98019801980198e-32
T K 0.0019801980198019802
T L 0.0049504950495049506
T M 0.0009900990099009901
T N 0.0049504950495049506
T P 1.98019801980198e-32
T Q 0.0009900990099009901
T R 0.0009900990099009901
T S 0.0009900990099009901
T T 0.024752475247524754
T V 0.0009900990099009901
T W 1.98019801980198e-32
T Y 1.98019801980198e-32
V A 0.01089108910891089
V C 1.98019801980198e-32
V D 0.0009900990099009901
V E 0.008910891089108912
V F 0.0019801980198019802
V G 1.98019801980198e-32
V H 0.0039603960396039604
V I 0.0039603960396039604
V K 0.0029702970297029703
V L 0.009900990099009901
V M 0.0039603960396039604
V N 0.0019801980198019802
V P 1.98019801980198e-32
V Q 0.0009900990099009901
V R 0.0049504950495049506
V S 1.98019801980198e-32
V T 0.0009900990099009901
V V 0.01782178217821782
V W 0.0019801980198019802
V Y 0.0029702970297029703
W A 0.0009900990099009901
W C 1.98019801980198e-32
W D 1.98019801980198e-32
W E 1.98019801980198e-32
W F 1.98019801980198e-32
W G 1.98019801980198e-32
W H 1.98019801980198e-32
W I 0.0009900990099009901
W K 1.98019801980198e-32
W L 0.0019801980198019802
W M 1.98019801980198e-32
W N 1.98019801980198e-32
W P 1.98019801980198e-32
W Q 0.0009900990099009901
W R 1.98019801980198e-32
W S 0.0019801980198019802
W T 1.98019801980198e-32
W V 0.0019801980198019802
W W 0.0039603960396039604
W Y 1.98019801980198e-32
Y A 0.0049504950495049506
Y C 1.98019801980198e-32
Y D 1.98019801980198e-32
Y E 1.98019801980198e-32
Y F 0.0039603960396039604
Y G 1.98019801980198e-32
Y H 1.98019801980198e-32
Y I 0.0009900990099009901
Y K 0.0029702970297029703
Y L 0.0029702970297029703
Y M 1.98019801980198e-32
Y N 1.98019801980198e-32
Y P 1.98019801980198e-32
Y Q 0.0019801980198019802
Y R 1.98019801980198e-32
Y S 1.98019801980198e-32
Y T 1.98019801980198e-32
Y V 0.0029702970297029703
Y W 1.98019801980198e-32
Y Y 0.0297029702970297
