A A 0.011150234741784037
A C 5.8685446009389666e-33
A D 0.0035211267605633804
A E 0.004107981220657277
A F 0.0017605633802816902
A G 5.8685446009389666e-33
A H 5.8685446009389666e-33
A I 0.008215962441314555
A K 0.004694835680751174
A L 0.004107981220657277
A M 0.0029342723004694834
A N 0.0005868544600938967
A P 5.8685446009389666e-33
A Q 0.004107981220657277
A R 0.004107981220657277
A S 0.0017605633802816902
A T 5.8685446009389666e-33
A V 0.005868544600938967
A W 0.0005868544600938967
A Y 0.0005868544600938967
C A 0.0011737089201877935
C C 5.8685446009389666e-33
C D 5.8685446009389666e-33
C E 0.002347417840375587
C F 5.8685446009389666e-33
C G 5.8685446009389666e-33
C H 5.8685446009389666e-33
C I 0.0035211267605633804
C K 0.0005868544600938967
C L 0.00528169014084507
C M 5.8685446009389666e-33
C N 0.0005868544600938967
C P 5.8685446009389666e-33
C Q 0.0011737089201877935
C R 5.8685446009389666e-33
C S 0.0011737089201877935
C T 0.0029342723004694834
C V 0.0017605633802816902
C W 0.0011737089201877935
C Y 5.8685446009389666e-33
D A 5.8685446009389666e-33
D C 5.8685446009389666e-33
D D 0.002347417840375587
D E 5.8685446009389666e-33
D F 5.8685446009389666e-33
D G 5.8685446009389666e-33
D H 5.8685446009389666e-33
D I 5.8685446009389666e-33
D K 0.0005868544600938967
D L 5.8685446009389666e-33
D M 5.8685446009389666e-33
D N 5.8685446009389666e-33
D P 5.8685446009389666e-33
D Q 0.0005868544600938967
D R 0.0005868544600938967
D S 0.0005868544600938967
D T 5.8685446009389666e-33
D V 5.8685446009389666e-33
D W 5.8685446009389666e-33
D Y 0.0011737089201877935
E A 0.0005868544600938967
E C 5.8685446009389666e-33
E D 0.0005868544600938967
E E 0.002347417840375587
E F 5.8685446009389666e-33
E G 5.8685446009389666e-33
E H 0.0017605633802816902
E I 5.8685446009389666e-33
E K 0.004694835680751174
E L 0.0017605633802816902
E M 0.0005868544600938967
E N 0.0011737089201877935
E P 5.8685446009389666e-33
E Q 5.8685446009389666e-33
E R 0.004107981220657277
E S 0.0017605633802816902
E T 0.002347417840375587
E V 0.0005868544600938967
E W 0.0011737089201877935
E Y 0.0011737089201877935
F A 0.004694835680751174
F C 5.8685446009389666e-33
F D 0.0029342723004694834
F E 0.002347417840375587
F F 0.0005868544600938967
F G 5.8685446009389666e-33
F H 5.8685446009389666e-33
F I 0.002347417840375587
F K 0.0017605633802816902
F L 0.004107981220657277
F M 5.8685446009389666e-33
F N 5.8685446009389666e-33
F P 5.8685446009389666e-33
F Q 0.0011737089201877935
F R 0.0017605633802816902
F S 0.0011737089201877935
F T 5.8685446009389666e-33
F V 0.0005868544600938967
F W 5.8685446009389666e-33
F Y 5.8685446009389666e-33
G A 5.8685446009389666e-33
G C 5.8685446009389666e-33
G D 5.8685446009389666e-33
G E 0.002347417840375587
G F 0.0005868544600938967
G G 5.8685446009389666e-33
G H 5.8685446009389666e-33
G I 5.8685446009389666e-33
G K 5.8685446009389666e-33
G L 5.8685446009389666e-33
G M 5.8685446009389666e-33
G N 5.8685446009389666e-33
G P 5.8685446009389666e-33
G Q 5.8685446009389666e-33
G R 5.8685446009389666e-33
G S 5.8685446009389666e-33
G T 0.0011737089201877935
G V 5.8685446009389666e-33
G W 5.8685446009389666e-33
G Y 5.8685446009389666e-33
H A 0.0011737089201877935
H C 5.8685446009389666e-33
H D 0.0011737089201877935
H E 0.0017605633802816902
H F 5.8685446009389666e-33
H G 5.8685446009389666e-33
H H 5.8685446009389666e-33
H I 0.0005868544600938967
H K 0.0005868544600938967
H L 5.8685446009389666e-33
H M 5.8685446009389666e-33
H N 5.8685446009389666e-33
H P 5.8685446009389666e-33
H Q 0.0011737089201877935
H R 5.8685446009389666e-33
H S 0.002347417840375587
H T 0.0005868544600938967
H V 5.8685446009389666e-33
H W 5.8685446009389666e-33
H Y 0.0005868544600938967
I A 0.006455399061032864
I C 5.8685446009389666e-33
I D 0.0011737089201877935
I E 0.03169014084507042
I F 0.0035211267605633804
I G 5.8685446009389666e-33
I H 0.0005868544600938967
I I 0.01643192488262911
I K 0.013497652582159625
I L 0.017605633802816902
I M 0.0035211267605633804
I N 0.0029342723004694834
I P 5.8685446009389666e-33
I Q 0.011150234741784037
I R 0.009976525821596244
I S 0.004107981220657277
I T 0.01056338028169014
I V 0.007629107981220657
I W 0.0005868544600938967
I Y 0.0017605633802816902
K A 0.0035211267605633804
K C 5.8685446009389666e-33
K D 0.007629107981220657
K E 0.02112676056338028
K F 5.8685446009389666e-33
K G 5.8685446009389666e-33
K H 0.0005868544600938967
K I 0.0029342723004694834
K K 5.8685446009389666e-33
K L 0.0035211267605633804
K M 0.0011737089201877935
K N 0.0011737089201877935
K P 5.8685446009389666e-33
K Q 0.008215962441314555
K R 5.8685446009389666e-33
K S 0.0017605633802816902
K T 0.0035211267605633804
K V 0.0017605633802816902
K W 5.8685446009389666e-33
K Y 0.0005868544600938967
L A 0.02171361502347418
L C 0.002347417840375587
L D 0.009976525821596244
L E 0.04518779342723005
L F 0.002347417840375587
L G 0.0011737089201877935
L H 5.8685446009389666e-33
L I 0.005868544600938967
L K 0.03345070422535211
L L 0.03051643192488263
L M 0.007042253521126761
L N 0.00528169014084507
L P 0.0005868544600938967
L Q 0.04636150234741784
L R 0.022300469483568074
L S 0.014084507042253521
L T 0.007042253521126761
L V 0.00528169014084507
L W 5.8685446009389666e-33
L Y 0.002347417840375587
M A 0.0017605633802816902
M C 5.8685446009389666e-33
M D 5.8685446009389666e-33
M E 0.0035211267605633804
M F 0.0005868544600938967
M G 5.8685446009389666e-33
M H 0.0005868544600938967
M I 5.8685446009389666e-33
M K 0.0035211267605633804
M L 0.0029342723004694834
M M 0.0011737089201877935
M N 0.0005868544600938967
M P 5.8685446009389666e-33
M Q 0.0017605633802816902
M R 0.0011737089201877935
M S 0.0011737089201877935
M T 0.0005868544600938967
M V 0.0011737089201877935
M W 5.8685446009389666e-33
M Y 0.0005868544600938967
N A 0.006455399061032864
N C 0.0011737089201877935
N D 0.006455399061032864
N E 0.03345070422535211
N F 5.8685446009389666e-33
N G 0.0011737089201877935
N H 0.0011737089201877935
N I 0.0011737089201877935
N K 0.009389671361502348
N L 0.004107981220657277
N M 0.0011737089201877935
N N 0.0011737089201877935
N P 5.8685446009389666e-33
N Q 0.006455399061032864
N R 0.01232394366197183
N S 0.006455399061032864
N T 0.0029342723004694834
N V 0.0017605633802816902
N W 0.0011737089201877935
N Y 0.0005868544600938967
P A 5.8685446009389666e-33
P C 5.8685446009389666e-33
P D 5.8685446009389666e-33
P E 5.8685446009389666e-33
P F 5.8685446009389666e-33
P G 5.8685446009389666e-33
P H 5.8685446009389666e-33
P I 5.8685446009389666e-33
P K 5.8685446009389666e-33
P L 5.8685446009389666e-33
P M 5.8685446009389666e-33
P N 5.8685446009389666e-33
P P 5.8685446009389666e-33
P Q 5.8685446009389666e-33
P R 5.8685446009389666e-33
P S 5.8685446009389666e-33
P T 5.8685446009389666e-33
P V 5.8685446009389666e-33
P W 5.8685446009389666e-33
P Y 5.8685446009389666e-33
Q A 0.002347417840375587
Q C 5.8685446009389666e-33
Q D 0.0011737089201877935
Q E 0.0017605633802816902
Q F 5.8685446009389666e-33
Q G 5.8685446009389666e-33
Q H 5.8685446009389666e-33
Q I 0.0005868544600938967
Q K 0.0005868544600938967
Q L 0.0011737089201877935
Q M 0.0011737089201877935
Q N 0.0011737089201877935
Q P 5.8685446009389666e-33
Q Q 0.0035211267605633804
Q R 0.0029342723004694834
Q S 0.0011737089201877935
Q T 0.0011737089201877935
Q V 0.0017605633802816902
Q W 5.8685446009389666e-33
Q Y 5.8685446009389666e-33
R A 0.00528169014084507
R C 5.8685446009389666e-33
R D 0.006455399061032864
R E 0.013497652582159625
R F 5.8685446009389666e-33
R G 5.8685446009389666e-33
R H 5.8685446009389666e-33
R I 0.0005868544600938967
R K 0.0005868544600938967
R L 0.002347417840375587
R M 5.8685446009389666e-33
R N 5.8685446009389666e-33
R P 5.8685446009389666e-33
R Q 0.0017605633802816902
R R 0.0017605633802816902
R S 0.004107981220657277
R T 5.8685446009389666e-33
R V 0.0011737089201877935
R W 0.0011737089201877935
R Y 5.8685446009389666e-33
S A 0.0011737089201877935
S C 5.8685446009389666e-33
S D 0.0017605633802816902
S E 0.004107981220657277
S F 0.0005868544600938967
S G 0.0005868544600938967
S H 5.8685446009389666e-33
S I 5.8685446009389666e-33
S K 0.0017605633802816902
S L 0.0035211267605633804
S M 0.002347417840375587
S N 0.0029342723004694834
S P 5.8685446009389666e-33
S Q 0.0005868544600938967
S R 0.002347417840375587
S S 0.0005868544600938967
S T 0.0035211267605633804
S V 0.0017605633802816902
S W 0.0005868544600938967
S Y 0.0005868544600938967
T A 0.0011737089201877935
T C 5.8685446009389666e-33
T D 0.0029342723004694834
T E 0.00528169014084507
T F 0.0005868544600938967
T G 0.0005868544600938967
T H 5.8685446009389666e-33
T I 0.0017605633802816902
T K 0.0029342723004694834
T L 0.004107981220657277
T M 0.0011737089201877935
T N 0.0029342723004694834
T P 5.8685446009389666e-33
T Q 0.0029342723004694834
T R 0.0035211267605633804
T S 0.0005868544600938967
T T 0.0035211267605633804
T V 0.002347417840375587
T W 5.8685446009389666e-33
T Y 5.8685446009389666e-33
V A 0.007042253521126761
V C 5.8685446009389666e-33
V D 0.0029342723004694834
V E 0.018779342723004695
V F 0.0011737089201877935
V G 0.0011737089201877935
V H 0.002347417840375587
V I 0.007042253521126761
V K 0.017605633802816902
V L 0.004694835680751174
V M 0.004107981220657277
V N 5.8685446009389666e-33
V P 5.8685446009389666e-33
V Q 0.014671361502347418
V R 0.01584507042253521
V S 5.8685446009389666e-33
V T 0.011737089201877934
V V 0.0035211267605633804
V W 5.8685446009389666e-33
V Y 0.004694835680751174
W A 5.8685446009389666e-33
W C 5.8685446009389666e-33
W D 0.0011737089201877935
W E 0.0005868544600938967
W F 5.8685446009389666e-33
W G 5.8685446009389666e-33
W H 5.8685446009389666e-33
W I 0.0005868544600938967
W K 5.8685446009389666e-33
W L 0.0005868544600938967
W M 5.8685446009389666e-33
W N 5.8685446009389666e-33
W P 5.8685446009389666e-33
W Q 5.8685446009389666e-33
W R 5.8685446009389666e-33
W S 5.8685446009389666e-33
W T 5.8685446009389666e-33
W V 5.8685446009389666e-33
W W 5.8685446009389666e-33
W Y 5.8685446009389666e-33
Y A 0.0011737089201877935
Y C 5.8685446009389666e-33
Y D 5.8685446009389666e-33
Y E 0.007042253521126761
Y F 5.8685446009389666e-33
Y G 0.0005868544600938967
Y H 0.002347417840375587
Y I 5.8685446009389666e-33
Y K 0.004694835680751174
Y L 0.002347417840375587
Y M 5.8685446009389666e-33
Y N 5.8685446009389666e-33
Y P 5.8685446009389666e-33
Y Q 0.0029342723004694834
Y R 0.0011737089201877935
Y S 0.0017605633802816902
Y T 5.8685446009389666e-33
Y V 5.8685446009389666e-33
Y W 5.8685446009389666e-33
Y Y 5.8685446009389666e-33
