A A 0.011562057574327513
A C 0.00047192071731949034
A D 0.004719207173194903
A E 0.019348749410099102
A F 0.001415762151958471
A G 2.3596035865974516e-33
A H 0.003067484662576687
A I 0.003067484662576687
A K 0.009674374705049551
A L 0.013449740443605473
A M 0.002831524303916942
A N 0.0035394053798961773
A P 0.00023596035865974517
A Q 0.008022652194431336
A R 0.00825861255309108
A S 0.005899008966493629
A T 0.008494572911750826
A V 0.006134969325153374
A W 0.00023596035865974517
A Y 0.0021236432279377066
C A 0.005663048607833884
C C 0.00023596035865974517
C D 0.0011798017932987258
C E 0.002831524303916942
C F 0.0009438414346389807
C G 0.00023596035865974517
C H 2.3596035865974516e-33
C I 0.006370929683813119
C K 0.0009438414346389807
C L 0.005427088249174139
C M 2.3596035865974516e-33
C N 0.00047192071731949034
C P 2.3596035865974516e-33
C Q 0.0011798017932987258
C R 0.0018876828692779614
C S 0.0007078810759792355
C T 0.0016517225106182161
C V 0.0009438414346389807
C W 2.3596035865974516e-33
C Y 0.00023596035865974517
D A 0.00047192071731949034
D C 2.3596035865974516e-33
D D 2.3596035865974516e-33
D E 0.0007078810759792355
D F 0.00047192071731949034
D G 0.00047192071731949034
D H 0.0023596035865974517
D I 0.00023596035865974517
D K 0.00023596035865974517
D L 0.00023596035865974517
D M 2.3596035865974516e-33
D N 0.001415762151958471
D P 2.3596035865974516e-33
D Q 2.3596035865974516e-33
D R 0.0021236432279377066
D S 0.00047192071731949034
D T 0.00047192071731949034
D V 2.3596035865974516e-33
D W 2.3596035865974516e-33
D Y 0.0007078810759792355
E A 0.003067484662576687
E C 2.3596035865974516e-33
E D 0.001415762151958471
E E 0.008022652194431336
E F 0.00023596035865974517
E G 0.001415762151958471
E H 0.009438414346389807
E I 0.00023596035865974517
E K 0.002831524303916942
E L 0.013213780084945729
E M 0.00047192071731949034
E N 0.0009438414346389807
E P 2.3596035865974516e-33
E Q 0.0009438414346389807
E R 0.0035394053798961773
E S 0.004247286455875413
E T 0.0009438414346389807
E V 0.0007078810759792355
E W 2.3596035865974516e-33
E Y 2.3596035865974516e-33
F A 0.011090136857008022
F C 0.001415762151958471
F D 2.3596035865974516e-33
F E 0.0011798017932987258
F F 0.0009438414346389807
F G 0.0009438414346389807
F H 0.00047192071731949034
F I 0.01793298725814063
F K 0.0025955639452571967
F L 0.008494572911750826
F M 0.004247286455875413
F N 0.0011798017932987258
F P 2.3596035865974516e-33
F Q 0.004719207173194903
F R 0.0016517225106182161
F S 0.0025955639452571967
F T 0.0016517225106182161
F V 0.0011798017932987258
F W 2.3596035865974516e-33
F Y 0.0016517225106182161
G A 0.00047192071731949034
G C 2.3596035865974516e-33
G D 2.3596035865974516e-33
G E 0.001415762151958471
G F 2.3596035865974516e-33
G G 2.3596035865974516e-33
G H 2.3596035865974516e-33
G I 0.00047192071731949034
G K 2.3596035865974516e-33
G L 2.3596035865974516e-33
G M 2.3596035865974516e-33
G N 0.00023596035865974517
G P 2.3596035865974516e-33
G Q 2.3596035865974516e-33
G R 2.3596035865974516e-33
G S 2.3596035865974516e-33
G T 0.00023596035865974517
G V 0.00047192071731949034
G W 2.3596035865974516e-33
G Y 2.3596035865974516e-33
H A 0.0025955639452571967
H C 2.3596035865974516e-33
H D 0.00047192071731949034
H E 0.001415762151958471
H F 2.3596035865974516e-33
H G 0.0009438414346389807
H H 0.00023596035865974517
H I 0.00047192071731949034
H K 0.0007078810759792355
H L 0.0009438414346389807
H M 0.00047192071731949034
H N 0.00047192071731949034
H P 2.3596035865974516e-33
H Q 0.00023596035865974517
H R 0.00047192071731949034
H S 0.0009438414346389807
H T 2.3596035865974516e-33
H V 2.3596035865974516e-33
H W 2.3596035865974516e-33
H Y 0.00023596035865974517
I A 0.00684285040113261
I C 0.00047192071731949034
I D 0.0009438414346389807
I E 0.0073147711184521
I F 0.002831524303916942
I G 0.00023596035865974517
I H 0.010146295422369042
I I 0.009674374705049551
I K 0.004483246814535158
I L 0.011326097215667769
I M 0.003067484662576687
I N 0.0016517225106182161
I P 2.3596035865974516e-33
I Q 0.009910335063709298
I R 0.0025955639452571967
I S 0.004011326097215668
I T 0.012977819726285984
I V 0.004247286455875413
I W 0.0011798017932987258
I Y 0.0023596035865974517
K A 0.0011798017932987258
K C 2.3596035865974516e-33
K D 0.0016517225106182161
K E 0.010382255781028787
K F 2.3596035865974516e-33
K G 2.3596035865974516e-33
K H 2.3596035865974516e-33
K I 2.3596035865974516e-33
K K 0.0009438414346389807
K L 0.0007078810759792355
K M 0.00023596035865974517
K N 0.003067484662576687
K P 0.00047192071731949034
K Q 0.001415762151958471
K R 0.00023596035865974517
K S 0.0011798017932987258
K T 0.0016517225106182161
K V 0.00047192071731949034
K W 2.3596035865974516e-33
K Y 2.3596035865974516e-33
L A 0.04766399244926852
L C 0.001415762151958471
L D 0.009674374705049551
L E 0.033978291647003306
L F 0.0075507314771118455
L G 0.0023596035865974517
L H 0.0023596035865974517
L I 0.014157621519584709
L K 0.018404907975460124
L L 0.04058518168947617
L M 0.004955167531854649
L N 0.006134969325153374
L P 2.3596035865974516e-33
L Q 0.027135441245870695
L R 0.028079282680509673
L S 0.008494572911750826
L T 0.010146295422369042
L V 0.010146295422369042
L W 0.0033034450212364322
L Y 0.026899480887210947
M A 0.008494572911750826
M C 2.3596035865974516e-33
M D 0.0007078810759792355
M E 0.0018876828692779614
M F 0.00023596035865974517
M G 0.0007078810759792355
M H 0.00684285040113261
M I 0.0021236432279377066
M K 0.0016517225106182161
M L 0.0037753657385559227
M M 0.005663048607833884
M N 0.001415762151958471
M P 2.3596035865974516e-33
M Q 0.001415762151958471
M R 0.0016517225106182161
M S 0.001415762151958471
M T 0.0011798017932987258
M V 0.001415762151958471
M W 2.3596035865974516e-33
M Y 0.00023596035865974517
N A 0.0011798017932987258
N C 2.3596035865974516e-33
N D 0.0011798017932987258
N E 0.0023596035865974517
N F 0.00047192071731949034
N G 0.00047192071731949034
N H 2.3596035865974516e-33
N I 0.0007078810759792355
N K 0.0016517225106182161
N L 0.0009438414346389807
N M 0.00023596035865974517
N N 0.0007078810759792355
N P 2.3596035865974516e-33
N Q 0.0023596035865974517
N R 0.0021236432279377066
N S 0.0009438414346389807
N T 0.00023596035865974517
N V 0.0007078810759792355
N W 2.3596035865974516e-33
N Y 2.3596035865974516e-33
P A 2.3596035865974516e-33
P C 2.3596035865974516e-33
P D 2.3596035865974516e-33
P E 0.00047192071731949034
P F 2.3596035865974516e-33
P G 2.3596035865974516e-33
P H 2.3596035865974516e-33
P I 2.3596035865974516e-33
P K 2.3596035865974516e-33
P L 0.00023596035865974517
P M 2.3596035865974516e-33
P N 2.3596035865974516e-33
P P 2.3596035865974516e-33
P Q 0.00023596035865974517
P R 2.3596035865974516e-33
P S 0.00023596035865974517
P T 2.3596035865974516e-33
P V 2.3596035865974516e-33
P W 2.3596035865974516e-33
P Y 2.3596035865974516e-33
Q A 0.0009438414346389807
Q C 2.3596035865974516e-33
Q D 0.00023596035865974517
Q E 0.001415762151958471
Q F 0.00047192071731949034
Q G 0.00047192071731949034
Q H 0.0007078810759792355
Q I 0.001415762151958471
Q K 0.0021236432279377066
Q L 0.001415762151958471
Q M 0.00023596035865974517
Q N 0.0007078810759792355
Q P 2.3596035865974516e-33
Q Q 0.0070788107597923545
Q R 0.00047192071731949034
Q S 0.0007078810759792355
Q T 0.0009438414346389807
Q V 0.004955167531854649
Q W 0.00023596035865974517
Q Y 0.00023596035865974517
R A 0.0007078810759792355
R C 2.3596035865974516e-33
R D 0.00047192071731949034
R E 0.004719207173194903
R F 2.3596035865974516e-33
R G 0.00023596035865974517
R H 2.3596035865974516e-33
R I 0.00047192071731949034
R K 0.00047192071731949034
R L 0.00023596035865974517
R M 0.0007078810759792355
R N 0.0009438414346389807
R P 2.3596035865974516e-33
R Q 0.006134969325153374
R R 2.3596035865974516e-33
R S 0.00023596035865974517
R T 2.3596035865974516e-33
R V 0.00047192071731949034
R W 2.3596035865974516e-33
R Y 0.00023596035865974517
S A 0.0025955639452571967
S C 0.00023596035865974517
S D 0.001415762151958471
S E 0.0037753657385559227
S F 0.0007078810759792355
S G 0.0011798017932987258
S H 0.00023596035865974517
S I 0.001415762151958471
S K 0.0018876828692779614
S L 0.0033034450212364322
S M 0.00047192071731949034
S N 0.0011798017932987258
S P 0.00047192071731949034
S Q 0.001415762151958471
S R 0.0037753657385559227
S S 0.0007078810759792355
S T 0.0025955639452571967
S V 0.0021236432279377066
S W 2.3596035865974516e-33
S Y 0.0007078810759792355
T A 0.0025955639452571967
T C 0.0007078810759792355
T D 0.0011798017932987258
T E 0.003067484662576687
T F 0.0011798017932987258
T G 0.00047192071731949034
T H 0.0011798017932987258
T I 0.0025955639452571967
T K 0.004247286455875413
T L 0.004719207173194903
T M 0.00023596035865974517
T N 0.0018876828692779614
T P 2.3596035865974516e-33
T Q 0.0025955639452571967
T R 0.001415762151958471
T S 0.0016517225106182161
T T 0.003067484662576687
T V 0.0016517225106182161
T W 0.00023596035865974517
T Y 0.001415762151958471
V A 0.012741859367626238
V C 2.3596035865974516e-33
V D 0.001415762151958471
V E 0.004955167531854649
V F 0.0011798017932987258
V G 2.3596035865974516e-33
V H 0.00023596035865974517
V I 0.011562057574327513
V K 0.0025955639452571967
V L 0.019348749410099102
V M 0.0016517225106182161
V N 0.0016517225106182161
V P 2.3596035865974516e-33
V Q 0.005191127890514393
V R 0.0037753657385559227
V S 0.0011798017932987258
V T 0.0021236432279377066
V V 0.004955167531854649
V W 0.0009438414346389807
V Y 0.0018876828692779614
W A 2.3596035865974516e-33
W C 2.3596035865974516e-33
W D 2.3596035865974516e-33
W E 0.00023596035865974517
W F 0.00023596035865974517
W G 0.00047192071731949034
W H 2.3596035865974516e-33
W I 0.001415762151958471
W K 0.00047192071731949034
W L 0.00047192071731949034
W M 0.00047192071731949034
W N 0.0007078810759792355
W P 2.3596035865974516e-33
W Q 2.3596035865974516e-33
W R 0.00023596035865974517
W S 2.3596035865974516e-33
W T 0.0011798017932987258
W V 0.00023596035865974517
W W 0.00023596035865974517
W Y 0.00023596035865974517
Y A 0.0011798017932987258
Y C 0.00023596035865974517
Y D 0.0007078810759792355
Y E 0.004483246814535158
Y F 0.00023596035865974517
Y G 0.0011798017932987258
Y H 0.00047192071731949034
Y I 0.002831524303916942
Y K 0.004719207173194903
Y L 0.00778669183577159
Y M 0.0009438414346389807
Y N 0.005663048607833884
Y P 2.3596035865974516e-33
Y Q 0.006370929683813119
Y R 0.003067484662576687
Y S 0.0007078810759792355
Y T 0.0016517225106182161
Y V 0.0007078810759792355
Y W 2.3596035865974516e-33
Y Y 0.0009438414346389807
