A A 0.01056338028169014
A C 5.8685446009389666e-33
A D 0.0017605633802816902
A E 0.01232394366197183
A F 0.0011737089201877935
A G 5.8685446009389666e-33
A H 0.0011737089201877935
A I 0.007629107981220657
A K 0.004694835680751174
A L 0.011737089201877934
A M 0.0017605633802816902
A N 0.006455399061032864
A P 5.8685446009389666e-33
A Q 0.006455399061032864
A R 0.008802816901408451
A S 0.0005868544600938967
A T 0.0029342723004694834
A V 0.006455399061032864
A W 0.002347417840375587
A Y 0.004694835680751174
C A 0.002347417840375587
C C 0.0017605633802816902
C D 5.8685446009389666e-33
C E 0.0011737089201877935
C F 5.8685446009389666e-33
C G 5.8685446009389666e-33
C H 5.8685446009389666e-33
C I 0.0011737089201877935
C K 0.0011737089201877935
C L 0.0011737089201877935
C M 0.0011737089201877935
C N 0.0011737089201877935
C P 5.8685446009389666e-33
C Q 0.0011737089201877935
C R 0.004107981220657277
C S 5.8685446009389666e-33
C T 5.8685446009389666e-33
C V 5.8685446009389666e-33
C W 5.8685446009389666e-33
C Y 5.8685446009389666e-33
D A 0.0005868544600938967
D C 5.8685446009389666e-33
D D 5.8685446009389666e-33
D E 5.8685446009389666e-33
D F 5.8685446009389666e-33
D G 5.8685446009389666e-33
D H 5.8685446009389666e-33
D I 5.8685446009389666e-33
D K 0.0005868544600938967
D L 5.8685446009389666e-33
D M 5.8685446009389666e-33
D N 0.0005868544600938967
D P 5.8685446009389666e-33
D Q 0.0011737089201877935
D R 5.8685446009389666e-33
D S 0.0011737089201877935
D T 5.8685446009389666e-33
D V 5.8685446009389666e-33
D W 5.8685446009389666e-33
D Y 5.8685446009389666e-33
E A 0.002347417840375587
E C 5.8685446009389666e-33
E D 0.0011737089201877935
E E 0.007042253521126761
E F 0.0005868544600938967
E G 5.8685446009389666e-33
E H 0.0005868544600938967
E I 0.0017605633802816902
E K 0.011150234741784037
E L 0.0011737089201877935
E M 0.0005868544600938967
E N 0.0017605633802816902
E P 5.8685446009389666e-33
E Q 0.005868544600938967
E R 0.007629107981220657
E S 0.0005868544600938967
E T 0.0011737089201877935
E V 0.0005868544600938967
E W 0.0017605633802816902
E Y 5.8685446009389666e-33
F A 0.0035211267605633804
F C 5.8685446009389666e-33
F D 5.8685446009389666e-33
F E 0.005868544600938967
F F 0.0005868544600938967
F G 0.0017605633802816902
F H 5.8685446009389666e-33
F I 0.0005868544600938967
F K 0.0017605633802816902
F L 0.0017605633802816902
F M 0.0011737089201877935
F N 5.8685446009389666e-33
F P 5.8685446009389666e-33
F Q 0.002347417840375587
F R 0.0005868544600938967
F S 5.8685446009389666e-33
F T 0.0011737089201877935
F V 0.00528169014084507
F W 0.0011737089201877935
F Y 0.0005868544600938967
G A 0.0011737089201877935
G C 5.8685446009389666e-33
G D 0.0005868544600938967
G E 5.8685446009389666e-33
G F 5.8685446009389666e-33
G G 5.8685446009389666e-33
G H 5.8685446009389666e-33
G I 0.0011737089201877935
G K 0.0005868544600938967
G L 5.8685446009389666e-33
G M 5.8685446009389666e-33
G N 5.8685446009389666e-33
G P 5.8685446009389666e-33
G Q 5.8685446009389666e-33
G R 5.8685446009389666e-33
G S 5.8685446009389666e-33
G T 0.0011737089201877935
G V 5.8685446009389666e-33
G W 5.8685446009389666e-33
G Y 0.0005868544600938967
H A 5.8685446009389666e-33
H C 5.8685446009389666e-33
H D 5.8685446009389666e-33
H E 0.0011737089201877935
H F 5.8685446009389666e-33
H G 5.8685446009389666e-33
H H 0.0011737089201877935
H I 0.0005868544600938967
H K 5.8685446009389666e-33
H L 5.8685446009389666e-33
H M 5.8685446009389666e-33
H N 5.8685446009389666e-33
H P 5.8685446009389666e-33
H Q 0.0029342723004694834
H R 5.8685446009389666e-33
H S 5.8685446009389666e-33
H T 5.8685446009389666e-33
H V 5.8685446009389666e-33
H W 0.0011737089201877935
H Y 5.8685446009389666e-33
I A 0.002347417840375587
I C 0.002347417840375587
I D 0.0005868544600938967
I E 0.0029342723004694834
I F 0.0011737089201877935
I G 0.002347417840375587
I H 0.0017605633802816902
I I 0.0017605633802816902
I K 0.002347417840375587
I L 0.0035211267605633804
I M 0.0017605633802816902
I N 0.0011737089201877935
I P 5.8685446009389666e-33
I Q 0.004107981220657277
I R 0.0035211267605633804
I S 5.8685446009389666e-33
I T 0.006455399061032864
I V 0.0035211267605633804
I W 5.8685446009389666e-33
I Y 0.0005868544600938967
K A 0.0017605633802816902
K C 5.8685446009389666e-33
K D 0.014084507042253521
K E 0.013497652582159625
K F 5.8685446009389666e-33
K G 0.0017605633802816902
K H 5.8685446009389666e-33
K I 0.0011737089201877935
K K 5.8685446009389666e-33
K L 0.0005868544600938967
K M 0.0005868544600938967
K N 0.004107981220657277
K P 5.8685446009389666e-33
K Q 0.007042253521126761
K R 0.0005868544600938967
K S 0.0011737089201877935
K T 5.8685446009389666e-33
K V 0.0017605633802816902
K W 5.8685446009389666e-33
K Y 0.0017605633802816902
L A 0.023474178403755867
L C 0.0035211267605633804
L D 0.005868544600938967
L E 0.09507042253521127
L F 0.005868544600938967
L G 0.004107981220657277
L H 0.011150234741784037
L I 0.020539906103286387
L K 0.05516431924882629
L L 0.03345070422535211
L M 0.00528169014084507
L N 0.02171361502347418
L P 5.8685446009389666e-33
L Q 0.06338028169014084
L R 0.03814553990610329
L S 0.014671361502347418
L T 0.018779342723004695
L V 0.01056338028169014
L W 0.005868544600938967
L Y 0.0035211267605633804
M A 0.004107981220657277
M C 5.8685446009389666e-33
M D 0.0017605633802816902
M E 0.00528169014084507
M F 0.0011737089201877935
M G 5.8685446009389666e-33
M H 5.8685446009389666e-33
M I 0.0017605633802816902
M K 0.002347417840375587
M L 0.002347417840375587
M M 0.0005868544600938967
M N 0.0011737089201877935
M P 0.0005868544600938967
M Q 0.004694835680751174
M R 0.002347417840375587
M S 5.8685446009389666e-33
M T 0.0017605633802816902
M V 0.0029342723004694834
M W 5.8685446009389666e-33
M Y 5.8685446009389666e-33
N A 0.0005868544600938967
N C 5.8685446009389666e-33
N D 0.0017605633802816902
N E 0.004694835680751174
N F 5.8685446009389666e-33
N G 5.8685446009389666e-33
N H 5.8685446009389666e-33
N I 5.8685446009389666e-33
N K 0.0011737089201877935
N L 5.8685446009389666e-33
N M 0.0011737089201877935
N N 0.0011737089201877935
N P 5.8685446009389666e-33
N Q 0.0029342723004694834
N R 0.0017605633802816902
N S 0.0017605633802816902
N T 0.0005868544600938967
N V 0.0011737089201877935
N W 5.8685446009389666e-33
N Y 5.8685446009389666e-33
P A 5.8685446009389666e-33
P C 5.8685446009389666e-33
P D 0.0005868544600938967
P E 0.0011737089201877935
P F 0.0005868544600938967
P G 5.8685446009389666e-33
P H 5.8685446009389666e-33
P I 5.8685446009389666e-33
P K 5.8685446009389666e-33
P L 5.8685446009389666e-33
P M 5.8685446009389666e-33
P N 5.8685446009389666e-33
P P 5.8685446009389666e-33
P Q 5.8685446009389666e-33
P R 5.8685446009389666e-33
P S 5.8685446009389666e-33
P T 5.8685446009389666e-33
P V 5.8685446009389666e-33
P W 0.0005868544600938967
P Y 5.8685446009389666e-33
Q A 0.005868544600938967
Q C 5.8685446009389666e-33
Q D 0.0011737089201877935
Q E 0.0035211267605633804
Q F 5.8685446009389666e-33
Q G 5.8685446009389666e-33
Q H 0.0005868544600938967
Q I 0.0005868544600938967
Q K 0.0011737089201877935
Q L 0.00528169014084507
Q M 0.0017605633802816902
Q N 0.0011737089201877935
Q P 5.8685446009389666e-33
Q Q 0.006455399061032864
Q R 0.0035211267605633804
Q S 0.0005868544600938967
Q T 0.0017605633802816902
Q V 0.0005868544600938967
Q W 5.8685446009389666e-33
Q Y 0.0011737089201877935
R A 0.0011737089201877935
R C 5.8685446009389666e-33
R D 0.004694835680751174
R E 0.0035211267605633804
R F 5.8685446009389666e-33
R G 5.8685446009389666e-33
R H 5.8685446009389666e-33
R I 0.0005868544600938967
R K 5.8685446009389666e-33
R L 5.8685446009389666e-33
R M 5.8685446009389666e-33
R N 0.0005868544600938967
R P 5.8685446009389666e-33
R Q 0.0011737089201877935
R R 5.8685446009389666e-33
R S 0.0005868544600938967
R T 5.8685446009389666e-33
R V 0.002347417840375587
R W 5.8685446009389666e-33
R Y 5.8685446009389666e-33
S A 0.002347417840375587
S C 5.8685446009389666e-33
S D 0.0011737089201877935
S E 0.004107981220657277
S F 5.8685446009389666e-33
S G 5.8685446009389666e-33
S H 0.0005868544600938967
S I 5.8685446009389666e-33
S K 0.0011737089201877935
S L 0.004107981220657277
S M 0.0017605633802816902
S N 0.0029342723004694834
S P 5.8685446009389666e-33
S Q 0.004694835680751174
S R 0.002347417840375587
S S 0.0029342723004694834
S T 0.002347417840375587
S V 0.0011737089201877935
S W 5.8685446009389666e-33
S Y 5.8685446009389666e-33
T A 0.004107981220657277
T C 5.8685446009389666e-33
T D 0.0011737089201877935
T E 0.006455399061032864
T F 5.8685446009389666e-33
T G 0.0005868544600938967
T H 0.0011737089201877935
T I 5.8685446009389666e-33
T K 0.005868544600938967
T L 0.0035211267605633804
T M 5.8685446009389666e-33
T N 0.0029342723004694834
T P 5.8685446009389666e-33
T Q 0.0035211267605633804
T R 0.004694835680751174
T S 0.002347417840375587
T T 0.002347417840375587
T V 5.8685446009389666e-33
T W 5.8685446009389666e-33
T Y 0.0011737089201877935
V A 0.0035211267605633804
V C 5.8685446009389666e-33
V D 0.0017605633802816902
V E 0.00528169014084507
V F 0.0005868544600938967
V G 0.0011737089201877935
V H 5.8685446009389666e-33
V I 0.0035211267605633804
V K 0.006455399061032864
V L 0.0011737089201877935
V M 0.0017605633802816902
V N 0.0011737089201877935
V P 5.8685446009389666e-33
V Q 0.004107981220657277
V R 0.004694835680751174
V S 0.002347417840375587
V T 0.0005868544600938967
V V 0.004107981220657277
V W 5.8685446009389666e-33
V Y 5.8685446009389666e-33
W A 0.0011737089201877935
W C 5.8685446009389666e-33
W D 5.8685446009389666e-33
W E 0.0011737089201877935
W F 5.8685446009389666e-33
W G 5.8685446009389666e-33
W H 5.8685446009389666e-33
W I 0.0005868544600938967
W K 0.002347417840375587
W L 0.002347417840375587
W M 0.0005868544600938967
W N 5.8685446009389666e-33
W P 5.8685446009389666e-33
W Q 5.8685446009389666e-33
W R 0.0011737089201877935
W S 0.0005868544600938967
W T 5.8685446009389666e-33
W V 5.8685446009389666e-33
W W 5.8685446009389666e-33
W Y 5.8685446009389666e-33
Y A 0.0011737089201877935
Y C 5.8685446009389666e-33
Y D 5.8685446009389666e-33
Y E 0.0029342723004694834
Y F 0.005868544600938967
Y G 5.8685446009389666e-33
Y H 0.0005868544600938967
Y I 0.004107981220657277
Y K 0.0029342723004694834
Y L 0.004107981220657277
Y M 5.8685446009389666e-33
Y N 5.8685446009389666e-33
Y P 5.8685446009389666e-33
Y Q 0.0029342723004694834
Y R 0.009976525821596244
Y S 0.002347417840375587
Y T 0.0011737089201877935
Y V 0.0011737089201877935
Y W 5.8685446009389666e-33
Y Y 0.0017605633802816902
