A A 0.009641873278236915
A C 0.0013774104683195593
A D 0.005509641873278237
A E 0.026859504132231406
A F 0.004132231404958678
A G 0.0024104683195592287
A H 0.001721763085399449
A I 0.009641873278236915
A K 0.009986225895316805
A L 0.010674931129476584
A M 0.003787878787878788
A N 0.004476584022038568
A P 6.887052341597796e-33
A Q 0.012396694214876033
A R 0.013774104683195593
A S 0.007920110192837466
A T 0.004132231404958678
A V 0.003443526170798898
A W 0.0010330578512396695
A Y 0.003443526170798898
C A 0.0013774104683195593
C C 3.443526170798898e-33
C D 0.0003443526170798898
C E 6.887052341597796e-33
C F 6.887052341597796e-33
C G 6.887052341597796e-33
C H 6.887052341597796e-33
C I 0.0010330578512396695
C K 0.0013774104683195593
C L 0.004132231404958678
C M 0.0003443526170798898
C N 0.0006887052341597796
C P 6.887052341597796e-33
C Q 0.0003443526170798898
C R 0.002066115702479339
C S 0.0003443526170798898
C T 6.887052341597796e-33
C V 6.887052341597796e-33
C W 6.887052341597796e-33
C Y 6.887052341597796e-33
D A 0.005509641873278237
D C 0.0003443526170798898
D D 0.0024104683195592287
D E 0.01859504132231405
D F 0.0003443526170798898
D G 0.0003443526170798898
D H 0.0013774104683195593
D I 0.0024104683195592287
D K 0.012741046831955923
D L 0.008608815426997245
D M 0.002066115702479339
D N 0.0013774104683195593
D P 6.887052341597796e-33
D Q 0.009297520661157025
D R 0.009986225895316805
D S 0.003787878787878788
D T 0.005165289256198347
D V 0.0013774104683195593
D W 0.0010330578512396695
D Y 0.0003443526170798898
E A 0.026859504132231406
E C 6.887052341597796e-33
E D 0.01859504132231405
E E 0.03512396694214876
E F 0.004476584022038568
E G 0.0013774104683195593
E H 0.005853994490358127
E I 0.014462809917355372
E K 0.05303030303030303
E L 0.02100550964187328
E M 0.005165289256198347
E N 0.014462809917355372
E P 6.887052341597796e-33
E Q 0.04338842975206612
E R 0.05853994490358127
E S 0.01790633608815427
E T 0.01618457300275482
E V 0.010330578512396695
E W 0.0024104683195592287
E Y 0.0065426997245179065
F A 0.004132231404958678
F C 6.887052341597796e-33
F D 0.0003443526170798898
F E 0.004476584022038568
F F 3.443526170798898e-33
F G 0.0010330578512396695
F H 0.0006887052341597796
F I 0.002066115702479339
F K 0.0027548209366391185
F L 0.0024104683195592287
F M 0.0010330578512396695
F N 0.0010330578512396695
F P 6.887052341597796e-33
F Q 6.887052341597796e-33
F R 0.002066115702479339
F S 0.0006887052341597796
F T 0.001721763085399449
F V 0.0010330578512396695
F W 6.887052341597796e-33
F Y 0.0003443526170798898
G A 0.0024104683195592287
G C 6.887052341597796e-33
G D 0.0003443526170798898
G E 0.0013774104683195593
G F 0.0010330578512396695
G G 0.0003443526170798898
G H 6.887052341597796e-33
G I 0.0010330578512396695
G K 0.0006887052341597796
G L 0.003787878787878788
G M 0.0027548209366391185
G N 6.887052341597796e-33
G P 6.887052341597796e-33
G Q 0.0013774104683195593
G R 6.887052341597796e-33
G S 0.0013774104683195593
G T 0.0003443526170798898
G V 0.0003443526170798898
G W 6.887052341597796e-33
G Y 0.0003443526170798898
H A 0.001721763085399449
H C 6.887052341597796e-33
H D 0.0013774104683195593
H E 0.005853994490358127
H F 0.0006887052341597796
H G 6.887052341597796e-33
H H 3.443526170798898e-33
H I 0.0003443526170798898
H K 0.001721763085399449
H L 0.0010330578512396695
H M 0.0003443526170798898
H N 0.0006887052341597796
H P 6.887052341597796e-33
H Q 0.003787878787878788
H R 0.001721763085399449
H S 0.0006887052341597796
H T 0.0024104683195592287
H V 0.0024104683195592287
H W 0.0003443526170798898
H Y 0.002066115702479339
I A 0.009641873278236915
I C 0.0010330578512396695
I D 0.0024104683195592287
I E 0.014462809917355372
I F 0.002066115702479339
I G 0.0010330578512396695
I H 0.0003443526170798898
I I 0.0024104683195592287
I K 0.011707988980716254
I L 0.011363636363636364
I M 6.887052341597796e-33
I N 0.0048209366391184574
I P 6.887052341597796e-33
I Q 0.008953168044077135
I R 0.005853994490358127
I S 0.005853994490358127
I T 0.002066115702479339
I V 0.004476584022038568
I W 0.002066115702479339
I Y 0.0010330578512396695
K A 0.009986225895316805
K C 0.0013774104683195593
K D 0.012741046831955923
K E 0.05303030303030303
K F 0.0027548209366391185
K G 0.0006887052341597796
K H 0.001721763085399449
K I 0.011707988980716254
K K 0.010674931129476584
K L 0.014118457300275482
K M 0.003787878787878788
K N 0.007920110192837466
K P 6.887052341597796e-33
K Q 0.027892561983471075
K R 0.009986225895316805
K S 0.007920110192837466
K T 0.008953168044077135
K V 0.007575757575757576
K W 0.0010330578512396695
K Y 0.0006887052341597796
L A 0.010674931129476584
L C 0.004132231404958678
L D 0.008608815426997245
L E 0.02100550964187328
L F 0.0024104683195592287
L G 0.003787878787878788
L H 0.0010330578512396695
L I 0.011363636363636364
L K 0.014118457300275482
L L 0.008953168044077135
L M 0.003787878787878788
L N 0.007575757575757576
L P 6.887052341597796e-33
L Q 0.011707988980716254
L R 0.01756198347107438
L S 0.005165289256198347
L T 0.007231404958677686
L V 0.009297520661157025
L W 0.0024104683195592287
L Y 0.0024104683195592287
M A 0.003787878787878788
M C 0.0003443526170798898
M D 0.002066115702479339
M E 0.005165289256198347
M F 0.0010330578512396695
M G 0.0027548209366391185
M H 0.0003443526170798898
M I 6.887052341597796e-33
M K 0.003787878787878788
M L 0.003787878787878788
M M 0.002066115702479339
M N 0.0024104683195592287
M P 6.887052341597796e-33
M Q 0.004476584022038568
M R 0.001721763085399449
M S 0.0027548209366391185
M T 0.0027548209366391185
M V 0.0010330578512396695
M W 0.0003443526170798898
M Y 0.0027548209366391185
N A 0.004476584022038568
N C 0.0006887052341597796
N D 0.0013774104683195593
N E 0.014462809917355372
N F 0.0010330578512396695
N G 6.887052341597796e-33
N H 0.0006887052341597796
N I 0.0048209366391184574
N K 0.007920110192837466
N L 0.007575757575757576
N M 0.0024104683195592287
N N 0.0030991735537190084
N P 6.887052341597796e-33
N Q 0.011363636363636364
N R 0.0013774104683195593
N S 0.0006887052341597796
N T 0.003443526170798898
N V 0.0024104683195592287
N W 0.0006887052341597796
N Y 0.0006887052341597796
P A 6.887052341597796e-33
P C 6.887052341597796e-33
P D 6.887052341597796e-33
P E 6.887052341597796e-33
P F 6.887052341597796e-33
P G 6.887052341597796e-33
P H 6.887052341597796e-33
P I 6.887052341597796e-33
P K 6.887052341597796e-33
P L 6.887052341597796e-33
P M 6.887052341597796e-33
P N 6.887052341597796e-33
P P 3.443526170798898e-33
P Q 6.887052341597796e-33
P R 0.0003443526170798898
P S 6.887052341597796e-33
P T 6.887052341597796e-33
P V 0.0003443526170798898
P W 6.887052341597796e-33
P Y 6.887052341597796e-33
Q A 0.012396694214876033
Q C 0.0003443526170798898
Q D 0.009297520661157025
Q E 0.04338842975206612
Q F 6.887052341597796e-33
Q G 0.0013774104683195593
Q H 0.003787878787878788
Q I 0.008953168044077135
Q K 0.027892561983471075
Q L 0.011707988980716254
Q M 0.004476584022038568
Q N 0.011363636363636364
Q P 6.887052341597796e-33
Q Q 0.025482093663911846
Q R 0.02203856749311295
Q S 0.007575757575757576
Q T 0.013774104683195593
Q V 0.007575757575757576
Q W 0.0006887052341597796
Q Y 0.001721763085399449
R A 0.013774104683195593
R C 0.002066115702479339
R D 0.009986225895316805
R E 0.05853994490358127
R F 0.002066115702479339
R G 6.887052341597796e-33
R H 0.001721763085399449
R I 0.005853994490358127
R K 0.009986225895316805
R L 0.01756198347107438
R M 0.001721763085399449
R N 0.0013774104683195593
R P 0.0003443526170798898
R Q 0.02203856749311295
R R 0.003443526170798898
R S 0.005509641873278237
R T 0.013774104683195593
R V 0.006887052341597796
R W 0.0003443526170798898
R Y 0.001721763085399449
S A 0.007920110192837466
S C 0.0003443526170798898
S D 0.003787878787878788
S E 0.01790633608815427
S F 0.0006887052341597796
S G 0.0013774104683195593
S H 0.0006887052341597796
S I 0.005853994490358127
S K 0.007920110192837466
S L 0.005165289256198347
S M 0.0027548209366391185
S N 0.0006887052341597796
S P 6.887052341597796e-33
S Q 0.007575757575757576
S R 0.005509641873278237
S S 0.0006887052341597796
S T 0.004476584022038568
S V 0.0048209366391184574
S W 0.0010330578512396695
S Y 0.0003443526170798898
T A 0.004132231404958678
T C 6.887052341597796e-33
T D 0.005165289256198347
T E 0.01618457300275482
T F 0.001721763085399449
T G 0.0003443526170798898
T H 0.0024104683195592287
T I 0.002066115702479339
T K 0.008953168044077135
T L 0.007231404958677686
T M 0.0027548209366391185
T N 0.003443526170798898
T P 6.887052341597796e-33
T Q 0.013774104683195593
T R 0.013774104683195593
T S 0.004476584022038568
T T 0.0030991735537190084
T V 0.001721763085399449
T W 0.0010330578512396695
T Y 0.0003443526170798898
V A 0.003443526170798898
V C 6.887052341597796e-33
V D 0.0013774104683195593
V E 0.010330578512396695
V F 0.0010330578512396695
V G 0.0003443526170798898
V H 0.0024104683195592287
V I 0.004476584022038568
V K 0.007575757575757576
V L 0.009297520661157025
V M 0.0010330578512396695
V N 0.0024104683195592287
V P 0.0003443526170798898
V Q 0.007575757575757576
V R 0.006887052341597796
V S 0.0048209366391184574
V T 0.001721763085399449
V V 0.002066115702479339
V W 6.887052341597796e-33
V Y 0.001721763085399449
W A 0.0010330578512396695
W C 6.887052341597796e-33
W D 0.0010330578512396695
W E 0.0024104683195592287
W F 6.887052341597796e-33
W G 6.887052341597796e-33
W H 0.0003443526170798898
W I 0.002066115702479339
W K 0.0010330578512396695
W L 0.0024104683195592287
W M 0.0003443526170798898
W N 0.0006887052341597796
W P 6.887052341597796e-33
W Q 0.0006887052341597796
W R 0.0003443526170798898
W S 0.0010330578512396695
W T 0.0010330578512396695
W V 6.887052341597796e-33
W W 0.0006887052341597796
W Y 6.887052341597796e-33
Y A 0.003443526170798898
Y C 6.887052341597796e-33
Y D 0.0003443526170798898
Y E 0.0065426997245179065
Y F 0.0003443526170798898
Y G 0.0003443526170798898
Y H 0.002066115702479339
Y I 0.0010330578512396695
Y K 0.0006887052341597796
Y L 0.0024104683195592287
Y M 0.0027548209366391185
Y N 0.0006887052341597796
Y P 6.887052341597796e-33
Y Q 0.001721763085399449
Y R 0.001721763085399449
Y S 0.0003443526170798898
Y T 0.0003443526170798898
Y V 0.001721763085399449
Y W 6.887052341597796e-33
Y Y 3.443526170798898e-33
