A A 0.010382255781028787
A C 0.0011798017932987258
A D 0.002831524303916942
A E 0.002831524303916942
A F 0.001415762151958471
A G 0.0016517225106182161
A H 0.0018876828692779614
A I 0.011562057574327513
A K 0.0075507314771118455
A L 0.018404907975460124
A M 0.0033034450212364322
A N 0.002831524303916942
A P 0.00023596035865974517
A Q 0.004955167531854649
A R 0.0035394053798961773
A S 0.0035394053798961773
A T 0.0018876828692779614
A V 0.0035394053798961773
A W 0.0009438414346389807
A Y 0.0018876828692779614
C A 0.00047192071731949034
C C 2.3596035865974516e-33
C D 0.00047192071731949034
C E 0.00047192071731949034
C F 2.3596035865974516e-33
C G 2.3596035865974516e-33
C H 0.0009438414346389807
C I 0.00023596035865974517
C K 0.0011798017932987258
C L 0.0007078810759792355
C M 0.00023596035865974517
C N 0.0009438414346389807
C P 2.3596035865974516e-33
C Q 0.0007078810759792355
C R 2.3596035865974516e-33
C S 0.00023596035865974517
C T 0.0018876828692779614
C V 2.3596035865974516e-33
C W 2.3596035865974516e-33
C Y 2.3596035865974516e-33
D A 2.3596035865974516e-33
D C 2.3596035865974516e-33
D D 0.00023596035865974517
D E 0.0009438414346389807
D F 0.00047192071731949034
D G 0.00023596035865974517
D H 2.3596035865974516e-33
D I 2.3596035865974516e-33
D K 2.3596035865974516e-33
D L 2.3596035865974516e-33
D M 2.3596035865974516e-33
D N 2.3596035865974516e-33
D P 2.3596035865974516e-33
D Q 0.00047192071731949034
D R 0.0007078810759792355
D S 0.00047192071731949034
D T 0.0007078810759792355
D V 2.3596035865974516e-33
D W 2.3596035865974516e-33
D Y 2.3596035865974516e-33
E A 0.0021236432279377066
E C 2.3596035865974516e-33
E D 2.3596035865974516e-33
E E 0.008730533270410571
E F 2.3596035865974516e-33
E G 0.0023596035865974517
E H 0.0025955639452571967
E I 0.0009438414346389807
E K 0.002831524303916942
E L 0.0007078810759792355
E M 2.3596035865974516e-33
E N 0.0007078810759792355
E P 0.0009438414346389807
E Q 0.004483246814535158
E R 0.005663048607833884
E S 0.00047192071731949034
E T 0.0007078810759792355
E V 0.00047192071731949034
E W 2.3596035865974516e-33
E Y 0.00023596035865974517
F A 0.004011326097215668
F C 0.00023596035865974517
F D 0.0007078810759792355
F E 0.001415762151958471
F F 0.0007078810759792355
F G 0.012033978291647004
F H 2.3596035865974516e-33
F I 0.0007078810759792355
F K 0.0023596035865974517
F L 0.003067484662576687
F M 0.00023596035865974517
F N 2.3596035865974516e-33
F P 2.3596035865974516e-33
F Q 0.0011798017932987258
F R 0.0007078810759792355
F S 0.0018876828692779614
F T 0.00047192071731949034
F V 0.00047192071731949034
F W 2.3596035865974516e-33
F Y 0.0007078810759792355
G A 2.3596035865974516e-33
G C 2.3596035865974516e-33
G D 0.00047192071731949034
G E 0.00023596035865974517
G F 0.00047192071731949034
G G 2.3596035865974516e-33
G H 2.3596035865974516e-33
G I 2.3596035865974516e-33
G K 2.3596035865974516e-33
G L 2.3596035865974516e-33
G M 0.00023596035865974517
G N 0.00023596035865974517
G P 2.3596035865974516e-33
G Q 0.00023596035865974517
G R 0.00047192071731949034
G S 0.00047192071731949034
G T 0.00023596035865974517
G V 2.3596035865974516e-33
G W 2.3596035865974516e-33
G Y 2.3596035865974516e-33
H A 0.00047192071731949034
H C 2.3596035865974516e-33
H D 0.0009438414346389807
H E 0.009438414346389807
H F 0.005663048607833884
H G 0.0007078810759792355
H H 0.00047192071731949034
H I 0.00023596035865974517
H K 0.00047192071731949034
H L 0.0016517225106182161
H M 2.3596035865974516e-33
H N 0.00023596035865974517
H P 2.3596035865974516e-33
H Q 0.00047192071731949034
H R 0.00023596035865974517
H S 0.00023596035865974517
H T 0.0011798017932987258
H V 0.0007078810759792355
H W 2.3596035865974516e-33
H Y 2.3596035865974516e-33
I A 0.011326097215667769
I C 0.00023596035865974517
I D 0.0018876828692779614
I E 0.024539877300613498
I F 0.0023596035865974517
I G 0.0073147711184521
I H 0.001415762151958471
I I 0.010618216139688533
I K 0.024539877300613498
I L 0.014393581878244455
I M 0.0033034450212364322
I N 0.0066068900424728644
I P 2.3596035865974516e-33
I Q 0.012269938650306749
I R 0.00778669183577159
I S 0.005663048607833884
I T 0.012741859367626238
I V 0.009202453987730062
I W 0.0018876828692779614
I Y 0.005191127890514393
K A 0.002831524303916942
K C 2.3596035865974516e-33
K D 0.012033978291647004
K E 0.011562057574327513
K F 0.00023596035865974517
K G 0.001415762151958471
K H 0.00023596035865974517
K I 0.0011798017932987258
K K 0.0021236432279377066
K L 0.0016517225106182161
K M 2.3596035865974516e-33
K N 0.002831524303916942
K P 2.3596035865974516e-33
K Q 0.0023596035865974517
K R 2.3596035865974516e-33
K S 0.0023596035865974517
K T 0.0035394053798961773
K V 0.00047192071731949034
K W 2.3596035865974516e-33
K Y 0.0007078810759792355
L A 0.019820670127418595
L C 0.0009438414346389807
L D 0.003067484662576687
L E 0.03303445021236432
L F 0.0023596035865974517
L G 0.002831524303916942
L H 0.004011326097215668
L I 0.009438414346389807
L K 0.025011798017932987
L L 0.02595563945257197
L M 0.003067484662576687
L N 0.013921661160924964
L P 0.00023596035865974517
L Q 0.022888154789995282
L R 0.03303445021236432
L S 0.019820670127418595
L T 0.008494572911750826
L V 0.013449740443605473
L W 0.00047192071731949034
L Y 0.009674374705049551
M A 0.004483246814535158
M C 2.3596035865974516e-33
M D 0.0007078810759792355
M E 0.0018876828692779614
M F 0.0009438414346389807
M G 0.0009438414346389807
M H 0.00047192071731949034
M I 0.0007078810759792355
M K 0.001415762151958471
M L 0.002831524303916942
M M 0.0009438414346389807
M N 0.0021236432279377066
M P 2.3596035865974516e-33
M Q 0.003067484662576687
M R 0.0035394053798961773
M S 0.004011326097215668
M T 0.004011326097215668
M V 0.0035394053798961773
M W 0.00023596035865974517
M Y 0.0011798017932987258
N A 0.00023596035865974517
N C 2.3596035865974516e-33
N D 0.00047192071731949034
N E 0.0009438414346389807
N F 0.00023596035865974517
N G 0.0009438414346389807
N H 2.3596035865974516e-33
N I 0.0009438414346389807
N K 0.0021236432279377066
N L 0.0009438414346389807
N M 0.00047192071731949034
N N 0.0007078810759792355
N P 2.3596035865974516e-33
N Q 0.001415762151958471
N R 0.002831524303916942
N S 0.0009438414346389807
N T 0.0007078810759792355
N V 0.0066068900424728644
N W 2.3596035865974516e-33
N Y 0.00023596035865974517
P A 2.3596035865974516e-33
P C 2.3596035865974516e-33
P D 2.3596035865974516e-33
P E 2.3596035865974516e-33
P F 2.3596035865974516e-33
P G 2.3596035865974516e-33
P H 2.3596035865974516e-33
P I 2.3596035865974516e-33
P K 0.00023596035865974517
P L 2.3596035865974516e-33
P M 2.3596035865974516e-33
P N 2.3596035865974516e-33
P P 2.3596035865974516e-33
P Q 2.3596035865974516e-33
P R 2.3596035865974516e-33
P S 2.3596035865974516e-33
P T 2.3596035865974516e-33
P V 2.3596035865974516e-33
P W 2.3596035865974516e-33
P Y 2.3596035865974516e-33
Q A 0.0033034450212364322
Q C 2.3596035865974516e-33
Q D 0.0009438414346389807
Q E 0.0066068900424728644
Q F 0.0007078810759792355
Q G 0.0009438414346389807
Q H 2.3596035865974516e-33
Q I 0.0011798017932987258
Q K 0.0035394053798961773
Q L 0.0018876828692779614
Q M 0.0009438414346389807
Q N 0.0025955639452571967
Q P 2.3596035865974516e-33
Q Q 0.004247286455875413
Q R 0.0021236432279377066
Q S 0.0021236432279377066
Q T 0.011090136857008022
Q V 0.00047192071731949034
Q W 2.3596035865974516e-33
Q Y 0.00023596035865974517
R A 0.0009438414346389807
R C 2.3596035865974516e-33
R D 0.010618216139688533
R E 0.00825861255309108
R F 0.0007078810759792355
R G 0.0025955639452571967
R H 2.3596035865974516e-33
R I 0.002831524303916942
R K 0.0033034450212364322
R L 0.0011798017932987258
R M 0.00047192071731949034
R N 0.0073147711184521
R P 2.3596035865974516e-33
R Q 0.0035394053798961773
R R 0.0016517225106182161
R S 0.004247286455875413
R T 0.0037753657385559227
R V 0.0025955639452571967
R W 2.3596035865974516e-33
R Y 2.3596035865974516e-33
S A 0.0018876828692779614
S C 2.3596035865974516e-33
S D 0.002831524303916942
S E 0.0035394053798961773
S F 0.0009438414346389807
S G 0.009674374705049551
S H 0.0007078810759792355
S I 0.005899008966493629
S K 0.0007078810759792355
S L 0.00684285040113261
S M 0.00047192071731949034
S N 0.0018876828692779614
S P 2.3596035865974516e-33
S Q 0.0018876828692779614
S R 0.0011798017932987258
S S 0.0011798017932987258
S T 0.0021236432279377066
S V 0.0011798017932987258
S W 2.3596035865974516e-33
S Y 0.00023596035865974517
T A 0.0016517225106182161
T C 0.0007078810759792355
T D 0.0007078810759792355
T E 0.0016517225106182161
T F 0.0009438414346389807
T G 0.00023596035865974517
T H 0.0007078810759792355
T I 0.0007078810759792355
T K 0.00023596035865974517
T L 0.008730533270410571
T M 0.0009438414346389807
T N 0.00047192071731949034
T P 0.00047192071731949034
T Q 0.0025955639452571967
T R 0.00047192071731949034
T S 0.0018876828692779614
T T 0.0009438414346389807
T V 0.005191127890514393
T W 0.00023596035865974517
T Y 0.0007078810759792355
V A 0.012741859367626238
V C 0.00047192071731949034
V D 0.00047192071731949034
V E 0.004483246814535158
V F 0.001415762151958471
V G 2.3596035865974516e-33
V H 0.00023596035865974517
V I 0.004955167531854649
V K 0.005191127890514393
V L 0.009674374705049551
V M 0.0011798017932987258
V N 0.0025955639452571967
V P 0.0007078810759792355
V Q 0.004719207173194903
V R 0.010854176498348278
V S 0.002831524303916942
V T 0.0033034450212364322
V V 0.004719207173194903
V W 2.3596035865974516e-33
V Y 0.001415762151958471
W A 0.00047192071731949034
W C 2.3596035865974516e-33
W D 0.00023596035865974517
W E 0.0011798017932987258
W F 2.3596035865974516e-33
W G 2.3596035865974516e-33
W H 2.3596035865974516e-33
W I 2.3596035865974516e-33
W K 0.00023596035865974517
W L 0.00023596035865974517
W M 2.3596035865974516e-33
W N 0.00023596035865974517
W P 0.00023596035865974517
W Q 0.00023596035865974517
W R 2.3596035865974516e-33
W S 2.3596035865974516e-33
W T 0.0007078810759792355
W V 2.3596035865974516e-33
W W 2.3596035865974516e-33
W Y 0.00023596035865974517
Y A 0.0016517225106182161
Y C 2.3596035865974516e-33
Y D 0.0025955639452571967
Y E 0.004955167531854649
Y F 0.0007078810759792355
Y G 0.001415762151958471
Y H 0.009202453987730062
Y I 0.0007078810759792355
Y K 0.0035394053798961773
Y L 0.0025955639452571967
Y M 0.0009438414346389807
Y N 0.00023596035865974517
Y P 2.3596035865974516e-33
Y Q 0.0021236432279377066
Y R 0.0018876828692779614
Y S 0.0021236432279377066
Y T 0.009202453987730062
Y V 0.00047192071731949034
Y W 0.00023596035865974517
Y Y 0.00047192071731949034
