A A 0.026732673267326732
A C 0.0029702970297029703
A D 1.98019801980198e-32
A E 1.98019801980198e-32
A F 0.005940594059405941
A G 1.98019801980198e-32
A H 0.0029702970297029703
A I 0.007920792079207921
A K 0.0009900990099009901
A L 0.006930693069306931
A M 0.0009900990099009901
A N 0.005940594059405941
A P 1.98019801980198e-32
A Q 0.0019801980198019802
A R 0.0019801980198019802
A S 0.011881188118811881
A T 0.0019801980198019802
A V 0.005940594059405941
A W 0.0029702970297029703
A Y 0.0019801980198019802
C A 0.0029702970297029703
C C 0.01089108910891089
C D 1.98019801980198e-32
C E 1.98019801980198e-32
C F 1.98019801980198e-32
C G 1.98019801980198e-32
C H 0.0009900990099009901
C I 1.98019801980198e-32
C K 1.98019801980198e-32
C L 0.006930693069306931
C M 0.0009900990099009901
C N 1.98019801980198e-32
C P 1.98019801980198e-32
C Q 0.0009900990099009901
C R 0.0019801980198019802
C S 0.0019801980198019802
C T 1.98019801980198e-32
C V 0.0009900990099009901
C W 1.98019801980198e-32
C Y 1.98019801980198e-32
D A 1.98019801980198e-32
D C 1.98019801980198e-32
D D 0.0009900990099009901
D E 1.98019801980198e-32
D F 1.98019801980198e-32
D G 1.98019801980198e-32
D H 0.0009900990099009901
D I 0.0039603960396039604
D K 1.98019801980198e-32
D L 1.98019801980198e-32
D M 1.98019801980198e-32
D N 1.98019801980198e-32
D P 1.98019801980198e-32
D Q 1.98019801980198e-32
D R 1.98019801980198e-32
D S 1.98019801980198e-32
D T 0.0009900990099009901
D V 0.0039603960396039604
D W 0.0009900990099009901
D Y 0.0019801980198019802
E A 1.98019801980198e-32
E C 1.98019801980198e-32
E D 1.98019801980198e-32
E E 0.00891089108910891
E F 1.98019801980198e-32
E G 1.98019801980198e-32
E H 1.98019801980198e-32
E I 0.011881188118811881
E K 1.98019801980198e-32
E L 0.006930693069306931
E M 0.0009900990099009901
E N 0.0029702970297029703
E P 1.98019801980198e-32
E Q 0.0009900990099009901
E R 1.98019801980198e-32
E S 1.98019801980198e-32
E T 0.0009900990099009901
E V 0.0039603960396039604
E W 1.98019801980198e-32
E Y 0.0009900990099009901
F A 0.005940594059405941
F C 1.98019801980198e-32
F D 1.98019801980198e-32
F E 1.98019801980198e-32
F F 0.016831683168316833
F G 1.98019801980198e-32
F H 1.98019801980198e-32
F I 0.005940594059405941
F K 0.0039603960396039604
F L 0.0019801980198019802
F M 0.0009900990099009901
F N 1.98019801980198e-32
F P 1.98019801980198e-32
F Q 1.98019801980198e-32
F R 0.0009900990099009901
F S 1.98019801980198e-32
F T 0.0009900990099009901
F V 0.0029702970297029703
F W 1.98019801980198e-32
F Y 1.98019801980198e-32
G A 1.98019801980198e-32
G C 1.98019801980198e-32
G D 1.98019801980198e-32
G E 1.98019801980198e-32
G F 1.98019801980198e-32
G G 0.0019801980198019802
G H 1.98019801980198e-32
G I 0.0009900990099009901
G K 1.98019801980198e-32
G L 1.98019801980198e-32
G M 1.98019801980198e-32
G N 0.0009900990099009901
G P 1.98019801980198e-32
G Q 0.0009900990099009901
G R 1.98019801980198e-32
G S 1.98019801980198e-32
G T 1.98019801980198e-32
G V 1.98019801980198e-32
G W 1.98019801980198e-32
G Y 1.98019801980198e-32
H A 0.0029702970297029703
H C 0.0009900990099009901
H D 0.0009900990099009901
H E 1.98019801980198e-32
H F 1.98019801980198e-32
H G 1.98019801980198e-32
H H 0.006930693069306931
H I 0.0019801980198019802
H K 1.98019801980198e-32
H L 0.0029702970297029703
H M 1.98019801980198e-32
H N 0.0009900990099009901
H P 1.98019801980198e-32
H Q 1.98019801980198e-32
H R 1.98019801980198e-32
H S 0.0009900990099009901
H T 1.98019801980198e-32
H V 1.98019801980198e-32
H W 1.98019801980198e-32
H Y 1.98019801980198e-32
I A 0.007920792079207921
I C 1.98019801980198e-32
I D 0.0039603960396039604
I E 0.011881188118811881
I F 0.005940594059405941
I G 0.0009900990099009901
I H 0.0019801980198019802
I I 0.07128712871287128
I K 0.012871287128712872
I L 0.04554455445544554
I M 0.0009900990099009901
I N 0.0029702970297029703
I P 1.98019801980198e-32
I Q 0.0019801980198019802
I R 0.0019801980198019802
I S 0.005940594059405941
I T 0.005940594059405941
I V 0.012871287128712872
I W 1.98019801980198e-32
I Y 0.005940594059405941
K A 0.0009900990099009901
K C 1.98019801980198e-32
K D 1.98019801980198e-32
K E 1.98019801980198e-32
K F 0.0039603960396039604
K G 1.98019801980198e-32
K H 1.98019801980198e-32
K I 0.012871287128712872
K K 0.034653465346534656
K L 0.012871287128712872
K M 0.0009900990099009901
K N 0.0049504950495049506
K P 1.98019801980198e-32
K Q 1.98019801980198e-32
K R 0.0009900990099009901
K S 1.98019801980198e-32
K T 0.005940594059405941
K V 0.007920792079207921
K W 1.98019801980198e-32
K Y 1.98019801980198e-32
L A 0.006930693069306931
L C 0.006930693069306931
L D 1.98019801980198e-32
L E 0.006930693069306931
L F 0.0019801980198019802
L G 1.98019801980198e-32
L H 0.0029702970297029703
L I 0.04554455445544554
L K 0.012871287128712872
L L 0.17425742574257425
L M 0.008910891089108912
L N 0.0049504950495049506
L P 0.0009900990099009901
L Q 0.007920792079207921
L R 0.0029702970297029703
L S 0.007920792079207921
L T 0.012871287128712872
L V 0.027722772277227723
L W 1.98019801980198e-32
L Y 0.0029702970297029703
M A 0.0009900990099009901
M C 0.0009900990099009901
M D 1.98019801980198e-32
M E 0.0009900990099009901
M F 0.0009900990099009901
M G 1.98019801980198e-32
M H 1.98019801980198e-32
M I 0.0009900990099009901
M K 0.0009900990099009901
M L 0.008910891089108912
M M 0.007920792079207921
M N 1.98019801980198e-32
M P 1.98019801980198e-32
M Q 1.98019801980198e-32
M R 1.98019801980198e-32
M S 0.0009900990099009901
M T 0.0019801980198019802
M V 0.0019801980198019802
M W 1.98019801980198e-32
M Y 0.0019801980198019802
N A 0.005940594059405941
N C 1.98019801980198e-32
N D 1.98019801980198e-32
N E 0.0029702970297029703
N F 1.98019801980198e-32
N G 0.0009900990099009901
N H 0.0009900990099009901
N I 0.0029702970297029703
N K 0.0049504950495049506
N L 0.0049504950495049506
N M 1.98019801980198e-32
N N 0.0702970297029703
N P 1.98019801980198e-32
N Q 0.0039603960396039604
N R 0.0039603960396039604
N S 0.0019801980198019802
N T 0.0019801980198019802
N V 0.007920792079207921
N W 1.98019801980198e-32
N Y 0.0009900990099009901
P A 1.98019801980198e-32
P C 1.98019801980198e-32
P D 1.98019801980198e-32
P E 1.98019801980198e-32
P F 1.98019801980198e-32
P G 1.98019801980198e-32
P H 1.98019801980198e-32
P I 1.98019801980198e-32
P K 1.98019801980198e-32
P L 0.0009900990099009901
P M 1.98019801980198e-32
P N 1.98019801980198e-32
P P 9.9009900990099e-33
P Q 1.98019801980198e-32
P R 1.98019801980198e-32
P S 1.98019801980198e-32
P T 1.98019801980198e-32
P V 0.0009900990099009901
P W 1.98019801980198e-32
P Y 1.98019801980198e-32
Q A 0.0019801980198019802
Q C 0.0009900990099009901
Q D 1.98019801980198e-32
Q E 0.0009900990099009901
Q F 1.98019801980198e-32
Q G 0.0009900990099009901
Q H 1.98019801980198e-32
Q I 0.0019801980198019802
Q K 1.98019801980198e-32
Q L 0.007920792079207921
Q M 1.98019801980198e-32
Q N 0.0039603960396039604
Q P 1.98019801980198e-32
Q Q 0.0029702970297029703
Q R 0.0019801980198019802
Q S 0.0039603960396039604
Q T 0.0049504950495049506
Q V 0.0039603960396039604
Q W 1.98019801980198e-32
Q Y 0.0009900990099009901
R A 0.0019801980198019802
R C 0.0019801980198019802
R D 1.98019801980198e-32
R E 1.98019801980198e-32
R F 0.0009900990099009901
R G 1.98019801980198e-32
R H 1.98019801980198e-32
R I 0.0019801980198019802
R K 0.0009900990099009901
R L 0.0029702970297029703
R M 1.98019801980198e-32
R N 0.0039603960396039604
R P 1.98019801980198e-32
R Q 0.0019801980198019802
R R 0.024752475247524754
R S 0.0009900990099009901
R T 0.0029702970297029703
R V 0.0019801980198019802
R W 1.98019801980198e-32
R Y 0.0009900990099009901
S A 0.011881188118811881
S C 0.0019801980198019802
S D 1.98019801980198e-32
S E 1.98019801980198e-32
S F 1.98019801980198e-32
S G 1.98019801980198e-32
S H 0.0009900990099009901
S I 0.005940594059405941
S K 1.98019801980198e-32
S L 0.007920792079207921
S M 0.0009900990099009901
S N 0.0019801980198019802
S P 1.98019801980198e-32
S Q 0.0039603960396039604
S R 0.0009900990099009901
S S 0.007920792079207921
S T 0.0009900990099009901
S V 0.0019801980198019802
S W 1.98019801980198e-32
S Y 0.0009900990099009901
T A 0.0019801980198019802
T C 1.98019801980198e-32
T D 0.0009900990099009901
T E 0.0009900990099009901
T F 0.0009900990099009901
T G 1.98019801980198e-32
T H 1.98019801980198e-32
T I 0.005940594059405941
T K 0.005940594059405941
T L 0.012871287128712872
T M 0.0019801980198019802
T N 0.0019801980198019802
T P 1.98019801980198e-32
T Q 0.0049504950495049506
T R 0.0029702970297029703
T S 0.0009900990099009901
T T 0.01287128712871287
T V 0.0019801980198019802
T W 1.98019801980198e-32
T Y 0.005940594059405941
V A 0.005940594059405941
V C 0.0009900990099009901
V D 0.0039603960396039604
V E 0.0039603960396039604
V F 0.0029702970297029703
V G 1.98019801980198e-32
V H 1.98019801980198e-32
V I 0.012871287128712872
V K 0.007920792079207921
V L 0.027722772277227723
V M 0.0019801980198019802
V N 0.007920792079207921
V P 0.0009900990099009901
V Q 0.0039603960396039604
V R 0.0019801980198019802
V S 0.0019801980198019802
V T 0.0019801980198019802
V V 0.06930693069306931
V W 0.0009900990099009901
V Y 0.008910891089108912
W A 0.0029702970297029703
W C 1.98019801980198e-32
W D 0.0009900990099009901
W E 1.98019801980198e-32
W F 1.98019801980198e-32
W G 1.98019801980198e-32
W H 1.98019801980198e-32
W I 1.98019801980198e-32
W K 1.98019801980198e-32
W L 1.98019801980198e-32
W M 1.98019801980198e-32
W N 1.98019801980198e-32
W P 1.98019801980198e-32
W Q 1.98019801980198e-32
W R 1.98019801980198e-32
W S 1.98019801980198e-32
W T 1.98019801980198e-32
W V 0.0009900990099009901
W W 0.0019801980198019802
W Y 1.98019801980198e-32
Y A 0.0019801980198019802
Y C 1.98019801980198e-32
Y D 0.0019801980198019802
Y E 0.0009900990099009901
Y F 1.98019801980198e-32
Y G 1.98019801980198e-32
Y H 1.98019801980198e-32
Y I 0.005940594059405941
Y K 1.98019801980198e-32
Y L 0.0029702970297029703
Y M 0.0019801980198019802
Y N 0.0009900990099009901
Y P 1.98019801980198e-32
Y Q 0.0009900990099009901
Y R 0.0009900990099009901
Y S 0.0009900990099009901
Y T 0.005940594059405941
Y V 0.008910891089108912
Y W 1.98019801980198e-32
Y Y 0.01881188118811881
