A A 0.013169709667764143
A C 0.000897934750074828
A D 0.00808141275067345
A E 0.025740796168811732
A F 0.001795869500149656
A G 0.000598623166716552
A H 0.024244238252020354
A I 0.012870398084405866
A K 0.010775217000897935
A L 0.05058365758754864
A M 0.007183478000598623
A N 0.010775217000897935
A P 5.986231667165519e-33
A Q 0.019155941334929663
A R 0.013169709667764143
A S 0.0062855432505237955
A T 0.008380724334031728
A V 0.009278659084106555
A W 5.986231667165519e-33
A Y 0.0038910505836575876
C A 0.000897934750074828
C C 2.9931158335827596e-33
C D 0.000299311583358276
C E 0.000299311583358276
C F 0.000299311583358276
C G 0.0008979347500748278
C H 5.986231667165519e-33
C I 0.000897934750074828
C K 0.000299311583358276
C L 0.0020951810835079317
C M 0.001795869500149656
C N 0.000598623166716552
C P 5.986231667165519e-33
C Q 0.000299311583358276
C R 5.986231667165519e-33
C S 0.000598623166716552
C T 0.001197246333433104
C V 0.000299311583358276
C W 0.000299311583358276
C Y 5.986231667165519e-33
D A 0.00808141275067345
D C 0.000299311583358276
D D 0.001197246333433104
D E 0.008680035917390003
D F 0.000598623166716552
D G 0.000299311583358276
D H 5.986231667165519e-33
D I 0.00299311583358276
D K 0.007183478000598624
D L 0.0038910505836575876
D M 5.986231667165519e-33
D N 0.0029931158335827594
D P 5.986231667165519e-33
D Q 0.005686920083807244
D R 0.0062855432505237955
D S 0.003591739000299312
D T 0.0029931158335827594
D V 0.001795869500149656
D W 0.000299311583358276
D Y 0.001197246333433104
E A 0.025740796168811732
E C 0.000299311583358276
E D 0.008680035917390003
E E 0.025142173002095182
E F 0.000897934750074828
E G 0.001795869500149656
E H 0.005986231667165519
E I 0.0032924274169410356
E K 0.028434600419036216
E L 0.014067644417838969
E M 0.0029931158335827594
E N 0.011373840167614486
E P 0.000598623166716552
E Q 0.016761448668063453
E R 0.02454354983537863
E S 0.010176593834181383
E T 0.012870398084405866
E V 0.011373840167614486
E W 0.0017958695001496557
E Y 0.001197246333433104
F A 0.001795869500149656
F C 0.000299311583358276
F D 0.000598623166716552
F E 0.000897934750074828
F F 0.0017958695001496557
F G 0.000598623166716552
F H 5.986231667165519e-33
F I 0.005686920083807243
F K 0.000897934750074828
F L 0.007183478000598624
F M 0.0014965579167913797
F N 0.000897934750074828
F P 5.986231667165519e-33
F Q 0.000299311583358276
F R 0.0014965579167913797
F S 0.0026938042502244837
F T 0.004190362167015863
F V 0.0029931158335827594
F W 5.986231667165519e-33
F Y 0.000897934750074828
G A 0.000598623166716552
G C 0.0008979347500748278
G D 0.000299311583358276
G E 0.001795869500149656
G F 0.000598623166716552
G G 0.000299311583358276
G H 0.001197246333433104
G I 0.001197246333433104
G K 0.0008979347500748278
G L 0.001197246333433104
G M 0.000897934750074828
G N 0.002394492666866208
G P 5.986231667165519e-33
G Q 0.003591739000299312
G R 0.0017958695001496557
G S 0.001197246333433104
G T 0.001795869500149656
G V 0.001197246333433104
G W 5.986231667165519e-33
G Y 0.000598623166716552
H A 0.024244238252020354
H C 5.986231667165519e-33
H D 5.986231667165519e-33
H E 0.005986231667165519
H F 5.986231667165519e-33
H G 0.001197246333433104
H H 0.00299311583358276
H I 0.0020951810835079317
H K 0.001795869500149656
H L 0.004190362167015863
H M 0.000897934750074828
H N 0.001795869500149656
H P 5.986231667165519e-33
H Q 0.008680035917390003
H R 0.011373840167614488
H S 0.007183478000598624
H T 0.000897934750074828
H V 0.000897934750074828
H W 5.986231667165519e-33
H Y 0.000299311583358276
I A 0.012870398084405866
I C 0.000897934750074828
I D 0.00299311583358276
I E 0.0032924274169410356
I F 0.005686920083807243
I G 0.001197246333433104
I H 0.0020951810835079317
I I 0.01706076025142173
I K 0.003591739000299312
I L 0.03382220891948518
I M 0.0014965579167913797
I N 0.002394492666866208
I P 5.986231667165519e-33
I Q 0.005387608500448967
I R 0.000598623166716552
I S 0.003591739000299312
I T 0.016162825501346904
I V 0.004190362167015863
I W 0.002394492666866208
I Y 0.004788985333732416
K A 0.010775217000897935
K C 0.000299311583358276
K D 0.007183478000598624
K E 0.028434600419036216
K F 0.000897934750074828
K G 0.0008979347500748278
K H 0.001795869500149656
K I 0.003591739000299312
K K 0.006884166417240347
K L 0.011373840167614488
K M 0.0032924274169410356
K N 0.0050882969170906915
K P 5.986231667165519e-33
K Q 0.012571086501047591
K R 0.011373840167614488
K S 0.004788985333732416
K T 0.005387608500448967
K V 0.004489673750374139
K W 0.000598623166716552
K Y 0.0026938042502244837
L A 0.05058365758754864
L C 0.0020951810835079317
L D 0.0038910505836575876
L E 0.014067644417838969
L F 0.007183478000598624
L G 0.001197246333433104
L H 0.004190362167015863
L I 0.03382220891948518
L K 0.011373840167614488
L L 0.0311284046692607
L M 0.007482789583956899
L N 0.002394492666866208
L P 5.986231667165519e-33
L Q 0.008680035917390003
L R 0.011673151750972763
L S 0.004788985333732416
L T 0.008979347500748278
L V 0.014366956001197246
L W 0.0038910505836575876
L Y 0.018856629751571385
M A 0.007183478000598623
M C 0.001795869500149656
M D 5.986231667165519e-33
M E 0.0029931158335827594
M F 0.0014965579167913797
M G 0.000897934750074828
M H 0.000897934750074828
M I 0.0014965579167913797
M K 0.0032924274169410356
M L 0.007482789583956899
M M 0.0008979347500748278
M N 0.0017958695001496557
M P 5.986231667165519e-33
M Q 0.0062855432505237955
M R 0.0032924274169410356
M S 0.001197246333433104
M T 0.002394492666866208
M V 0.0017958695001496557
M W 0.000299311583358276
M Y 0.000897934750074828
N A 0.010775217000897935
N C 0.000598623166716552
N D 0.0029931158335827594
N E 0.011373840167614486
N F 0.000897934750074828
N G 0.002394492666866208
N H 0.001795869500149656
N I 0.002394492666866208
N K 0.0050882969170906915
N L 0.002394492666866208
N M 0.0017958695001496557
N N 0.0020951810835079317
N P 0.000598623166716552
N Q 0.011074528584256211
N R 0.0026938042502244837
N S 0.003591739000299312
N T 0.00149655791679138
N V 0.003591739000299312
N W 5.986231667165519e-33
N Y 0.0014965579167913797
P A 5.986231667165519e-33
P C 5.986231667165519e-33
P D 5.986231667165519e-33
P E 0.000598623166716552
P F 5.986231667165519e-33
P G 5.986231667165519e-33
P H 5.986231667165519e-33
P I 5.986231667165519e-33
P K 5.986231667165519e-33
P L 5.986231667165519e-33
P M 5.986231667165519e-33
P N 0.000598623166716552
P P 0.000299311583358276
P Q 0.000598623166716552
P R 5.986231667165519e-33
P S 5.986231667165519e-33
P T 5.986231667165519e-33
P V 5.986231667165519e-33
P W 5.986231667165519e-33
P Y 5.986231667165519e-33
Q A 0.019155941334929663
Q C 0.000299311583358276
Q D 0.005686920083807244
Q E 0.016761448668063453
Q F 0.000299311583358276
Q G 0.003591739000299312
Q H 0.008680035917390003
Q I 0.005387608500448967
Q K 0.012571086501047591
Q L 0.008680035917390003
Q M 0.0062855432505237955
Q N 0.011074528584256211
Q P 0.000598623166716552
Q Q 0.01855731816821311
Q R 0.011373840167614486
Q S 0.012271774917689314
Q T 0.007183478000598624
Q V 0.004190362167015863
Q W 0.000897934750074828
Q Y 0.008380724334031727
R A 0.013169709667764143
R C 5.986231667165519e-33
R D 0.0062855432505237955
R E 0.02454354983537863
R F 0.0014965579167913797
R G 0.0017958695001496557
R H 0.011373840167614488
R I 0.000598623166716552
R K 0.011373840167614488
R L 0.011673151750972763
R M 0.0032924274169410356
R N 0.0026938042502244837
R P 5.986231667165519e-33
R Q 0.011373840167614486
R R 0.008081412750673452
R S 0.0029931158335827594
R T 0.007482789583956899
R V 0.003591739000299312
R W 0.0008979347500748278
R Y 0.000299311583358276
S A 0.0062855432505237955
S C 0.000598623166716552
S D 0.003591739000299312
S E 0.010176593834181383
S F 0.0026938042502244837
S G 0.001197246333433104
S H 0.007183478000598624
S I 0.003591739000299312
S K 0.004788985333732416
S L 0.004788985333732416
S M 0.001197246333433104
S N 0.003591739000299312
S P 5.986231667165519e-33
S Q 0.012271774917689314
S R 0.0029931158335827594
S S 0.0020951810835079317
S T 0.0038910505836575876
S V 0.0017958695001496557
S W 5.986231667165519e-33
S Y 0.001197246333433104
T A 0.008380724334031728
T C 0.001197246333433104
T D 0.0029931158335827594
T E 0.012870398084405866
T F 0.004190362167015863
T G 0.001795869500149656
T H 0.000897934750074828
T I 0.016162825501346904
T K 0.005387608500448967
T L 0.008979347500748278
T M 0.002394492666866208
T N 0.00149655791679138
T P 5.986231667165519e-33
T Q 0.007183478000598624
T R 0.007482789583956899
T S 0.0038910505836575876
T T 0.00299311583358276
T V 0.0026938042502244837
T W 0.000598623166716552
T Y 0.0029931158335827594
V A 0.009278659084106555
V C 0.000299311583358276
V D 0.001795869500149656
V E 0.011373840167614486
V F 0.0029931158335827594
V G 0.001197246333433104
V H 0.000897934750074828
V I 0.004190362167015863
V K 0.004489673750374139
V L 0.014366956001197246
V M 0.0017958695001496557
V N 0.003591739000299312
V P 5.986231667165519e-33
V Q 0.004190362167015863
V R 0.003591739000299312
V S 0.0017958695001496557
V T 0.0026938042502244837
V V 0.0050882969170906915
V W 5.986231667165519e-33
V Y 0.0029931158335827594
W A 5.986231667165519e-33
W C 0.000299311583358276
W D 0.000299311583358276
W E 0.0017958695001496557
W F 5.986231667165519e-33
W G 5.986231667165519e-33
W H 5.986231667165519e-33
W I 0.002394492666866208
W K 0.000598623166716552
W L 0.0038910505836575876
W M 0.000299311583358276
W N 5.986231667165519e-33
W P 5.986231667165519e-33
W Q 0.000897934750074828
W R 0.0008979347500748278
W S 5.986231667165519e-33
W T 0.000598623166716552
W V 5.986231667165519e-33
W W 2.9931158335827596e-33
W Y 0.000598623166716552
Y A 0.0038910505836575876
Y C 5.986231667165519e-33
Y D 0.001197246333433104
Y E 0.001197246333433104
Y F 0.000897934750074828
Y G 0.000598623166716552
Y H 0.000299311583358276
Y I 0.004788985333732416
Y K 0.0026938042502244837
Y L 0.018856629751571385
Y M 0.000897934750074828
Y N 0.0014965579167913797
Y P 5.986231667165519e-33
Y Q 0.008380724334031727
Y R 0.000299311583358276
Y S 0.001197246333433104
Y T 0.0029931158335827594
Y V 0.0029931158335827594
Y W 0.000598623166716552
Y Y 0.011673151750972763
