A A 0.015139900344959755
A C 0.002874664622460713
A D 0.0017247987734764277
A E 0.006515906477577616
A F 0.007282483710233806
A G 0.00019164430816404754
A H 0.0011498658489842851
A I 0.007857416634725948
A K 0.0034495975469528554
A L 0.013415101571483326
A M 0.005749329244921426
A N 0.0015331544653123803
A P 1.916443081640475e-33
A Q 0.0007665772326561902
A R 0.0009582215408202376
A S 0.004216174779609045
A T 0.0034495975469528554
A V 0.0038328861632809506
A W 0.0009582215408202376
A Y 0.011498658489842852
C A 0.0013415101571483327
C C 0.00019164430816404754
C D 1.916443081640475e-33
C E 0.0005749329244921426
C F 0.0003832886163280951
C G 0.0003832886163280951
C H 0.0003832886163280951
C I 0.00019164430816404754
C K 0.0005749329244921426
C L 0.0019164430816404753
C M 1.916443081640475e-33
C N 1.916443081640475e-33
C P 1.916443081640475e-33
C Q 1.916443081640475e-33
C R 1.916443081640475e-33
C S 0.00019164430816404754
C T 0.0005749329244921426
C V 0.0009582215408202376
C W 0.00019164430816404754
C Y 1.916443081640475e-33
D A 0.007282483710233806
D C 0.0003832886163280951
D D 1.916443081640475e-33
D E 1.916443081640475e-33
D F 0.00019164430816404754
D G 1.916443081640475e-33
D H 1.916443081640475e-33
D I 0.0009582215408202376
D K 1.916443081640475e-33
D L 0.0011498658489842851
D M 1.916443081640475e-33
D N 1.916443081640475e-33
D P 1.916443081640475e-33
D Q 0.00019164430816404754
D R 0.0003832886163280951
D S 1.916443081640475e-33
D T 1.916443081640475e-33
D V 0.0015331544653123803
D W 1.916443081640475e-33
D Y 0.0011498658489842851
E A 0.0019164430816404753
E C 0.0007665772326561902
E D 1.916443081640475e-33
E E 0.0055576849367573785
E F 0.002491376006132618
E G 0.00019164430816404754
E H 0.00019164430816404754
E I 0.0034495975469528554
E K 0.0003832886163280951
E L 0.010348792640858567
E M 0.0003832886163280951
E N 0.0009582215408202376
E P 1.916443081640475e-33
E Q 0.0005749329244921426
E R 1.916443081640475e-33
E S 0.00019164430816404754
E T 0.0005749329244921426
E V 0.006707550785741663
E W 0.00019164430816404754
E Y 0.0003832886163280951
F A 0.0022997316979685703
F C 0.0009582215408202376
F D 0.0003832886163280951
F E 0.0015331544653123803
F F 0.0011498658489842851
F G 1.916443081640475e-33
F H 0.0005749329244921426
F I 0.0017247987734764277
F K 0.0019164430816404753
F L 0.014181678804139517
F M 0.0005749329244921426
F N 1.916443081640475e-33
F P 1.916443081640475e-33
F Q 0.0011498658489842851
F R 0.0003832886163280951
F S 0.0013415101571483327
F T 0.0005749329244921426
F V 0.0015331544653123803
F W 0.00019164430816404754
F Y 0.0013415101571483327
G A 0.0007665772326561902
G C 0.00019164430816404754
G D 1.916443081640475e-33
G E 0.0003832886163280951
G F 1.916443081640475e-33
G G 1.916443081640475e-33
G H 1.916443081640475e-33
G I 1.916443081640475e-33
G K 1.916443081640475e-33
G L 0.0009582215408202376
G M 1.916443081640475e-33
G N 1.916443081640475e-33
G P 1.916443081640475e-33
G Q 0.00019164430816404754
G R 1.916443081640475e-33
G S 1.916443081640475e-33
G T 1.916443081640475e-33
G V 1.916443081640475e-33
G W 1.916443081640475e-33
G Y 1.916443081640475e-33
H A 0.0003832886163280951
H C 0.0011498658489842851
H D 1.916443081640475e-33
H E 0.0005749329244921426
H F 0.0007665772326561902
H G 1.916443081640475e-33
H H 0.0005749329244921426
H I 0.0011498658489842851
H K 1.916443081640475e-33
H L 0.008815638175546186
H M 0.00019164430816404754
H N 1.916443081640475e-33
H P 1.916443081640475e-33
H Q 0.0003832886163280951
H R 0.0045994633959371405
H S 0.00019164430816404754
H T 0.0011498658489842851
H V 0.0003832886163280951
H W 1.916443081640475e-33
H Y 0.0005749329244921426
I A 0.015331544653123802
I C 0.005940973553085474
I D 0.002491376006132618
I E 0.01092372556535071
I F 0.0116903027980069
I G 0.0005749329244921426
I H 0.0022997316979685703
I I 0.005366040628593331
I K 0.0034495975469528554
I L 0.054618627826753544
I M 0.009582215408202376
I N 0.0026830203142966655
I P 0.00019164430816404754
I Q 0.002874664622460713
I R 0.003257953238788808
I S 0.005366040628593331
I T 0.003641241855116903
I V 0.009390571100038329
I W 0.0021080873898045227
I Y 0.004791107704101188
K A 0.004791107704101188
K C 0.0003832886163280951
K D 1.916443081640475e-33
K E 0.0003832886163280951
K F 0.005366040628593331
K G 1.916443081640475e-33
K H 1.916443081640475e-33
K I 0.007282483710233806
K K 0.0009582215408202376
K L 0.02108087389804523
K M 0.0007665772326561902
K N 0.0005749329244921426
K P 1.916443081640475e-33
K Q 0.0003832886163280951
K R 1.916443081640475e-33
K S 0.0005749329244921426
K T 0.0013415101571483327
K V 0.004024530471444998
K W 0.0005749329244921426
K Y 0.00019164430816404754
L A 0.024338827136834038
L C 0.007282483710233806
L D 0.003641241855116903
L E 0.004407819087773093
L F 0.017247987734764277
L G 0.00019164430816404754
L H 0.002874664622460713
L I 0.027596780375622843
L K 0.006515906477577616
L L 0.08566500574932924
L M 0.010157148332694519
L N 0.004407819087773093
L P 0.00019164430816404754
L Q 0.004024530471444998
L R 0.0030663089306247606
L S 0.0030663089306247606
L T 0.010348792640858567
L V 0.01552318896128785
L W 0.0009582215408202376
L Y 0.011307014181678805
M A 0.0038328861632809506
M C 0.0009582215408202376
M D 0.00019164430816404754
M E 0.0003832886163280951
M F 0.0005749329244921426
M G 1.916443081640475e-33
M H 1.916443081640475e-33
M I 0.002874664622460713
M K 0.0009582215408202376
M L 0.01399003449597547
M M 0.0015331544653123803
M N 0.0005749329244921426
M P 0.0003832886163280951
M Q 0.0007665772326561902
M R 1.916443081640475e-33
M S 0.0030663089306247606
M T 1.916443081640475e-33
M V 0.0030663089306247606
M W 0.00019164430816404754
M Y 0.0013415101571483327
N A 0.0003832886163280951
N C 0.0003832886163280951
N D 0.00019164430816404754
N E 0.0055576849367573785
N F 0.0011498658489842851
N G 0.0005749329244921426
N H 1.916443081640475e-33
N I 0.0022997316979685703
N K 1.916443081640475e-33
N L 0.0026830203142966655
N M 0.0003832886163280951
N N 0.0005749329244921426
N P 1.916443081640475e-33
N Q 0.0003832886163280951
N R 0.0003832886163280951
N S 0.0013415101571483327
N T 0.0011498658489842851
N V 0.0019164430816404753
N W 1.916443081640475e-33
N Y 0.0005749329244921426
P A 1.916443081640475e-33
P C 1.916443081640475e-33
P D 1.916443081640475e-33
P E 1.916443081640475e-33
P F 0.00019164430816404754
P G 1.916443081640475e-33
P H 1.916443081640475e-33
P I 1.916443081640475e-33
P K 1.916443081640475e-33
P L 0.00019164430816404754
P M 1.916443081640475e-33
P N 1.916443081640475e-33
P P 1.916443081640475e-33
P Q 1.916443081640475e-33
P R 1.916443081640475e-33
P S 0.00019164430816404754
P T 1.916443081640475e-33
P V 0.00019164430816404754
P W 1.916443081640475e-33
P Y 1.916443081640475e-33
Q A 0.0022997316979685703
Q C 0.0003832886163280951
Q D 0.00019164430816404754
Q E 0.00019164430816404754
Q F 0.002491376006132618
Q G 1.916443081640475e-33
Q H 0.00019164430816404754
Q I 0.012265235722499043
Q K 0.00019164430816404754
Q L 0.01092372556535071
Q M 0.0009582215408202376
Q N 0.0003832886163280951
Q P 1.916443081640475e-33
Q Q 0.0003832886163280951
Q R 0.0005749329244921426
Q S 0.0017247987734764277
Q T 0.002491376006132618
Q V 0.003641241855116903
Q W 0.00019164430816404754
Q Y 0.0007665772326561902
R A 0.005366040628593331
R C 0.0013415101571483327
R D 0.0003832886163280951
R E 0.0007665772326561902
R F 0.0013415101571483327
R G 0.00019164430816404754
R H 0.0005749329244921426
R I 0.008049060942889995
R K 1.916443081640475e-33
R L 0.01399003449597547
R M 0.0019164430816404753
R N 0.0005749329244921426
R P 0.00019164430816404754
R Q 0.0013415101571483327
R R 0.0007665772326561902
R S 0.0022997316979685703
R T 0.0030663089306247606
R V 0.004407819087773093
R W 0.0005749329244921426
R Y 0.002874664622460713
S A 0.007282483710233806
S C 0.0017247987734764277
S D 0.0003832886163280951
S E 0.004216174779609045
S F 0.0017247987734764277
S G 1.916443081640475e-33
S H 0.0007665772326561902
S I 0.0045994633959371405
S K 0.00019164430816404754
S L 0.01609812188577999
S M 0.00019164430816404754
S N 0.0003832886163280951
S P 0.00019164430816404754
S Q 0.0007665772326561902
S R 1.916443081640475e-33
S S 0.0015331544653123803
S T 0.0021080873898045227
S V 0.0022997316979685703
S W 0.00019164430816404754
S Y 0.0005749329244921426
T A 0.002491376006132618
T C 0.00019164430816404754
T D 0.0009582215408202376
T E 0.0009582215408202376
T F 0.0005749329244921426
T G 0.00019164430816404754
T H 1.916443081640475e-33
T I 0.0013415101571483327
T K 0.0005749329244921426
T L 0.007665772326561901
T M 0.0007665772326561902
T N 0.0015331544653123803
T P 1.916443081640475e-33
T Q 0.008623993867382138
T R 0.00019164430816404754
T S 0.0017247987734764277
T T 0.0005749329244921426
T V 0.0021080873898045227
T W 0.00019164430816404754
T Y 0.0003832886163280951
V A 0.019739363740896895
V C 0.0021080873898045227
V D 0.0007665772326561902
V E 0.003257953238788808
V F 0.002874664622460713
V G 0.00019164430816404754
V H 0.0019164430816404753
V I 0.010540436949022614
V K 0.002491376006132618
V L 0.013415101571483326
V M 0.005366040628593331
V N 0.0009582215408202376
V P 1.916443081640475e-33
V Q 0.0009582215408202376
V R 0.0007665772326561902
V S 0.0022997316979685703
V T 0.0017247987734764277
V V 0.004024530471444998
V W 0.0003832886163280951
V Y 0.0019164430816404753
W A 0.0005749329244921426
W C 1.916443081640475e-33
W D 1.916443081640475e-33
W E 1.916443081640475e-33
W F 1.916443081640475e-33
W G 1.916443081640475e-33
W H 1.916443081640475e-33
W I 0.0007665772326561902
W K 1.916443081640475e-33
W L 0.0017247987734764277
W M 0.0003832886163280951
W N 1.916443081640475e-33
W P 1.916443081640475e-33
W Q 1.916443081640475e-33
W R 1.916443081640475e-33
W S 1.916443081640475e-33
W T 0.0005749329244921426
W V 0.00019164430816404754
W W 1.916443081640475e-33
W Y 0.00019164430816404754
Y A 0.004407819087773093
Y C 0.0005749329244921426
Y D 1.916443081640475e-33
Y E 0.0017247987734764277
Y F 0.0017247987734764277
Y G 1.916443081640475e-33
Y H 0.00019164430816404754
Y I 0.002874664622460713
Y K 0.0003832886163280951
Y L 0.016481410502108086
Y M 0.0009582215408202376
Y N 1.916443081640475e-33
Y P 1.916443081640475e-33
Y Q 0.0013415101571483327
Y R 0.00019164430816404754
Y S 0.0026830203142966655
Y T 0.0011498658489842851
Y V 0.009007282483710233
Y W 0.00019164430816404754
Y Y 0.0019164430816404753
